Log file open, 06/05/22 15:09:25
LogWindows: Failed to load 'aqProf.dll' (GetLastError=126)
LogWindows: File 'aqProf.dll' does not exist
LogWindows: Failed to load 'VtuneApi.dll' (GetLastError=126)
LogWindows: File 'VtuneApi.dll' does not exist
LogWindows: Failed to load 'VtuneApi32e.dll' (GetLastError=126)
LogWindows: File 'VtuneApi32e.dll' does not exist
LogConsoleResponse: Display: Failed to find resolution value strings in scalability ini. Falling back to default.
LogConsoleResponse: Display: Failed to find resolution value strings in scalability ini. Falling back to default.
LogInit: Display: Running engine for game: Trials
LogPlatformFile: Not using cached read wrapper
LogTaskGraph: Started task graph with 5 named threads and 71 total threads with 3 sets of task threads.
LogStats: Stats thread started at 0.268144
LogICUInternationalization: ICU TimeZone Detection - Raw Offset: +0:00, Platform Override: ''
LogInit: Display: Loading text-based GConfig....
LogPluginManager: Mounting plugin MeshPainting
LogPluginManager: Mounting plugin XGEController
LogPluginManager: Mounting plugin Paper2D
LogPluginManager: Mounting plugin LiveLink
LogPluginManager: Mounting plugin EnvironmentQueryEditor
LogPluginManager: Mounting plugin AISupport
LogPluginManager: Mounting plugin LightPropagationVolume
LogPluginManager: Mounting plugin CameraShakePreviewer
LogPluginManager: Mounting plugin OodleNetwork
LogPluginManager: Mounting plugin GameplayCameras
LogPluginManager: Mounting plugin AnimationSharing
LogPluginManager: Mounting plugin CodeLiteSourceCodeAccess
LogPluginManager: Mounting plugin OodleData
LogPluginManager: Mounting plugin GitSourceControl
LogPluginManager: Mounting plugin AssetManagerEditor
LogPluginManager: Mounting plugin KDevelopSourceCodeAccess
LogPluginManager: Mounting plugin CLionSourceCodeAccess
LogPluginManager: Mounting plugin NullSourceCodeAccess
LogPluginManager: Mounting plugin PixWinPlugin
LogPluginManager: Mounting plugin PlasticSourceControl
LogPluginManager: Mounting plugin PerforceSourceControl
LogPluginManager: Mounting plugin CurveEditorTools
LogPluginManager: Mounting plugin RiderSourceCodeAccess
LogPluginManager: Mounting plugin PropertyAccessNode
LogPluginManager: Mounting plugin SubversionSourceControl
LogPluginManager: Mounting plugin PluginUtils
LogPluginManager: Mounting plugin CryptoKeys
LogPluginManager: Mounting plugin EditorScriptingUtilities
LogPluginManager: Mounting plugin FacialAnimation
LogPluginManager: Mounting plugin DataValidation
LogPluginManager: Mounting plugin GeometryMode
LogPluginManager: Mounting plugin UObjectPlugin
LogPluginManager: Mounting plugin GameplayTagsEditor
LogPluginManager: Mounting plugin VisualStudioSourceCodeAccess
LogPluginManager: Mounting plugin VisualStudioCodeSourceCodeAccess
LogPluginManager: Mounting plugin MaterialAnalyzer
LogPluginManager: Mounting plugin MacGraphicsSwitching
LogPluginManager: Mounting plugin XCodeSourceCodeAccess
LogPluginManager: Mounting plugin MobileLauncherProfileWizard
LogPluginManager: Mounting plugin TextureFormatOodle
LogPluginManager: Mounting plugin DatasmithContent
LogPluginManager: Mounting plugin PluginBrowser
LogPluginManager: Mounting plugin SpeedTreeImporter
LogPluginManager: Mounting plugin VariantManagerContent
LogPluginManager: Mounting plugin Niagara
LogPluginManager: Mounting plugin BackChannel
LogPluginManager: Mounting plugin ChaosCloth
LogPluginManager: Mounting plugin ChaosSolverPlugin
LogPluginManager: Mounting plugin CharacterAI
LogPluginManager: Mounting plugin ChaosNiagara
LogPluginManager: Mounting plugin AlembicImporter
LogPluginManager: Mounting plugin ChaosEditor
LogPluginManager: Mounting plugin AutomationUtils
LogPluginManager: Mounting plugin GeometryCache
LogPluginManager: Mounting plugin GeometryProcessing
LogPluginManager: Mounting plugin GeometryCollectionPlugin
LogPluginManager: Mounting plugin MotoSynth
LogPluginManager: Mounting plugin OpenImageDenoise
LogPluginManager: Mounting plugin ChaosClothEditor
LogPluginManager: Mounting plugin PlanarCut
LogPluginManager: Mounting plugin PlatformCrypto
LogPluginManager: Mounting plugin LuminPlatformFeatures
LogPluginManager: Mounting plugin MagicLeap
LogPluginManager: Mounting plugin MagicLeapLightEstimation
LogPluginManager: Mounting plugin MagicLeapMedia
LogPluginManager: Mounting plugin MagicLeapPassableWorld
LogPluginManager: Mounting plugin MLSDK
LogPluginManager: Mounting plugin AvfMedia
LogPluginManager: Mounting plugin ImgMedia
LogPluginManager: Mounting plugin PythonScriptPlugin
LogPluginManager: Mounting plugin MediaCompositing
LogPluginManager: Mounting plugin MediaPlayerEditor
LogPluginManager: Mounting plugin WmfMedia
LogPluginManager: Mounting plugin SkeletalReduction
LogPluginManager: Mounting plugin MegascansPlugin
LogPluginManager: Mounting plugin TcpMessaging
LogPluginManager: Mounting plugin UdpMessaging
LogPluginManager: Mounting plugin ProxyLODPlugin
LogPluginManager: Mounting plugin ActorSequence
LogPluginManager: Mounting plugin MatineeToLevelSequence
LogPluginManager: Mounting plugin TemplateSequence
LogPluginManager: Mounting plugin AndroidMedia
LogPluginManager: Mounting plugin OnlineSubsystem
LogPluginManager: Mounting plugin OnlineSubsystemUtils
LogPluginManager: Mounting plugin OnlineSubsystemNull
LogPluginManager: Mounting plugin AndroidDeviceProfileSelector
LogPluginManager: Mounting plugin ActorLayerUtilities
LogPluginManager: Mounting plugin AndroidMoviePlayer
LogPluginManager: Mounting plugin AppleMoviePlayer
LogPluginManager: Mounting plugin AppleImageUtils
LogPluginManager: Mounting plugin ArchVisCharacter
LogPluginManager: Mounting plugin AudioCapture
LogPluginManager: Mounting plugin AudioSynesthesia
LogPluginManager: Mounting plugin AssetTags
LogPluginManager: Mounting plugin CableComponent
LogPluginManager: Mounting plugin CustomMeshComponent
LogPluginManager: Mounting plugin WebMMedia
LogPluginManager: Mounting plugin EditableMesh
LogPluginManager: Mounting plugin ExampleDeviceProfileSelector
LogPluginManager: Mounting plugin AndroidPermission
LogPluginManager: Mounting plugin ChunkDownloader
LogPluginManager: Mounting plugin GoogleCloudMessaging
LogPluginManager: Mounting plugin GooglePAD
LogPluginManager: Mounting plugin LinuxDeviceProfileSelector
LogPluginManager: Mounting plugin LocationServicesBPLibrary
LogPluginManager: Mounting plugin MobilePatchingUtils
LogPluginManager: Mounting plugin OpenXR
LogPluginManager: Mounting plugin OpenXREyeTracker
LogPluginManager: Mounting plugin OpenXRHandTracking
LogPluginManager: Mounting plugin PhysXVehicles
LogPluginManager: Mounting plugin PostSplashScreen
LogPluginManager: Mounting plugin ProceduralMeshComponent
LogPluginManager: Mounting plugin PropertyAccessEditor
LogPluginManager: Mounting plugin IOSDeviceProfileSelector
LogPluginManager: Mounting plugin SignificanceManager
LogPluginManager: Mounting plugin RuntimePhysXCooking
LogPluginManager: Mounting plugin SoundFields
LogPluginManager: Mounting plugin Synthesis
LogPluginManager: Mounting plugin WindowsMoviePlayer
LogPluginManager: Mounting plugin WebMMoviePlayer
LogPluginManager: Mounting plugin ScreenshotTools
LogPluginManager: Mounting plugin LauncherChunkInstaller
LogPluginManager: Mounting plugin Takes
LogPluginManager: Mounting plugin LevelSequenceEditor
LogPluginManager: Mounting plugin ContentBrowserAssetDataSource
LogPluginManager: Mounting plugin ContentBrowserFileDataSource
LogPluginManager: Mounting plugin ContentBrowserClassDataSource
LogPluginManager: Mounting plugin OnlineSubsystemGooglePlay
LogPluginManager: Mounting plugin OnlineSubsystemIOS
LogPluginManager: Mounting plugin SQLiteSupport
LogPluginManager: Mounting plugin DatabaseSupport
LogPluginManager: Mounting plugin SQLiteCore
LogPluginManager: Mounting plugin OculusVR
LogPluginManager: Mounting plugin SteamVR
LogPluginManager: Mounting plugin RiderLink
PixWinPlugin: PIX capture plugin failed to initialize! Check that the process is launched from PIX.
LogInit: Using libcurl 7.55.1-DEV
LogInit:  - built for x86_64-pc-win32
LogInit:  - supports SSL with OpenSSL/1.1.1
LogInit:  - supports HTTP deflate (compression) using libz 1.2.8
LogInit:  - other features:
LogInit:      CURL_VERSION_SSL
LogInit:      CURL_VERSION_LIBZ
LogInit:      CURL_VERSION_IPV6
LogInit:      CURL_VERSION_ASYNCHDNS
LogInit:      CURL_VERSION_LARGEFILE
LogInit:      CURL_VERSION_IDN
LogInit:  CurlRequestOptions (configurable via config and command line):
LogInit:  - bVerifyPeer = true  - Libcurl will verify peer certificate
LogInit:  - bUseHttpProxy = false  - Libcurl will NOT use HTTP proxy
LogInit:  - bDontReuseConnections = false  - Libcurl will reuse connections
LogInit:  - MaxHostConnections = 16  - Libcurl will limit the number of connections to a host
LogInit:  - LocalHostAddr = Default
LogInit:  - BufferSize = 65536
LogOnline: OSS: Creating online subsystem instance for: NULL
LogInit: WinSock: version 1.1 (2.2), MaxSocks=32767, MaxUdp=65467
LogOnline: OSS: TryLoadSubsystemAndSetDefault: Loaded subsystem for module [NULL]
LogOculusPluginWrapper: OculusPlugin initialized successfully
LogHMD: Failed initializing OVRPlugin 1.59.0
LogInit: Build: ++UE4+Release-4.27-CL-18319896
LogInit: Engine Version: 4.27.2-18319896+++UE4+Release-4.27
LogInit: Compatible Engine Version: 4.27.0-17155196+++UE4+Release-4.27
LogInit: Net CL: 17155196
LogInit: OS: Windows 10 (Release 2009) (), CPU: AMD Ryzen 9 3900X 12-Core Processor            , GPU: NVIDIA GeForce RTX 3080 Ti
LogInit: Compiled (64-bit): Nov 30 2021 07:12:08
LogInit: Compiled with Visual C++: 19.24.28315.00
LogInit: Build Configuration: Development
LogInit: Branch Name: ++UE4+Release-4.27
LogInit: Command Line:  -skipcompile
LogInit: Base Directory: C:/Program Files/Epic Games/UE_4.27/Engine/Binaries/Win64/
LogInit: Allocator: TBB
LogInit: Installed Engine Build: 1
LogDevObjectVersion: Number of dev versions registered: 29
LogDevObjectVersion:   Dev-Blueprints (B0D832E4-1F89-4F0D-ACCF-7EB736FD4AA2): 10
LogDevObjectVersion:   Dev-Build (E1C64328-A22C-4D53-A36C-8E866417BD8C): 0
LogDevObjectVersion:   Dev-Core (375EC13C-06E4-48FB-B500-84F0262A717E): 4
LogDevObjectVersion:   Dev-Editor (E4B068ED-F494-42E9-A231-DA0B2E46BB41): 40
LogDevObjectVersion:   Dev-Framework (CFFC743F-43B0-4480-9391-14DF171D2073): 37
LogDevObjectVersion:   Dev-Mobile (B02B49B5-BB20-44E9-A304-32B752E40360): 3
LogDevObjectVersion:   Dev-Networking (A4E4105C-59A1-49B5-A7C5-40C4547EDFEE): 0
LogDevObjectVersion:   Dev-Online (39C831C9-5AE6-47DC-9A44-9C173E1C8E7C): 0
LogDevObjectVersion:   Dev-Physics (78F01B33-EBEA-4F98-B9B4-84EACCB95AA2): 14
LogDevObjectVersion:   Dev-Platform (6631380F-2D4D-43E0-8009-CF276956A95A): 0
LogDevObjectVersion:   Dev-Rendering (12F88B9F-8875-4AFC-A67C-D90C383ABD29): 45
LogDevObjectVersion:   Dev-Sequencer (7B5AE74C-D270-4C10-A958-57980B212A5A): 13
LogDevObjectVersion:   Dev-VR (D7296918-1DD6-4BDD-9DE2-64A83CC13884): 3
LogDevObjectVersion:   Dev-LoadTimes (C2A15278-BFE7-4AFE-6C17-90FF531DF755): 1
LogDevObjectVersion:   Private-Geometry (6EACA3D4-40EC-4CC1-B786-8BED09428FC5): 3
LogDevObjectVersion:   Dev-AnimPhys (29E575DD-E0A3-4627-9D10-D276232CDCEA): 17
LogDevObjectVersion:   Dev-Anim (AF43A65D-7FD3-4947-9873-3E8ED9C1BB05): 15
LogDevObjectVersion:   Dev-ReflectionCapture (6B266CEC-1EC7-4B8F-A30B-E4D90942FC07): 1
LogDevObjectVersion:   Dev-Automation (0DF73D61-A23F-47EA-B727-89E90C41499A): 1
LogDevObjectVersion:   FortniteMain (601D1886-AC64-4F84-AA16-D3DE0DEAC7D6): 47
LogDevObjectVersion:   FortniteRelease (E7086368-6B23-4C58-8439-1B7016265E91): 1
LogDevObjectVersion:   Dev-Enterprise (9DFFBCD6-494F-0158-E221-12823C92A888): 10
LogDevObjectVersion:   Dev-Niagara (F2AED0AC-9AFE-416F-8664-AA7FFA26D6FC): 1
LogDevObjectVersion:   Dev-Destruction (174F1F0B-B4C6-45A5-B13F-2EE8D0FB917D): 10
LogDevObjectVersion:   Dev-Physics-Ext (35F94A83-E258-406C-A318-09F59610247C): 41
LogDevObjectVersion:   Dev-PhysicsMaterial-Chaos (B68FC16E-8B1B-42E2-B453-215C058844FE): 1
LogDevObjectVersion:   Dev-CineCamera (B2E18506-4273-CFC2-A54E-F4BB758BBA07): 1
LogDevObjectVersion:   Dev-VirtualProduction (64F58936-FD1B-42BA-BA96-7289D5D0FA4E): 1
LogDevObjectVersion:   Dev-MediaFramework (6F0ED827-A609-4895-9C91-998D90180EA4): 2
LogInit: Presizing for max 25165824 objects, including 0 objects not considered by GC, pre-allocating 0 bytes for permanent pool.
LogConfig: Applying CVar settings from Section [/Script/Engine.StreamingSettings] File [K:/Mastered/Trials/Trials/Saved/Config/Windows/Engine.ini]
LogConfig: Setting CVar [[s.MinBulkDataSizeForAsyncLoading:131072]]
LogConfig: Setting CVar [[s.AsyncLoadingThreadEnabled:0]]
LogConfig: Setting CVar [[s.EventDrivenLoaderEnabled:1]]
LogConfig: Setting CVar [[s.WarnIfTimeLimitExceeded:0]]
LogConfig: Setting CVar [[s.TimeLimitExceededMultiplier:1.5]]
LogConfig: Setting CVar [[s.TimeLimitExceededMinTime:0.005]]
LogConfig: Setting CVar [[s.UseBackgroundLevelStreaming:1]]
LogConfig: Setting CVar [[s.PriorityAsyncLoadingExtraTime:15.0]]
LogConfig: Setting CVar [[s.LevelStreamingActorsUpdateTimeLimit:5.0]]
LogConfig: Setting CVar [[s.PriorityLevelStreamingActorsUpdateExtraTime:5.0]]
LogConfig: Setting CVar [[s.LevelStreamingComponentsRegistrationGranularity:10]]
LogConfig: Setting CVar [[s.UnregisterComponentsTimeLimit:1.0]]
LogConfig: Setting CVar [[s.LevelStreamingComponentsUnregistrationGranularity:5]]
LogConfig: Setting CVar [[s.FlushStreamingOnExit:1]]
LogInit: Object subsystem initialized
LogConfig: Setting CVar [[con.DebugEarlyDefault:1]]
LogConfig: Setting CVar [[r.setres:1280x720]]
[2022.06.05-14.09.27:684][  0]LogConfig: Setting CVar [[r.VSync:0]]
[2022.06.05-14.09.27:684][  0]LogConfig: Setting CVar [[r.RHICmdBypass:0]]
[2022.06.05-14.09.27:684][  0]LogConfig: Applying CVar settings from Section [/Script/Engine.RendererSettings] File [K:/Mastered/Trials/Trials/Saved/Config/Windows/Engine.ini]
[2022.06.05-14.09.27:685][  0]LogConfig: Setting CVar [[r.GPUCrashDebugging:0]]
[2022.06.05-14.09.27:685][  0]LogConfig: Applying CVar settings from Section [/Script/Engine.RendererOverrideSettings] File [K:/Mastered/Trials/Trials/Saved/Config/Windows/Engine.ini]
[2022.06.05-14.09.27:685][  0]LogConfig: Applying CVar settings from Section [/Script/Engine.StreamingSettings] File [K:/Mastered/Trials/Trials/Saved/Config/Windows/Engine.ini]
[2022.06.05-14.09.27:685][  0]LogConfig: Setting CVar [[s.MinBulkDataSizeForAsyncLoading:131072]]
[2022.06.05-14.09.27:685][  0]LogConfig: Setting CVar [[s.AsyncLoadingThreadEnabled:0]]
[2022.06.05-14.09.27:685][  0]LogConfig: Setting CVar [[s.EventDrivenLoaderEnabled:1]]
[2022.06.05-14.09.27:685][  0]LogConfig: Setting CVar [[s.WarnIfTimeLimitExceeded:0]]
[2022.06.05-14.09.27:685][  0]LogConfig: Setting CVar [[s.TimeLimitExceededMultiplier:1.5]]
[2022.06.05-14.09.27:685][  0]LogConfig: Setting CVar [[s.TimeLimitExceededMinTime:0.005]]
[2022.06.05-14.09.27:685][  0]LogConfig: Setting CVar [[s.UseBackgroundLevelStreaming:1]]
[2022.06.05-14.09.27:685][  0]LogConfig: Setting CVar [[s.PriorityAsyncLoadingExtraTime:15.0]]
[2022.06.05-14.09.27:685][  0]LogConfig: Setting CVar [[s.LevelStreamingActorsUpdateTimeLimit:5.0]]
[2022.06.05-14.09.27:685][  0]LogConfig: Setting CVar [[s.PriorityLevelStreamingActorsUpdateExtraTime:5.0]]
[2022.06.05-14.09.27:686][  0]LogConfig: Setting CVar [[s.LevelStreamingComponentsRegistrationGranularity:10]]
[2022.06.05-14.09.27:686][  0]LogConfig: Setting CVar [[s.UnregisterComponentsTimeLimit:1.0]]
[2022.06.05-14.09.27:686][  0]LogConfig: Setting CVar [[s.LevelStreamingComponentsUnregistrationGranularity:5]]
[2022.06.05-14.09.27:686][  0]LogConfig: Setting CVar [[s.FlushStreamingOnExit:1]]
[2022.06.05-14.09.27:686][  0]LogConfig: Applying CVar settings from Section [/Script/Engine.GarbageCollectionSettings] File [K:/Mastered/Trials/Trials/Saved/Config/Windows/Engine.ini]
[2022.06.05-14.09.27:686][  0]LogConfig: Setting CVar [[gc.MaxObjectsNotConsideredByGC:1]]
[2022.06.05-14.09.27:686][  0]LogConfig: Setting CVar [[gc.SizeOfPermanentObjectPool:0]]
[2022.06.05-14.09.27:686][  0]LogConfig: Setting CVar [[gc.FlushStreamingOnGC:0]]
[2022.06.05-14.09.27:686][  0]LogConfig: Setting CVar [[gc.NumRetriesBeforeForcingGC:10]]
[2022.06.05-14.09.27:686][  0]LogConfig: Setting CVar [[gc.AllowParallelGC:1]]
[2022.06.05-14.09.27:686][  0]LogConfig: Setting CVar [[gc.TimeBetweenPurgingPendingKillObjects:61.1]]
[2022.06.05-14.09.27:686][  0]LogConfig: Setting CVar [[gc.MaxObjectsInEditor:25165824]]
[2022.06.05-14.09.27:687][  0]LogConfig: Setting CVar [[gc.IncrementalBeginDestroyEnabled:1]]
[2022.06.05-14.09.27:687][  0]LogConfig: Setting CVar [[gc.CreateGCClusters:1]]
[2022.06.05-14.09.27:687][  0]LogConfig: Setting CVar [[gc.MinGCClusterSize:5]]
[2022.06.05-14.09.27:687][  0]LogConfig: Setting CVar [[gc.ActorClusteringEnabled:0]]
[2022.06.05-14.09.27:687][  0]LogConfig: Setting CVar [[gc.BlueprintClusteringEnabled:0]]
[2022.06.05-14.09.27:687][  0]LogConfig: Setting CVar [[gc.UseDisregardForGCOnDedicatedServers:0]]
[2022.06.05-14.09.27:687][  0]LogConfig: Setting CVar [[gc.MultithreadedDestructionEnabled:1]]
[2022.06.05-14.09.27:687][  0]LogConfig: Applying CVar settings from Section [/Script/Engine.NetworkSettings] File [K:/Mastered/Trials/Trials/Saved/Config/Windows/Engine.ini]
[2022.06.05-14.09.27:687][  0]LogConfig: Applying CVar settings from Section [/Script/UnrealEd.CookerSettings] File [K:/Mastered/Trials/Trials/Saved/Config/Windows/Engine.ini]
[2022.06.05-14.09.27:723][  0]LogConfig: Applying CVar settings from Section [ViewDistanceQuality@3] File [K:/Mastered/Trials/Trials/Saved/Config/Windows/Scalability.ini]
[2022.06.05-14.09.27:723][  0]LogConfig: Setting CVar [[r.SkeletalMeshLODBias:0]]
[2022.06.05-14.09.27:723][  0]LogConfig: Setting CVar [[r.ViewDistanceScale:1.0]]
[2022.06.05-14.09.27:723][  0]LogConfig: Applying CVar settings from Section [AntiAliasingQuality@3] File [K:/Mastered/Trials/Trials/Saved/Config/Windows/Scalability.ini]
[2022.06.05-14.09.27:723][  0]LogConfig: Setting CVar [[r.PostProcessAAQuality:4]]
[2022.06.05-14.09.27:724][  0]LogConfig: Applying CVar settings from Section [ShadowQuality@3] File [K:/Mastered/Trials/Trials/Saved/Config/Windows/Scalability.ini]
[2022.06.05-14.09.27:724][  0]LogConfig: Setting CVar [[r.LightFunctionQuality:1]]
[2022.06.05-14.09.27:724][  0]LogConfig: Setting CVar [[r.ShadowQuality:5]]
[2022.06.05-14.09.27:724][  0]LogConfig: Setting CVar [[r.Shadow.CSM.MaxCascades:10]]
[2022.06.05-14.09.27:724][  0]LogConfig: Setting CVar [[r.Shadow.MaxResolution:2048]]
[2022.06.05-14.09.27:724][  0]LogConfig: Setting CVar [[r.Shadow.MaxCSMResolution:2048]]
[2022.06.05-14.09.27:724][  0]LogConfig: Setting CVar [[r.Shadow.RadiusThreshold:0.01]]
[2022.06.05-14.09.27:724][  0]LogConfig: Setting CVar [[r.Shadow.DistanceScale:1.0]]
[2022.06.05-14.09.27:724][  0]LogConfig: Setting CVar [[r.Shadow.CSM.TransitionScale:1.0]]
[2022.06.05-14.09.27:724][  0]LogConfig: Setting CVar [[r.Shadow.PreShadowResolutionFactor:1.0]]
[2022.06.05-14.09.27:724][  0]LogConfig: Setting CVar [[r.DistanceFieldShadowing:1]]
[2022.06.05-14.09.27:724][  0]LogConfig: Setting CVar [[r.DistanceFieldAO:1]]
[2022.06.05-14.09.27:724][  0]LogConfig: Setting CVar [[r.AOQuality:2]]
[2022.06.05-14.09.27:725][  0]LogConfig: Setting CVar [[r.VolumetricFog:1]]
[2022.06.05-14.09.27:725][  0]LogConfig: Setting CVar [[r.VolumetricFog.GridPixelSize:8]]
[2022.06.05-14.09.27:725][  0]LogConfig: Setting CVar [[r.VolumetricFog.GridSizeZ:128]]
[2022.06.05-14.09.27:725][  0]LogConfig: Setting CVar [[r.VolumetricFog.HistoryMissSupersampleCount:4]]
[2022.06.05-14.09.27:725][  0]LogConfig: Setting CVar [[r.LightMaxDrawDistanceScale:1]]
[2022.06.05-14.09.27:725][  0]LogConfig: Setting CVar [[r.CapsuleShadows:1]]
[2022.06.05-14.09.27:725][  0]LogConfig: Applying CVar settings from Section [PostProcessQuality@3] File [K:/Mastered/Trials/Trials/Saved/Config/Windows/Scalability.ini]
[2022.06.05-14.09.27:725][  0]LogConfig: Setting CVar [[r.MotionBlurQuality:4]]
[2022.06.05-14.09.27:725][  0]LogConfig: Setting CVar [[r.AmbientOcclusionMipLevelFactor:0.4]]
[2022.06.05-14.09.27:725][  0]LogConfig: Setting CVar [[r.AmbientOcclusionMaxQuality:100]]
[2022.06.05-14.09.27:725][  0]LogConfig: Setting CVar [[r.AmbientOcclusionLevels:-1]]
[2022.06.05-14.09.27:726][  0]LogConfig: Setting CVar [[r.AmbientOcclusionRadiusScale:1.0]]
[2022.06.05-14.09.27:726][  0]LogConfig: Setting CVar [[r.DepthOfFieldQuality:2]]
[2022.06.05-14.09.27:726][  0]LogConfig: Setting CVar [[r.RenderTargetPoolMin:400]]
[2022.06.05-14.09.27:726][  0]LogConfig: Setting CVar [[r.LensFlareQuality:2]]
[2022.06.05-14.09.27:726][  0]LogConfig: Setting CVar [[r.SceneColorFringeQuality:1]]
[2022.06.05-14.09.27:726][  0]LogConfig: Setting CVar [[r.EyeAdaptationQuality:2]]
[2022.06.05-14.09.27:726][  0]LogConfig: Setting CVar [[r.BloomQuality:5]]
[2022.06.05-14.09.27:726][  0]LogConfig: Setting CVar [[r.FastBlurThreshold:100]]
[2022.06.05-14.09.27:726][  0]LogConfig: Setting CVar [[r.Upscale.Quality:3]]
[2022.06.05-14.09.27:726][  0]LogConfig: Setting CVar [[r.Tonemapper.GrainQuantization:1]]
[2022.06.05-14.09.27:726][  0]LogConfig: Setting CVar [[r.LightShaftQuality:1]]
[2022.06.05-14.09.27:726][  0]LogConfig: Setting CVar [[r.Filter.SizeScale:1]]
[2022.06.05-14.09.27:727][  0]LogConfig: Setting CVar [[r.Tonemapper.Quality:5]]
[2022.06.05-14.09.27:727][  0]LogConfig: Setting CVar [[r.DOF.Gather.AccumulatorQuality:1        ; higher gathering accumulator quality]]
[2022.06.05-14.09.27:727][  0]LogConfig: Setting CVar [[r.DOF.Gather.PostfilterMethod:1          ; Median3x3 postfilering method]]
[2022.06.05-14.09.27:727][  0]LogConfig: Setting CVar [[r.DOF.Gather.EnableBokehSettings:0       ; no bokeh simulation when gathering]]
[2022.06.05-14.09.27:727][  0]LogConfig: Setting CVar [[r.DOF.Gather.RingCount:4                 ; medium number of samples when gathering]]
[2022.06.05-14.09.27:727][  0]LogConfig: Setting CVar [[r.DOF.Scatter.ForegroundCompositing:1    ; additive foreground scattering]]
[2022.06.05-14.09.27:727][  0]LogConfig: Setting CVar [[r.DOF.Scatter.BackgroundCompositing:2    ; additive background scattering]]
[2022.06.05-14.09.27:727][  0]LogConfig: Setting CVar [[r.DOF.Scatter.EnableBokehSettings:1      ; bokeh simulation when scattering]]
[2022.06.05-14.09.27:727][  0]LogConfig: Setting CVar [[r.DOF.Scatter.MaxSpriteRatio:0.1         ; only a maximum of 10% of scattered bokeh]]
[2022.06.05-14.09.27:727][  0]LogConfig: Setting CVar [[r.DOF.Recombine.Quality:1                ; cheap slight out of focus]]
[2022.06.05-14.09.27:728][  0]LogConfig: Setting CVar [[r.DOF.Recombine.EnableBokehSettings:0    ; no bokeh simulation on slight out of focus]]
[2022.06.05-14.09.27:728][  0]LogConfig: Setting CVar [[r.DOF.TemporalAAQuality:1                ; more stable temporal accumulation]]
[2022.06.05-14.09.27:728][  0]LogConfig: Setting CVar [[r.DOF.Kernel.MaxForegroundRadius:0.025]]
[2022.06.05-14.09.27:728][  0]LogConfig: Setting CVar [[r.DOF.Kernel.MaxBackgroundRadius:0.025]]
[2022.06.05-14.09.27:728][  0]LogConfig: Applying CVar settings from Section [TextureQuality@3] File [K:/Mastered/Trials/Trials/Saved/Config/Windows/Scalability.ini]
[2022.06.05-14.09.27:728][  0]LogConfig: Setting CVar [[r.Streaming.MipBias:0]]
[2022.06.05-14.09.27:728][  0]LogConfig: Setting CVar [[r.Streaming.AmortizeCPUToGPUCopy:0]]
[2022.06.05-14.09.27:728][  0]LogConfig: Setting CVar [[r.Streaming.MaxNumTexturesToStreamPerFrame:0]]
[2022.06.05-14.09.27:728][  0]LogConfig: Setting CVar [[r.Streaming.Boost:1]]
[2022.06.05-14.09.27:728][  0]LogConfig: Setting CVar [[r.MaxAnisotropy:8]]
[2022.06.05-14.09.27:728][  0]LogConfig: Setting CVar [[r.VT.MaxAnisotropy:8]]
[2022.06.05-14.09.27:728][  0]LogConfig: Setting CVar [[r.Streaming.LimitPoolSizeToVRAM:0]]
[2022.06.05-14.09.27:729][  0]LogConfig: Setting CVar [[r.Streaming.PoolSize:1000]]
[2022.06.05-14.09.27:729][  0]LogConfig: Setting CVar [[r.Streaming.MaxEffectiveScreenSize:0]]
[2022.06.05-14.09.27:729][  0]LogConfig: Applying CVar settings from Section [EffectsQuality@3] File [K:/Mastered/Trials/Trials/Saved/Config/Windows/Scalability.ini]
[2022.06.05-14.09.27:729][  0]LogConfig: Setting CVar [[r.TranslucencyLightingVolumeDim:64]]
[2022.06.05-14.09.27:729][  0]LogConfig: Setting CVar [[r.RefractionQuality:2]]
[2022.06.05-14.09.27:729][  0]LogConfig: Setting CVar [[r.SSR.Quality:3]]
[2022.06.05-14.09.27:729][  0]LogConfig: Setting CVar [[r.SSR.HalfResSceneColor:0]]
[2022.06.05-14.09.27:729][  0]LogConfig: Setting CVar [[r.SceneColorFormat:4]]
[2022.06.05-14.09.27:729][  0]LogConfig: Setting CVar [[r.DetailMode:2]]
[2022.06.05-14.09.27:729][  0]LogConfig: Setting CVar [[r.TranslucencyVolumeBlur:1]]
[2022.06.05-14.09.27:729][  0]LogConfig: Setting CVar [[r.MaterialQualityLevel:1 ; High quality]]
[2022.06.05-14.09.27:729][  0]LogConfig: Setting CVar [[r.AnisotropicMaterials:1]]
[2022.06.05-14.09.27:729][  0]LogConfig: Setting CVar [[r.SSS.Scale:1]]
[2022.06.05-14.09.27:730][  0]LogConfig: Setting CVar [[r.SSS.SampleSet:2]]
[2022.06.05-14.09.27:730][  0]LogConfig: Setting CVar [[r.SSS.Quality:1]]
[2022.06.05-14.09.27:730][  0]LogConfig: Setting CVar [[r.SSS.HalfRes:0]]
[2022.06.05-14.09.27:730][  0]LogConfig: Setting CVar [[r.SSGI.Quality:3]]
[2022.06.05-14.09.27:730][  0]LogConfig: Setting CVar [[r.EmitterSpawnRateScale:1.0]]
[2022.06.05-14.09.27:730][  0]LogConfig: Setting CVar [[r.ParticleLightQuality:2]]
[2022.06.05-14.09.27:730][  0]LogConfig: Setting CVar [[r.SkyAtmosphere.AerialPerspectiveLUT.FastApplyOnOpaque:1 ; Always have FastSkyLUT 1 in this case to avoid wrong sky]]
[2022.06.05-14.09.27:730][  0]LogConfig: Setting CVar [[r.SkyAtmosphere.AerialPerspectiveLUT.SampleCountMaxPerSlice:4]]
[2022.06.05-14.09.27:730][  0]LogConfig: Setting CVar [[r.SkyAtmosphere.AerialPerspectiveLUT.DepthResolution:16.0]]
[2022.06.05-14.09.27:730][  0]LogConfig: Setting CVar [[r.SkyAtmosphere.FastSkyLUT:1]]
[2022.06.05-14.09.27:730][  0]LogConfig: Setting CVar [[r.SkyAtmosphere.FastSkyLUT.SampleCountMin:4.0]]
[2022.06.05-14.09.27:731][  0]LogConfig: Setting CVar [[r.SkyAtmosphere.FastSkyLUT.SampleCountMax:128.0]]
[2022.06.05-14.09.27:731][  0]LogConfig: Setting CVar [[r.SkyAtmosphere.SampleCountMin:4.0]]
[2022.06.05-14.09.27:731][  0]LogConfig: Setting CVar [[r.SkyAtmosphere.SampleCountMax:128.0]]
[2022.06.05-14.09.27:731][  0]LogConfig: Setting CVar [[r.SkyAtmosphere.TransmittanceLUT.UseSmallFormat:0]]
[2022.06.05-14.09.27:731][  0]LogConfig: Setting CVar [[r.SkyAtmosphere.TransmittanceLUT.SampleCount:10.0]]
[2022.06.05-14.09.27:731][  0]LogConfig: Setting CVar [[r.SkyAtmosphere.MultiScatteringLUT.SampleCount:15.0]]
[2022.06.05-14.09.27:731][  0]LogConfig: Setting CVar [[r.SkyLight.RealTimeReflectionCapture:1]]
[2022.06.05-14.09.27:731][  0]LogConfig: Applying CVar settings from Section [FoliageQuality@3] File [K:/Mastered/Trials/Trials/Saved/Config/Windows/Scalability.ini]
[2022.06.05-14.09.27:731][  0]LogConfig: Setting CVar [[foliage.DensityScale:1.0]]
[2022.06.05-14.09.27:731][  0]LogConfig: Setting CVar [[grass.DensityScale:1.0]]
[2022.06.05-14.09.27:731][  0]LogConfig: Applying CVar settings from Section [ShadingQuality@3] File [K:/Mastered/Trials/Trials/Saved/Config/Windows/Scalability.ini]
[2022.06.05-14.09.27:731][  0]LogConfig: Setting CVar [[r.HairStrands.SkyLighting.IntegrationType:2]]
[2022.06.05-14.09.27:732][  0]LogConfig: Setting CVar [[r.HairStrands.SkyAO.SampleCount:4]]
[2022.06.05-14.09.27:732][  0]LogConfig: Setting CVar [[r.HairStrands.Visibility.MSAA.SamplePerPixel:4]]
[2022.06.05-14.09.27:732][  0]LogInit: Selected Device Profile: [Windows]
[2022.06.05-14.09.27:732][  0]LogInit: Applying CVar settings loaded from the selected device profile: [Windows]
[2022.06.05-14.09.27:732][  0]LogHAL: Display: Platform has ~ 32 GB [34265247744 / 34359738368 / 32], which maps to Largest [LargestMinGB=32, LargerMinGB=12, DefaultMinGB=8, SmallerMinGB=6, SmallestMinGB=0)
[2022.06.05-14.09.27:732][  0]LogInit: Going up to parent DeviceProfile []
[2022.06.05-14.09.27:732][  0]LogConfig: Applying CVar settings from Section [ViewDistanceQuality@3] File [K:/Mastered/Trials/Trials/Saved/Config/Windows/Scalability.ini]
[2022.06.05-14.09.27:732][  0]LogConfig: Setting CVar [[r.SkeletalMeshLODBias:0]]
[2022.06.05-14.09.27:732][  0]LogConfig: Setting CVar [[r.ViewDistanceScale:1.0]]
[2022.06.05-14.09.27:733][  0]LogConfig: Applying CVar settings from Section [AntiAliasingQuality@3] File [K:/Mastered/Trials/Trials/Saved/Config/Windows/Scalability.ini]
[2022.06.05-14.09.27:733][  0]LogConfig: Setting CVar [[r.PostProcessAAQuality:4]]
[2022.06.05-14.09.27:733][  0]LogConfig: Applying CVar settings from Section [ShadowQuality@3] File [K:/Mastered/Trials/Trials/Saved/Config/Windows/Scalability.ini]
[2022.06.05-14.09.27:733][  0]LogConfig: Setting CVar [[r.LightFunctionQuality:1]]
[2022.06.05-14.09.27:733][  0]LogConfig: Setting CVar [[r.ShadowQuality:5]]
[2022.06.05-14.09.27:733][  0]LogConfig: Setting CVar [[r.Shadow.CSM.MaxCascades:10]]
[2022.06.05-14.09.27:733][  0]LogConfig: Setting CVar [[r.Shadow.MaxResolution:2048]]
[2022.06.05-14.09.27:733][  0]LogConfig: Setting CVar [[r.Shadow.MaxCSMResolution:2048]]
[2022.06.05-14.09.27:733][  0]LogConfig: Setting CVar [[r.Shadow.RadiusThreshold:0.01]]
[2022.06.05-14.09.27:733][  0]LogConfig: Setting CVar [[r.Shadow.DistanceScale:1.0]]
[2022.06.05-14.09.27:733][  0]LogConfig: Setting CVar [[r.Shadow.CSM.TransitionScale:1.0]]
[2022.06.05-14.09.27:734][  0]LogConfig: Setting CVar [[r.Shadow.PreShadowResolutionFactor:1.0]]
[2022.06.05-14.09.27:734][  0]LogConfig: Setting CVar [[r.DistanceFieldShadowing:1]]
[2022.06.05-14.09.27:734][  0]LogConfig: Setting CVar [[r.DistanceFieldAO:1]]
[2022.06.05-14.09.27:734][  0]LogConfig: Setting CVar [[r.AOQuality:2]]
[2022.06.05-14.09.27:734][  0]LogConfig: Setting CVar [[r.VolumetricFog:1]]
[2022.06.05-14.09.27:734][  0]LogConfig: Setting CVar [[r.VolumetricFog.GridPixelSize:8]]
[2022.06.05-14.09.27:734][  0]LogConfig: Setting CVar [[r.VolumetricFog.GridSizeZ:128]]
[2022.06.05-14.09.27:734][  0]LogConfig: Setting CVar [[r.VolumetricFog.HistoryMissSupersampleCount:4]]
[2022.06.05-14.09.27:734][  0]LogConfig: Setting CVar [[r.LightMaxDrawDistanceScale:1]]
[2022.06.05-14.09.27:734][  0]LogConfig: Setting CVar [[r.CapsuleShadows:1]]
[2022.06.05-14.09.27:734][  0]LogConfig: Applying CVar settings from Section [PostProcessQuality@3] File [K:/Mastered/Trials/Trials/Saved/Config/Windows/Scalability.ini]
[2022.06.05-14.09.27:734][  0]LogConfig: Setting CVar [[r.MotionBlurQuality:4]]
[2022.06.05-14.09.27:734][  0]LogConfig: Setting CVar [[r.AmbientOcclusionMipLevelFactor:0.4]]
[2022.06.05-14.09.27:735][  0]LogConfig: Setting CVar [[r.AmbientOcclusionMaxQuality:100]]
[2022.06.05-14.09.27:735][  0]LogConfig: Setting CVar [[r.AmbientOcclusionLevels:-1]]
[2022.06.05-14.09.27:735][  0]LogConfig: Setting CVar [[r.AmbientOcclusionRadiusScale:1.0]]
[2022.06.05-14.09.27:735][  0]LogConfig: Setting CVar [[r.DepthOfFieldQuality:2]]
[2022.06.05-14.09.27:735][  0]LogConfig: Setting CVar [[r.RenderTargetPoolMin:400]]
[2022.06.05-14.09.27:735][  0]LogConfig: Setting CVar [[r.LensFlareQuality:2]]
[2022.06.05-14.09.27:735][  0]LogConfig: Setting CVar [[r.SceneColorFringeQuality:1]]
[2022.06.05-14.09.27:735][  0]LogConfig: Setting CVar [[r.EyeAdaptationQuality:2]]
[2022.06.05-14.09.27:735][  0]LogConfig: Setting CVar [[r.BloomQuality:5]]
[2022.06.05-14.09.27:735][  0]LogConfig: Setting CVar [[r.FastBlurThreshold:100]]
[2022.06.05-14.09.27:735][  0]LogConfig: Setting CVar [[r.Upscale.Quality:3]]
[2022.06.05-14.09.27:735][  0]LogConfig: Setting CVar [[r.Tonemapper.GrainQuantization:1]]
[2022.06.05-14.09.27:735][  0]LogConfig: Setting CVar [[r.LightShaftQuality:1]]
[2022.06.05-14.09.27:736][  0]LogConfig: Setting CVar [[r.Filter.SizeScale:1]]
[2022.06.05-14.09.27:736][  0]LogConfig: Setting CVar [[r.Tonemapper.Quality:5]]
[2022.06.05-14.09.27:736][  0]LogConfig: Setting CVar [[r.DOF.Gather.AccumulatorQuality:1        ; higher gathering accumulator quality]]
[2022.06.05-14.09.27:736][  0]LogConfig: Setting CVar [[r.DOF.Gather.PostfilterMethod:1          ; Median3x3 postfilering method]]
[2022.06.05-14.09.27:736][  0]LogConfig: Setting CVar [[r.DOF.Gather.EnableBokehSettings:0       ; no bokeh simulation when gathering]]
[2022.06.05-14.09.27:736][  0]LogConfig: Setting CVar [[r.DOF.Gather.RingCount:4                 ; medium number of samples when gathering]]
[2022.06.05-14.09.27:736][  0]LogConfig: Setting CVar [[r.DOF.Scatter.ForegroundCompositing:1    ; additive foreground scattering]]
[2022.06.05-14.09.27:736][  0]LogConfig: Setting CVar [[r.DOF.Scatter.BackgroundCompositing:2    ; additive background scattering]]
[2022.06.05-14.09.27:736][  0]LogConfig: Setting CVar [[r.DOF.Scatter.EnableBokehSettings:1      ; bokeh simulation when scattering]]
[2022.06.05-14.09.27:736][  0]LogConfig: Setting CVar [[r.DOF.Scatter.MaxSpriteRatio:0.1         ; only a maximum of 10% of scattered bokeh]]
[2022.06.05-14.09.27:736][  0]LogConfig: Setting CVar [[r.DOF.Recombine.Quality:1                ; cheap slight out of focus]]
[2022.06.05-14.09.27:736][  0]LogConfig: Setting CVar [[r.DOF.Recombine.EnableBokehSettings:0    ; no bokeh simulation on slight out of focus]]
[2022.06.05-14.09.27:737][  0]LogConfig: Setting CVar [[r.DOF.TemporalAAQuality:1                ; more stable temporal accumulation]]
[2022.06.05-14.09.27:737][  0]LogConfig: Setting CVar [[r.DOF.Kernel.MaxForegroundRadius:0.025]]
[2022.06.05-14.09.27:737][  0]LogConfig: Setting CVar [[r.DOF.Kernel.MaxBackgroundRadius:0.025]]
[2022.06.05-14.09.27:737][  0]LogConfig: Applying CVar settings from Section [TextureQuality@3] File [K:/Mastered/Trials/Trials/Saved/Config/Windows/Scalability.ini]
[2022.06.05-14.09.27:737][  0]LogConfig: Setting CVar [[r.Streaming.MipBias:0]]
[2022.06.05-14.09.27:737][  0]LogConfig: Setting CVar [[r.Streaming.AmortizeCPUToGPUCopy:0]]
[2022.06.05-14.09.27:737][  0]LogConfig: Setting CVar [[r.Streaming.MaxNumTexturesToStreamPerFrame:0]]
[2022.06.05-14.09.27:737][  0]LogConfig: Setting CVar [[r.Streaming.Boost:1]]
[2022.06.05-14.09.27:737][  0]LogConfig: Setting CVar [[r.MaxAnisotropy:8]]
[2022.06.05-14.09.27:737][  0]LogConfig: Setting CVar [[r.VT.MaxAnisotropy:8]]
[2022.06.05-14.09.27:737][  0]LogConfig: Setting CVar [[r.Streaming.LimitPoolSizeToVRAM:0]]
[2022.06.05-14.09.27:737][  0]LogConfig: Setting CVar [[r.Streaming.PoolSize:1000]]
[2022.06.05-14.09.27:738][  0]LogConfig: Setting CVar [[r.Streaming.MaxEffectiveScreenSize:0]]
[2022.06.05-14.09.27:738][  0]LogConfig: Applying CVar settings from Section [EffectsQuality@3] File [K:/Mastered/Trials/Trials/Saved/Config/Windows/Scalability.ini]
[2022.06.05-14.09.27:738][  0]LogConfig: Setting CVar [[r.TranslucencyLightingVolumeDim:64]]
[2022.06.05-14.09.27:738][  0]LogConfig: Setting CVar [[r.RefractionQuality:2]]
[2022.06.05-14.09.27:738][  0]LogConfig: Setting CVar [[r.SSR.Quality:3]]
[2022.06.05-14.09.27:738][  0]LogConfig: Setting CVar [[r.SSR.HalfResSceneColor:0]]
[2022.06.05-14.09.27:738][  0]LogConfig: Setting CVar [[r.SceneColorFormat:4]]
[2022.06.05-14.09.27:738][  0]LogConfig: Setting CVar [[r.DetailMode:2]]
[2022.06.05-14.09.27:738][  0]LogConfig: Setting CVar [[r.TranslucencyVolumeBlur:1]]
[2022.06.05-14.09.27:738][  0]LogConfig: Setting CVar [[r.MaterialQualityLevel:1 ; High quality]]
[2022.06.05-14.09.27:738][  0]LogConfig: Setting CVar [[r.AnisotropicMaterials:1]]
[2022.06.05-14.09.27:738][  0]LogConfig: Setting CVar [[r.SSS.Scale:1]]
[2022.06.05-14.09.27:739][  0]LogConfig: Setting CVar [[r.SSS.SampleSet:2]]
[2022.06.05-14.09.27:739][  0]LogConfig: Setting CVar [[r.SSS.Quality:1]]
[2022.06.05-14.09.27:739][  0]LogConfig: Setting CVar [[r.SSS.HalfRes:0]]
[2022.06.05-14.09.27:739][  0]LogConfig: Setting CVar [[r.SSGI.Quality:3]]
[2022.06.05-14.09.27:739][  0]LogConfig: Setting CVar [[r.EmitterSpawnRateScale:1.0]]
[2022.06.05-14.09.27:739][  0]LogConfig: Setting CVar [[r.ParticleLightQuality:2]]
[2022.06.05-14.09.27:739][  0]LogConfig: Setting CVar [[r.SkyAtmosphere.AerialPerspectiveLUT.FastApplyOnOpaque:1 ; Always have FastSkyLUT 1 in this case to avoid wrong sky]]
[2022.06.05-14.09.27:739][  0]LogConfig: Setting CVar [[r.SkyAtmosphere.AerialPerspectiveLUT.SampleCountMaxPerSlice:4]]
[2022.06.05-14.09.27:739][  0]LogConfig: Setting CVar [[r.SkyAtmosphere.AerialPerspectiveLUT.DepthResolution:16.0]]
[2022.06.05-14.09.27:739][  0]LogConfig: Setting CVar [[r.SkyAtmosphere.FastSkyLUT:1]]
[2022.06.05-14.09.27:739][  0]LogConfig: Setting CVar [[r.SkyAtmosphere.FastSkyLUT.SampleCountMin:4.0]]
[2022.06.05-14.09.27:739][  0]LogConfig: Setting CVar [[r.SkyAtmosphere.FastSkyLUT.SampleCountMax:128.0]]
[2022.06.05-14.09.27:739][  0]LogConfig: Setting CVar [[r.SkyAtmosphere.SampleCountMin:4.0]]
[2022.06.05-14.09.27:739][  0]LogConfig: Setting CVar [[r.SkyAtmosphere.SampleCountMax:128.0]]
[2022.06.05-14.09.27:740][  0]LogConfig: Setting CVar [[r.SkyAtmosphere.TransmittanceLUT.UseSmallFormat:0]]
[2022.06.05-14.09.27:740][  0]LogConfig: Setting CVar [[r.SkyAtmosphere.TransmittanceLUT.SampleCount:10.0]]
[2022.06.05-14.09.27:740][  0]LogConfig: Setting CVar [[r.SkyAtmosphere.MultiScatteringLUT.SampleCount:15.0]]
[2022.06.05-14.09.27:740][  0]LogConfig: Setting CVar [[r.SkyLight.RealTimeReflectionCapture:1]]
[2022.06.05-14.09.27:740][  0]LogConfig: Applying CVar settings from Section [FoliageQuality@3] File [K:/Mastered/Trials/Trials/Saved/Config/Windows/Scalability.ini]
[2022.06.05-14.09.27:740][  0]LogConfig: Setting CVar [[foliage.DensityScale:1.0]]
[2022.06.05-14.09.27:740][  0]LogConfig: Setting CVar [[grass.DensityScale:1.0]]
[2022.06.05-14.09.27:740][  0]LogConfig: Applying CVar settings from Section [ShadingQuality@3] File [K:/Mastered/Trials/Trials/Saved/Config/Windows/Scalability.ini]
[2022.06.05-14.09.27:740][  0]LogConfig: Setting CVar [[r.HairStrands.SkyLighting.IntegrationType:2]]
[2022.06.05-14.09.27:740][  0]LogConfig: Setting CVar [[r.HairStrands.SkyAO.SampleCount:4]]
[2022.06.05-14.09.27:740][  0]LogConfig: Setting CVar [[r.HairStrands.Visibility.MSAA.SamplePerPixel:4]]
[2022.06.05-14.09.27:740][  0]LogConfig: Applying CVar settings from Section [Startup] File [../../../Engine/Config/ConsoleVariables.ini]
[2022.06.05-14.09.27:741][  0]LogConfig: Setting CVar [[net.UseAdaptiveNetUpdateFrequency:0]]
[2022.06.05-14.09.27:741][  0]LogConfig: Setting CVar [[p.chaos.AllowCreatePhysxBodies:1]]
[2022.06.05-14.09.27:741][  0]LogConfig: Setting CVar [[fx.SkipVectorVMBackendOptimizations:1]]
[2022.06.05-14.09.27:741][  0]LogConfig: Applying CVar settings from Section [ConsoleVariables] File [K:/Mastered/Trials/Trials/Saved/Config/Windows/Engine.ini]
[2022.06.05-14.09.27:741][  0]LogConfig: Applying CVar settings from Section [ConsoleVariables] File [K:/Mastered/Trials/Trials/Saved/Config/Windows/Editor.ini]
[2022.06.05-14.09.27:741][  0]LogInit: Computer: DESKTOP-70BM0B7
[2022.06.05-14.09.27:741][  0]LogInit: User: zilla
[2022.06.05-14.09.27:741][  0]LogInit: CPU Page size=4096, Cores=12
[2022.06.05-14.09.27:742][  0]LogInit: High frequency timer resolution =10.000000 MHz
[2022.06.05-14.09.27:742][  0]LogMemory: Memory total: Physical=31.9GB (32GB approx)
[2022.06.05-14.09.27:742][  0]LogMemory: Platform Memory Stats for Windows
[2022.06.05-14.09.27:742][  0]LogMemory: Process Physical Memory: 152.22 MB used, 152.23 MB peak
[2022.06.05-14.09.27:742][  0]LogMemory: Process Virtual Memory: 128.27 MB used, 128.27 MB peak
[2022.06.05-14.09.27:742][  0]LogMemory: Physical Memory: 15828.28 MB used,  16849.61 MB free, 32677.89 MB total
[2022.06.05-14.09.27:742][  0]LogMemory: Virtual Memory: 134199328.00 MB used,  18399.68 MB free, 134217728.00 MB total
[2022.06.05-14.09.28:047][  0]LogWindows: WindowsPlatformFeatures enabled
[2022.06.05-14.09.28:211][  0]LogInit: Physics initialised using underlying interface: PhysX
[2022.06.05-14.09.28:213][  0]LogInit: Using OS detected language (en-GB).
[2022.06.05-14.09.28:213][  0]LogInit: Using OS detected locale (en-GB).
[2022.06.05-14.09.28:220][  0]LogTextLocalizationManager: No specific localization for 'en-GB' exists, so the 'en' localization will be used.
[2022.06.05-14.09.28:392][  0]LogInit: Setting process to per monitor DPI aware
[2022.06.05-14.09.28:444][  0]LogWindowsTextInputMethodSystem: Display: IME system deactivated.
[2022.06.05-14.09.28:478][  0]LogSlate: New Slate User Created.  User Index 0, Is Virtual User: 0
[2022.06.05-14.09.28:478][  0]LogSlate: Slate User Registered.  User Index 0, Is Virtual User: 0
[2022.06.05-14.09.28:650][  0]LogD3D11RHI: Loaded GFSDK_Aftermath_Lib.x64.dll
[2022.06.05-14.09.28:657][  0]LogHMD: Failed to initialize OpenVR with code 110
[2022.06.05-14.09.28:657][  0]LogD3D11RHI: D3D11 min allowed feature level: 11_0
[2022.06.05-14.09.28:657][  0]LogD3D11RHI: D3D11 max allowed feature level: 11_0
[2022.06.05-14.09.28:657][  0]LogD3D11RHI: D3D11 adapters:
[2022.06.05-14.09.28:785][  0]LogD3D11RHI:    0. 'NVIDIA GeForce RTX 3080 Ti' (Feature Level 11_0)
[2022.06.05-14.09.28:785][  0]LogD3D11RHI:       12108/0/16338 MB DedicatedVideo/DedicatedSystem/SharedSystem, Outputs:2, VendorId:0x10de
[2022.06.05-14.09.28:791][  0]LogD3D11RHI:    1. 'Microsoft Basic Render Driver' (Feature Level 11_0)
[2022.06.05-14.09.28:791][  0]LogD3D11RHI:       0/0/16338 MB DedicatedVideo/DedicatedSystem/SharedSystem, Outputs:0, VendorId:0x1414
[2022.06.05-14.09.28:791][  0]LogD3D11RHI: Chosen D3D11 Adapter:
[2022.06.05-14.09.28:791][  0]LogD3D11RHI:     Description : NVIDIA GeForce RTX 3080 Ti
[2022.06.05-14.09.28:791][  0]LogD3D11RHI:     VendorId    : 10de
[2022.06.05-14.09.28:792][  0]LogD3D11RHI:     DeviceId    : 2208
[2022.06.05-14.09.28:792][  0]LogD3D11RHI:     SubSysId    : 40881458
[2022.06.05-14.09.28:792][  0]LogD3D11RHI:     Revision    : 00a1
[2022.06.05-14.09.28:792][  0]LogD3D11RHI:     DedicatedVideoMemory : 12696158208 bytes
[2022.06.05-14.09.28:792][  0]LogD3D11RHI:     DedicatedSystemMemory : 0 bytes
[2022.06.05-14.09.28:792][  0]LogD3D11RHI:     SharedSystemMemory : 17132623872 bytes
[2022.06.05-14.09.28:792][  0]LogD3D11RHI:     AdapterLuid : 0 81115
[2022.06.05-14.09.28:800][  0]LogD3D11RHI: Creating new Direct3DDevice
[2022.06.05-14.09.28:800][  0]LogD3D11RHI:     GPU DeviceId: 0x2208 (for the marketing name, search the web for "GPU Device Id")
[2022.06.05-14.09.28:800][  0]LogWindows: EnumDisplayDevices:
[2022.06.05-14.09.28:800][  0]LogWindows:    0. 'NVIDIA GeForce RTX 3080 Ti' (P:0 D:1)
[2022.06.05-14.09.28:801][  0]LogWindows:    1. 'NVIDIA GeForce RTX 3080 Ti' (P:1 D:1)
[2022.06.05-14.09.28:801][  0]LogWindows:    2. 'NVIDIA GeForce RTX 3080 Ti' (P:0 D:0)
[2022.06.05-14.09.28:801][  0]LogWindows:    3. 'NVIDIA GeForce RTX 3080 Ti' (P:0 D:0)
[2022.06.05-14.09.28:802][  0]LogWindows: DebugString: FoundDriverCount:4 
[2022.06.05-14.09.28:802][  0]LogD3D11RHI:     Adapter Name: NVIDIA GeForce RTX 3080 Ti
[2022.06.05-14.09.28:802][  0]LogD3D11RHI:   Driver Version: 512.59 (internal:30.0.15.1259, unified:512.59)
[2022.06.05-14.09.28:802][  0]LogD3D11RHI:      Driver Date: 4-20-2022
[2022.06.05-14.09.28:802][  0]LogRHI: Texture pool is 8475 MB (70% of 12108 MB)
[2022.06.05-14.09.28:802][  0]LogD3D11RHI: Creating D3DDevice using adapter:
[2022.06.05-14.09.28:802][  0]LogD3D11RHI:     Description : NVIDIA GeForce RTX 3080 Ti
[2022.06.05-14.09.28:802][  0]LogD3D11RHI:     VendorId    : 10de
[2022.06.05-14.09.28:802][  0]LogD3D11RHI:     DeviceId    : 2208
[2022.06.05-14.09.28:803][  0]LogD3D11RHI:     SubSysId    : 40881458
[2022.06.05-14.09.28:803][  0]LogD3D11RHI:     Revision    : 00a1
[2022.06.05-14.09.28:803][  0]LogD3D11RHI:     DedicatedVideoMemory : 12696158208 bytes
[2022.06.05-14.09.28:803][  0]LogD3D11RHI:     DedicatedSystemMemory : 0 bytes
[2022.06.05-14.09.28:803][  0]LogD3D11RHI:     SharedSystemMemory : 17132623872 bytes
[2022.06.05-14.09.28:803][  0]LogD3D11RHI:     AdapterLuid : 0 81115
[2022.06.05-14.09.28:864][  0]LogD3D11RHI: RHI has support for 64 bit atomics
[2022.06.05-14.09.28:865][  0]LogD3D11RHI: Async texture creation enabled
[2022.06.05-14.09.28:865][  0]LogD3D11RHI: Array index from any shader is supported
[2022.06.05-14.09.28:866][  0]LogD3D11RHI: HDR output is supported on display 0 (NvId: 0x80061081).
[2022.06.05-14.09.28:882][  0]LogD3D11RHI: GPU Timing Frequency: 1000.000000 (Debug: 2 1)
[2022.06.05-14.09.28:913][  0]LogRHI: GeForceNow SDK initialized: 1
[2022.06.05-14.09.29:187][  0]LogTargetPlatformManager: Display: Loaded TargetPlatform 'AllDesktop'
[2022.06.05-14.09.29:213][  0]LogTargetPlatformManager: Display: Loaded TargetPlatform 'Android'
[2022.06.05-14.09.29:214][  0]LogTargetPlatformManager: Display: Loaded TargetPlatform 'Android_ASTC'
[2022.06.05-14.09.29:214][  0]LogTargetPlatformManager: Display: Loaded TargetPlatform 'Android_DXT'
[2022.06.05-14.09.29:214][  0]LogTargetPlatformManager: Display: Loaded TargetPlatform 'Android_ETC2'
[2022.06.05-14.09.29:214][  0]LogTargetPlatformManager: Display: Loaded TargetPlatform 'AndroidClient'
[2022.06.05-14.09.29:214][  0]LogTargetPlatformManager: Display: Loaded TargetPlatform 'Android_ASTCClient'
[2022.06.05-14.09.29:214][  0]LogTargetPlatformManager: Display: Loaded TargetPlatform 'Android_DXTClient'
[2022.06.05-14.09.29:214][  0]LogTargetPlatformManager: Display: Loaded TargetPlatform 'Android_ETC2Client'
[2022.06.05-14.09.29:214][  0]LogTargetPlatformManager: Display: Loaded TargetPlatform 'Android_Multi'
[2022.06.05-14.09.29:214][  0]LogTargetPlatformManager: Display: Loaded TargetPlatform 'Android_MultiClient'
[2022.06.05-14.09.29:250][  0]LogTargetPlatformManager: Display: Loaded TargetPlatform 'IOSClient'
[2022.06.05-14.09.29:250][  0]LogTargetPlatformManager: Display: Loaded TargetPlatform 'IOS'
[2022.06.05-14.09.29:265][  0]LogTargetPlatformManager: Display: Loaded TargetPlatform 'Linux'
[2022.06.05-14.09.29:276][  0]LogTargetPlatformManager: Display: Loaded TargetPlatform 'LinuxNoEditor'
[2022.06.05-14.09.29:286][  0]LogTargetPlatformManager: Display: Loaded TargetPlatform 'LinuxClient'
[2022.06.05-14.09.29:297][  0]LogTargetPlatformManager: Display: Loaded TargetPlatform 'LinuxServer'
[2022.06.05-14.09.29:311][  0]LogTargetPlatformManager: Display: Loaded TargetPlatform 'LinuxAArch64NoEditor'
[2022.06.05-14.09.29:322][  0]LogTargetPlatformManager: Display: Loaded TargetPlatform 'LinuxAArch64Client'
[2022.06.05-14.09.29:332][  0]LogTargetPlatformManager: Display: Loaded TargetPlatform 'LinuxAArch64Server'
[2022.06.05-14.09.29:360][  0]LogTargetPlatformManager: Display: Loaded TargetPlatform 'Lumin'
[2022.06.05-14.09.29:360][  0]LogTargetPlatformManager: Display: Loaded TargetPlatform 'LuminClient'
[2022.06.05-14.09.29:374][  0]LogTargetPlatformManager: Display: Loaded TargetPlatform 'MacNoEditor'
[2022.06.05-14.09.29:385][  0]LogTargetPlatformManager: Display: Loaded TargetPlatform 'Mac'
[2022.06.05-14.09.29:396][  0]LogTargetPlatformManager: Display: Loaded TargetPlatform 'MacClient'
[2022.06.05-14.09.29:407][  0]LogTargetPlatformManager: Display: Loaded TargetPlatform 'MacServer'
[2022.06.05-14.09.29:423][  0]LogTargetPlatformManager: Display: Loaded TargetPlatform 'TVOSClient'
[2022.06.05-14.09.29:423][  0]LogTargetPlatformManager: Display: Loaded TargetPlatform 'TVOS'
[2022.06.05-14.09.29:439][  0]LogTargetPlatformManager: Display: Loaded TargetPlatform 'WindowsNoEditor'
[2022.06.05-14.09.29:450][  0]LogTargetPlatformManager: Display: Loaded TargetPlatform 'Windows'
[2022.06.05-14.09.29:461][  0]LogTargetPlatformManager: Display: Loaded TargetPlatform 'WindowsClient'
[2022.06.05-14.09.29:472][  0]LogTargetPlatformManager: Display: Loaded TargetPlatform 'WindowsServer'
[2022.06.05-14.09.29:472][  0]LogTargetPlatformManager: Display: Building Assets For Windows
[2022.06.05-14.09.29:514][  0]LogAudioDebug: Display: Lib vorbis DLL was dynamically loaded.
[2022.06.05-14.09.29:632][  0]LogTextureFormatOodle: Display: Oodle Texture 2.9.0 init RDO Off
[2022.06.05-14.09.29:735][  0]LogRendererCore: Ray tracing is disabled. Reason: r.RayTracing=0.
[2022.06.05-14.09.29:735][  0]LogShaderCompilers: Guid format shader working directory is 20 characters bigger than the processId version (K:/Mastered/Trials/Trials/Intermediate/Shaders/WorkingDirectory/21612/).
[2022.06.05-14.09.29:735][  0]LogShaderCompilers: Cleaned the shader compiler working directory 'C:/Users/zilla/AppData/Local/Temp/UnrealShaderWorkingDir/EDF37C474FEFA490C8FCF580A04FCDAD/'.
[2022.06.05-14.09.29:735][  0]LogXGEController: Cannot use XGE Controller as Incredibuild is not installed on this machine.
[2022.06.05-14.09.29:736][  0]LogShaderCompilers: Cannot use XGE Shader Compiler as Incredibuild is not installed on this machine.
[2022.06.05-14.09.29:736][  0]LogShaderCompilers: Display: Using Local Shader Compiler.
[2022.06.05-14.09.30:370][  0]LogDerivedDataCache: Display: Max Cache Size: 512 MB
[2022.06.05-14.09.30:416][  0]LogDerivedDataCache: Loaded boot cache 0.05s 94MB C:/Users/zilla/AppData/Local/UnrealEngine/4.27/DerivedDataCache/Boot.ddc.
[2022.06.05-14.09.30:416][  0]LogDerivedDataCache: Display: Loaded Boot cache: C:/Users/zilla/AppData/Local/UnrealEngine/4.27/DerivedDataCache/Boot.ddc
[2022.06.05-14.09.30:417][  0]LogDerivedDataCache: FDerivedDataBackendGraph:  Pak pak cache file K:/Mastered/Trials/Trials/DerivedDataCache/DDC.ddp not found, will not use a pak cache.
[2022.06.05-14.09.30:417][  0]LogDerivedDataCache: Unable to find inner node Pak for hierarchical cache Hierarchy.
[2022.06.05-14.09.30:417][  0]LogDerivedDataCache: FDerivedDataBackendGraph:  CompressedPak pak cache file K:/Mastered/Trials/Trials/DerivedDataCache/Compressed.ddp not found, will not use a pak cache.
[2022.06.05-14.09.30:417][  0]LogDerivedDataCache: Unable to find inner node CompressedPak for hierarchical cache Hierarchy.
[2022.06.05-14.09.30:434][  0]LogDerivedDataCache: Display: Pak cache opened for reading ../../../Engine/DerivedDataCache/Compressed.ddp.
[2022.06.05-14.09.30:434][  0]LogDerivedDataCache: FDerivedDataBackendGraph:  EnterprisePak pak cache file ../../../Enterprise/DerivedDataCache/Compressed.ddp not found, will not use a pak cache.
[2022.06.05-14.09.30:434][  0]LogDerivedDataCache: Unable to find inner node EnterprisePak for hierarchical cache Hierarchy.
[2022.06.05-14.09.30:453][  0]LogDerivedDataCache: Speed tests for C:/Users/zilla/AppData/Local/UnrealEngine/Common/DerivedDataCache took 0.02 seconds
[2022.06.05-14.09.30:454][  0]LogDerivedDataCache: Display: Performance to C:/Users/zilla/AppData/Local/UnrealEngine/Common/DerivedDataCache: Latency=0.04ms. RandomReadSpeed=750.29MBs, RandomWriteSpeed=53.59MBs. Assigned SpeedClass 'Local'
[2022.06.05-14.09.30:455][  0]LogDerivedDataCache: Using Local data cache path C:/Users/zilla/AppData/Local/UnrealEngine/Common/DerivedDataCache: Writable
[2022.06.05-14.09.30:455][  0]LogDerivedDataCache: Shared data cache path not found in *engine.ini, will not use an Shared cache.
[2022.06.05-14.09.30:455][  0]LogDerivedDataCache: Unable to find inner node Shared for hierarchical cache Hierarchy.
[2022.06.05-14.09.30:496][  0]LogSlate: Using FreeType 2.10.0
[2022.06.05-14.09.30:497][  0]LogSlate: SlateFontServices - WITH_FREETYPE: 1, WITH_HARFBUZZ: 1
[2022.06.05-14.09.30:525][  0]LogAssetRegistry: FAssetRegistry took 0.0028 seconds to start up
[2022.06.05-14.09.30:737][  0]LogInit: Selected Device Profile: [Windows]
[2022.06.05-14.09.30:737][  0]LogInit: Active device profile: [0000018917CA3200][000001891766CF80 49] Windows
[2022.06.05-14.09.30:737][  0]LogInit: Profiles: [0000018917CA3200][000001891766CF80 49] Windows, [0000018917C4D100][000001890C26D100 49] WindowsNoEditor, [0000018917CA1000][000001890C2A7280 49] WindowsServer, [0000018917C4F000][000001890C2AB400 49] WindowsClient, [0000018917CA2F00][000001890C2AF580 49] IOS, [0000018917C4D500][000001890C2B3700 49] iPadAir, [0000018917CA1400][0000018916FBF880 49] iPadAir2, [0000018917BFC200][000001890C2BBB40 49] IPadPro, [0000018917BFC300][000001890C2B7B80 49] iPadAir3, [0000018917CA2B00][000001890C2BE180 49] iPadAir4, [0000018917BFEA00][000001890CA48300 49] iPadMini2, [0000018917CA1600][000001890CA4C480 49] iPadMini3, [0000018917BFD700][00000189176705C0 49] iPadMini4, [0000018917CA2700][000001890CA50700 49] iPadMini5, [0000018917BF3A00][000001890CA58940 49] iPhone6, [0000018917BF3B00][000001890CA54980 49] iPodTouch6, [0000018917BFFA00][00000189175D4C40 49] iPhone7, [0000018917BFE900][0000018917586C80 49] iPodTouch7, [0000018917BF1300][00000189175E0E00 49] iPhone5S, [0000018917BFD600][00000189175E8F80 49] iPhone6Plus, [0000018917BF2B00][000001891760F100 49] iPhone6S, [0000018917BFE600][0000018917613280 49] iPhone6SPlus, [0000018917BF1800][0000018917617400 49] iPhone7Plus, [0000018917BFDA00][000001891761B580 49] iPhoneSE, [0000018917BF3D00][000001891761F700 49] iPhone8, [0000018917BFD100][0000018917623880 49] iPhone8Plus, [0000018917BF1200][000001891763BA00 49] iPhoneX, [0000018917BFDB00][000001891763FB80 49] iPhoneXS, [0000018917BF2800][0000018917642180 49] iPhoneXSMax, [0000018917BFF100][0000018918E5A300 49] iPhoneXR, [0000018917BF3900][0000018910AC0480 49] iPhone11, [0000018917BFF700][0000018910AC4600 49] iPhone11Pro, [0000018917BF2C00][0000018917582740 49] iPhone11ProMax, [0000018917BFD200][0000018910AC8880 49] iPhoneSE2, [0000018917BF1F00][0000018910ACC9C0 49] iPhone12Mini, [0000018917BFDC00][0000018910AD0B00 49] iPhone12, [0000018917BF2100][0000018910AD8C80 49] iPhone12Pro, [0000018917BFD300][0000018910ADCE00 49] iPhone12ProMax, [0000018917BF2200][0000018910AE0F80 49] iPadPro105, [0000018917BFEE00][0000018916F4F100 49] iPadPro129, [0000018917BF2000][0000018916F53280 49] iPadPro97, [0000018917BFEF00][0000018916F57400 49] iPadPro2_129, [0000018917BF3C00][0000018916F5B580 49] iPad5, [0000018917BFD000][000001891875B700 49] iPad6, [0000018917BF0300][000001891875F880 49] iPad7, [0000018917BFFB00][0000018918763A00 49] iPad8, [0000018917BF3800][0000018918767B80 49] iPadPro11, [0000018917BFFE00][000001891876E180 49] iPadPro2_11, [0000018917BF0500][0000018918772300 49] iPadPro3_129, [0000018917BFEB00][000001890CA3E480 49] iPadPro4_129, [0000018917BF2700][000001890CA42600 49] AppleTV, [0000018917BFEC00][0000018916F9A780 49] AppleTV4K, [0000018917BF3100][0000018916F9E900 49] TVOS, [0000018917BFF500][0000018910AD4A40 49] Mac, [0000018917BF0D00][0000018916FB0B80 49] MacClient, [0000018917BFE100][0000018916FB4CC0 49] MacNoEditor, [0000018917BF2400][0000018916FB8E40 49] MacServer, [0000018917BFE800][000001890C1BEFC0 49] Linux, [0000018917BF0200][0000018918777140 49] LinuxAArch64, [0000018917BFF400][000001890C1C32C0 49] LinuxNoEditor, [0000018917BF1600][000001890C1C7440 49] LinuxAArch64NoEditor, [0000018917C4FA00][000001890C1CB5C0 49] LinuxClient, [0000018917E59700][00000189175D9740 49] LinuxAArch64Client, [0000018917C4D200][00000189176758C0 49] LinuxServer, [0000018917E58100][0000018917679A40 49] LinuxAArch64Server, [0000018917C4D600][000001890C1CFBC0 49] Android, [0000018917E59600][000001890C1D21C0 49] Android_Low, [0000018917C4D400][000001890C1D6340 49] Android_Mid, [0000018917E58E00][000001890C1DA4C0 49] Android_High, [0000018917C4EB00][000001890C1DE640 49] Android_Default, [0000018917E58200][000001890C1E27C0 49] Android_Adreno4xx, [0000018917C4FE00][000001890C1E6940 49] Android_Adreno5xx_Low, [0000018917E58300][000001890C1EAAC0 49] Android_Adreno5xx, [0000018917C4ED00][000001891876AC00 49] Android_Adreno6xx, [0000018917E58D00][000001890C1EED40 49] Android_Adreno6xx_Vulkan, [0000018917C4C800][0000018917598E80 49] Android_Mali_T6xx, [0000018917E59100][000001891759CFC0 49] Android_Mali_T7xx, [0000018917C4CA00][00000189175A5140 49] Android_Mali_T8xx, [0000018917E59D00][00000189175A92C0 49] Android_Mali_G71, [0000018917C4DE00][00000189175AD440 49] Android_Mali_G72, [0000018917E59000][00000189175B15C0 49] Android_Mali_G72_Vulkan, [0000018917BF3400][00000189175B5740 49] Android_Mali_G76, [0000018917BFD800][00000189175B98C0 49] Android_Mali_G76_Vulkan, [0000018917BF2900][00000189175BDA40 49] Android_Mali_G77, [0000018917BFF900][00000189175C1BC0 49] Android_Mali_G77_Vulkan, [0000018917BF3E00][00000189175C41C0 49] Android_Mali_G78, [0000018917BFDD00][00000189175C8340 49] Android_Mali_G78_Vulkan, [0000018917BF3700][00000189175CC4C0 49] Android_Mali_G710, [0000018917BFCD00][00000189175D0640 49] Android_Mali_G710_Vulkan, [0000018917BF1A00][0000018918DEA7C0 49] Android_Vulkan_SM5, [0000018917BFD400][0000018918DEE940 49] Android_PowerVR_G6xxx, [0000018917BF3300][0000018918DF2AC0 49] Android_PowerVR_GT7xxx, [0000018917BFF000][0000018918DF6C40 49] Android_PowerVR_GE8xxx, [0000018917BF3600][00000189175A0D80 49] Android_PowerVR_GM9xxx, [0000018917BFE300][0000018918DFAEC0 49] Android_PowerVR_GM9xxx_Vulkan, [0000018917BF2600][0000018918DFF000 49] Android_TegraK1, [0000018917BFC900][0000018918E03140 49] Android_Unknown_Vulkan, [0000018917BF0F00][0000018918E0B2C0 49] Lumin, [0000018917E58600][0000018918E0F440 49] Lumin_Desktop, [0000018917BF1500][0000018918E135C0 49] HoloLens, 
[2022.06.05-14.09.30:917][  0]LogMeshReduction: Using QuadricMeshReduction for automatic static mesh reduction
[2022.06.05-14.09.30:917][  0]LogMeshReduction: Using SimplygonMeshReduction for automatic skeletal mesh reduction
[2022.06.05-14.09.30:917][  0]LogMeshReduction: Using ProxyLODMeshReduction for automatic mesh merging
[2022.06.05-14.09.30:917][  0]LogMeshReduction: No distributed automatic mesh merging module available
[2022.06.05-14.09.30:917][  0]LogMeshMerging: No distributed automatic mesh merging module available
[2022.06.05-14.09.30:939][  0]LogNetVersion: Trials 1.0.0, NetCL: 17155196, EngineNetVer: 17, GameNetVer: 0 (Checksum: 216293165)
[2022.06.05-14.09.31:262][  0]LogTexture: Default maximum texture size for cubemaps generated from long-lat sources has been changed from 512 to unlimited. In order to preserve old behaiour for '/Engine/MapTemplates/Sky/DaylightAmbientCubemap.DaylightAmbientCubemap', its maximum texture size has been explicitly set to 512.
[2022.06.05-14.09.31:310][  0]LogHMD: PokeAHoleMaterial loaded successfully
[2022.06.05-14.09.31:316][  0]LogUObjectArray: 17178 objects as part of root set at end of initial load.
[2022.06.05-14.09.31:316][  0]LogUObjectAllocator: 4302048 out of 0 bytes used by permanent object pool.
[2022.06.05-14.09.31:316][  0]LogUObjectArray: CloseDisregardForGC: 0/0 objects in disregard for GC pool
[2022.06.05-14.09.31:942][  0]LogNiagaraDebuggerClient: Niagara Debugger Client Initialized | Session: 3351949B4FE643E26A42E1BD9F1BC1BA | Instance: 1CCF1D5A4102ACA1364364BDDF1AAC1E (DESKTOP-70BM0B7-21612).
[2022.06.05-14.09.32:209][  0]LogPython: Using Python 3.7.7
[2022.06.05-14.09.32:689][  0]LogTcpMessaging: Initializing TcpMessaging bridge
[2022.06.05-14.09.32:701][  0]LogUdpMessaging: Initializing bridge on interface 0.0.0.0:0 to multicast group 230.0.0.1:6666.
[2022.06.05-14.09.32:919][  0]LogLinker: Warning: [AssetLog] K:\Mastered\Trials\Trials\Content\Animations\TUTORIAL_RESOURCES\Animations\MeleeFistAttack.uasset: Failed to load '/Script/Trialed': Can't find file.
[2022.06.05-14.09.32:919][  0]LogLinker: Warning: [AssetLog] K:\Mastered\Trials\Trials\Content\Animations\TUTORIAL_RESOURCES\Animations\MeleeFistAttack.uasset: Failed to load '/Script/Trialed': Can't find file.
[2022.06.05-14.09.32:920][  0]LogLinker: Warning: [AssetLog] K:\Mastered\Trials\Trials\Content\Animations\TUTORIAL_RESOURCES\Animations\MeleeFistAttack.uasset: Failed to load '/Script/Trialed': Can't find file.
[2022.06.05-14.09.32:920][  0]LogLinker: Warning: Failed to load '/Script/Trialed': Can't find file.
[2022.06.05-14.09.32:920][  0]LogLinker: Warning: Failed to load '/Script/Trialed': Can't find file.
[2022.06.05-14.09.32:920][  0]LogLinker: Warning: Failed to load '/Script/Trialed': Can't find file.
[2022.06.05-14.09.32:920][  0]LogLinker: Warning: Failed to load '/Script/Trialed': Can't find file.
[2022.06.05-14.09.32:921][  0]LogLinker: Warning: Failed to load '/Script/Trialed': Can't find file.
[2022.06.05-14.09.32:921][  0]LogLinker: Warning: Failed to load '/Script/Trialed': Can't find file.
[2022.06.05-14.09.33:203][  0]SourceControl: Source control is disabled
[2022.06.05-14.09.33:204][  0]SourceControl: Source control is disabled
[2022.06.05-14.09.33:716][  0]SourceControl: Source control is disabled
[2022.06.05-14.09.33:726][  0]SourceControl: Source control is disabled
[2022.06.05-14.09.37:074][  0]SourceControl: Source control is disabled
[2022.06.05-14.09.37:150][  0]LogUProjectInfo: Found projects:
[2022.06.05-14.09.37:642][  0]LogOpenImageDenoise: OIDN starting up
[2022.06.05-14.09.37:829][  0]LogAudioCaptureCore: Display: No Audio Capture implementations found. Audio input will be silent.
[2022.06.05-14.09.37:829][  0]LogAudioCaptureCore: Display: No Audio Capture implementations found. Audio input will be silent.
[2022.06.05-14.09.37:909][  0]LogAndroidPermission: UAndroidPermissionCallbackProxy::GetInstance
[2022.06.05-14.09.38:089][  0]LogCollectionManager: Loaded 0 collections in 0.001717 seconds
[2022.06.05-14.09.38:156][  0]LogFileCache: Scanning file cache for directory 'K:/Mastered/Trials/Trials/Saved/Collections/' took 0.00s
[2022.06.05-14.09.38:157][  0]LogFileCache: Scanning file cache for directory 'K:/Mastered/Trials/Trials/Content/Developers/zilla/Collections/' took 0.00s
[2022.06.05-14.09.38:157][  0]LogFileCache: Scanning file cache for directory 'K:/Mastered/Trials/Trials/Content/Collections/' took 0.00s
[2022.06.05-14.09.38:164][  0]LogOcInput: OculusInput pre-init called
[2022.06.05-14.09.38:467][  0]LogStreaming: Warning: Failed to read file '../../../Engine/Plugins/MegascansPlugin/Resources/Logo80x80.png' error.
[2022.06.05-14.09.38:467][  0]LogSlate: Could not find file for Slate resource: ../../../Engine/Plugins/MegascansPlugin/Resources/Logo80x80.png
[2022.06.05-14.09.38:673][  0]LogStreaming: Warning: Failed to read file '../../../Engine/Plugins/MegascansPlugin/Resources/Logo80x80.png' error.
[2022.06.05-14.09.38:673][  0]LogSlate: Could not find file for Slate resource: ../../../Engine/Plugins/MegascansPlugin/Resources/Logo80x80.png
[2022.06.05-14.09.38:673][  0]LogStreaming: Warning: Failed to read file '../../../Engine/Plugins/MegascansPlugin/Resources/Logo32x32.png' error.
[2022.06.05-14.09.38:673][  0]LogSlate: Could not find file for Slate resource: ../../../Engine/Plugins/MegascansPlugin/Resources/Logo32x32.png
[2022.06.05-14.09.38:673][  0]LogClass: Display: Int8Property FMTSJson::version is not initialized properly. Module:MegascansPlugin File:Private/Utilities/MTSReader.h
[2022.06.05-14.09.38:674][  0]LogClass: Display: Int16Property FMTSJson::resolutionValue is not initialized properly. Module:MegascansPlugin File:Private/Utilities/MTSReader.h
[2022.06.05-14.09.38:674][  0]LogClass: Display: BoolProperty FMTSJson::isExternal is not initialized properly. Module:MegascansPlugin File:Private/Utilities/MTSReader.h
[2022.06.05-14.09.38:674][  0]LogClass: Display: Int8Property FMTSJson::meshVersion is not initialized properly. Module:MegascansPlugin File:Private/Utilities/MTSReader.h
[2022.06.05-14.09.38:674][  0]LogClass: Display: BoolProperty FMTSJson::isCustom is not initialized properly. Module:MegascansPlugin File:Private/Utilities/MTSReader.h
[2022.06.05-14.09.38:674][  0]LogClass: Display: BoolProperty FMTSJson::isModularAsset is not initialized properly. Module:MegascansPlugin File:Private/Utilities/MTSReader.h
[2022.06.05-14.09.38:675][  0]LogClass: Display: Int8Property FLodList::variation is not initialized properly. Module:MegascansPlugin File:Private/Utilities/MTSReader.h
[2022.06.05-14.09.38:675][  0]LogClass: Display: Int16Property FMeshList::resolution is not initialized properly. Module:MegascansPlugin File:Private/Utilities/MTSReader.h
[2022.06.05-14.09.38:675][  0]LogClass: Display: Int16Property FComponents::resolution is not initialized properly. Module:MegascansPlugin File:Private/Utilities/MTSReader.h
[2022.06.05-14.09.38:675][  0]LogClass: Display: BoolProperty FTextureSets::isUdim is not initialized properly. Module:MegascansPlugin File:Private/Utilities/MTSReader.h
[2022.06.05-14.09.38:675][  0]LogClass: Display: BoolProperty FMeta::value is not initialized properly. Module:MegascansPlugin File:Private/Utilities/MTSReader.h
[2022.06.05-14.09.38:676][  0]LogClass: Display: 11 Uninitialized script struct members found including 0 object properties
[2022.06.05-14.09.38:676][  0]LogAutomationTest: Warning: Failed to read file '../../../Engine/Plugins/MegascansPlugin/Resources/Logo80x80.png' error.
[2022.06.05-14.09.38:676][  0]LogAutomationTest: Warning: Failed to read file '../../../Engine/Plugins/MegascansPlugin/Resources/Logo32x32.png' error.
[2022.06.05-14.09.38:677][  0]LogEngine: Initializing Engine...
[2022.06.05-14.09.38:718][  0]LogHMD: Optional extension XR_VARJO_quad_views is not available
[2022.06.05-14.09.38:718][  0]LogHMD: Warning: Required extension XR_EXT_eye_gaze_interaction is not available
[2022.06.05-14.09.38:719][  0]LogHMD: Could not enable all required OpenXR extensions for OpenXREyeTracker on current system. This plugin will be loaded but ignored, but will be enabled on a target platform that supports the required extension.
[2022.06.05-14.09.39:221][  0]LogHMD: Failed to get an OpenXR system, result is XR_ERROR_FORM_FACTOR_UNAVAILABLE. Please check that your runtime supports VR headsets.
[2022.06.05-14.09.39:221][  0]LogHMD: Failed to initialize OpenVR with code 110
[2022.06.05-14.09.39:221][  0]LogMagicLeap: Warning: VR disabled because ZI is not enabled.  To enable, in the editor, Edit -> Project Settings -> Plugins -> Magic Leap Plugin -> Enable Zero Iteration
[2022.06.05-14.09.39:222][  0]LogStats: UGameplayTagsManager::InitializeManager -  0.000 s
[2022.06.05-14.09.39:319][  0]LogInit: Initializing FReadOnlyCVARCache
[2022.06.05-14.09.39:334][  0]LogAIModule: Creating AISystem for world Untitled
[2022.06.05-14.09.39:341][  0]LogAudio: Display: Initializing Audio Device Manager...
[2022.06.05-14.09.39:351][  0]LogAudio: Display: Loading Default Audio Settings Objects...
[2022.06.05-14.09.39:352][  0]LogAudio: Display: No default SoundConcurrencyObject specified (or failed to load).
[2022.06.05-14.09.39:353][  0]LogAudio: Display: Audio Device Manager Initialized
[2022.06.05-14.09.39:353][  0]LogAudio: Display: Creating Audio Device:                 Id: 1, Scope: Shared, Realtime: True
[2022.06.05-14.09.39:353][  0]LogAudioMixer: Display: Audio Mixer Platform Settings:
[2022.06.05-14.09.39:353][  0]LogAudioMixer: Display: 	Sample Rate:						  48000
[2022.06.05-14.09.39:353][  0]LogAudioMixer: Display: 	Callback Buffer Frame Size Requested: 1024
[2022.06.05-14.09.39:353][  0]LogAudioMixer: Display: 	Callback Buffer Frame Size To Use:	  1024
[2022.06.05-14.09.39:354][  0]LogAudioMixer: Display: 	Number of buffers to queue:			  2
[2022.06.05-14.09.39:354][  0]LogAudioMixer: Display: 	Max Channels (voices):				  32
[2022.06.05-14.09.39:354][  0]LogAudioMixer: Display: 	Number of Async Source Workers:		  0
[2022.06.05-14.09.39:354][  0]LogAudio: Display: AudioDevice MaxSources: 32
[2022.06.05-14.09.39:354][  0]LogAudio: Display: Audio Spatialization Plugin: None (built-in).
[2022.06.05-14.09.39:354][  0]LogAudio: Display: Audio Reverb Plugin: None (built-in).
[2022.06.05-14.09.39:355][  0]LogAudio: Display: Audio Occlusion Plugin: None (built-in).
[2022.06.05-14.09.39:355][  0]LogAudioMixer: Display: Initializing audio mixer.
[2022.06.05-14.09.39:871][  0]LogAudioMixer: Display: 0: FrontLeft
[2022.06.05-14.09.39:872][  0]LogAudioMixer: Display: 1: FrontRight
[2022.06.05-14.09.40:135][  0]LogAudioMixer: Display: Using Audio Device Headphones (W-KING D9-1 Stereo)
[2022.06.05-14.09.40:138][  0]LogAudioMixer: Display: Initializing Sound Submixes...
[2022.06.05-14.09.40:141][  0]LogAudioMixer: Display: Creating Master Submix 'MasterSubmixDefault'
[2022.06.05-14.09.40:141][  0]LogAudioMixer: Display: Creating Master Submix 'MasterReverbSubmixDefault'
[2022.06.05-14.09.40:142][  0]LogAudioMixer: Display: Creating Master Submix 'MasterEQSubmixDefault'
[2022.06.05-14.09.40:142][  0]LogAudioMixer: FMixerPlatformXAudio2::StartAudioStream() called
[2022.06.05-14.09.40:142][  0]LogAudioMixer: Display: Output buffers initialized: Frames=1024, Channels=2, Samples=2048
[2022.06.05-14.09.40:144][  0]LogAudioMixer: Display: Starting AudioMixerPlatformInterface::RunInternal()
[2022.06.05-14.09.40:144][  0]LogAudioMixer: Display: FMixerPlatformXAudio2::SubmitBuffer() called for the first time
[2022.06.05-14.09.40:144][  0]LogInit: FAudioDevice initialized.
[2022.06.05-14.09.40:144][  0]LogAudio: Display: Audio Device (ID: 1) registered with world 'Untitled'.
[2022.06.05-14.09.40:145][  0]LogNetVersion: Set ProjectVersion to 1.0.0.0. Version Checksum will be recalculated on next use.
[2022.06.05-14.09.40:228][  0]LogDerivedDataCache: Saved boot cache 0.08s 94MB C:/Users/zilla/AppData/Local/UnrealEngine/4.27/DerivedDataCache/Boot.ddc.
[2022.06.05-14.09.40:232][  0]LogInit: Texture streaming: Enabled
[2022.06.05-14.09.40:262][  0]LogAnalytics: Display: [UEEditor.Rocket.Release] APIServer = https://datarouter.ol.epicgames.com/. AppVersion = 4.27.2-18319896+++UE4+Release-4.27
[2022.06.05-14.09.40:278][  0]LogEngineSessionManager: EngineSessionManager initialized
[2022.06.05-14.09.40:278][  0]LogEngineSessionManager: EngineSessionManager sent abnormal shutdown report. Type=Debugger, SessionId={0184D4D6-450F-7405-09E4-96B6C9C88E74}
[2022.06.05-14.09.40:278][  0]LogEditorSessionSummary: Verbose: Initializing EditorSessionSummaryWriter for editor session tracking
[2022.06.05-14.09.40:288][  0]LogEditorSessionSummary: EditorSessionSummaryWriter initialized
[2022.06.05-14.09.40:332][  0]LogInit: Transaction tracking system initialized
[2022.06.05-14.09.40:390][  0]BlueprintLog: New page: Editor Load
[2022.06.05-14.09.40:542][  0]LocalizationService: Localization service is disabled
[2022.06.05-14.09.40:603][  0]TimingProfiler: Initialize
[2022.06.05-14.09.40:603][  0]TimingProfiler: OnSessionChanged
[2022.06.05-14.09.40:603][  0]LoadingProfiler: Initialize
[2022.06.05-14.09.40:604][  0]LoadingProfiler: OnSessionChanged
[2022.06.05-14.09.40:604][  0]NetworkingProfiler: Initialize
[2022.06.05-14.09.40:604][  0]NetworkingProfiler: OnSessionChanged
[2022.06.05-14.09.40:604][  0]MemoryProfiler: Initialize
[2022.06.05-14.09.40:604][  0]MemoryProfiler: OnSessionChanged
[2022.06.05-14.09.41:075][  0]LogCook: Display: CookSettings for Memory: MemoryMaxUsedVirtual 0MiB, MemoryMaxUsedPhysical 16384MiB, MemoryMinFreeVirtual 0MiB, MemoryMinFreePhysical 1024MiB
[2022.06.05-14.09.41:076][  0]LogCook: Display: Mobile HDR setting 1
[2022.06.05-14.09.41:384][  0]LogFileCache: Scanning file cache for directory 'K:/Mastered/Trials/Trials/Content/' took 0.01s
[2022.06.05-14.09.41:668][  0]LogStreaming: Warning: Failed to read file '../../../Engine/Plugins/MegascansPlugin/Resources/Logo80x80.png' error.
[2022.06.05-14.09.41:668][  0]LogSlate: Could not find file for Slate resource: ../../../Engine/Plugins/MegascansPlugin/Resources/Logo80x80.png
[2022.06.05-14.09.41:668][  0]LogStreaming: Warning: Failed to read file '../../../Engine/Plugins/MegascansPlugin/Resources/Logo32x32.png' error.
[2022.06.05-14.09.41:668][  0]LogSlate: Could not find file for Slate resource: ../../../Engine/Plugins/MegascansPlugin/Resources/Logo32x32.png
[2022.06.05-14.09.41:669][  0]LogInit: Display: Engine is initialized. Leaving FEngineLoop::Init()
[2022.06.05-14.09.41:676][  0]SourceControl: Source control is disabled
[2022.06.05-14.09.41:677][  0]LogUnrealEdMisc: Loading editor; pre map load, took 16.639
[2022.06.05-14.09.41:677][  0]Cmd: MAP LOAD FILE="K:/Mastered/Trials/Trials/Content/Maps/FirstLevel.umap" TEMPLATE=0 SHOWPROGRESS=1 FEATURELEVEL=3
[2022.06.05-14.09.41:677][  0]LightingResults: New page: Lighting Build
[2022.06.05-14.09.41:679][  0]LogWorld: UWorld::CleanupWorld for Untitled, bSessionEnded=true, bCleanupResources=true
[2022.06.05-14.09.41:679][  0]LogSlate: InvalidateAllWidgets triggered.  All widgets were invalidated
[2022.06.05-14.09.41:679][  0]MapCheck: New page: Map Check
[2022.06.05-14.09.41:679][  0]LightingResults: New page: Lighting Build
[2022.06.05-14.09.41:690][  0]LogAudio: Display: Audio Device unregistered from world 'None'.
[2022.06.05-14.09.41:693][  0]LogUObjectHash: Compacting FUObjectHashTables data took   0.86ms
[2022.06.05-14.09.42:017][  0]LogAudio: Display: Audio Device (ID: 1) registered with world 'FirstLevel'.
[2022.06.05-14.09.42:018][  0]LogAIModule: Creating AISystem for world FirstLevel
[2022.06.05-14.09.42:046][  0]LogEditorServer: Finished looking for orphan Actors (0.000 secs)
[2022.06.05-14.09.42:055][  0]LogUObjectHash: Compacting FUObjectHashTables data took   0.92ms
[2022.06.05-14.09.42:055][  0]Cmd: MAP CHECKDEP NOCLEARLOG
[2022.06.05-14.09.42:056][  0]MapCheck: Map check complete: 0 Error(s), 0 Warning(s), took 0.095ms to complete.
[2022.06.05-14.09.42:056][  0]LogFileHelpers: Loading map 'FirstLevel' took 0.378
[2022.06.05-14.09.42:058][  0]LogUnrealEdMisc: Total Editor Startup Time, took 17.020
[2022.06.05-14.09.42:195][  0]LogSlate: Updating window title bar state: overlay mode, drag disabled, window buttons hidden, title bar hidden
[2022.06.05-14.09.42:201][  0]LogSlate: Updating window title bar state: overlay mode, drag disabled, window buttons hidden, title bar hidden
[2022.06.05-14.09.42:207][  0]LogSlate: Updating window title bar state: overlay mode, drag disabled, window buttons hidden, title bar hidden
[2022.06.05-14.09.42:213][  0]LogSlate: Updating window title bar state: overlay mode, drag disabled, window buttons hidden, title bar hidden
[2022.06.05-14.09.42:233][  0]LogNativeClassHierarchy: Verbose: Native class hierarchy populated in 0.0096 seconds. Added 3840 classes and 938 folders.
[2022.06.05-14.09.42:235][  0]LogNativeClassHierarchy: Verbose: Native class hierarchy updated for 'WidgetCarousel' in 0.0002 seconds. Added 0 classes and 0 folders.
[2022.06.05-14.09.42:237][  0]LogPakFile: PakFile PrimaryIndexSize=187
[2022.06.05-14.09.42:237][  0]LogPakFile: PakFile PathHashIndexSize=101
[2022.06.05-14.09.42:237][  0]LogPakFile: PakFile FullDirectoryIndexSize=148
[2022.06.05-14.09.42:237][  0]LogShaderLibrary: Display: ShaderCodeLibraryPakFileMountedCallback: PakFile 'C:/Program Files/Epic Games/UE_4.27/FeaturePacks/FP_FirstPerson.upack' (chunk index -1, root 'root:/') mounted
[2022.06.05-14.09.42:237][  0]LogShaderLibrary: Display: ShaderCodeLibraryPakFileMountedCallback: pending pak file info (ChunkID:-1 Root:root:/ File:C:/Program Files/Epic Games/UE_4.27/FeaturePacks/FP_FirstPerson.upack)
[2022.06.05-14.09.42:238][  0]LogPakFile: OnPakFileMounted2Time == 0.000470
[2022.06.05-14.09.42:239][  0]LogPakFile: PakFile PrimaryIndexSize=189
[2022.06.05-14.09.42:239][  0]LogPakFile: PakFile PathHashIndexSize=101
[2022.06.05-14.09.42:239][  0]LogPakFile: PakFile FullDirectoryIndexSize=152
[2022.06.05-14.09.42:239][  0]LogShaderLibrary: Display: ShaderCodeLibraryPakFileMountedCallback: PakFile 'C:/Program Files/Epic Games/UE_4.27/FeaturePacks/FP_FirstPersonBP.upack' (chunk index -1, root 'root:/') mounted
[2022.06.05-14.09.42:239][  0]LogShaderLibrary: Display: ShaderCodeLibraryPakFileMountedCallback: pending pak file info (ChunkID:-1 Root:root:/ File:C:/Program Files/Epic Games/UE_4.27/FeaturePacks/FP_FirstPersonBP.upack)
[2022.06.05-14.09.42:239][  0]LogPakFile: OnPakFileMounted2Time == 0.000348
[2022.06.05-14.09.42:240][  0]LogPakFile: PakFile PrimaryIndexSize=191
[2022.06.05-14.09.42:240][  0]LogPakFile: PakFile PathHashIndexSize=101
[2022.06.05-14.09.42:240][  0]LogPakFile: PakFile FullDirectoryIndexSize=160
[2022.06.05-14.09.42:241][  0]LogShaderLibrary: Display: ShaderCodeLibraryPakFileMountedCallback: PakFile 'C:/Program Files/Epic Games/UE_4.27/FeaturePacks/MobileStarterContent.upack' (chunk index -1, root 'root:/') mounted
[2022.06.05-14.09.42:241][  0]LogShaderLibrary: Display: ShaderCodeLibraryPakFileMountedCallback: pending pak file info (ChunkID:-1 Root:root:/ File:C:/Program Files/Epic Games/UE_4.27/FeaturePacks/MobileStarterContent.upack)
[2022.06.05-14.09.42:241][  0]LogPakFile: OnPakFileMounted2Time == 0.000309
[2022.06.05-14.09.42:242][  0]LogPakFile: PakFile PrimaryIndexSize=185
[2022.06.05-14.09.42:242][  0]LogPakFile: PakFile PathHashIndexSize=101
[2022.06.05-14.09.42:242][  0]LogPakFile: PakFile FullDirectoryIndexSize=148
[2022.06.05-14.09.42:242][  0]LogShaderLibrary: Display: ShaderCodeLibraryPakFileMountedCallback: PakFile 'C:/Program Files/Epic Games/UE_4.27/FeaturePacks/StarterContent.upack' (chunk index -1, root 'root:/') mounted
[2022.06.05-14.09.42:242][  0]LogShaderLibrary: Display: ShaderCodeLibraryPakFileMountedCallback: pending pak file info (ChunkID:-1 Root:root:/ File:C:/Program Files/Epic Games/UE_4.27/FeaturePacks/StarterContent.upack)
[2022.06.05-14.09.42:242][  0]LogPakFile: OnPakFileMounted2Time == 0.000366
[2022.06.05-14.09.42:243][  0]LogPakFile: PakFile PrimaryIndexSize=190
[2022.06.05-14.09.42:243][  0]LogPakFile: PakFile PathHashIndexSize=101
[2022.06.05-14.09.42:243][  0]LogPakFile: PakFile FullDirectoryIndexSize=154
[2022.06.05-14.09.42:243][  0]LogShaderLibrary: Display: ShaderCodeLibraryPakFileMountedCallback: PakFile 'C:/Program Files/Epic Games/UE_4.27/FeaturePacks/TP_2DSideScroller.upack' (chunk index -1, root 'root:/') mounted
[2022.06.05-14.09.42:243][  0]LogShaderLibrary: Display: ShaderCodeLibraryPakFileMountedCallback: pending pak file info (ChunkID:-1 Root:root:/ File:C:/Program Files/Epic Games/UE_4.27/FeaturePacks/TP_2DSideScroller.upack)
[2022.06.05-14.09.42:244][  0]LogPakFile: OnPakFileMounted2Time == 0.000385
[2022.06.05-14.09.42:244][  0]LogPakFile: PakFile PrimaryIndexSize=192
[2022.06.05-14.09.42:244][  0]LogPakFile: PakFile PathHashIndexSize=101
[2022.06.05-14.09.42:245][  0]LogPakFile: PakFile FullDirectoryIndexSize=158
[2022.06.05-14.09.42:245][  0]LogShaderLibrary: Display: ShaderCodeLibraryPakFileMountedCallback: PakFile 'C:/Program Files/Epic Games/UE_4.27/FeaturePacks/TP_2DSideScrollerBP.upack' (chunk index -1, root 'root:/') mounted
[2022.06.05-14.09.42:245][  0]LogShaderLibrary: Display: ShaderCodeLibraryPakFileMountedCallback: pending pak file info (ChunkID:-1 Root:root:/ File:C:/Program Files/Epic Games/UE_4.27/FeaturePacks/TP_2DSideScrollerBP.upack)
[2022.06.05-14.09.42:245][  0]LogPakFile: OnPakFileMounted2Time == 0.000443
[2022.06.05-14.09.42:246][  0]LogPakFile: PakFile PrimaryIndexSize=182
[2022.06.05-14.09.42:246][  0]LogPakFile: PakFile PathHashIndexSize=101
[2022.06.05-14.09.42:246][  0]LogPakFile: PakFile FullDirectoryIndexSize=138
[2022.06.05-14.09.42:246][  0]LogShaderLibrary: Display: ShaderCodeLibraryPakFileMountedCallback: PakFile 'C:/Program Files/Epic Games/UE_4.27/FeaturePacks/TP_Flying.upack' (chunk index -1, root 'root:/') mounted
[2022.06.05-14.09.42:247][  0]LogShaderLibrary: Display: ShaderCodeLibraryPakFileMountedCallback: pending pak file info (ChunkID:-1 Root:root:/ File:C:/Program Files/Epic Games/UE_4.27/FeaturePacks/TP_Flying.upack)
[2022.06.05-14.09.42:247][  0]LogPakFile: OnPakFileMounted2Time == 0.000384
[2022.06.05-14.09.42:248][  0]LogPakFile: PakFile PrimaryIndexSize=184
[2022.06.05-14.09.42:248][  0]LogPakFile: PakFile PathHashIndexSize=101
[2022.06.05-14.09.42:248][  0]LogPakFile: PakFile FullDirectoryIndexSize=142
[2022.06.05-14.09.42:248][  0]LogShaderLibrary: Display: ShaderCodeLibraryPakFileMountedCallback: PakFile 'C:/Program Files/Epic Games/UE_4.27/FeaturePacks/TP_FlyingBP.upack' (chunk index -1, root 'root:/') mounted
[2022.06.05-14.09.42:248][  0]LogShaderLibrary: Display: ShaderCodeLibraryPakFileMountedCallback: pending pak file info (ChunkID:-1 Root:root:/ File:C:/Program Files/Epic Games/UE_4.27/FeaturePacks/TP_FlyingBP.upack)
[2022.06.05-14.09.42:248][  0]LogPakFile: OnPakFileMounted2Time == 0.000340
[2022.06.05-14.09.42:249][  0]LogPakFile: PakFile PrimaryIndexSize=188
[2022.06.05-14.09.42:249][  0]LogPakFile: PakFile PathHashIndexSize=101
[2022.06.05-14.09.42:249][  0]LogPakFile: PakFile FullDirectoryIndexSize=150
[2022.06.05-14.09.42:250][  0]LogShaderLibrary: Display: ShaderCodeLibraryPakFileMountedCallback: PakFile 'C:/Program Files/Epic Games/UE_4.27/FeaturePacks/TP_HandheldARBP.upack' (chunk index -1, root 'root:/') mounted
[2022.06.05-14.09.42:250][  0]LogShaderLibrary: Display: ShaderCodeLibraryPakFileMountedCallback: pending pak file info (ChunkID:-1 Root:root:/ File:C:/Program Files/Epic Games/UE_4.27/FeaturePacks/TP_HandheldARBP.upack)
[2022.06.05-14.09.42:250][  0]LogPakFile: OnPakFileMounted2Time == 0.000485
[2022.06.05-14.09.42:251][  0]LogPakFile: PakFile PrimaryIndexSize=182
[2022.06.05-14.09.42:251][  0]LogPakFile: PakFile PathHashIndexSize=101
[2022.06.05-14.09.42:251][  0]LogPakFile: PakFile FullDirectoryIndexSize=138
[2022.06.05-14.09.42:252][  0]LogShaderLibrary: Display: ShaderCodeLibraryPakFileMountedCallback: PakFile 'C:/Program Files/Epic Games/UE_4.27/FeaturePacks/TP_Puzzle.upack' (chunk index -1, root 'root:/') mounted
[2022.06.05-14.09.42:252][  0]LogShaderLibrary: Display: ShaderCodeLibraryPakFileMountedCallback: pending pak file info (ChunkID:-1 Root:root:/ File:C:/Program Files/Epic Games/UE_4.27/FeaturePacks/TP_Puzzle.upack)
[2022.06.05-14.09.42:252][  0]LogPakFile: OnPakFileMounted2Time == 0.000320
[2022.06.05-14.09.42:253][  0]LogPakFile: PakFile PrimaryIndexSize=184
[2022.06.05-14.09.42:253][  0]LogPakFile: PakFile PathHashIndexSize=101
[2022.06.05-14.09.42:253][  0]LogPakFile: PakFile FullDirectoryIndexSize=142
[2022.06.05-14.09.42:253][  0]LogShaderLibrary: Display: ShaderCodeLibraryPakFileMountedCallback: PakFile 'C:/Program Files/Epic Games/UE_4.27/FeaturePacks/TP_PuzzleBP.upack' (chunk index -1, root 'root:/') mounted
[2022.06.05-14.09.42:253][  0]LogShaderLibrary: Display: ShaderCodeLibraryPakFileMountedCallback: pending pak file info (ChunkID:-1 Root:root:/ File:C:/Program Files/Epic Games/UE_4.27/FeaturePacks/TP_PuzzleBP.upack)
[2022.06.05-14.09.42:254][  0]LogPakFile: OnPakFileMounted2Time == 0.000444
[2022.06.05-14.09.42:254][  0]LogPakFile: PakFile PrimaryIndexSize=183
[2022.06.05-14.09.42:254][  0]LogPakFile: PakFile PathHashIndexSize=101
[2022.06.05-14.09.42:254][  0]LogPakFile: PakFile FullDirectoryIndexSize=140
[2022.06.05-14.09.42:255][  0]LogShaderLibrary: Display: ShaderCodeLibraryPakFileMountedCallback: PakFile 'C:/Program Files/Epic Games/UE_4.27/FeaturePacks/TP_Rolling.upack' (chunk index -1, root 'root:/') mounted
[2022.06.05-14.09.42:255][  0]LogShaderLibrary: Display: ShaderCodeLibraryPakFileMountedCallback: pending pak file info (ChunkID:-1 Root:root:/ File:C:/Program Files/Epic Games/UE_4.27/FeaturePacks/TP_Rolling.upack)
[2022.06.05-14.09.42:255][  0]LogPakFile: OnPakFileMounted2Time == 0.000312
[2022.06.05-14.09.42:256][  0]LogPakFile: PakFile PrimaryIndexSize=185
[2022.06.05-14.09.42:256][  0]LogPakFile: PakFile PathHashIndexSize=101
[2022.06.05-14.09.42:256][  0]LogPakFile: PakFile FullDirectoryIndexSize=144
[2022.06.05-14.09.42:256][  0]LogShaderLibrary: Display: ShaderCodeLibraryPakFileMountedCallback: PakFile 'C:/Program Files/Epic Games/UE_4.27/FeaturePacks/TP_RollingBP.upack' (chunk index -1, root 'root:/') mounted
[2022.06.05-14.09.42:256][  0]LogShaderLibrary: Display: ShaderCodeLibraryPakFileMountedCallback: pending pak file info (ChunkID:-1 Root:root:/ File:C:/Program Files/Epic Games/UE_4.27/FeaturePacks/TP_RollingBP.upack)
[2022.06.05-14.09.42:256][  0]LogPakFile: OnPakFileMounted2Time == 0.000315
[2022.06.05-14.09.42:257][  0]LogPakFile: PakFile PrimaryIndexSize=188
[2022.06.05-14.09.42:257][  0]LogPakFile: PakFile PathHashIndexSize=101
[2022.06.05-14.09.42:258][  0]LogPakFile: PakFile FullDirectoryIndexSize=150
[2022.06.05-14.09.42:258][  0]LogShaderLibrary: Display: ShaderCodeLibraryPakFileMountedCallback: PakFile 'C:/Program Files/Epic Games/UE_4.27/FeaturePacks/TP_SideScroller.upack' (chunk index -1, root 'root:/') mounted
[2022.06.05-14.09.42:258][  0]LogShaderLibrary: Display: ShaderCodeLibraryPakFileMountedCallback: pending pak file info (ChunkID:-1 Root:root:/ File:C:/Program Files/Epic Games/UE_4.27/FeaturePacks/TP_SideScroller.upack)
[2022.06.05-14.09.42:258][  0]LogPakFile: OnPakFileMounted2Time == 0.000349
[2022.06.05-14.09.42:259][  0]LogPakFile: PakFile PrimaryIndexSize=190
[2022.06.05-14.09.42:259][  0]LogPakFile: PakFile PathHashIndexSize=101
[2022.06.05-14.09.42:259][  0]LogPakFile: PakFile FullDirectoryIndexSize=154
[2022.06.05-14.09.42:259][  0]LogShaderLibrary: Display: ShaderCodeLibraryPakFileMountedCallback: PakFile 'C:/Program Files/Epic Games/UE_4.27/FeaturePacks/TP_SideScrollerBP.upack' (chunk index -1, root 'root:/') mounted
[2022.06.05-14.09.42:259][  0]LogShaderLibrary: Display: ShaderCodeLibraryPakFileMountedCallback: pending pak file info (ChunkID:-1 Root:root:/ File:C:/Program Files/Epic Games/UE_4.27/FeaturePacks/TP_SideScrollerBP.upack)
[2022.06.05-14.09.42:260][  0]LogPakFile: OnPakFileMounted2Time == 0.000354
[2022.06.05-14.09.42:260][  0]LogPakFile: PakFile PrimaryIndexSize=187
[2022.06.05-14.09.42:260][  0]LogPakFile: PakFile PathHashIndexSize=101
[2022.06.05-14.09.42:260][  0]LogPakFile: PakFile FullDirectoryIndexSize=148
[2022.06.05-14.09.42:261][  0]LogShaderLibrary: Display: ShaderCodeLibraryPakFileMountedCallback: PakFile 'C:/Program Files/Epic Games/UE_4.27/FeaturePacks/TP_ThirdPerson.upack' (chunk index -1, root 'root:/') mounted
[2022.06.05-14.09.42:261][  0]LogShaderLibrary: Display: ShaderCodeLibraryPakFileMountedCallback: pending pak file info (ChunkID:-1 Root:root:/ File:C:/Program Files/Epic Games/UE_4.27/FeaturePacks/TP_ThirdPerson.upack)
[2022.06.05-14.09.42:261][  0]LogPakFile: OnPakFileMounted2Time == 0.000357
[2022.06.05-14.09.42:262][  0]LogPakFile: PakFile PrimaryIndexSize=189
[2022.06.05-14.09.42:262][  0]LogPakFile: PakFile PathHashIndexSize=101
[2022.06.05-14.09.42:262][  0]LogPakFile: PakFile FullDirectoryIndexSize=152
[2022.06.05-14.09.42:262][  0]LogShaderLibrary: Display: ShaderCodeLibraryPakFileMountedCallback: PakFile 'C:/Program Files/Epic Games/UE_4.27/FeaturePacks/TP_ThirdPersonBP.upack' (chunk index -1, root 'root:/') mounted
[2022.06.05-14.09.42:262][  0]LogShaderLibrary: Display: ShaderCodeLibraryPakFileMountedCallback: pending pak file info (ChunkID:-1 Root:root:/ File:C:/Program Files/Epic Games/UE_4.27/FeaturePacks/TP_ThirdPersonBP.upack)
[2022.06.05-14.09.42:262][  0]LogPakFile: OnPakFileMounted2Time == 0.000368
[2022.06.05-14.09.42:263][  0]LogPakFile: PakFile PrimaryIndexSize=183
[2022.06.05-14.09.42:263][  0]LogPakFile: PakFile PathHashIndexSize=101
[2022.06.05-14.09.42:263][  0]LogPakFile: PakFile FullDirectoryIndexSize=140
[2022.06.05-14.09.42:264][  0]LogShaderLibrary: Display: ShaderCodeLibraryPakFileMountedCallback: PakFile 'C:/Program Files/Epic Games/UE_4.27/FeaturePacks/TP_TopDown.upack' (chunk index -1, root 'root:/') mounted
[2022.06.05-14.09.42:264][  0]LogShaderLibrary: Display: ShaderCodeLibraryPakFileMountedCallback: pending pak file info (ChunkID:-1 Root:root:/ File:C:/Program Files/Epic Games/UE_4.27/FeaturePacks/TP_TopDown.upack)
[2022.06.05-14.09.42:264][  0]LogPakFile: OnPakFileMounted2Time == 0.000407
[2022.06.05-14.09.42:265][  0]LogPakFile: PakFile PrimaryIndexSize=185
[2022.06.05-14.09.42:265][  0]LogPakFile: PakFile PathHashIndexSize=101
[2022.06.05-14.09.42:265][  0]LogPakFile: PakFile FullDirectoryIndexSize=144
[2022.06.05-14.09.42:265][  0]LogShaderLibrary: Display: ShaderCodeLibraryPakFileMountedCallback: PakFile 'C:/Program Files/Epic Games/UE_4.27/FeaturePacks/TP_TopDownBP.upack' (chunk index -1, root 'root:/') mounted
[2022.06.05-14.09.42:265][  0]LogShaderLibrary: Display: ShaderCodeLibraryPakFileMountedCallback: pending pak file info (ChunkID:-1 Root:root:/ File:C:/Program Files/Epic Games/UE_4.27/FeaturePacks/TP_TopDownBP.upack)
[2022.06.05-14.09.42:265][  0]LogPakFile: OnPakFileMounted2Time == 0.000357
[2022.06.05-14.09.42:266][  0]LogPakFile: PakFile PrimaryIndexSize=185
[2022.06.05-14.09.42:266][  0]LogPakFile: PakFile PathHashIndexSize=101
[2022.06.05-14.09.42:266][  0]LogPakFile: PakFile FullDirectoryIndexSize=144
[2022.06.05-14.09.42:267][  0]LogShaderLibrary: Display: ShaderCodeLibraryPakFileMountedCallback: PakFile 'C:/Program Files/Epic Games/UE_4.27/FeaturePacks/TP_TwinStick.upack' (chunk index -1, root 'root:/') mounted
[2022.06.05-14.09.42:267][  0]LogShaderLibrary: Display: ShaderCodeLibraryPakFileMountedCallback: pending pak file info (ChunkID:-1 Root:root:/ File:C:/Program Files/Epic Games/UE_4.27/FeaturePacks/TP_TwinStick.upack)
[2022.06.05-14.09.42:267][  0]LogPakFile: OnPakFileMounted2Time == 0.000396
[2022.06.05-14.09.42:268][  0]LogPakFile: PakFile PrimaryIndexSize=187
[2022.06.05-14.09.42:268][  0]LogPakFile: PakFile PathHashIndexSize=101
[2022.06.05-14.09.42:268][  0]LogPakFile: PakFile FullDirectoryIndexSize=148
[2022.06.05-14.09.42:268][  0]LogShaderLibrary: Display: ShaderCodeLibraryPakFileMountedCallback: PakFile 'C:/Program Files/Epic Games/UE_4.27/FeaturePacks/TP_TwinStickBP.upack' (chunk index -1, root 'root:/') mounted
[2022.06.05-14.09.42:268][  0]LogShaderLibrary: Display: ShaderCodeLibraryPakFileMountedCallback: pending pak file info (ChunkID:-1 Root:root:/ File:C:/Program Files/Epic Games/UE_4.27/FeaturePacks/TP_TwinStickBP.upack)
[2022.06.05-14.09.42:269][  0]LogPakFile: OnPakFileMounted2Time == 0.000304
[2022.06.05-14.09.42:269][  0]LogPakFile: PakFile PrimaryIndexSize=183
[2022.06.05-14.09.42:269][  0]LogPakFile: PakFile PathHashIndexSize=101
[2022.06.05-14.09.42:269][  0]LogPakFile: PakFile FullDirectoryIndexSize=140
[2022.06.05-14.09.42:270][  0]LogShaderLibrary: Display: ShaderCodeLibraryPakFileMountedCallback: PakFile 'C:/Program Files/Epic Games/UE_4.27/FeaturePacks/TP_Vehicle.upack' (chunk index -1, root 'root:/') mounted
[2022.06.05-14.09.42:270][  0]LogShaderLibrary: Display: ShaderCodeLibraryPakFileMountedCallback: pending pak file info (ChunkID:-1 Root:root:/ File:C:/Program Files/Epic Games/UE_4.27/FeaturePacks/TP_Vehicle.upack)
[2022.06.05-14.09.42:270][  0]LogPakFile: OnPakFileMounted2Time == 0.000446
[2022.06.05-14.09.42:271][  0]LogPakFile: PakFile PrimaryIndexSize=186
[2022.06.05-14.09.42:271][  0]LogPakFile: PakFile PathHashIndexSize=101
[2022.06.05-14.09.42:271][  0]LogPakFile: PakFile FullDirectoryIndexSize=146
[2022.06.05-14.09.42:271][  0]LogShaderLibrary: Display: ShaderCodeLibraryPakFileMountedCallback: PakFile 'C:/Program Files/Epic Games/UE_4.27/FeaturePacks/TP_VehicleAdv.upack' (chunk index -1, root 'root:/') mounted
[2022.06.05-14.09.42:271][  0]LogShaderLibrary: Display: ShaderCodeLibraryPakFileMountedCallback: pending pak file info (ChunkID:-1 Root:root:/ File:C:/Program Files/Epic Games/UE_4.27/FeaturePacks/TP_VehicleAdv.upack)
[2022.06.05-14.09.42:272][  0]LogPakFile: OnPakFileMounted2Time == 0.000367
[2022.06.05-14.09.42:272][  0]LogPakFile: PakFile PrimaryIndexSize=188
[2022.06.05-14.09.42:272][  0]LogPakFile: PakFile PathHashIndexSize=101
[2022.06.05-14.09.42:273][  0]LogPakFile: PakFile FullDirectoryIndexSize=150
[2022.06.05-14.09.42:273][  0]LogShaderLibrary: Display: ShaderCodeLibraryPakFileMountedCallback: PakFile 'C:/Program Files/Epic Games/UE_4.27/FeaturePacks/TP_VehicleAdvBP.upack' (chunk index -1, root 'root:/') mounted
[2022.06.05-14.09.42:273][  0]LogShaderLibrary: Display: ShaderCodeLibraryPakFileMountedCallback: pending pak file info (ChunkID:-1 Root:root:/ File:C:/Program Files/Epic Games/UE_4.27/FeaturePacks/TP_VehicleAdvBP.upack)
[2022.06.05-14.09.42:273][  0]LogPakFile: OnPakFileMounted2Time == 0.000405
[2022.06.05-14.09.42:274][  0]LogPakFile: PakFile PrimaryIndexSize=185
[2022.06.05-14.09.42:274][  0]LogPakFile: PakFile PathHashIndexSize=101
[2022.06.05-14.09.42:274][  0]LogPakFile: PakFile FullDirectoryIndexSize=144
[2022.06.05-14.09.42:274][  0]LogShaderLibrary: Display: ShaderCodeLibraryPakFileMountedCallback: PakFile 'C:/Program Files/Epic Games/UE_4.27/FeaturePacks/TP_VehicleBP.upack' (chunk index -1, root 'root:/') mounted
[2022.06.05-14.09.42:275][  0]LogShaderLibrary: Display: ShaderCodeLibraryPakFileMountedCallback: pending pak file info (ChunkID:-1 Root:root:/ File:C:/Program Files/Epic Games/UE_4.27/FeaturePacks/TP_VehicleBP.upack)
[2022.06.05-14.09.42:275][  0]LogPakFile: OnPakFileMounted2Time == 0.000323
[2022.06.05-14.09.42:275][  0]LogPakFile: PakFile PrimaryIndexSize=192
[2022.06.05-14.09.42:276][  0]LogPakFile: PakFile PathHashIndexSize=101
[2022.06.05-14.09.42:276][  0]LogPakFile: PakFile FullDirectoryIndexSize=158
[2022.06.05-14.09.42:276][  0]LogShaderLibrary: Display: ShaderCodeLibraryPakFileMountedCallback: PakFile 'C:/Program Files/Epic Games/UE_4.27/FeaturePacks/TP_VirtualRealityBP.upack' (chunk index -1, root 'root:/') mounted
[2022.06.05-14.09.42:276][  0]LogShaderLibrary: Display: ShaderCodeLibraryPakFileMountedCallback: pending pak file info (ChunkID:-1 Root:root:/ File:C:/Program Files/Epic Games/UE_4.27/FeaturePacks/TP_VirtualRealityBP.upack)
[2022.06.05-14.09.42:276][  0]LogPakFile: OnPakFileMounted2Time == 0.000375
[2022.06.05-14.09.42:336][  0]LogNativeClassHierarchy: Verbose: Native class hierarchy updated for 'AddContentDialog' in 0.0003 seconds. Added 0 classes and 0 folders.
[2022.06.05-14.09.42:347][  0]LogNativeClassHierarchy: Verbose: Native class hierarchy updated for 'SceneOutliner' in 0.0003 seconds. Added 2 classes and 0 folders.
[2022.06.05-14.09.42:464][  0]LogSlate: Took 0.000277 seconds to synchronously load lazily loaded font '../../../Engine/Content/Slate/Fonts/Roboto-Regular.ttf' (155K)
[2022.06.05-14.09.42:465][  0]LogSlate: Took 0.000245 seconds to synchronously load lazily loaded font '../../../Engine/Content/Editor/Slate/Fonts/FontAwesome.ttf' (139K)
[2022.06.05-14.09.42:466][  0]LogSlate: Took 0.000254 seconds to synchronously load lazily loaded font '../../../Engine/Content/Slate/Fonts/Roboto-Bold.ttf' (160K)
[2022.06.05-14.09.42:553][  0]LogRenderer: Reallocating scene render targets to support 1828x756 Format 10 NumSamples 1 (Frame:1).
[2022.06.05-14.09.42:738][  0]LogNativeClassHierarchy: Verbose: Native class hierarchy updated for 'HierarchicalLODOutliner' in 0.0003 seconds. Added 0 classes and 0 folders.
[2022.06.05-14.09.42:739][  0]LogLoad: (Engine Initialization) Total time: 17.70 seconds
[2022.06.05-14.09.42:739][  0]LogLoad: (Engine Initialization) Total Blueprint compile time: 0.00 seconds
[2022.06.05-14.09.42:800][  0]LogAssetRegistry: Asset discovery search completed in 12.2767 seconds
[2022.06.05-14.09.42:806][  0]LogCollectionManager: Fixed up redirectors for 0 collections in 0.000003 seconds (updated 0 objects)
[2022.06.05-14.09.42:838][  0]LogContentStreaming: Texture pool size now 1000 MB
[2022.06.05-14.09.54:125][340]LogSlate: Took 0.000242 seconds to synchronously load lazily loaded font '../../../Engine/Content/Slate/Fonts/DroidSansMono.ttf' (77K)
[2022.06.05-14.10.01:137][161]LogActor: Warning: BP_PressurePlate_C /Engine/Transient.World_3:PersistentLevel.BP_PressurePlate_C_0 has natively added scene component(s), but none of them were set as the actor's RootComponent - picking one arbitrarily
[2022.06.05-14.10.05:991][724]LogSlate: Took 0.000191 seconds to synchronously load lazily loaded font '../../../Engine/Content/Slate/Fonts/Roboto-Light.ttf' (167K)
[2022.06.05-14.10.06:013][724]LogAssetEditorSubsystem: Opening Asset editor for Blueprint /Game/Blueprints/MyTilePuzzle.MyTilePuzzle
[2022.06.05-14.10.06:118][724]LogNativeClassHierarchy: Verbose: Native class hierarchy updated for 'BlueprintGraph' in 0.0005 seconds. Added 126 classes and 0 folders.
[2022.06.05-14.10.08:170][875]LogSlate: Window 'MyTilePuzzle' being destroyed
[2022.06.05-14.10.08:184][875]LogWorld: UWorld::CleanupWorld for World_4, bSessionEnded=true, bCleanupResources=true
[2022.06.05-14.10.08:185][875]LogSlate: InvalidateAllWidgets triggered.  All widgets were invalidated
[2022.06.05-14.10.08:238][875]LogAssetEditorSubsystem: Opening Asset editor for Blueprint /Game/Blueprints/MyTilePuzzle.MyTilePuzzle
[2022.06.05-14.10.08:714][875]LogSlate: Took 0.000277 seconds to synchronously load lazily loaded font '../../../Engine/Content/Slate/Fonts/Roboto-BoldCondensed.ttf' (158K)
[2022.06.05-14.10.14:589][548]LogEditorViewport: Clicking on Actor (LMB): Landscape (Landscape1)
[2022.06.05-14.10.24:594][507]LogUObjectHash: Compacting FUObjectHashTables data took   2.53ms
[2022.06.05-14.10.24:707][507]LogSlate: Took 0.000211 seconds to synchronously load lazily loaded font '../../../Engine/Content/Slate/Fonts/Roboto-Light.ttf' (167K)
[2022.06.05-14.10.26:177][507]LogSlate: Window 'Delete Assets' being destroyed
[2022.06.05-14.10.26:211][507]LogSlate: Window 'MyTilePuzzle' being destroyed
[2022.06.05-14.10.26:218][507]LogWorld: UWorld::CleanupWorld for World_5, bSessionEnded=true, bCleanupResources=true
[2022.06.05-14.10.26:218][507]LogSlate: InvalidateAllWidgets triggered.  All widgets were invalidated
[2022.06.05-14.10.26:255][507]LogUObjectGlobals: Force Deleting 1 Package(s):
	Asset Name: /Game/Blueprints/MyTilePuzzle.MyTilePuzzle
[2022.06.05-14.10.27:647][507]LogUObjectHash: Compacting FUObjectHashTables data took   2.05ms
[2022.06.05-14.10.27:676][507]LogUObjectHash: Compacting FUObjectHashTables data took   1.87ms
[2022.06.05-14.10.27:689][507]LogUObjectHash: Compacting FUObjectHashTables data took   1.66ms
[2022.06.05-14.10.27:701][507]LogUObjectHash: Compacting FUObjectHashTables data took   0.54ms
[2022.06.05-14.10.29:436][689]LogUObjectHash: Compacting FUObjectHashTables data took   0.52ms
[2022.06.05-14.10.31:159][689]LogSlate: Window 'Save Content' being destroyed
[2022.06.05-14.10.31:195][689]Cmd: OBJ SAVEPACKAGE PACKAGE="/Game/Maps/FirstLevel" FILE="K:/Mastered/Trials/Trials/Content/Maps/FirstLevel.umap" SILENT=true AUTOSAVING=false KEEPDIRTY=false
[2022.06.05-14.10.31:208][689]LogUObjectHash: Compacting FUObjectHashTables data took   0.53ms
[2022.06.05-14.10.31:319][689]LogSavePackage: Moving 'K:/Mastered/Trials/Trials/Saved/FirstLevel13E5345B4B189B45C7DC798E1754581D.tmp' to 'K:/Mastered/Trials/Trials/Content/Maps/FirstLevel.umap'
[2022.06.05-14.10.31:327][689]LogFileHelpers: Saving map 'FirstLevel' took 0.132
[2022.06.05-14.10.31:341][689]AssetCheck: New page: Asset Save: FirstLevel
[2022.06.05-14.10.31:342][689]LogContentValidation: Display: Validating World /Game/Maps/FirstLevel.FirstLevel
