Log file open, 06/05/22 14:16:49
LogWindows: Failed to load 'aqProf.dll' (GetLastError=126)
LogWindows: File 'aqProf.dll' does not exist
LogWindows: Failed to load 'VtuneApi.dll' (GetLastError=126)
LogWindows: File 'VtuneApi.dll' does not exist
LogWindows: Failed to load 'VtuneApi32e.dll' (GetLastError=126)
LogWindows: File 'VtuneApi32e.dll' does not exist
LogConsoleResponse: Display: Failed to find resolution value strings in scalability ini. Falling back to default.
LogConsoleResponse: Display: Failed to find resolution value strings in scalability ini. Falling back to default.
LogInit: Display: Running engine for game: Trials
LogPlatformFile: Not using cached read wrapper
LogTaskGraph: Started task graph with 5 named threads and 71 total threads with 3 sets of task threads.
LogStats: Stats thread started at 0.276264
LogICUInternationalization: ICU TimeZone Detection - Raw Offset: +0:00, Platform Override: ''
LogInit: Display: Loading text-based GConfig....
LogPluginManager: Mounting plugin MeshPainting
LogPluginManager: Mounting plugin XGEController
LogPluginManager: Mounting plugin Paper2D
LogPluginManager: Mounting plugin AISupport
LogPluginManager: Mounting plugin LiveLink
LogPluginManager: Mounting plugin EnvironmentQueryEditor
LogPluginManager: Mounting plugin LightPropagationVolume
LogPluginManager: Mounting plugin CameraShakePreviewer
LogPluginManager: Mounting plugin GameplayCameras
LogPluginManager: Mounting plugin AssetManagerEditor
LogPluginManager: Mounting plugin CryptoKeys
LogPluginManager: Mounting plugin CurveEditorTools
LogPluginManager: Mounting plugin GameplayTagsEditor
LogPluginManager: Mounting plugin FacialAnimation
LogPluginManager: Mounting plugin EditorScriptingUtilities
LogPluginManager: Mounting plugin GeometryMode
LogPluginManager: Mounting plugin DataValidation
LogPluginManager: Mounting plugin MacGraphicsSwitching
LogPluginManager: Mounting plugin OodleNetwork
LogPluginManager: Mounting plugin MaterialAnalyzer
LogPluginManager: Mounting plugin OodleData
LogPluginManager: Mounting plugin SpeedTreeImporter
LogPluginManager: Mounting plugin MobileLauncherProfileWizard
LogPluginManager: Mounting plugin PluginBrowser
LogPluginManager: Mounting plugin DatasmithContent
LogPluginManager: Mounting plugin VariantManagerContent
LogPluginManager: Mounting plugin Niagara
LogPluginManager: Mounting plugin AlembicImporter
LogPluginManager: Mounting plugin BackChannel
LogPluginManager: Mounting plugin AutomationUtils
LogPluginManager: Mounting plugin ChaosCloth
LogPluginManager: Mounting plugin ChaosClothEditor
LogPluginManager: Mounting plugin ChaosEditor
LogPluginManager: Mounting plugin ChaosSolverPlugin
LogPluginManager: Mounting plugin ChaosNiagara
LogPluginManager: Mounting plugin CharacterAI
LogPluginManager: Mounting plugin LuminPlatformFeatures
LogPluginManager: Mounting plugin MagicLeap
LogPluginManager: Mounting plugin GeometryCache
LogPluginManager: Mounting plugin MagicLeapLightEstimation
LogPluginManager: Mounting plugin MagicLeapPassableWorld
LogPluginManager: Mounting plugin GeometryCollectionPlugin
LogPluginManager: Mounting plugin MLSDK
LogPluginManager: Mounting plugin MegascansPlugin
LogPluginManager: Mounting plugin MagicLeapMedia
LogPluginManager: Mounting plugin AvfMedia
LogPluginManager: Mounting plugin AndroidMedia
LogPluginManager: Mounting plugin MediaCompositing
LogPluginManager: Mounting plugin ImgMedia
LogPluginManager: Mounting plugin MediaPlayerEditor
LogPluginManager: Mounting plugin WmfMedia
LogPluginManager: Mounting plugin WebMMedia
LogPluginManager: Mounting plugin GeometryProcessing
LogPluginManager: Mounting plugin OpenImageDenoise
LogPluginManager: Mounting plugin MotoSynth
LogPluginManager: Mounting plugin PlanarCut
LogPluginManager: Mounting plugin PlatformCrypto
LogPluginManager: Mounting plugin ProxyLODPlugin
LogPluginManager: Mounting plugin PythonScriptPlugin
LogPluginManager: Mounting plugin SkeletalReduction
LogPluginManager: Mounting plugin TcpMessaging
LogPluginManager: Mounting plugin UdpMessaging
LogPluginManager: Mounting plugin OnlineSubsystem
LogPluginManager: Mounting plugin OnlineSubsystemNull
LogPluginManager: Mounting plugin OnlineSubsystemUtils
LogPluginManager: Mounting plugin MatineeToLevelSequence
LogPluginManager: Mounting plugin ActorSequence
LogPluginManager: Mounting plugin TemplateSequence
LogPluginManager: Mounting plugin ActorLayerUtilities
LogPluginManager: Mounting plugin AndroidDeviceProfileSelector
LogPluginManager: Mounting plugin AndroidPermission
LogPluginManager: Mounting plugin LauncherChunkInstaller
LogPluginManager: Mounting plugin AndroidMoviePlayer
LogPluginManager: Mounting plugin AppleMoviePlayer
LogPluginManager: Mounting plugin AppleImageUtils
LogPluginManager: Mounting plugin AssetTags
LogPluginManager: Mounting plugin ArchVisCharacter
LogPluginManager: Mounting plugin LevelSequenceEditor
LogPluginManager: Mounting plugin ChunkDownloader
LogPluginManager: Mounting plugin CustomMeshComponent
LogPluginManager: Mounting plugin CableComponent
LogPluginManager: Mounting plugin AudioSynesthesia
LogPluginManager: Mounting plugin EditableMesh
LogPluginManager: Mounting plugin GoogleCloudMessaging
LogPluginManager: Mounting plugin GooglePAD
LogPluginManager: Mounting plugin ExampleDeviceProfileSelector
LogPluginManager: Mounting plugin IOSDeviceProfileSelector
LogPluginManager: Mounting plugin LinuxDeviceProfileSelector
LogPluginManager: Mounting plugin LocationServicesBPLibrary
LogPluginManager: Mounting plugin OpenXR
LogPluginManager: Mounting plugin OpenXREyeTracker
LogPluginManager: Mounting plugin OpenXRHandTracking
LogPluginManager: Mounting plugin AudioCapture
LogPluginManager: Mounting plugin MobilePatchingUtils
LogPluginManager: Mounting plugin PhysXVehicles
LogPluginManager: Mounting plugin PostSplashScreen
LogPluginManager: Mounting plugin ProceduralMeshComponent
LogPluginManager: Mounting plugin PropertyAccessEditor
LogPluginManager: Mounting plugin RuntimePhysXCooking
LogPluginManager: Mounting plugin SignificanceManager
LogPluginManager: Mounting plugin SoundFields
LogPluginManager: Mounting plugin Synthesis
LogPluginManager: Mounting plugin WebMMoviePlayer
LogPluginManager: Mounting plugin ScreenshotTools
LogPluginManager: Mounting plugin WindowsMoviePlayer
LogPluginManager: Mounting plugin Takes
LogPluginManager: Mounting plugin AnimationSharing
LogPluginManager: Mounting plugin CLionSourceCodeAccess
LogPluginManager: Mounting plugin CodeLiteSourceCodeAccess
LogPluginManager: Mounting plugin NullSourceCodeAccess
LogPluginManager: Mounting plugin GitSourceControl
LogPluginManager: Mounting plugin KDevelopSourceCodeAccess
LogPluginManager: Mounting plugin PerforceSourceControl
LogPluginManager: Mounting plugin PixWinPlugin
LogPluginManager: Mounting plugin PlasticSourceControl
LogPluginManager: Mounting plugin PropertyAccessNode
LogPluginManager: Mounting plugin PluginUtils
LogPluginManager: Mounting plugin RiderSourceCodeAccess
LogPluginManager: Mounting plugin TextureFormatOodle
LogPluginManager: Mounting plugin UObjectPlugin
LogPluginManager: Mounting plugin SubversionSourceControl
LogPluginManager: Mounting plugin VisualStudioSourceCodeAccess
LogPluginManager: Mounting plugin XCodeSourceCodeAccess
LogPluginManager: Mounting plugin VisualStudioCodeSourceCodeAccess
LogPluginManager: Mounting plugin ContentBrowserAssetDataSource
LogPluginManager: Mounting plugin ContentBrowserClassDataSource
LogPluginManager: Mounting plugin ContentBrowserFileDataSource
LogPluginManager: Mounting plugin OnlineSubsystemGooglePlay
LogPluginManager: Mounting plugin OnlineSubsystemIOS
LogPluginManager: Mounting plugin DatabaseSupport
LogPluginManager: Mounting plugin SQLiteCore
LogPluginManager: Mounting plugin SQLiteSupport
LogPluginManager: Mounting plugin OculusVR
LogPluginManager: Mounting plugin SteamVR
LogPluginManager: Mounting plugin RiderLink
LogInit: Using libcurl 7.55.1-DEV
LogInit:  - built for x86_64-pc-win32
LogInit:  - supports SSL with OpenSSL/1.1.1
LogInit:  - supports HTTP deflate (compression) using libz 1.2.8
LogInit:  - other features:
LogInit:      CURL_VERSION_SSL
LogInit:      CURL_VERSION_LIBZ
LogInit:      CURL_VERSION_IPV6
LogInit:      CURL_VERSION_ASYNCHDNS
LogInit:      CURL_VERSION_LARGEFILE
LogInit:      CURL_VERSION_IDN
LogInit:  CurlRequestOptions (configurable via config and command line):
LogInit:  - bVerifyPeer = true  - Libcurl will verify peer certificate
LogInit:  - bUseHttpProxy = false  - Libcurl will NOT use HTTP proxy
LogInit:  - bDontReuseConnections = false  - Libcurl will reuse connections
LogInit:  - MaxHostConnections = 16  - Libcurl will limit the number of connections to a host
LogInit:  - LocalHostAddr = Default
LogInit:  - BufferSize = 65536
LogOnline: OSS: Creating online subsystem instance for: NULL
LogInit: WinSock: version 1.1 (2.2), MaxSocks=32767, MaxUdp=65467
LogOnline: OSS: TryLoadSubsystemAndSetDefault: Loaded subsystem for module [NULL]
PixWinPlugin: PIX capture plugin failed to initialize! Check that the process is launched from PIX.
LogOculusPluginWrapper: OculusPlugin initialized successfully
LogHMD: Failed initializing OVRPlugin 1.59.0
LogInit: Build: ++UE4+Release-4.27-CL-18319896
LogInit: Engine Version: 4.27.2-18319896+++UE4+Release-4.27
LogInit: Compatible Engine Version: 4.27.0-17155196+++UE4+Release-4.27
LogInit: Net CL: 17155196
LogInit: OS: Windows 10 (Release 2009) (), CPU: AMD Ryzen 9 3900X 12-Core Processor            , GPU: NVIDIA GeForce RTX 3080 Ti
LogInit: Compiled (64-bit): Nov 30 2021 07:12:08
LogInit: Compiled with Visual C++: 19.24.28315.00
LogInit: Build Configuration: Development
LogInit: Branch Name: ++UE4+Release-4.27
LogInit: Command Line:  -skipcompile
LogInit: Base Directory: C:/Program Files/Epic Games/UE_4.27/Engine/Binaries/Win64/
LogInit: Allocator: TBB
LogInit: Installed Engine Build: 1
LogDevObjectVersion: Number of dev versions registered: 29
LogDevObjectVersion:   Dev-Blueprints (B0D832E4-1F89-4F0D-ACCF-7EB736FD4AA2): 10
LogDevObjectVersion:   Dev-Build (E1C64328-A22C-4D53-A36C-8E866417BD8C): 0
LogDevObjectVersion:   Dev-Core (375EC13C-06E4-48FB-B500-84F0262A717E): 4
LogDevObjectVersion:   Dev-Editor (E4B068ED-F494-42E9-A231-DA0B2E46BB41): 40
LogDevObjectVersion:   Dev-Framework (CFFC743F-43B0-4480-9391-14DF171D2073): 37
LogDevObjectVersion:   Dev-Mobile (B02B49B5-BB20-44E9-A304-32B752E40360): 3
LogDevObjectVersion:   Dev-Networking (A4E4105C-59A1-49B5-A7C5-40C4547EDFEE): 0
LogDevObjectVersion:   Dev-Online (39C831C9-5AE6-47DC-9A44-9C173E1C8E7C): 0
LogDevObjectVersion:   Dev-Physics (78F01B33-EBEA-4F98-B9B4-84EACCB95AA2): 14
LogDevObjectVersion:   Dev-Platform (6631380F-2D4D-43E0-8009-CF276956A95A): 0
LogDevObjectVersion:   Dev-Rendering (12F88B9F-8875-4AFC-A67C-D90C383ABD29): 45
LogDevObjectVersion:   Dev-Sequencer (7B5AE74C-D270-4C10-A958-57980B212A5A): 13
LogDevObjectVersion:   Dev-VR (D7296918-1DD6-4BDD-9DE2-64A83CC13884): 3
LogDevObjectVersion:   Dev-LoadTimes (C2A15278-BFE7-4AFE-6C17-90FF531DF755): 1
LogDevObjectVersion:   Private-Geometry (6EACA3D4-40EC-4CC1-B786-8BED09428FC5): 3
LogDevObjectVersion:   Dev-AnimPhys (29E575DD-E0A3-4627-9D10-D276232CDCEA): 17
LogDevObjectVersion:   Dev-Anim (AF43A65D-7FD3-4947-9873-3E8ED9C1BB05): 15
LogDevObjectVersion:   Dev-ReflectionCapture (6B266CEC-1EC7-4B8F-A30B-E4D90942FC07): 1
LogDevObjectVersion:   Dev-Automation (0DF73D61-A23F-47EA-B727-89E90C41499A): 1
LogDevObjectVersion:   FortniteMain (601D1886-AC64-4F84-AA16-D3DE0DEAC7D6): 47
LogDevObjectVersion:   FortniteRelease (E7086368-6B23-4C58-8439-1B7016265E91): 1
LogDevObjectVersion:   Dev-Enterprise (9DFFBCD6-494F-0158-E221-12823C92A888): 10
LogDevObjectVersion:   Dev-Niagara (F2AED0AC-9AFE-416F-8664-AA7FFA26D6FC): 1
LogDevObjectVersion:   Dev-Destruction (174F1F0B-B4C6-45A5-B13F-2EE8D0FB917D): 10
LogDevObjectVersion:   Dev-Physics-Ext (35F94A83-E258-406C-A318-09F59610247C): 41
LogDevObjectVersion:   Dev-PhysicsMaterial-Chaos (B68FC16E-8B1B-42E2-B453-215C058844FE): 1
LogDevObjectVersion:   Dev-CineCamera (B2E18506-4273-CFC2-A54E-F4BB758BBA07): 1
LogDevObjectVersion:   Dev-VirtualProduction (64F58936-FD1B-42BA-BA96-7289D5D0FA4E): 1
LogDevObjectVersion:   Dev-MediaFramework (6F0ED827-A609-4895-9C91-998D90180EA4): 2
LogInit: Presizing for max 25165824 objects, including 0 objects not considered by GC, pre-allocating 0 bytes for permanent pool.
LogConfig: Applying CVar settings from Section [/Script/Engine.StreamingSettings] File [K:/Mastered/Trials/Trials/Saved/Config/Windows/Engine.ini]
LogConfig: Setting CVar [[s.MinBulkDataSizeForAsyncLoading:131072]]
LogConfig: Setting CVar [[s.AsyncLoadingThreadEnabled:0]]
LogConfig: Setting CVar [[s.EventDrivenLoaderEnabled:1]]
LogConfig: Setting CVar [[s.WarnIfTimeLimitExceeded:0]]
LogConfig: Setting CVar [[s.TimeLimitExceededMultiplier:1.5]]
LogConfig: Setting CVar [[s.TimeLimitExceededMinTime:0.005]]
LogConfig: Setting CVar [[s.UseBackgroundLevelStreaming:1]]
LogConfig: Setting CVar [[s.PriorityAsyncLoadingExtraTime:15.0]]
LogConfig: Setting CVar [[s.LevelStreamingActorsUpdateTimeLimit:5.0]]
LogConfig: Setting CVar [[s.PriorityLevelStreamingActorsUpdateExtraTime:5.0]]
LogConfig: Setting CVar [[s.LevelStreamingComponentsRegistrationGranularity:10]]
LogConfig: Setting CVar [[s.UnregisterComponentsTimeLimit:1.0]]
LogConfig: Setting CVar [[s.LevelStreamingComponentsUnregistrationGranularity:5]]
LogConfig: Setting CVar [[s.FlushStreamingOnExit:1]]
LogInit: Object subsystem initialized
LogConfig: Setting CVar [[con.DebugEarlyDefault:1]]
LogConfig: Setting CVar [[r.setres:1280x720]]
[2022.06.05-13.16.52:154][  0]LogConfig: Setting CVar [[r.VSync:0]]
[2022.06.05-13.16.52:154][  0]LogConfig: Setting CVar [[r.RHICmdBypass:0]]
[2022.06.05-13.16.52:154][  0]LogConfig: Applying CVar settings from Section [/Script/Engine.RendererSettings] File [K:/Mastered/Trials/Trials/Saved/Config/Windows/Engine.ini]
[2022.06.05-13.16.52:154][  0]LogConfig: Setting CVar [[r.GPUCrashDebugging:0]]
[2022.06.05-13.16.52:154][  0]LogConfig: Applying CVar settings from Section [/Script/Engine.RendererOverrideSettings] File [K:/Mastered/Trials/Trials/Saved/Config/Windows/Engine.ini]
[2022.06.05-13.16.52:154][  0]LogConfig: Applying CVar settings from Section [/Script/Engine.StreamingSettings] File [K:/Mastered/Trials/Trials/Saved/Config/Windows/Engine.ini]
[2022.06.05-13.16.52:154][  0]LogConfig: Setting CVar [[s.MinBulkDataSizeForAsyncLoading:131072]]
[2022.06.05-13.16.52:154][  0]LogConfig: Setting CVar [[s.AsyncLoadingThreadEnabled:0]]
[2022.06.05-13.16.52:154][  0]LogConfig: Setting CVar [[s.EventDrivenLoaderEnabled:1]]
[2022.06.05-13.16.52:154][  0]LogConfig: Setting CVar [[s.WarnIfTimeLimitExceeded:0]]
[2022.06.05-13.16.52:155][  0]LogConfig: Setting CVar [[s.TimeLimitExceededMultiplier:1.5]]
[2022.06.05-13.16.52:155][  0]LogConfig: Setting CVar [[s.TimeLimitExceededMinTime:0.005]]
[2022.06.05-13.16.52:155][  0]LogConfig: Setting CVar [[s.UseBackgroundLevelStreaming:1]]
[2022.06.05-13.16.52:155][  0]LogConfig: Setting CVar [[s.PriorityAsyncLoadingExtraTime:15.0]]
[2022.06.05-13.16.52:155][  0]LogConfig: Setting CVar [[s.LevelStreamingActorsUpdateTimeLimit:5.0]]
[2022.06.05-13.16.52:155][  0]LogConfig: Setting CVar [[s.PriorityLevelStreamingActorsUpdateExtraTime:5.0]]
[2022.06.05-13.16.52:155][  0]LogConfig: Setting CVar [[s.LevelStreamingComponentsRegistrationGranularity:10]]
[2022.06.05-13.16.52:155][  0]LogConfig: Setting CVar [[s.UnregisterComponentsTimeLimit:1.0]]
[2022.06.05-13.16.52:155][  0]LogConfig: Setting CVar [[s.LevelStreamingComponentsUnregistrationGranularity:5]]
[2022.06.05-13.16.52:155][  0]LogConfig: Setting CVar [[s.FlushStreamingOnExit:1]]
[2022.06.05-13.16.52:155][  0]LogConfig: Applying CVar settings from Section [/Script/Engine.GarbageCollectionSettings] File [K:/Mastered/Trials/Trials/Saved/Config/Windows/Engine.ini]
[2022.06.05-13.16.52:155][  0]LogConfig: Setting CVar [[gc.MaxObjectsNotConsideredByGC:1]]
[2022.06.05-13.16.52:156][  0]LogConfig: Setting CVar [[gc.SizeOfPermanentObjectPool:0]]
[2022.06.05-13.16.52:156][  0]LogConfig: Setting CVar [[gc.FlushStreamingOnGC:0]]
[2022.06.05-13.16.52:156][  0]LogConfig: Setting CVar [[gc.NumRetriesBeforeForcingGC:10]]
[2022.06.05-13.16.52:156][  0]LogConfig: Setting CVar [[gc.AllowParallelGC:1]]
[2022.06.05-13.16.52:156][  0]LogConfig: Setting CVar [[gc.TimeBetweenPurgingPendingKillObjects:61.1]]
[2022.06.05-13.16.52:156][  0]LogConfig: Setting CVar [[gc.MaxObjectsInEditor:25165824]]
[2022.06.05-13.16.52:156][  0]LogConfig: Setting CVar [[gc.IncrementalBeginDestroyEnabled:1]]
[2022.06.05-13.16.52:156][  0]LogConfig: Setting CVar [[gc.CreateGCClusters:1]]
[2022.06.05-13.16.52:156][  0]LogConfig: Setting CVar [[gc.MinGCClusterSize:5]]
[2022.06.05-13.16.52:156][  0]LogConfig: Setting CVar [[gc.ActorClusteringEnabled:0]]
[2022.06.05-13.16.52:156][  0]LogConfig: Setting CVar [[gc.BlueprintClusteringEnabled:0]]
[2022.06.05-13.16.52:156][  0]LogConfig: Setting CVar [[gc.UseDisregardForGCOnDedicatedServers:0]]
[2022.06.05-13.16.52:156][  0]LogConfig: Setting CVar [[gc.MultithreadedDestructionEnabled:1]]
[2022.06.05-13.16.52:156][  0]LogConfig: Applying CVar settings from Section [/Script/Engine.NetworkSettings] File [K:/Mastered/Trials/Trials/Saved/Config/Windows/Engine.ini]
[2022.06.05-13.16.52:157][  0]LogConfig: Applying CVar settings from Section [/Script/UnrealEd.CookerSettings] File [K:/Mastered/Trials/Trials/Saved/Config/Windows/Engine.ini]
[2022.06.05-13.16.52:192][  0]LogConfig: Applying CVar settings from Section [ViewDistanceQuality@3] File [K:/Mastered/Trials/Trials/Saved/Config/Windows/Scalability.ini]
[2022.06.05-13.16.52:192][  0]LogConfig: Setting CVar [[r.SkeletalMeshLODBias:0]]
[2022.06.05-13.16.52:192][  0]LogConfig: Setting CVar [[r.ViewDistanceScale:1.0]]
[2022.06.05-13.16.52:192][  0]LogConfig: Applying CVar settings from Section [AntiAliasingQuality@3] File [K:/Mastered/Trials/Trials/Saved/Config/Windows/Scalability.ini]
[2022.06.05-13.16.52:192][  0]LogConfig: Setting CVar [[r.PostProcessAAQuality:4]]
[2022.06.05-13.16.52:192][  0]LogConfig: Applying CVar settings from Section [ShadowQuality@3] File [K:/Mastered/Trials/Trials/Saved/Config/Windows/Scalability.ini]
[2022.06.05-13.16.52:192][  0]LogConfig: Setting CVar [[r.LightFunctionQuality:1]]
[2022.06.05-13.16.52:192][  0]LogConfig: Setting CVar [[r.ShadowQuality:5]]
[2022.06.05-13.16.52:192][  0]LogConfig: Setting CVar [[r.Shadow.CSM.MaxCascades:10]]
[2022.06.05-13.16.52:192][  0]LogConfig: Setting CVar [[r.Shadow.MaxResolution:2048]]
[2022.06.05-13.16.52:192][  0]LogConfig: Setting CVar [[r.Shadow.MaxCSMResolution:2048]]
[2022.06.05-13.16.52:193][  0]LogConfig: Setting CVar [[r.Shadow.RadiusThreshold:0.01]]
[2022.06.05-13.16.52:193][  0]LogConfig: Setting CVar [[r.Shadow.DistanceScale:1.0]]
[2022.06.05-13.16.52:193][  0]LogConfig: Setting CVar [[r.Shadow.CSM.TransitionScale:1.0]]
[2022.06.05-13.16.52:193][  0]LogConfig: Setting CVar [[r.Shadow.PreShadowResolutionFactor:1.0]]
[2022.06.05-13.16.52:193][  0]LogConfig: Setting CVar [[r.DistanceFieldShadowing:1]]
[2022.06.05-13.16.52:193][  0]LogConfig: Setting CVar [[r.DistanceFieldAO:1]]
[2022.06.05-13.16.52:193][  0]LogConfig: Setting CVar [[r.AOQuality:2]]
[2022.06.05-13.16.52:193][  0]LogConfig: Setting CVar [[r.VolumetricFog:1]]
[2022.06.05-13.16.52:193][  0]LogConfig: Setting CVar [[r.VolumetricFog.GridPixelSize:8]]
[2022.06.05-13.16.52:193][  0]LogConfig: Setting CVar [[r.VolumetricFog.GridSizeZ:128]]
[2022.06.05-13.16.52:193][  0]LogConfig: Setting CVar [[r.VolumetricFog.HistoryMissSupersampleCount:4]]
[2022.06.05-13.16.52:193][  0]LogConfig: Setting CVar [[r.LightMaxDrawDistanceScale:1]]
[2022.06.05-13.16.52:194][  0]LogConfig: Setting CVar [[r.CapsuleShadows:1]]
[2022.06.05-13.16.52:194][  0]LogConfig: Applying CVar settings from Section [PostProcessQuality@3] File [K:/Mastered/Trials/Trials/Saved/Config/Windows/Scalability.ini]
[2022.06.05-13.16.52:194][  0]LogConfig: Setting CVar [[r.MotionBlurQuality:4]]
[2022.06.05-13.16.52:194][  0]LogConfig: Setting CVar [[r.AmbientOcclusionMipLevelFactor:0.4]]
[2022.06.05-13.16.52:194][  0]LogConfig: Setting CVar [[r.AmbientOcclusionMaxQuality:100]]
[2022.06.05-13.16.52:194][  0]LogConfig: Setting CVar [[r.AmbientOcclusionLevels:-1]]
[2022.06.05-13.16.52:194][  0]LogConfig: Setting CVar [[r.AmbientOcclusionRadiusScale:1.0]]
[2022.06.05-13.16.52:194][  0]LogConfig: Setting CVar [[r.DepthOfFieldQuality:2]]
[2022.06.05-13.16.52:194][  0]LogConfig: Setting CVar [[r.RenderTargetPoolMin:400]]
[2022.06.05-13.16.52:194][  0]LogConfig: Setting CVar [[r.LensFlareQuality:2]]
[2022.06.05-13.16.52:194][  0]LogConfig: Setting CVar [[r.SceneColorFringeQuality:1]]
[2022.06.05-13.16.52:195][  0]LogConfig: Setting CVar [[r.EyeAdaptationQuality:2]]
[2022.06.05-13.16.52:195][  0]LogConfig: Setting CVar [[r.BloomQuality:5]]
[2022.06.05-13.16.52:195][  0]LogConfig: Setting CVar [[r.FastBlurThreshold:100]]
[2022.06.05-13.16.52:195][  0]LogConfig: Setting CVar [[r.Upscale.Quality:3]]
[2022.06.05-13.16.52:195][  0]LogConfig: Setting CVar [[r.Tonemapper.GrainQuantization:1]]
[2022.06.05-13.16.52:195][  0]LogConfig: Setting CVar [[r.LightShaftQuality:1]]
[2022.06.05-13.16.52:195][  0]LogConfig: Setting CVar [[r.Filter.SizeScale:1]]
[2022.06.05-13.16.52:195][  0]LogConfig: Setting CVar [[r.Tonemapper.Quality:5]]
[2022.06.05-13.16.52:195][  0]LogConfig: Setting CVar [[r.DOF.Gather.AccumulatorQuality:1        ; higher gathering accumulator quality]]
[2022.06.05-13.16.52:195][  0]LogConfig: Setting CVar [[r.DOF.Gather.PostfilterMethod:1          ; Median3x3 postfilering method]]
[2022.06.05-13.16.52:196][  0]LogConfig: Setting CVar [[r.DOF.Gather.EnableBokehSettings:0       ; no bokeh simulation when gathering]]
[2022.06.05-13.16.52:196][  0]LogConfig: Setting CVar [[r.DOF.Gather.RingCount:4                 ; medium number of samples when gathering]]
[2022.06.05-13.16.52:196][  0]LogConfig: Setting CVar [[r.DOF.Scatter.ForegroundCompositing:1    ; additive foreground scattering]]
[2022.06.05-13.16.52:196][  0]LogConfig: Setting CVar [[r.DOF.Scatter.BackgroundCompositing:2    ; additive background scattering]]
[2022.06.05-13.16.52:196][  0]LogConfig: Setting CVar [[r.DOF.Scatter.EnableBokehSettings:1      ; bokeh simulation when scattering]]
[2022.06.05-13.16.52:196][  0]LogConfig: Setting CVar [[r.DOF.Scatter.MaxSpriteRatio:0.1         ; only a maximum of 10% of scattered bokeh]]
[2022.06.05-13.16.52:196][  0]LogConfig: Setting CVar [[r.DOF.Recombine.Quality:1                ; cheap slight out of focus]]
[2022.06.05-13.16.52:196][  0]LogConfig: Setting CVar [[r.DOF.Recombine.EnableBokehSettings:0    ; no bokeh simulation on slight out of focus]]
[2022.06.05-13.16.52:196][  0]LogConfig: Setting CVar [[r.DOF.TemporalAAQuality:1                ; more stable temporal accumulation]]
[2022.06.05-13.16.52:196][  0]LogConfig: Setting CVar [[r.DOF.Kernel.MaxForegroundRadius:0.025]]
[2022.06.05-13.16.52:196][  0]LogConfig: Setting CVar [[r.DOF.Kernel.MaxBackgroundRadius:0.025]]
[2022.06.05-13.16.52:197][  0]LogConfig: Applying CVar settings from Section [TextureQuality@3] File [K:/Mastered/Trials/Trials/Saved/Config/Windows/Scalability.ini]
[2022.06.05-13.16.52:197][  0]LogConfig: Setting CVar [[r.Streaming.MipBias:0]]
[2022.06.05-13.16.52:197][  0]LogConfig: Setting CVar [[r.Streaming.AmortizeCPUToGPUCopy:0]]
[2022.06.05-13.16.52:197][  0]LogConfig: Setting CVar [[r.Streaming.MaxNumTexturesToStreamPerFrame:0]]
[2022.06.05-13.16.52:197][  0]LogConfig: Setting CVar [[r.Streaming.Boost:1]]
[2022.06.05-13.16.52:197][  0]LogConfig: Setting CVar [[r.MaxAnisotropy:8]]
[2022.06.05-13.16.52:197][  0]LogConfig: Setting CVar [[r.VT.MaxAnisotropy:8]]
[2022.06.05-13.16.52:197][  0]LogConfig: Setting CVar [[r.Streaming.LimitPoolSizeToVRAM:0]]
[2022.06.05-13.16.52:197][  0]LogConfig: Setting CVar [[r.Streaming.PoolSize:1000]]
[2022.06.05-13.16.52:197][  0]LogConfig: Setting CVar [[r.Streaming.MaxEffectiveScreenSize:0]]
[2022.06.05-13.16.52:197][  0]LogConfig: Applying CVar settings from Section [EffectsQuality@3] File [K:/Mastered/Trials/Trials/Saved/Config/Windows/Scalability.ini]
[2022.06.05-13.16.52:197][  0]LogConfig: Setting CVar [[r.TranslucencyLightingVolumeDim:64]]
[2022.06.05-13.16.52:198][  0]LogConfig: Setting CVar [[r.RefractionQuality:2]]
[2022.06.05-13.16.52:198][  0]LogConfig: Setting CVar [[r.SSR.Quality:3]]
[2022.06.05-13.16.52:198][  0]LogConfig: Setting CVar [[r.SSR.HalfResSceneColor:0]]
[2022.06.05-13.16.52:198][  0]LogConfig: Setting CVar [[r.SceneColorFormat:4]]
[2022.06.05-13.16.52:198][  0]LogConfig: Setting CVar [[r.DetailMode:2]]
[2022.06.05-13.16.52:198][  0]LogConfig: Setting CVar [[r.TranslucencyVolumeBlur:1]]
[2022.06.05-13.16.52:198][  0]LogConfig: Setting CVar [[r.MaterialQualityLevel:1 ; High quality]]
[2022.06.05-13.16.52:198][  0]LogConfig: Setting CVar [[r.AnisotropicMaterials:1]]
[2022.06.05-13.16.52:198][  0]LogConfig: Setting CVar [[r.SSS.Scale:1]]
[2022.06.05-13.16.52:198][  0]LogConfig: Setting CVar [[r.SSS.SampleSet:2]]
[2022.06.05-13.16.52:198][  0]LogConfig: Setting CVar [[r.SSS.Quality:1]]
[2022.06.05-13.16.52:198][  0]LogConfig: Setting CVar [[r.SSS.HalfRes:0]]
[2022.06.05-13.16.52:198][  0]LogConfig: Setting CVar [[r.SSGI.Quality:3]]
[2022.06.05-13.16.52:199][  0]LogConfig: Setting CVar [[r.EmitterSpawnRateScale:1.0]]
[2022.06.05-13.16.52:199][  0]LogConfig: Setting CVar [[r.ParticleLightQuality:2]]
[2022.06.05-13.16.52:199][  0]LogConfig: Setting CVar [[r.SkyAtmosphere.AerialPerspectiveLUT.FastApplyOnOpaque:1 ; Always have FastSkyLUT 1 in this case to avoid wrong sky]]
[2022.06.05-13.16.52:199][  0]LogConfig: Setting CVar [[r.SkyAtmosphere.AerialPerspectiveLUT.SampleCountMaxPerSlice:4]]
[2022.06.05-13.16.52:199][  0]LogConfig: Setting CVar [[r.SkyAtmosphere.AerialPerspectiveLUT.DepthResolution:16.0]]
[2022.06.05-13.16.52:199][  0]LogConfig: Setting CVar [[r.SkyAtmosphere.FastSkyLUT:1]]
[2022.06.05-13.16.52:199][  0]LogConfig: Setting CVar [[r.SkyAtmosphere.FastSkyLUT.SampleCountMin:4.0]]
[2022.06.05-13.16.52:199][  0]LogConfig: Setting CVar [[r.SkyAtmosphere.FastSkyLUT.SampleCountMax:128.0]]
[2022.06.05-13.16.52:199][  0]LogConfig: Setting CVar [[r.SkyAtmosphere.SampleCountMin:4.0]]
[2022.06.05-13.16.52:199][  0]LogConfig: Setting CVar [[r.SkyAtmosphere.SampleCountMax:128.0]]
[2022.06.05-13.16.52:199][  0]LogConfig: Setting CVar [[r.SkyAtmosphere.TransmittanceLUT.UseSmallFormat:0]]
[2022.06.05-13.16.52:199][  0]LogConfig: Setting CVar [[r.SkyAtmosphere.TransmittanceLUT.SampleCount:10.0]]
[2022.06.05-13.16.52:199][  0]LogConfig: Setting CVar [[r.SkyAtmosphere.MultiScatteringLUT.SampleCount:15.0]]
[2022.06.05-13.16.52:200][  0]LogConfig: Setting CVar [[r.SkyLight.RealTimeReflectionCapture:1]]
[2022.06.05-13.16.52:200][  0]LogConfig: Applying CVar settings from Section [FoliageQuality@3] File [K:/Mastered/Trials/Trials/Saved/Config/Windows/Scalability.ini]
[2022.06.05-13.16.52:200][  0]LogConfig: Setting CVar [[foliage.DensityScale:1.0]]
[2022.06.05-13.16.52:200][  0]LogConfig: Setting CVar [[grass.DensityScale:1.0]]
[2022.06.05-13.16.52:200][  0]LogConfig: Applying CVar settings from Section [ShadingQuality@3] File [K:/Mastered/Trials/Trials/Saved/Config/Windows/Scalability.ini]
[2022.06.05-13.16.52:200][  0]LogConfig: Setting CVar [[r.HairStrands.SkyLighting.IntegrationType:2]]
[2022.06.05-13.16.52:200][  0]LogConfig: Setting CVar [[r.HairStrands.SkyAO.SampleCount:4]]
[2022.06.05-13.16.52:200][  0]LogConfig: Setting CVar [[r.HairStrands.Visibility.MSAA.SamplePerPixel:4]]
[2022.06.05-13.16.52:200][  0]LogInit: Selected Device Profile: [Windows]
[2022.06.05-13.16.52:200][  0]LogInit: Applying CVar settings loaded from the selected device profile: [Windows]
[2022.06.05-13.16.52:200][  0]LogHAL: Display: Platform has ~ 32 GB [34265247744 / 34359738368 / 32], which maps to Largest [LargestMinGB=32, LargerMinGB=12, DefaultMinGB=8, SmallerMinGB=6, SmallestMinGB=0)
[2022.06.05-13.16.52:201][  0]LogInit: Going up to parent DeviceProfile []
[2022.06.05-13.16.52:201][  0]LogConfig: Applying CVar settings from Section [ViewDistanceQuality@3] File [K:/Mastered/Trials/Trials/Saved/Config/Windows/Scalability.ini]
[2022.06.05-13.16.52:201][  0]LogConfig: Setting CVar [[r.SkeletalMeshLODBias:0]]
[2022.06.05-13.16.52:201][  0]LogConfig: Setting CVar [[r.ViewDistanceScale:1.0]]
[2022.06.05-13.16.52:201][  0]LogConfig: Applying CVar settings from Section [AntiAliasingQuality@3] File [K:/Mastered/Trials/Trials/Saved/Config/Windows/Scalability.ini]
[2022.06.05-13.16.52:201][  0]LogConfig: Setting CVar [[r.PostProcessAAQuality:4]]
[2022.06.05-13.16.52:201][  0]LogConfig: Applying CVar settings from Section [ShadowQuality@3] File [K:/Mastered/Trials/Trials/Saved/Config/Windows/Scalability.ini]
[2022.06.05-13.16.52:201][  0]LogConfig: Setting CVar [[r.LightFunctionQuality:1]]
[2022.06.05-13.16.52:201][  0]LogConfig: Setting CVar [[r.ShadowQuality:5]]
[2022.06.05-13.16.52:201][  0]LogConfig: Setting CVar [[r.Shadow.CSM.MaxCascades:10]]
[2022.06.05-13.16.52:201][  0]LogConfig: Setting CVar [[r.Shadow.MaxResolution:2048]]
[2022.06.05-13.16.52:201][  0]LogConfig: Setting CVar [[r.Shadow.MaxCSMResolution:2048]]
[2022.06.05-13.16.52:202][  0]LogConfig: Setting CVar [[r.Shadow.RadiusThreshold:0.01]]
[2022.06.05-13.16.52:202][  0]LogConfig: Setting CVar [[r.Shadow.DistanceScale:1.0]]
[2022.06.05-13.16.52:202][  0]LogConfig: Setting CVar [[r.Shadow.CSM.TransitionScale:1.0]]
[2022.06.05-13.16.52:202][  0]LogConfig: Setting CVar [[r.Shadow.PreShadowResolutionFactor:1.0]]
[2022.06.05-13.16.52:202][  0]LogConfig: Setting CVar [[r.DistanceFieldShadowing:1]]
[2022.06.05-13.16.52:202][  0]LogConfig: Setting CVar [[r.DistanceFieldAO:1]]
[2022.06.05-13.16.52:202][  0]LogConfig: Setting CVar [[r.AOQuality:2]]
[2022.06.05-13.16.52:202][  0]LogConfig: Setting CVar [[r.VolumetricFog:1]]
[2022.06.05-13.16.52:202][  0]LogConfig: Setting CVar [[r.VolumetricFog.GridPixelSize:8]]
[2022.06.05-13.16.52:202][  0]LogConfig: Setting CVar [[r.VolumetricFog.GridSizeZ:128]]
[2022.06.05-13.16.52:202][  0]LogConfig: Setting CVar [[r.VolumetricFog.HistoryMissSupersampleCount:4]]
[2022.06.05-13.16.52:203][  0]LogConfig: Setting CVar [[r.LightMaxDrawDistanceScale:1]]
[2022.06.05-13.16.52:203][  0]LogConfig: Setting CVar [[r.CapsuleShadows:1]]
[2022.06.05-13.16.52:203][  0]LogConfig: Applying CVar settings from Section [PostProcessQuality@3] File [K:/Mastered/Trials/Trials/Saved/Config/Windows/Scalability.ini]
[2022.06.05-13.16.52:203][  0]LogConfig: Setting CVar [[r.MotionBlurQuality:4]]
[2022.06.05-13.16.52:203][  0]LogConfig: Setting CVar [[r.AmbientOcclusionMipLevelFactor:0.4]]
[2022.06.05-13.16.52:203][  0]LogConfig: Setting CVar [[r.AmbientOcclusionMaxQuality:100]]
[2022.06.05-13.16.52:203][  0]LogConfig: Setting CVar [[r.AmbientOcclusionLevels:-1]]
[2022.06.05-13.16.52:203][  0]LogConfig: Setting CVar [[r.AmbientOcclusionRadiusScale:1.0]]
[2022.06.05-13.16.52:203][  0]LogConfig: Setting CVar [[r.DepthOfFieldQuality:2]]
[2022.06.05-13.16.52:203][  0]LogConfig: Setting CVar [[r.RenderTargetPoolMin:400]]
[2022.06.05-13.16.52:203][  0]LogConfig: Setting CVar [[r.LensFlareQuality:2]]
[2022.06.05-13.16.52:203][  0]LogConfig: Setting CVar [[r.SceneColorFringeQuality:1]]
[2022.06.05-13.16.52:203][  0]LogConfig: Setting CVar [[r.EyeAdaptationQuality:2]]
[2022.06.05-13.16.52:204][  0]LogConfig: Setting CVar [[r.BloomQuality:5]]
[2022.06.05-13.16.52:204][  0]LogConfig: Setting CVar [[r.FastBlurThreshold:100]]
[2022.06.05-13.16.52:204][  0]LogConfig: Setting CVar [[r.Upscale.Quality:3]]
[2022.06.05-13.16.52:204][  0]LogConfig: Setting CVar [[r.Tonemapper.GrainQuantization:1]]
[2022.06.05-13.16.52:204][  0]LogConfig: Setting CVar [[r.LightShaftQuality:1]]
[2022.06.05-13.16.52:204][  0]LogConfig: Setting CVar [[r.Filter.SizeScale:1]]
[2022.06.05-13.16.52:204][  0]LogConfig: Setting CVar [[r.Tonemapper.Quality:5]]
[2022.06.05-13.16.52:204][  0]LogConfig: Setting CVar [[r.DOF.Gather.AccumulatorQuality:1        ; higher gathering accumulator quality]]
[2022.06.05-13.16.52:204][  0]LogConfig: Setting CVar [[r.DOF.Gather.PostfilterMethod:1          ; Median3x3 postfilering method]]
[2022.06.05-13.16.52:204][  0]LogConfig: Setting CVar [[r.DOF.Gather.EnableBokehSettings:0       ; no bokeh simulation when gathering]]
[2022.06.05-13.16.52:204][  0]LogConfig: Setting CVar [[r.DOF.Gather.RingCount:4                 ; medium number of samples when gathering]]
[2022.06.05-13.16.52:205][  0]LogConfig: Setting CVar [[r.DOF.Scatter.ForegroundCompositing:1    ; additive foreground scattering]]
[2022.06.05-13.16.52:205][  0]LogConfig: Setting CVar [[r.DOF.Scatter.BackgroundCompositing:2    ; additive background scattering]]
[2022.06.05-13.16.52:205][  0]LogConfig: Setting CVar [[r.DOF.Scatter.EnableBokehSettings:1      ; bokeh simulation when scattering]]
[2022.06.05-13.16.52:205][  0]LogConfig: Setting CVar [[r.DOF.Scatter.MaxSpriteRatio:0.1         ; only a maximum of 10% of scattered bokeh]]
[2022.06.05-13.16.52:205][  0]LogConfig: Setting CVar [[r.DOF.Recombine.Quality:1                ; cheap slight out of focus]]
[2022.06.05-13.16.52:205][  0]LogConfig: Setting CVar [[r.DOF.Recombine.EnableBokehSettings:0    ; no bokeh simulation on slight out of focus]]
[2022.06.05-13.16.52:205][  0]LogConfig: Setting CVar [[r.DOF.TemporalAAQuality:1                ; more stable temporal accumulation]]
[2022.06.05-13.16.52:205][  0]LogConfig: Setting CVar [[r.DOF.Kernel.MaxForegroundRadius:0.025]]
[2022.06.05-13.16.52:205][  0]LogConfig: Setting CVar [[r.DOF.Kernel.MaxBackgroundRadius:0.025]]
[2022.06.05-13.16.52:205][  0]LogConfig: Applying CVar settings from Section [TextureQuality@3] File [K:/Mastered/Trials/Trials/Saved/Config/Windows/Scalability.ini]
[2022.06.05-13.16.52:205][  0]LogConfig: Setting CVar [[r.Streaming.MipBias:0]]
[2022.06.05-13.16.52:205][  0]LogConfig: Setting CVar [[r.Streaming.AmortizeCPUToGPUCopy:0]]
[2022.06.05-13.16.52:206][  0]LogConfig: Setting CVar [[r.Streaming.MaxNumTexturesToStreamPerFrame:0]]
[2022.06.05-13.16.52:206][  0]LogConfig: Setting CVar [[r.Streaming.Boost:1]]
[2022.06.05-13.16.52:206][  0]LogConfig: Setting CVar [[r.MaxAnisotropy:8]]
[2022.06.05-13.16.52:206][  0]LogConfig: Setting CVar [[r.VT.MaxAnisotropy:8]]
[2022.06.05-13.16.52:206][  0]LogConfig: Setting CVar [[r.Streaming.LimitPoolSizeToVRAM:0]]
[2022.06.05-13.16.52:206][  0]LogConfig: Setting CVar [[r.Streaming.PoolSize:1000]]
[2022.06.05-13.16.52:206][  0]LogConfig: Setting CVar [[r.Streaming.MaxEffectiveScreenSize:0]]
[2022.06.05-13.16.52:206][  0]LogConfig: Applying CVar settings from Section [EffectsQuality@3] File [K:/Mastered/Trials/Trials/Saved/Config/Windows/Scalability.ini]
[2022.06.05-13.16.52:206][  0]LogConfig: Setting CVar [[r.TranslucencyLightingVolumeDim:64]]
[2022.06.05-13.16.52:206][  0]LogConfig: Setting CVar [[r.RefractionQuality:2]]
[2022.06.05-13.16.52:206][  0]LogConfig: Setting CVar [[r.SSR.Quality:3]]
[2022.06.05-13.16.52:207][  0]LogConfig: Setting CVar [[r.SSR.HalfResSceneColor:0]]
[2022.06.05-13.16.52:207][  0]LogConfig: Setting CVar [[r.SceneColorFormat:4]]
[2022.06.05-13.16.52:207][  0]LogConfig: Setting CVar [[r.DetailMode:2]]
[2022.06.05-13.16.52:207][  0]LogConfig: Setting CVar [[r.TranslucencyVolumeBlur:1]]
[2022.06.05-13.16.52:207][  0]LogConfig: Setting CVar [[r.MaterialQualityLevel:1 ; High quality]]
[2022.06.05-13.16.52:207][  0]LogConfig: Setting CVar [[r.AnisotropicMaterials:1]]
[2022.06.05-13.16.52:207][  0]LogConfig: Setting CVar [[r.SSS.Scale:1]]
[2022.06.05-13.16.52:207][  0]LogConfig: Setting CVar [[r.SSS.SampleSet:2]]
[2022.06.05-13.16.52:207][  0]LogConfig: Setting CVar [[r.SSS.Quality:1]]
[2022.06.05-13.16.52:207][  0]LogConfig: Setting CVar [[r.SSS.HalfRes:0]]
[2022.06.05-13.16.52:207][  0]LogConfig: Setting CVar [[r.SSGI.Quality:3]]
[2022.06.05-13.16.52:207][  0]LogConfig: Setting CVar [[r.EmitterSpawnRateScale:1.0]]
[2022.06.05-13.16.52:208][  0]LogConfig: Setting CVar [[r.ParticleLightQuality:2]]
[2022.06.05-13.16.52:208][  0]LogConfig: Setting CVar [[r.SkyAtmosphere.AerialPerspectiveLUT.FastApplyOnOpaque:1 ; Always have FastSkyLUT 1 in this case to avoid wrong sky]]
[2022.06.05-13.16.52:208][  0]LogConfig: Setting CVar [[r.SkyAtmosphere.AerialPerspectiveLUT.SampleCountMaxPerSlice:4]]
[2022.06.05-13.16.52:208][  0]LogConfig: Setting CVar [[r.SkyAtmosphere.AerialPerspectiveLUT.DepthResolution:16.0]]
[2022.06.05-13.16.52:208][  0]LogConfig: Setting CVar [[r.SkyAtmosphere.FastSkyLUT:1]]
[2022.06.05-13.16.52:208][  0]LogConfig: Setting CVar [[r.SkyAtmosphere.FastSkyLUT.SampleCountMin:4.0]]
[2022.06.05-13.16.52:208][  0]LogConfig: Setting CVar [[r.SkyAtmosphere.FastSkyLUT.SampleCountMax:128.0]]
[2022.06.05-13.16.52:208][  0]LogConfig: Setting CVar [[r.SkyAtmosphere.SampleCountMin:4.0]]
[2022.06.05-13.16.52:208][  0]LogConfig: Setting CVar [[r.SkyAtmosphere.SampleCountMax:128.0]]
[2022.06.05-13.16.52:208][  0]LogConfig: Setting CVar [[r.SkyAtmosphere.TransmittanceLUT.UseSmallFormat:0]]
[2022.06.05-13.16.52:208][  0]LogConfig: Setting CVar [[r.SkyAtmosphere.TransmittanceLUT.SampleCount:10.0]]
[2022.06.05-13.16.52:209][  0]LogConfig: Setting CVar [[r.SkyAtmosphere.MultiScatteringLUT.SampleCount:15.0]]
[2022.06.05-13.16.52:209][  0]LogConfig: Setting CVar [[r.SkyLight.RealTimeReflectionCapture:1]]
[2022.06.05-13.16.52:209][  0]LogConfig: Applying CVar settings from Section [FoliageQuality@3] File [K:/Mastered/Trials/Trials/Saved/Config/Windows/Scalability.ini]
[2022.06.05-13.16.52:209][  0]LogConfig: Setting CVar [[foliage.DensityScale:1.0]]
[2022.06.05-13.16.52:209][  0]LogConfig: Setting CVar [[grass.DensityScale:1.0]]
[2022.06.05-13.16.52:209][  0]LogConfig: Applying CVar settings from Section [ShadingQuality@3] File [K:/Mastered/Trials/Trials/Saved/Config/Windows/Scalability.ini]
[2022.06.05-13.16.52:209][  0]LogConfig: Setting CVar [[r.HairStrands.SkyLighting.IntegrationType:2]]
[2022.06.05-13.16.52:209][  0]LogConfig: Setting CVar [[r.HairStrands.SkyAO.SampleCount:4]]
[2022.06.05-13.16.52:209][  0]LogConfig: Setting CVar [[r.HairStrands.Visibility.MSAA.SamplePerPixel:4]]
[2022.06.05-13.16.52:209][  0]LogConfig: Applying CVar settings from Section [Startup] File [../../../Engine/Config/ConsoleVariables.ini]
[2022.06.05-13.16.52:210][  0]LogConfig: Setting CVar [[net.UseAdaptiveNetUpdateFrequency:0]]
[2022.06.05-13.16.52:210][  0]LogConfig: Setting CVar [[p.chaos.AllowCreatePhysxBodies:1]]
[2022.06.05-13.16.52:210][  0]LogConfig: Setting CVar [[fx.SkipVectorVMBackendOptimizations:1]]
[2022.06.05-13.16.52:210][  0]LogConfig: Applying CVar settings from Section [ConsoleVariables] File [K:/Mastered/Trials/Trials/Saved/Config/Windows/Engine.ini]
[2022.06.05-13.16.52:210][  0]LogConfig: Applying CVar settings from Section [ConsoleVariables] File [K:/Mastered/Trials/Trials/Saved/Config/Windows/Editor.ini]
[2022.06.05-13.16.52:210][  0]LogInit: Computer: DESKTOP-70BM0B7
[2022.06.05-13.16.52:210][  0]LogInit: User: zilla
[2022.06.05-13.16.52:210][  0]LogInit: CPU Page size=4096, Cores=12
[2022.06.05-13.16.52:210][  0]LogInit: High frequency timer resolution =10.000000 MHz
[2022.06.05-13.16.52:211][  0]LogMemory: Memory total: Physical=31.9GB (32GB approx)
[2022.06.05-13.16.52:211][  0]LogMemory: Platform Memory Stats for Windows
[2022.06.05-13.16.52:211][  0]LogMemory: Process Physical Memory: 153.33 MB used, 153.33 MB peak
[2022.06.05-13.16.52:211][  0]LogMemory: Process Virtual Memory: 140.30 MB used, 140.30 MB peak
[2022.06.05-13.16.52:211][  0]LogMemory: Physical Memory: 15395.94 MB used,  17281.95 MB free, 32677.89 MB total
[2022.06.05-13.16.52:211][  0]LogMemory: Virtual Memory: 134198872.00 MB used,  18856.46 MB free, 134217728.00 MB total
[2022.06.05-13.16.52:514][  0]LogWindows: WindowsPlatformFeatures enabled
[2022.06.05-13.16.52:678][  0]LogInit: Physics initialised using underlying interface: PhysX
[2022.06.05-13.16.52:679][  0]LogInit: Using OS detected language (en-GB).
[2022.06.05-13.16.52:679][  0]LogInit: Using OS detected locale (en-GB).
[2022.06.05-13.16.52:686][  0]LogTextLocalizationManager: No specific localization for 'en-GB' exists, so the 'en' localization will be used.
[2022.06.05-13.16.52:854][  0]LogInit: Setting process to per monitor DPI aware
[2022.06.05-13.16.52:902][  0]LogWindowsTextInputMethodSystem: Display: IME system deactivated.
[2022.06.05-13.16.52:934][  0]LogSlate: New Slate User Created.  User Index 0, Is Virtual User: 0
[2022.06.05-13.16.52:934][  0]LogSlate: Slate User Registered.  User Index 0, Is Virtual User: 0
[2022.06.05-13.16.53:092][  0]LogD3D11RHI: Loaded GFSDK_Aftermath_Lib.x64.dll
[2022.06.05-13.16.53:099][  0]LogHMD: Failed to initialize OpenVR with code 110
[2022.06.05-13.16.53:099][  0]LogD3D11RHI: D3D11 min allowed feature level: 11_0
[2022.06.05-13.16.53:099][  0]LogD3D11RHI: D3D11 max allowed feature level: 11_0
[2022.06.05-13.16.53:099][  0]LogD3D11RHI: D3D11 adapters:
[2022.06.05-13.16.53:230][  0]LogD3D11RHI:    0. 'NVIDIA GeForce RTX 3080 Ti' (Feature Level 11_0)
[2022.06.05-13.16.53:230][  0]LogD3D11RHI:       12108/0/16338 MB DedicatedVideo/DedicatedSystem/SharedSystem, Outputs:2, VendorId:0x10de
[2022.06.05-13.16.53:237][  0]LogD3D11RHI:    1. 'Microsoft Basic Render Driver' (Feature Level 11_0)
[2022.06.05-13.16.53:237][  0]LogD3D11RHI:       0/0/16338 MB DedicatedVideo/DedicatedSystem/SharedSystem, Outputs:0, VendorId:0x1414
[2022.06.05-13.16.53:237][  0]LogD3D11RHI: Chosen D3D11 Adapter:
[2022.06.05-13.16.53:237][  0]LogD3D11RHI:     Description : NVIDIA GeForce RTX 3080 Ti
[2022.06.05-13.16.53:237][  0]LogD3D11RHI:     VendorId    : 10de
[2022.06.05-13.16.53:237][  0]LogD3D11RHI:     DeviceId    : 2208
[2022.06.05-13.16.53:238][  0]LogD3D11RHI:     SubSysId    : 40881458
[2022.06.05-13.16.53:238][  0]LogD3D11RHI:     Revision    : 00a1
[2022.06.05-13.16.53:238][  0]LogD3D11RHI:     DedicatedVideoMemory : 12696158208 bytes
[2022.06.05-13.16.53:238][  0]LogD3D11RHI:     DedicatedSystemMemory : 0 bytes
[2022.06.05-13.16.53:238][  0]LogD3D11RHI:     SharedSystemMemory : 17132623872 bytes
[2022.06.05-13.16.53:238][  0]LogD3D11RHI:     AdapterLuid : 0 81115
[2022.06.05-13.16.53:245][  0]LogD3D11RHI: Creating new Direct3DDevice
[2022.06.05-13.16.53:245][  0]LogD3D11RHI:     GPU DeviceId: 0x2208 (for the marketing name, search the web for "GPU Device Id")
[2022.06.05-13.16.53:246][  0]LogWindows: EnumDisplayDevices:
[2022.06.05-13.16.53:246][  0]LogWindows:    0. 'NVIDIA GeForce RTX 3080 Ti' (P:0 D:1)
[2022.06.05-13.16.53:246][  0]LogWindows:    1. 'NVIDIA GeForce RTX 3080 Ti' (P:1 D:1)
[2022.06.05-13.16.53:246][  0]LogWindows:    2. 'NVIDIA GeForce RTX 3080 Ti' (P:0 D:0)
[2022.06.05-13.16.53:247][  0]LogWindows:    3. 'NVIDIA GeForce RTX 3080 Ti' (P:0 D:0)
[2022.06.05-13.16.53:247][  0]LogWindows: DebugString: FoundDriverCount:4 
[2022.06.05-13.16.53:247][  0]LogD3D11RHI:     Adapter Name: NVIDIA GeForce RTX 3080 Ti
[2022.06.05-13.16.53:247][  0]LogD3D11RHI:   Driver Version: 512.59 (internal:30.0.15.1259, unified:512.59)
[2022.06.05-13.16.53:247][  0]LogD3D11RHI:      Driver Date: 4-20-2022
[2022.06.05-13.16.53:247][  0]LogRHI: Texture pool is 8475 MB (70% of 12108 MB)
[2022.06.05-13.16.53:247][  0]LogD3D11RHI: Creating D3DDevice using adapter:
[2022.06.05-13.16.53:247][  0]LogD3D11RHI:     Description : NVIDIA GeForce RTX 3080 Ti
[2022.06.05-13.16.53:248][  0]LogD3D11RHI:     VendorId    : 10de
[2022.06.05-13.16.53:248][  0]LogD3D11RHI:     DeviceId    : 2208
[2022.06.05-13.16.53:248][  0]LogD3D11RHI:     SubSysId    : 40881458
[2022.06.05-13.16.53:248][  0]LogD3D11RHI:     Revision    : 00a1
[2022.06.05-13.16.53:248][  0]LogD3D11RHI:     DedicatedVideoMemory : 12696158208 bytes
[2022.06.05-13.16.53:248][  0]LogD3D11RHI:     DedicatedSystemMemory : 0 bytes
[2022.06.05-13.16.53:248][  0]LogD3D11RHI:     SharedSystemMemory : 17132623872 bytes
[2022.06.05-13.16.53:248][  0]LogD3D11RHI:     AdapterLuid : 0 81115
[2022.06.05-13.16.53:361][  0]LogD3D11RHI: RHI has support for 64 bit atomics
[2022.06.05-13.16.53:361][  0]LogD3D11RHI: Async texture creation enabled
[2022.06.05-13.16.53:361][  0]LogD3D11RHI: Array index from any shader is supported
[2022.06.05-13.16.53:362][  0]LogD3D11RHI: HDR output is supported on display 0 (NvId: 0x80061081).
[2022.06.05-13.16.53:379][  0]LogD3D11RHI: GPU Timing Frequency: 1000.000000 (Debug: 2 1)
[2022.06.05-13.16.53:411][  0]LogRHI: GeForceNow SDK initialized: 1
[2022.06.05-13.16.53:686][  0]LogTargetPlatformManager: Display: Loaded TargetPlatform 'AllDesktop'
[2022.06.05-13.16.53:712][  0]LogTargetPlatformManager: Display: Loaded TargetPlatform 'Android'
[2022.06.05-13.16.53:712][  0]LogTargetPlatformManager: Display: Loaded TargetPlatform 'Android_ASTC'
[2022.06.05-13.16.53:712][  0]LogTargetPlatformManager: Display: Loaded TargetPlatform 'Android_DXT'
[2022.06.05-13.16.53:712][  0]LogTargetPlatformManager: Display: Loaded TargetPlatform 'Android_ETC2'
[2022.06.05-13.16.53:712][  0]LogTargetPlatformManager: Display: Loaded TargetPlatform 'AndroidClient'
[2022.06.05-13.16.53:712][  0]LogTargetPlatformManager: Display: Loaded TargetPlatform 'Android_ASTCClient'
[2022.06.05-13.16.53:712][  0]LogTargetPlatformManager: Display: Loaded TargetPlatform 'Android_DXTClient'
[2022.06.05-13.16.53:712][  0]LogTargetPlatformManager: Display: Loaded TargetPlatform 'Android_ETC2Client'
[2022.06.05-13.16.53:713][  0]LogTargetPlatformManager: Display: Loaded TargetPlatform 'Android_Multi'
[2022.06.05-13.16.53:713][  0]LogTargetPlatformManager: Display: Loaded TargetPlatform 'Android_MultiClient'
[2022.06.05-13.16.53:748][  0]LogTargetPlatformManager: Display: Loaded TargetPlatform 'IOSClient'
[2022.06.05-13.16.53:748][  0]LogTargetPlatformManager: Display: Loaded TargetPlatform 'IOS'
[2022.06.05-13.16.53:763][  0]LogTargetPlatformManager: Display: Loaded TargetPlatform 'Linux'
[2022.06.05-13.16.53:774][  0]LogTargetPlatformManager: Display: Loaded TargetPlatform 'LinuxNoEditor'
[2022.06.05-13.16.53:784][  0]LogTargetPlatformManager: Display: Loaded TargetPlatform 'LinuxClient'
[2022.06.05-13.16.53:795][  0]LogTargetPlatformManager: Display: Loaded TargetPlatform 'LinuxServer'
[2022.06.05-13.16.53:811][  0]LogTargetPlatformManager: Display: Loaded TargetPlatform 'LinuxAArch64NoEditor'
[2022.06.05-13.16.53:821][  0]LogTargetPlatformManager: Display: Loaded TargetPlatform 'LinuxAArch64Client'
[2022.06.05-13.16.53:832][  0]LogTargetPlatformManager: Display: Loaded TargetPlatform 'LinuxAArch64Server'
[2022.06.05-13.16.53:859][  0]LogTargetPlatformManager: Display: Loaded TargetPlatform 'Lumin'
[2022.06.05-13.16.53:859][  0]LogTargetPlatformManager: Display: Loaded TargetPlatform 'LuminClient'
[2022.06.05-13.16.53:873][  0]LogTargetPlatformManager: Display: Loaded TargetPlatform 'MacNoEditor'
[2022.06.05-13.16.53:883][  0]LogTargetPlatformManager: Display: Loaded TargetPlatform 'Mac'
[2022.06.05-13.16.53:892][  0]LogTargetPlatformManager: Display: Loaded TargetPlatform 'MacClient'
[2022.06.05-13.16.53:902][  0]LogTargetPlatformManager: Display: Loaded TargetPlatform 'MacServer'
[2022.06.05-13.16.53:918][  0]LogTargetPlatformManager: Display: Loaded TargetPlatform 'TVOSClient'
[2022.06.05-13.16.53:918][  0]LogTargetPlatformManager: Display: Loaded TargetPlatform 'TVOS'
[2022.06.05-13.16.53:932][  0]LogTargetPlatformManager: Display: Loaded TargetPlatform 'WindowsNoEditor'
[2022.06.05-13.16.53:943][  0]LogTargetPlatformManager: Display: Loaded TargetPlatform 'Windows'
[2022.06.05-13.16.53:953][  0]LogTargetPlatformManager: Display: Loaded TargetPlatform 'WindowsClient'
[2022.06.05-13.16.53:962][  0]LogTargetPlatformManager: Display: Loaded TargetPlatform 'WindowsServer'
[2022.06.05-13.16.53:962][  0]LogTargetPlatformManager: Display: Building Assets For Windows
[2022.06.05-13.16.54:004][  0]LogAudioDebug: Display: Lib vorbis DLL was dynamically loaded.
[2022.06.05-13.16.54:119][  0]LogTextureFormatOodle: Display: Oodle Texture 2.9.0 init RDO Off
[2022.06.05-13.16.54:221][  0]LogRendererCore: Ray tracing is disabled. Reason: r.RayTracing=0.
[2022.06.05-13.16.54:221][  0]LogShaderCompilers: Guid format shader working directory is 20 characters bigger than the processId version (K:/Mastered/Trials/Trials/Intermediate/Shaders/WorkingDirectory/11828/).
[2022.06.05-13.16.54:221][  0]LogShaderCompilers: Cleaned the shader compiler working directory 'C:/Users/zilla/AppData/Local/Temp/UnrealShaderWorkingDir/111D8C874BC8521967B3B0938A3C372A/'.
[2022.06.05-13.16.54:221][  0]LogXGEController: Cannot use XGE Controller as Incredibuild is not installed on this machine.
[2022.06.05-13.16.54:222][  0]LogShaderCompilers: Cannot use XGE Shader Compiler as Incredibuild is not installed on this machine.
[2022.06.05-13.16.54:222][  0]LogShaderCompilers: Display: Using Local Shader Compiler.
[2022.06.05-13.16.54:847][  0]LogDerivedDataCache: Display: Max Cache Size: 512 MB
[2022.06.05-13.16.54:893][  0]LogDerivedDataCache: Loaded boot cache 0.05s 94MB C:/Users/zilla/AppData/Local/UnrealEngine/4.27/DerivedDataCache/Boot.ddc.
[2022.06.05-13.16.54:893][  0]LogDerivedDataCache: Display: Loaded Boot cache: C:/Users/zilla/AppData/Local/UnrealEngine/4.27/DerivedDataCache/Boot.ddc
[2022.06.05-13.16.54:894][  0]LogDerivedDataCache: FDerivedDataBackendGraph:  Pak pak cache file K:/Mastered/Trials/Trials/DerivedDataCache/DDC.ddp not found, will not use a pak cache.
[2022.06.05-13.16.54:894][  0]LogDerivedDataCache: Unable to find inner node Pak for hierarchical cache Hierarchy.
[2022.06.05-13.16.54:894][  0]LogDerivedDataCache: FDerivedDataBackendGraph:  CompressedPak pak cache file K:/Mastered/Trials/Trials/DerivedDataCache/Compressed.ddp not found, will not use a pak cache.
[2022.06.05-13.16.54:894][  0]LogDerivedDataCache: Unable to find inner node CompressedPak for hierarchical cache Hierarchy.
[2022.06.05-13.16.54:911][  0]LogDerivedDataCache: Display: Pak cache opened for reading ../../../Engine/DerivedDataCache/Compressed.ddp.
[2022.06.05-13.16.54:911][  0]LogDerivedDataCache: FDerivedDataBackendGraph:  EnterprisePak pak cache file ../../../Enterprise/DerivedDataCache/Compressed.ddp not found, will not use a pak cache.
[2022.06.05-13.16.54:911][  0]LogDerivedDataCache: Unable to find inner node EnterprisePak for hierarchical cache Hierarchy.
[2022.06.05-13.16.54:930][  0]LogDerivedDataCache: Speed tests for C:/Users/zilla/AppData/Local/UnrealEngine/Common/DerivedDataCache took 0.02 seconds
[2022.06.05-13.16.54:930][  0]LogDerivedDataCache: Display: Performance to C:/Users/zilla/AppData/Local/UnrealEngine/Common/DerivedDataCache: Latency=0.04ms. RandomReadSpeed=676.63MBs, RandomWriteSpeed=55.59MBs. Assigned SpeedClass 'Local'
[2022.06.05-13.16.54:931][  0]LogDerivedDataCache: Using Local data cache path C:/Users/zilla/AppData/Local/UnrealEngine/Common/DerivedDataCache: Writable
[2022.06.05-13.16.54:931][  0]LogDerivedDataCache: Shared data cache path not found in *engine.ini, will not use an Shared cache.
[2022.06.05-13.16.54:931][  0]LogDerivedDataCache: Unable to find inner node Shared for hierarchical cache Hierarchy.
[2022.06.05-13.16.54:973][  0]LogSlate: Using FreeType 2.10.0
[2022.06.05-13.16.54:974][  0]LogSlate: SlateFontServices - WITH_FREETYPE: 1, WITH_HARFBUZZ: 1
[2022.06.05-13.16.55:001][  0]LogAssetRegistry: FAssetRegistry took 0.0028 seconds to start up
[2022.06.05-13.16.55:210][  0]LogInit: Selected Device Profile: [Windows]
[2022.06.05-13.16.55:210][  0]LogInit: Active device profile: [000001DB9C12B200][000001DB94745040 49] Windows
[2022.06.05-13.16.55:210][  0]LogInit: Profiles: [000001DB9C12B200][000001DB94745040 49] Windows, [000001DB9C0D1100][000001DB947771C0 49] WindowsNoEditor, [000001DB9C129000][000001DB947A7340 49] WindowsServer, [000001DB9C0D3000][000001DB947BB4C0 49] WindowsClient, [000001DB9C12AF00][000001DB94773640 49] IOS, [000001DB9C0D1500][000001DB905677C0 49] iPadAir, [000001DB9C129400][000001DB905A5940 49] iPadAir2, [000001DB9C084200][000001DB905ADC00 49] IPadPro, [000001DB9C084300][000001DB905A80C0 49] iPadAir3, [000001DB9C12AB00][000001DB905B0240 49] iPadAir4, [000001DB9C086A00][000001DB905B43C0 49] iPadMini2, [000001DB9C129600][000001DB90444540 49] iPadMini3, [000001DB9C085700][000001DB94748680 49] iPadMini4, [000001DB9C12A700][000001DB98CC47C0 49] iPadMini5, [000001DB9C04FA00][000001DB90C90A40 49] iPhone6, [000001DB9C04FB00][000001DB90C8CA80 49] iPodTouch6, [000001DB9C087A00][000001DB90C98D40 49] iPhone7, [000001DB9C086900][000001DB90C94D80 49] iPodTouch7, [000001DB9C04D300][000001DB90460F00 49] iPhone5S, [000001DB9C085600][000001DB90465080 49] iPhone6Plus, [000001DB9C04EB00][000001DB9046D200 49] iPhone6S, [000001DB9C086600][000001DB9A2C1380 49] iPhone6SPlus, [000001DB9C04D800][000001DB9A2EB500 49] iPhone7Plus, [000001DB9C085A00][000001DB9A2EF680 49] iPhoneSE, [000001DB9C04FD00][000001DB9A2F3800 49] iPhone8, [000001DB9C085100][000001DB9A2F7980 49] iPhone8Plus, [000001DB9C04D200][000001DB9A2FBB00 49] iPhoneX, [000001DB9C085B00][000001DB9A2FE100 49] iPhoneXS, [000001DB9C04E800][000001DB9A302280 49] iPhoneXSMax, [000001DB9C087100][000001DB9A31A400 49] iPhoneXR, [000001DB9C04F900][000001DB9A31E580 49] iPhone11, [000001DB9C087700][000001DB9CBFA700 49] iPhone11Pro, [000001DB9C04EC00][000001DB98CD8840 49] iPhone11ProMax, [000001DB9C085200][000001DB9CC6E980 49] iPhoneSE2, [000001DB9C04DF00][000001DB903D4AC0 49] iPhone12Mini, [000001DB9C085C00][000001DB903DCC40 49] iPhone12, [000001DB9C04E100][000001DB903E0DC0 49] iPhone12Pro, [000001DB9C085300][000001DB903E4F40 49] iPhone12ProMax, [000001DB9C04E200][000001DB903E90C0 49] iPadPro105, [000001DB9C086E00][000001DB903ED240 49] iPadPro129, [000001DB9C04E000][000001DB903F13C0 49] iPadPro97, [000001DB9C086F00][000001DB903F5540 49] iPadPro2_129, [000001DB9C04FC00][000001DB9040D6C0 49] iPad5, [000001DB9C085000][000001DB90411840 49] iPad6, [000001DB9C04C300][000001DB904159C0 49] iPad7, [000001DB9C087B00][000001DB90419B40 49] iPad8, [000001DB9C04F800][000001DB90424140 49] iPadPro11, [000001DB9C087E00][000001DB904282C0 49] iPadPro2_11, [000001DB9C04C500][000001DB9042C440 49] iPadPro3_129, [000001DB9C086B00][000001DB904305C0 49] iPadPro4_129, [000001DB9C04E700][000001DB90434740 49] AppleTV, [000001DB9C086C00][000001DB9043C8C0 49] AppleTV4K, [000001DB9C04F100][000001DB903D8A00 49] TVOS, [000001DB9C087500][000001DB94650B40 49] Mac, [000001DB9C04CD00][000001DB94654C80 49] MacClient, [000001DB9C086100][000001DB94658DC0 49] MacNoEditor, [000001DB9C04E400][000001DB94660F40 49] MacServer, [000001DB9C086800][000001DB946650C0 49] Linux, [000001DB9C04C200][000001DB9CCD5240 49] LinuxAArch64, [000001DB9C087400][000001DB9CCD93C0 49] LinuxNoEditor, [000001DB9C04D600][000001DB90439540 49] LinuxAArch64NoEditor, [000001DB9C0D3A00][000001DB9CCDD6C0 49] LinuxClient, [000001DB9C339700][000001DB90441840 49] LinuxAArch64Client, [000001DB9C0D1200][000001DB9CBB59C0 49] LinuxServer, [000001DB9C338100][000001DB9CBB9B40 49] LinuxAArch64Server, [000001DB9C0D1600][000001DB9CBBC140 49] Android, [000001DB9C339600][000001DB904682C0 49] Android_Low, [000001DB9C0D1400][000001DB90562440 49] Android_Mid, [000001DB9C338E00][000001DB9477A5C0 49] Android_High, [000001DB9C0D2B00][000001DB98C96740 49] Android_Default, [000001DB9C338200][000001DB98C9A8C0 49] Android_Adreno4xx, [000001DB9C0D3E00][000001DB98C9EA40 49] Android_Adreno5xx_Low, [000001DB9C338300][000001DB9465CB80 49] Android_Adreno5xx, [000001DB9C0D2D00][000001DB98CA2CC0 49] Android_Adreno6xx, [000001DB9C338D00][000001DB98CA6E00 49] Android_Adreno6xx_Vulkan, [000001DB9C0D0800][000001DB98CAAF40 49] Android_Mali_T6xx, [000001DB9C339100][000001DB98CB30C0 49] Android_Mali_T7xx, [000001DB9C0D0A00][000001DB98CB7240 49] Android_Mali_T8xx, [000001DB9C339D00][000001DB98CBB3C0 49] Android_Mali_G71, [000001DB9C0D1E00][000001DB98CBF540 49] Android_Mali_G72, [000001DB9C339000][000001DB9A2816C0 49] Android_Mali_G72_Vulkan, [000001DB9C04F400][000001DB9A285840 49] Android_Mali_G76, [000001DB9C085800][000001DB9A2899C0 49] Android_Mali_G76_Vulkan, [000001DB9C04E900][000001DB9A28DB40 49] Android_Mali_G77, [000001DB9C087900][000001DB9A290140 49] Android_Mali_G77_Vulkan, [000001DB9C04FE00][000001DB9A2942C0 49] Android_Mali_G78, [000001DB9C085D00][000001DB9A298440 49] Android_Mali_G78_Vulkan, [000001DB9C04F700][000001DB9A29C5C0 49] Android_Mali_G710, [000001DB9C084D00][000001DB9A2A0740 49] Android_Mali_G710_Vulkan, [000001DB9C04DA00][000001DB9A2A48C0 49] Android_Vulkan_SM5, [000001DB9C085400][000001DB9A2A8A40 49] Android_PowerVR_G6xxx, [000001DB9C04F300][000001DB9A2ACBC0 49] Android_PowerVR_GT7xxx, [000001DB9C087000][000001DB9A2B0D40 49] Android_PowerVR_GE8xxx, [000001DB9C04F600][000001DB98CAEE80 49] Android_PowerVR_GM9xxx, [000001DB9C086300][000001DB9A2B4FC0 49] Android_PowerVR_GM9xxx_Vulkan, [000001DB9C04E600][000001DB9A2B9100 49] Android_TegraK1, [000001DB9C084900][000001DB9CC03280 49] Android_Unknown_Vulkan, [000001DB9C04CF00][000001DB9CC07400 49] Lumin, [000001DB9C338600][000001DB9CC0B580 49] Lumin_Desktop, [000001DB9C04D500][000001DB9CC0F700 49] HoloLens, 
[2022.06.05-13.16.55:390][  0]LogMeshReduction: Using QuadricMeshReduction for automatic static mesh reduction
[2022.06.05-13.16.55:390][  0]LogMeshReduction: Using SimplygonMeshReduction for automatic skeletal mesh reduction
[2022.06.05-13.16.55:390][  0]LogMeshReduction: Using ProxyLODMeshReduction for automatic mesh merging
[2022.06.05-13.16.55:390][  0]LogMeshReduction: No distributed automatic mesh merging module available
[2022.06.05-13.16.55:390][  0]LogMeshMerging: No distributed automatic mesh merging module available
[2022.06.05-13.16.55:413][  0]LogNetVersion: Trials 1.0.0, NetCL: 17155196, EngineNetVer: 17, GameNetVer: 0 (Checksum: 216293165)
[2022.06.05-13.16.55:735][  0]LogTexture: Default maximum texture size for cubemaps generated from long-lat sources has been changed from 512 to unlimited. In order to preserve old behaiour for '/Engine/MapTemplates/Sky/DaylightAmbientCubemap.DaylightAmbientCubemap', its maximum texture size has been explicitly set to 512.
[2022.06.05-13.16.55:780][  0]LogHMD: PokeAHoleMaterial loaded successfully
[2022.06.05-13.16.55:785][  0]LogUObjectArray: 17178 objects as part of root set at end of initial load.
[2022.06.05-13.16.55:786][  0]LogUObjectAllocator: 4302048 out of 0 bytes used by permanent object pool.
[2022.06.05-13.16.55:786][  0]LogUObjectArray: CloseDisregardForGC: 0/0 objects in disregard for GC pool
[2022.06.05-13.16.56:376][  0]LogNiagaraDebuggerClient: Niagara Debugger Client Initialized | Session: DEFA6CBF478CDB39FAC4298095805A40 | Instance: 5D38701A485F17616BDA878F0C989A38 (DESKTOP-70BM0B7-11828).
[2022.06.05-13.16.56:643][  0]LogPython: Using Python 3.7.7
[2022.06.05-13.16.57:126][  0]LogTcpMessaging: Initializing TcpMessaging bridge
[2022.06.05-13.16.57:138][  0]LogUdpMessaging: Initializing bridge on interface 0.0.0.0:0 to multicast group 230.0.0.1:6666.
[2022.06.05-13.16.57:386][  0]LogLinker: Warning: [AssetLog] K:\Mastered\Trials\Trials\Content\Animations\TUTORIAL_RESOURCES\Animations\MeleeFistAttack.uasset: Failed to load '/Script/Trialed': Can't find file.
[2022.06.05-13.16.57:387][  0]LogLinker: Warning: [AssetLog] K:\Mastered\Trials\Trials\Content\Animations\TUTORIAL_RESOURCES\Animations\MeleeFistAttack.uasset: Failed to load '/Script/Trialed': Can't find file.
[2022.06.05-13.16.57:387][  0]LogLinker: Warning: [AssetLog] K:\Mastered\Trials\Trials\Content\Animations\TUTORIAL_RESOURCES\Animations\MeleeFistAttack.uasset: Failed to load '/Script/Trialed': Can't find file.
[2022.06.05-13.16.57:387][  0]LogLinker: Warning: Failed to load '/Script/Trialed': Can't find file.
[2022.06.05-13.16.57:388][  0]LogLinker: Warning: Failed to load '/Script/Trialed': Can't find file.
[2022.06.05-13.16.57:388][  0]LogLinker: Warning: Failed to load '/Script/Trialed': Can't find file.
[2022.06.05-13.16.57:388][  0]LogLinker: Warning: Failed to load '/Script/Trialed': Can't find file.
[2022.06.05-13.16.57:388][  0]LogLinker: Warning: Failed to load '/Script/Trialed': Can't find file.
[2022.06.05-13.16.57:388][  0]LogLinker: Warning: Failed to load '/Script/Trialed': Can't find file.
[2022.06.05-13.16.58:236][  0]LogOpenImageDenoise: OIDN starting up
[2022.06.05-13.16.58:301][  0]LogAndroidPermission: UAndroidPermissionCallbackProxy::GetInstance
[2022.06.05-13.16.58:476][  0]LogAudioCaptureCore: Display: No Audio Capture implementations found. Audio input will be silent.
[2022.06.05-13.16.58:476][  0]LogAudioCaptureCore: Display: No Audio Capture implementations found. Audio input will be silent.
[2022.06.05-13.16.59:151][  0]SourceControl: Source control is disabled
[2022.06.05-13.16.59:151][  0]SourceControl: Source control is disabled
[2022.06.05-13.16.59:163][  0]SourceControl: Source control is disabled
[2022.06.05-13.16.59:174][  0]SourceControl: Source control is disabled
[2022.06.05-13.17.03:637][  0]SourceControl: Source control is disabled
[2022.06.05-13.17.03:648][  0]LogUProjectInfo: Found projects:
[2022.06.05-13.17.03:690][  0]LogCollectionManager: Loaded 0 collections in 0.001667 seconds
[2022.06.05-13.17.03:762][  0]LogFileCache: Scanning file cache for directory 'K:/Mastered/Trials/Trials/Saved/Collections/' took 0.00s
[2022.06.05-13.17.03:762][  0]LogFileCache: Scanning file cache for directory 'K:/Mastered/Trials/Trials/Content/Developers/zilla/Collections/' took 0.00s
[2022.06.05-13.17.03:763][  0]LogFileCache: Scanning file cache for directory 'K:/Mastered/Trials/Trials/Content/Collections/' took 0.00s
[2022.06.05-13.17.03:763][  0]LogOcInput: OculusInput pre-init called
[2022.06.05-13.17.04:063][  0]LogStreaming: Warning: Failed to read file '../../../Engine/Plugins/MegascansPlugin/Resources/Logo80x80.png' error.
[2022.06.05-13.17.04:063][  0]LogSlate: Could not find file for Slate resource: ../../../Engine/Plugins/MegascansPlugin/Resources/Logo80x80.png
[2022.06.05-13.17.04:261][  0]LogStreaming: Warning: Failed to read file '../../../Engine/Plugins/MegascansPlugin/Resources/Logo80x80.png' error.
[2022.06.05-13.17.04:262][  0]LogSlate: Could not find file for Slate resource: ../../../Engine/Plugins/MegascansPlugin/Resources/Logo80x80.png
[2022.06.05-13.17.04:262][  0]LogStreaming: Warning: Failed to read file '../../../Engine/Plugins/MegascansPlugin/Resources/Logo32x32.png' error.
[2022.06.05-13.17.04:262][  0]LogSlate: Could not find file for Slate resource: ../../../Engine/Plugins/MegascansPlugin/Resources/Logo32x32.png
[2022.06.05-13.17.04:262][  0]LogClass: Display: Int8Property FMTSJson::version is not initialized properly. Module:MegascansPlugin File:Private/Utilities/MTSReader.h
[2022.06.05-13.17.04:263][  0]LogClass: Display: Int16Property FMTSJson::resolutionValue is not initialized properly. Module:MegascansPlugin File:Private/Utilities/MTSReader.h
[2022.06.05-13.17.04:263][  0]LogClass: Display: BoolProperty FMTSJson::isExternal is not initialized properly. Module:MegascansPlugin File:Private/Utilities/MTSReader.h
[2022.06.05-13.17.04:263][  0]LogClass: Display: Int8Property FMTSJson::meshVersion is not initialized properly. Module:MegascansPlugin File:Private/Utilities/MTSReader.h
[2022.06.05-13.17.04:263][  0]LogClass: Display: BoolProperty FMTSJson::isCustom is not initialized properly. Module:MegascansPlugin File:Private/Utilities/MTSReader.h
[2022.06.05-13.17.04:263][  0]LogClass: Display: BoolProperty FMTSJson::isModularAsset is not initialized properly. Module:MegascansPlugin File:Private/Utilities/MTSReader.h
[2022.06.05-13.17.04:263][  0]LogClass: Display: Int8Property FLodList::variation is not initialized properly. Module:MegascansPlugin File:Private/Utilities/MTSReader.h
[2022.06.05-13.17.04:264][  0]LogClass: Display: Int16Property FMeshList::resolution is not initialized properly. Module:MegascansPlugin File:Private/Utilities/MTSReader.h
[2022.06.05-13.17.04:264][  0]LogClass: Display: Int16Property FComponents::resolution is not initialized properly. Module:MegascansPlugin File:Private/Utilities/MTSReader.h
[2022.06.05-13.17.04:264][  0]LogClass: Display: BoolProperty FTextureSets::isUdim is not initialized properly. Module:MegascansPlugin File:Private/Utilities/MTSReader.h
[2022.06.05-13.17.04:264][  0]LogClass: Display: BoolProperty FMeta::value is not initialized properly. Module:MegascansPlugin File:Private/Utilities/MTSReader.h
[2022.06.05-13.17.04:264][  0]LogClass: Display: 11 Uninitialized script struct members found including 0 object properties
[2022.06.05-13.17.04:265][  0]LogAutomationTest: Warning: Failed to read file '../../../Engine/Plugins/MegascansPlugin/Resources/Logo80x80.png' error.
[2022.06.05-13.17.04:265][  0]LogAutomationTest: Warning: Failed to read file '../../../Engine/Plugins/MegascansPlugin/Resources/Logo32x32.png' error.
[2022.06.05-13.17.04:265][  0]LogEngine: Initializing Engine...
[2022.06.05-13.17.04:308][  0]LogHMD: Optional extension XR_VARJO_quad_views is not available
[2022.06.05-13.17.04:308][  0]LogHMD: Warning: Required extension XR_EXT_eye_gaze_interaction is not available
[2022.06.05-13.17.04:308][  0]LogHMD: Could not enable all required OpenXR extensions for OpenXREyeTracker on current system. This plugin will be loaded but ignored, but will be enabled on a target platform that supports the required extension.
[2022.06.05-13.17.04:810][  0]LogHMD: Failed to get an OpenXR system, result is XR_ERROR_FORM_FACTOR_UNAVAILABLE. Please check that your runtime supports VR headsets.
[2022.06.05-13.17.04:810][  0]LogHMD: Failed to initialize OpenVR with code 110
[2022.06.05-13.17.04:811][  0]LogMagicLeap: Warning: VR disabled because ZI is not enabled.  To enable, in the editor, Edit -> Project Settings -> Plugins -> Magic Leap Plugin -> Enable Zero Iteration
[2022.06.05-13.17.04:812][  0]LogStats: UGameplayTagsManager::InitializeManager -  0.000 s
[2022.06.05-13.17.04:911][  0]LogInit: Initializing FReadOnlyCVARCache
[2022.06.05-13.17.04:926][  0]LogAIModule: Creating AISystem for world Untitled
[2022.06.05-13.17.04:935][  0]LogAudio: Display: Initializing Audio Device Manager...
[2022.06.05-13.17.04:947][  0]LogAudio: Display: Loading Default Audio Settings Objects...
[2022.06.05-13.17.04:948][  0]LogAudio: Display: No default SoundConcurrencyObject specified (or failed to load).
[2022.06.05-13.17.04:949][  0]LogAudio: Display: Audio Device Manager Initialized
[2022.06.05-13.17.04:949][  0]LogAudio: Display: Creating Audio Device:                 Id: 1, Scope: Shared, Realtime: True
[2022.06.05-13.17.04:949][  0]LogAudioMixer: Display: Audio Mixer Platform Settings:
[2022.06.05-13.17.04:949][  0]LogAudioMixer: Display: 	Sample Rate:						  48000
[2022.06.05-13.17.04:949][  0]LogAudioMixer: Display: 	Callback Buffer Frame Size Requested: 1024
[2022.06.05-13.17.04:950][  0]LogAudioMixer: Display: 	Callback Buffer Frame Size To Use:	  1024
[2022.06.05-13.17.04:950][  0]LogAudioMixer: Display: 	Number of buffers to queue:			  2
[2022.06.05-13.17.04:950][  0]LogAudioMixer: Display: 	Max Channels (voices):				  32
[2022.06.05-13.17.04:950][  0]LogAudioMixer: Display: 	Number of Async Source Workers:		  0
[2022.06.05-13.17.04:950][  0]LogAudio: Display: AudioDevice MaxSources: 32
[2022.06.05-13.17.04:951][  0]LogAudio: Display: Audio Spatialization Plugin: None (built-in).
[2022.06.05-13.17.04:951][  0]LogAudio: Display: Audio Reverb Plugin: None (built-in).
[2022.06.05-13.17.04:951][  0]LogAudio: Display: Audio Occlusion Plugin: None (built-in).
[2022.06.05-13.17.04:951][  0]LogAudioMixer: Display: Initializing audio mixer.
[2022.06.05-13.17.05:454][  0]LogAudioMixer: Display: 0: FrontLeft
[2022.06.05-13.17.05:454][  0]LogAudioMixer: Display: 1: FrontRight
[2022.06.05-13.17.05:684][  0]LogAudioMixer: Display: Using Audio Device Headphones (W-KING D9-1 Stereo)
[2022.06.05-13.17.05:685][  0]LogAudioMixer: Display: Initializing Sound Submixes...
[2022.06.05-13.17.05:687][  0]LogAudioMixer: Display: Creating Master Submix 'MasterSubmixDefault'
[2022.06.05-13.17.05:687][  0]LogAudioMixer: Display: Creating Master Submix 'MasterReverbSubmixDefault'
[2022.06.05-13.17.05:689][  0]LogAudioMixer: Display: Creating Master Submix 'MasterEQSubmixDefault'
[2022.06.05-13.17.05:689][  0]LogAudioMixer: FMixerPlatformXAudio2::StartAudioStream() called
[2022.06.05-13.17.05:689][  0]LogAudioMixer: Display: Output buffers initialized: Frames=1024, Channels=2, Samples=2048
[2022.06.05-13.17.05:691][  0]LogAudioMixer: Display: Starting AudioMixerPlatformInterface::RunInternal()
[2022.06.05-13.17.05:691][  0]LogAudioMixer: Display: FMixerPlatformXAudio2::SubmitBuffer() called for the first time
[2022.06.05-13.17.05:691][  0]LogInit: FAudioDevice initialized.
[2022.06.05-13.17.05:691][  0]LogAudio: Display: Audio Device (ID: 1) registered with world 'Untitled'.
[2022.06.05-13.17.05:691][  0]LogNetVersion: Set ProjectVersion to 1.0.0.0. Version Checksum will be recalculated on next use.
[2022.06.05-13.17.05:776][  0]LogDerivedDataCache: Saved boot cache 0.08s 94MB C:/Users/zilla/AppData/Local/UnrealEngine/4.27/DerivedDataCache/Boot.ddc.
[2022.06.05-13.17.05:780][  0]LogInit: Texture streaming: Enabled
[2022.06.05-13.17.05:810][  0]LogAnalytics: Display: [UEEditor.Rocket.Release] APIServer = https://datarouter.ol.epicgames.com/. AppVersion = 4.27.2-18319896+++UE4+Release-4.27
[2022.06.05-13.17.05:831][  0]LogEngineSessionManager: EngineSessionManager initialized
[2022.06.05-13.17.05:831][  0]LogEngineSessionManager: EngineSessionManager sent abnormal shutdown report. Type=Debugger, SessionId={512F5FEE-4F44-3F59-5133-CA8340DFAB86}
[2022.06.05-13.17.05:832][  0]LogEngineSessionManager: EngineSessionManager sent abnormal shutdown report. Type=Debugger, SessionId={F8D94AB5-43C2-9A84-65C2-8FBE1810AC9C}
[2022.06.05-13.17.05:832][  0]LogEngineSessionManager: EngineSessionManager sent abnormal shutdown report. Type=Debugger, SessionId={0F36487B-4C4D-57FB-F908-409B16D7FF9F}
[2022.06.05-13.17.05:832][  0]LogEditorSessionSummary: Verbose: Initializing EditorSessionSummaryWriter for editor session tracking
[2022.06.05-13.17.05:842][  0]LogEditorSessionSummary: EditorSessionSummaryWriter initialized
[2022.06.05-13.17.05:884][  0]LogInit: Transaction tracking system initialized
[2022.06.05-13.17.05:945][  0]BlueprintLog: New page: Editor Load
[2022.06.05-13.17.06:096][  0]LocalizationService: Localization service is disabled
[2022.06.05-13.17.06:159][  0]TimingProfiler: Initialize
[2022.06.05-13.17.06:160][  0]TimingProfiler: OnSessionChanged
[2022.06.05-13.17.06:160][  0]LoadingProfiler: Initialize
[2022.06.05-13.17.06:160][  0]LoadingProfiler: OnSessionChanged
[2022.06.05-13.17.06:161][  0]NetworkingProfiler: Initialize
[2022.06.05-13.17.06:161][  0]NetworkingProfiler: OnSessionChanged
[2022.06.05-13.17.06:161][  0]MemoryProfiler: Initialize
[2022.06.05-13.17.06:161][  0]MemoryProfiler: OnSessionChanged
[2022.06.05-13.17.06:644][  0]LogCook: Display: CookSettings for Memory: MemoryMaxUsedVirtual 0MiB, MemoryMaxUsedPhysical 16384MiB, MemoryMinFreeVirtual 0MiB, MemoryMinFreePhysical 1024MiB
[2022.06.05-13.17.06:644][  0]LogCook: Display: Mobile HDR setting 1
[2022.06.05-13.17.06:942][  0]LogFileCache: Scanning file cache for directory 'K:/Mastered/Trials/Trials/Content/' took 0.01s
[2022.06.05-13.17.07:235][  0]LogStreaming: Warning: Failed to read file '../../../Engine/Plugins/MegascansPlugin/Resources/Logo80x80.png' error.
[2022.06.05-13.17.07:235][  0]LogSlate: Could not find file for Slate resource: ../../../Engine/Plugins/MegascansPlugin/Resources/Logo80x80.png
[2022.06.05-13.17.07:235][  0]LogStreaming: Warning: Failed to read file '../../../Engine/Plugins/MegascansPlugin/Resources/Logo32x32.png' error.
[2022.06.05-13.17.07:235][  0]LogSlate: Could not find file for Slate resource: ../../../Engine/Plugins/MegascansPlugin/Resources/Logo32x32.png
[2022.06.05-13.17.07:236][  0]LogInit: Display: Engine is initialized. Leaving FEngineLoop::Init()
[2022.06.05-13.17.07:243][  0]SourceControl: Source control is disabled
[2022.06.05-13.17.07:243][  0]LogUnrealEdMisc: Loading editor; pre map load, took 18.118
[2022.06.05-13.17.07:244][  0]Cmd: MAP LOAD FILE="K:/Mastered/Trials/Trials/Content/Maps/FirstLevel.umap" TEMPLATE=0 SHOWPROGRESS=1 FEATURELEVEL=3
[2022.06.05-13.17.07:244][  0]LightingResults: New page: Lighting Build
[2022.06.05-13.17.07:246][  0]LogWorld: UWorld::CleanupWorld for Untitled, bSessionEnded=true, bCleanupResources=true
[2022.06.05-13.17.07:246][  0]LogSlate: InvalidateAllWidgets triggered.  All widgets were invalidated
[2022.06.05-13.17.07:246][  0]MapCheck: New page: Map Check
[2022.06.05-13.17.07:246][  0]LightingResults: New page: Lighting Build
[2022.06.05-13.17.07:257][  0]LogAudio: Display: Audio Device unregistered from world 'None'.
[2022.06.05-13.17.07:260][  0]LogUObjectHash: Compacting FUObjectHashTables data took   0.91ms
