Log file open, 06/06/22 13:28:39
LogWindows: Failed to load 'aqProf.dll' (GetLastError=126)
LogWindows: File 'aqProf.dll' does not exist
LogWindows: Failed to load 'VtuneApi.dll' (GetLastError=126)
LogWindows: File 'VtuneApi.dll' does not exist
LogWindows: Failed to load 'VtuneApi32e.dll' (GetLastError=126)
LogWindows: File 'VtuneApi32e.dll' does not exist
LogConsoleResponse: Display: Failed to find resolution value strings in scalability ini. Falling back to default.
LogConsoleResponse: Display: Failed to find resolution value strings in scalability ini. Falling back to default.
LogInit: Display: Running engine for game: Trials
LogPlatformFile: Not using cached read wrapper
LogTaskGraph: Started task graph with 5 named threads and 71 total threads with 3 sets of task threads.
LogStats: Stats thread started at 0.289897
LogICUInternationalization: ICU TimeZone Detection - Raw Offset: +0:00, Platform Override: ''
LogInit: Display: Loading text-based GConfig....
LogPluginManager: Mounting plugin MeshPainting
LogPluginManager: Mounting plugin XGEController
LogPluginManager: Mounting plugin Paper2D
LogPluginManager: Mounting plugin AISupport
LogPluginManager: Mounting plugin LightPropagationVolume
LogPluginManager: Mounting plugin EnvironmentQueryEditor
LogPluginManager: Mounting plugin OodleData
LogPluginManager: Mounting plugin OodleNetwork
LogPluginManager: Mounting plugin LiveLink
LogPluginManager: Mounting plugin CameraShakePreviewer
LogPluginManager: Mounting plugin GameplayCameras
LogPluginManager: Mounting plugin AssetManagerEditor
LogPluginManager: Mounting plugin AnimationSharing
LogPluginManager: Mounting plugin CodeLiteSourceCodeAccess
LogPluginManager: Mounting plugin KDevelopSourceCodeAccess
LogPluginManager: Mounting plugin CurveEditorTools
LogPluginManager: Mounting plugin GitSourceControl
LogPluginManager: Mounting plugin NullSourceCodeAccess
LogPluginManager: Mounting plugin PixWinPlugin
LogPluginManager: Mounting plugin PlasticSourceControl
LogPluginManager: Mounting plugin PerforceSourceControl
LogPluginManager: Mounting plugin PluginUtils
LogPluginManager: Mounting plugin PropertyAccessNode
LogPluginManager: Mounting plugin EditorScriptingUtilities
LogPluginManager: Mounting plugin FacialAnimation
LogPluginManager: Mounting plugin GameplayTagsEditor
LogPluginManager: Mounting plugin RiderSourceCodeAccess
LogPluginManager: Mounting plugin TextureFormatOodle
LogPluginManager: Mounting plugin SubversionSourceControl
LogPluginManager: Mounting plugin UObjectPlugin
LogPluginManager: Mounting plugin CLionSourceCodeAccess
LogPluginManager: Mounting plugin MacGraphicsSwitching
LogPluginManager: Mounting plugin MaterialAnalyzer
LogPluginManager: Mounting plugin DataValidation
LogPluginManager: Mounting plugin MobileLauncherProfileWizard
LogPluginManager: Mounting plugin PluginBrowser
LogPluginManager: Mounting plugin CryptoKeys
LogPluginManager: Mounting plugin GeometryMode
LogPluginManager: Mounting plugin SpeedTreeImporter
LogPluginManager: Mounting plugin Niagara
LogPluginManager: Mounting plugin VisualStudioCodeSourceCodeAccess
LogPluginManager: Mounting plugin VisualStudioSourceCodeAccess
LogPluginManager: Mounting plugin XCodeSourceCodeAccess
LogPluginManager: Mounting plugin LuminPlatformFeatures
LogPluginManager: Mounting plugin MagicLeap
LogPluginManager: Mounting plugin AlembicImporter
LogPluginManager: Mounting plugin AutomationUtils
LogPluginManager: Mounting plugin BackChannel
LogPluginManager: Mounting plugin MagicLeapLightEstimation
LogPluginManager: Mounting plugin ChaosCloth
LogPluginManager: Mounting plugin ChaosClothEditor
LogPluginManager: Mounting plugin ChaosSolverPlugin
LogPluginManager: Mounting plugin CharacterAI
LogPluginManager: Mounting plugin ChaosNiagara
LogPluginManager: Mounting plugin ChaosEditor
LogPluginManager: Mounting plugin DatasmithContent
LogPluginManager: Mounting plugin GeometryCache
LogPluginManager: Mounting plugin VariantManagerContent
LogPluginManager: Mounting plugin GeometryCollectionPlugin
LogPluginManager: Mounting plugin AndroidMedia
LogPluginManager: Mounting plugin AvfMedia
LogPluginManager: Mounting plugin ImgMedia
LogPluginManager: Mounting plugin MediaCompositing
LogPluginManager: Mounting plugin MLSDK
LogPluginManager: Mounting plugin MediaPlayerEditor
LogPluginManager: Mounting plugin WebMMedia
LogPluginManager: Mounting plugin ActorSequence
LogPluginManager: Mounting plugin MatineeToLevelSequence
LogPluginManager: Mounting plugin LevelSequenceEditor
LogPluginManager: Mounting plugin TemplateSequence
LogPluginManager: Mounting plugin WmfMedia
LogPluginManager: Mounting plugin OnlineSubsystem
LogPluginManager: Mounting plugin MagicLeapPassableWorld
LogPluginManager: Mounting plugin OnlineSubsystemNull
LogPluginManager: Mounting plugin TcpMessaging
LogPluginManager: Mounting plugin UdpMessaging
LogPluginManager: Mounting plugin OnlineSubsystemUtils
LogPluginManager: Mounting plugin MagicLeapMedia
LogPluginManager: Mounting plugin GeometryProcessing
LogPluginManager: Mounting plugin MeshModelingToolset
LogPluginManager: Mounting plugin LauncherChunkInstaller
LogPluginManager: Mounting plugin OpenImageDenoise
LogPluginManager: Mounting plugin MotoSynth
LogPluginManager: Mounting plugin PlanarCut
LogPluginManager: Mounting plugin PlatformCrypto
LogPluginManager: Mounting plugin ProxyLODPlugin
LogPluginManager: Mounting plugin PythonScriptPlugin
LogPluginManager: Mounting plugin SkeletalReduction
LogPluginManager: Mounting plugin ActorLayerUtilities
LogPluginManager: Mounting plugin AndroidDeviceProfileSelector
LogPluginManager: Mounting plugin AppleImageUtils
LogPluginManager: Mounting plugin AppleMoviePlayer
LogPluginManager: Mounting plugin ArchVisCharacter
LogPluginManager: Mounting plugin AssetTags
LogPluginManager: Mounting plugin AudioSynesthesia
LogPluginManager: Mounting plugin CableComponent
LogPluginManager: Mounting plugin AudioCapture
LogPluginManager: Mounting plugin CustomMeshComponent
LogPluginManager: Mounting plugin ChunkDownloader
LogPluginManager: Mounting plugin EditableMesh
LogPluginManager: Mounting plugin ExampleDeviceProfileSelector
LogPluginManager: Mounting plugin GoogleCloudMessaging
LogPluginManager: Mounting plugin GooglePAD
LogPluginManager: Mounting plugin HairStrands
LogPluginManager: Mounting plugin ScreenshotTools
LogPluginManager: Mounting plugin AndroidMoviePlayer
LogPluginManager: Mounting plugin LinuxDeviceProfileSelector
LogPluginManager: Mounting plugin IOSDeviceProfileSelector
LogPluginManager: Mounting plugin LocationServicesBPLibrary
LogPluginManager: Mounting plugin AndroidPermission
LogPluginManager: Mounting plugin Takes
LogPluginManager: Mounting plugin OpenXR
LogPluginManager: Mounting plugin OpenXREyeTracker
LogPluginManager: Mounting plugin MobilePatchingUtils
LogPluginManager: Mounting plugin PhysXVehicles
LogPluginManager: Mounting plugin OpenXRHandTracking
LogPluginManager: Mounting plugin PostSplashScreen
LogPluginManager: Mounting plugin ProceduralMeshComponent
LogPluginManager: Mounting plugin PropertyAccessEditor
LogPluginManager: Mounting plugin SoundFields
LogPluginManager: Mounting plugin RuntimePhysXCooking
LogPluginManager: Mounting plugin SignificanceManager
LogPluginManager: Mounting plugin Synthesis
LogPluginManager: Mounting plugin WebMMoviePlayer
LogPluginManager: Mounting plugin WindowsMoviePlayer
LogPluginManager: Mounting plugin ContentBrowserAssetDataSource
LogPluginManager: Mounting plugin ContentBrowserFileDataSource
LogPluginManager: Mounting plugin ContentBrowserClassDataSource
LogPluginManager: Mounting plugin OnlineSubsystemGooglePlay
LogPluginManager: Mounting plugin OnlineSubsystemIOS
LogPluginManager: Mounting plugin OculusVR
LogPluginManager: Mounting plugin SteamVR
LogPluginManager: Mounting plugin RiderLink
PixWinPlugin: PIX capture plugin failed to initialize! Check that the process is launched from PIX.
LogInit: Using libcurl 7.55.1-DEV
LogInit:  - built for x86_64-pc-win32
LogInit:  - supports SSL with OpenSSL/1.1.1
LogInit:  - supports HTTP deflate (compression) using libz 1.2.8
LogInit:  - other features:
LogInit:      CURL_VERSION_SSL
LogInit:      CURL_VERSION_LIBZ
LogInit:      CURL_VERSION_IPV6
LogInit:      CURL_VERSION_ASYNCHDNS
LogInit:      CURL_VERSION_LARGEFILE
LogInit:      CURL_VERSION_IDN
LogInit:  CurlRequestOptions (configurable via config and command line):
LogInit:  - bVerifyPeer = true  - Libcurl will verify peer certificate
LogInit:  - bUseHttpProxy = false  - Libcurl will NOT use HTTP proxy
LogInit:  - bDontReuseConnections = false  - Libcurl will reuse connections
LogInit:  - MaxHostConnections = 16  - Libcurl will limit the number of connections to a host
LogInit:  - LocalHostAddr = Default
LogInit:  - BufferSize = 65536
LogOnline: OSS: Creating online subsystem instance for: NULL
LogInit: WinSock: version 1.1 (2.2), MaxSocks=32767, MaxUdp=65467
LogOnline: OSS: TryLoadSubsystemAndSetDefault: Loaded subsystem for module [NULL]
LogOculusPluginWrapper: OculusPlugin initialized successfully
LogHMD: Failed initializing OVRPlugin 1.59.0
LogInit: Build: ++UE4+Release-4.27-Chaos-CL-18386882
LogInit: Engine Version: 4.27.2-18386882+++UE4+Release-4.27-Chaos
LogInit: Compatible Engine Version: 4.27.0-17155196+++UE4+Release-4.27-Chaos
LogInit: Net CL: 17155196
LogInit: OS: Windows 10 (Release 2009) (), CPU: AMD Ryzen 9 3900X 12-Core Processor            , GPU: NVIDIA GeForce RTX 3080 Ti
LogInit: Compiled (64-bit): Dec  8 2021 21:01:29
LogInit: Compiled with Visual C++: 19.24.28315.00
LogInit: Build Configuration: Development
LogInit: Branch Name: ++UE4+Release-4.27-Chaos
LogInit: Command Line:  -skipcompile
LogInit: Base Directory: C:/Program Files/Epic Games/UE_4.27Chaos/Engine/Binaries/Win64/
LogInit: Allocator: TBB
LogInit: Installed Engine Build: 1
LogDevObjectVersion: Number of dev versions registered: 29
LogDevObjectVersion:   Dev-Blueprints (B0D832E4-1F89-4F0D-ACCF-7EB736FD4AA2): 10
LogDevObjectVersion:   Dev-Build (E1C64328-A22C-4D53-A36C-8E866417BD8C): 0
LogDevObjectVersion:   Dev-Core (375EC13C-06E4-48FB-B500-84F0262A717E): 4
LogDevObjectVersion:   Dev-Editor (E4B068ED-F494-42E9-A231-DA0B2E46BB41): 40
LogDevObjectVersion:   Dev-Framework (CFFC743F-43B0-4480-9391-14DF171D2073): 37
LogDevObjectVersion:   Dev-Mobile (B02B49B5-BB20-44E9-A304-32B752E40360): 3
LogDevObjectVersion:   Dev-Networking (A4E4105C-59A1-49B5-A7C5-40C4547EDFEE): 0
LogDevObjectVersion:   Dev-Online (39C831C9-5AE6-47DC-9A44-9C173E1C8E7C): 0
LogDevObjectVersion:   Dev-Physics (78F01B33-EBEA-4F98-B9B4-84EACCB95AA2): 14
LogDevObjectVersion:   Dev-Platform (6631380F-2D4D-43E0-8009-CF276956A95A): 0
LogDevObjectVersion:   Dev-Rendering (12F88B9F-8875-4AFC-A67C-D90C383ABD29): 45
LogDevObjectVersion:   Dev-Sequencer (7B5AE74C-D270-4C10-A958-57980B212A5A): 13
LogDevObjectVersion:   Dev-VR (D7296918-1DD6-4BDD-9DE2-64A83CC13884): 3
LogDevObjectVersion:   Dev-LoadTimes (C2A15278-BFE7-4AFE-6C17-90FF531DF755): 1
LogDevObjectVersion:   Private-Geometry (6EACA3D4-40EC-4CC1-B786-8BED09428FC5): 3
LogDevObjectVersion:   Dev-AnimPhys (29E575DD-E0A3-4627-9D10-D276232CDCEA): 17
LogDevObjectVersion:   Dev-Anim (AF43A65D-7FD3-4947-9873-3E8ED9C1BB05): 15
LogDevObjectVersion:   Dev-ReflectionCapture (6B266CEC-1EC7-4B8F-A30B-E4D90942FC07): 1
LogDevObjectVersion:   Dev-Automation (0DF73D61-A23F-47EA-B727-89E90C41499A): 1
LogDevObjectVersion:   FortniteMain (601D1886-AC64-4F84-AA16-D3DE0DEAC7D6): 47
LogDevObjectVersion:   FortniteRelease (E7086368-6B23-4C58-8439-1B7016265E91): 1
LogDevObjectVersion:   Dev-Enterprise (9DFFBCD6-494F-0158-E221-12823C92A888): 10
LogDevObjectVersion:   Dev-Niagara (F2AED0AC-9AFE-416F-8664-AA7FFA26D6FC): 1
LogDevObjectVersion:   Dev-Destruction (174F1F0B-B4C6-45A5-B13F-2EE8D0FB917D): 10
LogDevObjectVersion:   Dev-Physics-Ext (35F94A83-E258-406C-A318-09F59610247C): 41
LogDevObjectVersion:   Dev-PhysicsMaterial-Chaos (B68FC16E-8B1B-42E2-B453-215C058844FE): 1
LogDevObjectVersion:   Dev-CineCamera (B2E18506-4273-CFC2-A54E-F4BB758BBA07): 1
LogDevObjectVersion:   Dev-VirtualProduction (64F58936-FD1B-42BA-BA96-7289D5D0FA4E): 1
LogDevObjectVersion:   Dev-MediaFramework (6F0ED827-A609-4895-9C91-998D90180EA4): 2
LogInit: Presizing for max 25165824 objects, including 0 objects not considered by GC, pre-allocating 0 bytes for permanent pool.
LogConfig: Applying CVar settings from Section [/Script/Engine.StreamingSettings] File [K:/Mastered/Trials/Trials/Saved/Config/Windows/Engine.ini]
LogConfig: Setting CVar [[s.MinBulkDataSizeForAsyncLoading:131072]]
LogConfig: Setting CVar [[s.AsyncLoadingThreadEnabled:0]]
LogConfig: Setting CVar [[s.EventDrivenLoaderEnabled:1]]
LogConfig: Setting CVar [[s.WarnIfTimeLimitExceeded:0]]
LogConfig: Setting CVar [[s.TimeLimitExceededMultiplier:1.5]]
LogConfig: Setting CVar [[s.TimeLimitExceededMinTime:0.005]]
LogConfig: Setting CVar [[s.UseBackgroundLevelStreaming:1]]
LogConfig: Setting CVar [[s.PriorityAsyncLoadingExtraTime:15.0]]
LogConfig: Setting CVar [[s.LevelStreamingActorsUpdateTimeLimit:5.0]]
LogConfig: Setting CVar [[s.PriorityLevelStreamingActorsUpdateExtraTime:5.0]]
LogConfig: Setting CVar [[s.LevelStreamingComponentsRegistrationGranularity:10]]
LogConfig: Setting CVar [[s.UnregisterComponentsTimeLimit:1.0]]
LogConfig: Setting CVar [[s.LevelStreamingComponentsUnregistrationGranularity:5]]
LogConfig: Setting CVar [[s.FlushStreamingOnExit:1]]
LogInit: Object subsystem initialized
LogConfig: Setting CVar [[con.DebugEarlyDefault:1]]
LogConfig: Setting CVar [[r.setres:1280x720]]
LogConfig: Setting CVar [[fx.NiagaraAllowRuntimeScalabilityChanges:1]]
[2022.06.06-12.28.41:521][  0]LogConfig: Setting CVar [[r.VSync:0]]
[2022.06.06-12.28.41:521][  0]LogConfig: Setting CVar [[r.RHICmdBypass:0]]
[2022.06.06-12.28.41:521][  0]LogConfig: Applying CVar settings from Section [/Script/Engine.RendererSettings] File [K:/Mastered/Trials/Trials/Saved/Config/Windows/Engine.ini]
[2022.06.06-12.28.41:521][  0]LogConfig: Setting CVar [[r.GPUCrashDebugging:0]]
[2022.06.06-12.28.41:521][  0]LogConfig: Applying CVar settings from Section [/Script/Engine.RendererOverrideSettings] File [K:/Mastered/Trials/Trials/Saved/Config/Windows/Engine.ini]
[2022.06.06-12.28.41:521][  0]LogConfig: Applying CVar settings from Section [/Script/Engine.StreamingSettings] File [K:/Mastered/Trials/Trials/Saved/Config/Windows/Engine.ini]
[2022.06.06-12.28.41:521][  0]LogConfig: Setting CVar [[s.MinBulkDataSizeForAsyncLoading:131072]]
[2022.06.06-12.28.41:522][  0]LogConfig: Setting CVar [[s.AsyncLoadingThreadEnabled:0]]
[2022.06.06-12.28.41:522][  0]LogConfig: Setting CVar [[s.EventDrivenLoaderEnabled:1]]
[2022.06.06-12.28.41:522][  0]LogConfig: Setting CVar [[s.WarnIfTimeLimitExceeded:0]]
[2022.06.06-12.28.41:522][  0]LogConfig: Setting CVar [[s.TimeLimitExceededMultiplier:1.5]]
[2022.06.06-12.28.41:522][  0]LogConfig: Setting CVar [[s.TimeLimitExceededMinTime:0.005]]
[2022.06.06-12.28.41:522][  0]LogConfig: Setting CVar [[s.UseBackgroundLevelStreaming:1]]
[2022.06.06-12.28.41:522][  0]LogConfig: Setting CVar [[s.PriorityAsyncLoadingExtraTime:15.0]]
[2022.06.06-12.28.41:522][  0]LogConfig: Setting CVar [[s.LevelStreamingActorsUpdateTimeLimit:5.0]]
[2022.06.06-12.28.41:523][  0]LogConfig: Setting CVar [[s.PriorityLevelStreamingActorsUpdateExtraTime:5.0]]
[2022.06.06-12.28.41:523][  0]LogConfig: Setting CVar [[s.LevelStreamingComponentsRegistrationGranularity:10]]
[2022.06.06-12.28.41:523][  0]LogConfig: Setting CVar [[s.UnregisterComponentsTimeLimit:1.0]]
[2022.06.06-12.28.41:523][  0]LogConfig: Setting CVar [[s.LevelStreamingComponentsUnregistrationGranularity:5]]
[2022.06.06-12.28.41:523][  0]LogConfig: Setting CVar [[s.FlushStreamingOnExit:1]]
[2022.06.06-12.28.41:523][  0]LogConfig: Applying CVar settings from Section [/Script/Engine.GarbageCollectionSettings] File [K:/Mastered/Trials/Trials/Saved/Config/Windows/Engine.ini]
[2022.06.06-12.28.41:523][  0]LogConfig: Setting CVar [[gc.MaxObjectsNotConsideredByGC:1]]
[2022.06.06-12.28.41:523][  0]LogConfig: Setting CVar [[gc.SizeOfPermanentObjectPool:0]]
[2022.06.06-12.28.41:523][  0]LogConfig: Setting CVar [[gc.FlushStreamingOnGC:0]]
[2022.06.06-12.28.41:523][  0]LogConfig: Setting CVar [[gc.NumRetriesBeforeForcingGC:10]]
[2022.06.06-12.28.41:523][  0]LogConfig: Setting CVar [[gc.AllowParallelGC:1]]
[2022.06.06-12.28.41:524][  0]LogConfig: Setting CVar [[gc.TimeBetweenPurgingPendingKillObjects:61.1]]
[2022.06.06-12.28.41:524][  0]LogConfig: Setting CVar [[gc.MaxObjectsInEditor:25165824]]
[2022.06.06-12.28.41:524][  0]LogConfig: Setting CVar [[gc.IncrementalBeginDestroyEnabled:1]]
[2022.06.06-12.28.41:524][  0]LogConfig: Setting CVar [[gc.CreateGCClusters:1]]
[2022.06.06-12.28.41:524][  0]LogConfig: Setting CVar [[gc.MinGCClusterSize:5]]
[2022.06.06-12.28.41:524][  0]LogConfig: Setting CVar [[gc.ActorClusteringEnabled:0]]
[2022.06.06-12.28.41:524][  0]LogConfig: Setting CVar [[gc.BlueprintClusteringEnabled:0]]
[2022.06.06-12.28.41:524][  0]LogConfig: Setting CVar [[gc.UseDisregardForGCOnDedicatedServers:0]]
[2022.06.06-12.28.41:524][  0]LogConfig: Setting CVar [[gc.MultithreadedDestructionEnabled:1]]
[2022.06.06-12.28.41:524][  0]LogConfig: Applying CVar settings from Section [/Script/Engine.NetworkSettings] File [K:/Mastered/Trials/Trials/Saved/Config/Windows/Engine.ini]
[2022.06.06-12.28.41:524][  0]LogConfig: Applying CVar settings from Section [/Script/UnrealEd.CookerSettings] File [K:/Mastered/Trials/Trials/Saved/Config/Windows/Engine.ini]
[2022.06.06-12.28.41:563][  0]LogConfig: Applying CVar settings from Section [ViewDistanceQuality@3] File [K:/Mastered/Trials/Trials/Saved/Config/Windows/Scalability.ini]
[2022.06.06-12.28.41:563][  0]LogConfig: Setting CVar [[r.SkeletalMeshLODBias:0]]
[2022.06.06-12.28.41:563][  0]LogConfig: Setting CVar [[r.ViewDistanceScale:1.0]]
[2022.06.06-12.28.41:564][  0]LogConfig: Applying CVar settings from Section [AntiAliasingQuality@3] File [K:/Mastered/Trials/Trials/Saved/Config/Windows/Scalability.ini]
[2022.06.06-12.28.41:564][  0]LogConfig: Setting CVar [[r.PostProcessAAQuality:4]]
[2022.06.06-12.28.41:564][  0]LogConfig: Applying CVar settings from Section [ShadowQuality@3] File [K:/Mastered/Trials/Trials/Saved/Config/Windows/Scalability.ini]
[2022.06.06-12.28.41:564][  0]LogConfig: Setting CVar [[r.LightFunctionQuality:1]]
[2022.06.06-12.28.41:564][  0]LogConfig: Setting CVar [[r.ShadowQuality:5]]
[2022.06.06-12.28.41:564][  0]LogConfig: Setting CVar [[r.Shadow.CSM.MaxCascades:10]]
[2022.06.06-12.28.41:564][  0]LogConfig: Setting CVar [[r.Shadow.MaxResolution:2048]]
[2022.06.06-12.28.41:564][  0]LogConfig: Setting CVar [[r.Shadow.MaxCSMResolution:2048]]
[2022.06.06-12.28.41:564][  0]LogConfig: Setting CVar [[r.Shadow.RadiusThreshold:0.01]]
[2022.06.06-12.28.41:565][  0]LogConfig: Setting CVar [[r.Shadow.DistanceScale:1.0]]
[2022.06.06-12.28.41:565][  0]LogConfig: Setting CVar [[r.Shadow.CSM.TransitionScale:1.0]]
[2022.06.06-12.28.41:565][  0]LogConfig: Setting CVar [[r.Shadow.PreShadowResolutionFactor:1.0]]
[2022.06.06-12.28.41:565][  0]LogConfig: Setting CVar [[r.DistanceFieldShadowing:1]]
[2022.06.06-12.28.41:565][  0]LogConfig: Setting CVar [[r.DistanceFieldAO:1]]
[2022.06.06-12.28.41:565][  0]LogConfig: Setting CVar [[r.AOQuality:2]]
[2022.06.06-12.28.41:565][  0]LogConfig: Setting CVar [[r.VolumetricFog:1]]
[2022.06.06-12.28.41:565][  0]LogConfig: Setting CVar [[r.VolumetricFog.GridPixelSize:8]]
[2022.06.06-12.28.41:565][  0]LogConfig: Setting CVar [[r.VolumetricFog.GridSizeZ:128]]
[2022.06.06-12.28.41:565][  0]LogConfig: Setting CVar [[r.VolumetricFog.HistoryMissSupersampleCount:4]]
[2022.06.06-12.28.41:565][  0]LogConfig: Setting CVar [[r.LightMaxDrawDistanceScale:1]]
[2022.06.06-12.28.41:566][  0]LogConfig: Setting CVar [[r.CapsuleShadows:1]]
[2022.06.06-12.28.41:566][  0]LogConfig: Applying CVar settings from Section [PostProcessQuality@3] File [K:/Mastered/Trials/Trials/Saved/Config/Windows/Scalability.ini]
[2022.06.06-12.28.41:566][  0]LogConfig: Setting CVar [[r.MotionBlurQuality:4]]
[2022.06.06-12.28.41:566][  0]LogConfig: Setting CVar [[r.AmbientOcclusionMipLevelFactor:0.4]]
[2022.06.06-12.28.41:566][  0]LogConfig: Setting CVar [[r.AmbientOcclusionMaxQuality:100]]
[2022.06.06-12.28.41:566][  0]LogConfig: Setting CVar [[r.AmbientOcclusionLevels:-1]]
[2022.06.06-12.28.41:566][  0]LogConfig: Setting CVar [[r.AmbientOcclusionRadiusScale:1.0]]
[2022.06.06-12.28.41:566][  0]LogConfig: Setting CVar [[r.DepthOfFieldQuality:2]]
[2022.06.06-12.28.41:566][  0]LogConfig: Setting CVar [[r.RenderTargetPoolMin:400]]
[2022.06.06-12.28.41:566][  0]LogConfig: Setting CVar [[r.LensFlareQuality:2]]
[2022.06.06-12.28.41:566][  0]LogConfig: Setting CVar [[r.SceneColorFringeQuality:1]]
[2022.06.06-12.28.41:567][  0]LogConfig: Setting CVar [[r.EyeAdaptationQuality:2]]
[2022.06.06-12.28.41:567][  0]LogConfig: Setting CVar [[r.BloomQuality:5]]
[2022.06.06-12.28.41:567][  0]LogConfig: Setting CVar [[r.FastBlurThreshold:100]]
[2022.06.06-12.28.41:567][  0]LogConfig: Setting CVar [[r.Upscale.Quality:3]]
[2022.06.06-12.28.41:567][  0]LogConfig: Setting CVar [[r.Tonemapper.GrainQuantization:1]]
[2022.06.06-12.28.41:567][  0]LogConfig: Setting CVar [[r.LightShaftQuality:1]]
[2022.06.06-12.28.41:567][  0]LogConfig: Setting CVar [[r.Filter.SizeScale:1]]
[2022.06.06-12.28.41:567][  0]LogConfig: Setting CVar [[r.Tonemapper.Quality:5]]
[2022.06.06-12.28.41:567][  0]LogConfig: Setting CVar [[r.DOF.Gather.AccumulatorQuality:1        ; higher gathering accumulator quality]]
[2022.06.06-12.28.41:567][  0]LogConfig: Setting CVar [[r.DOF.Gather.PostfilterMethod:1          ; Median3x3 postfilering method]]
[2022.06.06-12.28.41:567][  0]LogConfig: Setting CVar [[r.DOF.Gather.EnableBokehSettings:0       ; no bokeh simulation when gathering]]
[2022.06.06-12.28.41:568][  0]LogConfig: Setting CVar [[r.DOF.Gather.RingCount:4                 ; medium number of samples when gathering]]
[2022.06.06-12.28.41:568][  0]LogConfig: Setting CVar [[r.DOF.Scatter.ForegroundCompositing:1    ; additive foreground scattering]]
[2022.06.06-12.28.41:568][  0]LogConfig: Setting CVar [[r.DOF.Scatter.BackgroundCompositing:2    ; additive background scattering]]
[2022.06.06-12.28.41:568][  0]LogConfig: Setting CVar [[r.DOF.Scatter.EnableBokehSettings:1      ; bokeh simulation when scattering]]
[2022.06.06-12.28.41:568][  0]LogConfig: Setting CVar [[r.DOF.Scatter.MaxSpriteRatio:0.1         ; only a maximum of 10% of scattered bokeh]]
[2022.06.06-12.28.41:568][  0]LogConfig: Setting CVar [[r.DOF.Recombine.Quality:1                ; cheap slight out of focus]]
[2022.06.06-12.28.41:568][  0]LogConfig: Setting CVar [[r.DOF.Recombine.EnableBokehSettings:0    ; no bokeh simulation on slight out of focus]]
[2022.06.06-12.28.41:568][  0]LogConfig: Setting CVar [[r.DOF.TemporalAAQuality:1                ; more stable temporal accumulation]]
[2022.06.06-12.28.41:568][  0]LogConfig: Setting CVar [[r.DOF.Kernel.MaxForegroundRadius:0.025]]
[2022.06.06-12.28.41:568][  0]LogConfig: Setting CVar [[r.DOF.Kernel.MaxBackgroundRadius:0.025]]
[2022.06.06-12.28.41:568][  0]LogConfig: Applying CVar settings from Section [TextureQuality@3] File [K:/Mastered/Trials/Trials/Saved/Config/Windows/Scalability.ini]
[2022.06.06-12.28.41:569][  0]LogConfig: Setting CVar [[r.Streaming.MipBias:0]]
[2022.06.06-12.28.41:569][  0]LogConfig: Setting CVar [[r.Streaming.AmortizeCPUToGPUCopy:0]]
[2022.06.06-12.28.41:569][  0]LogConfig: Setting CVar [[r.Streaming.MaxNumTexturesToStreamPerFrame:0]]
[2022.06.06-12.28.41:569][  0]LogConfig: Setting CVar [[r.Streaming.Boost:1]]
[2022.06.06-12.28.41:569][  0]LogConfig: Setting CVar [[r.MaxAnisotropy:8]]
[2022.06.06-12.28.41:569][  0]LogConfig: Setting CVar [[r.VT.MaxAnisotropy:8]]
[2022.06.06-12.28.41:569][  0]LogConfig: Setting CVar [[r.Streaming.LimitPoolSizeToVRAM:0]]
[2022.06.06-12.28.41:569][  0]LogConfig: Setting CVar [[r.Streaming.PoolSize:1000]]
[2022.06.06-12.28.41:569][  0]LogConfig: Setting CVar [[r.Streaming.MaxEffectiveScreenSize:0]]
[2022.06.06-12.28.41:569][  0]LogConfig: Applying CVar settings from Section [EffectsQuality@3] File [K:/Mastered/Trials/Trials/Saved/Config/Windows/Scalability.ini]
[2022.06.06-12.28.41:569][  0]LogConfig: Setting CVar [[r.TranslucencyLightingVolumeDim:64]]
[2022.06.06-12.28.41:570][  0]LogConfig: Setting CVar [[r.RefractionQuality:2]]
[2022.06.06-12.28.41:570][  0]LogConfig: Setting CVar [[r.SSR.Quality:3]]
[2022.06.06-12.28.41:570][  0]LogConfig: Setting CVar [[r.SSR.HalfResSceneColor:0]]
[2022.06.06-12.28.41:570][  0]LogConfig: Setting CVar [[r.SceneColorFormat:4]]
[2022.06.06-12.28.41:570][  0]LogConfig: Setting CVar [[r.DetailMode:2]]
[2022.06.06-12.28.41:570][  0]LogConfig: Setting CVar [[r.TranslucencyVolumeBlur:1]]
[2022.06.06-12.28.41:570][  0]LogConfig: Setting CVar [[r.MaterialQualityLevel:1 ; High quality]]
[2022.06.06-12.28.41:570][  0]LogConfig: Setting CVar [[r.AnisotropicMaterials:1]]
[2022.06.06-12.28.41:570][  0]LogConfig: Setting CVar [[r.SSS.Scale:1]]
[2022.06.06-12.28.41:570][  0]LogConfig: Setting CVar [[r.SSS.SampleSet:2]]
[2022.06.06-12.28.41:570][  0]LogConfig: Setting CVar [[r.SSS.Quality:1]]
[2022.06.06-12.28.41:571][  0]LogConfig: Setting CVar [[r.SSS.HalfRes:0]]
[2022.06.06-12.28.41:571][  0]LogConfig: Setting CVar [[r.SSGI.Quality:3]]
[2022.06.06-12.28.41:571][  0]LogConfig: Setting CVar [[r.EmitterSpawnRateScale:1.0]]
[2022.06.06-12.28.41:571][  0]LogConfig: Setting CVar [[r.ParticleLightQuality:2]]
[2022.06.06-12.28.41:571][  0]LogConfig: Setting CVar [[r.SkyAtmosphere.AerialPerspectiveLUT.FastApplyOnOpaque:1 ; Always have FastSkyLUT 1 in this case to avoid wrong sky]]
[2022.06.06-12.28.41:571][  0]LogConfig: Setting CVar [[r.SkyAtmosphere.AerialPerspectiveLUT.SampleCountMaxPerSlice:4]]
[2022.06.06-12.28.41:571][  0]LogConfig: Setting CVar [[r.SkyAtmosphere.AerialPerspectiveLUT.DepthResolution:16.0]]
[2022.06.06-12.28.41:571][  0]LogConfig: Setting CVar [[r.SkyAtmosphere.FastSkyLUT:1]]
[2022.06.06-12.28.41:571][  0]LogConfig: Setting CVar [[r.SkyAtmosphere.FastSkyLUT.SampleCountMin:4.0]]
[2022.06.06-12.28.41:571][  0]LogConfig: Setting CVar [[r.SkyAtmosphere.FastSkyLUT.SampleCountMax:128.0]]
[2022.06.06-12.28.41:572][  0]LogConfig: Setting CVar [[r.SkyAtmosphere.SampleCountMin:4.0]]
[2022.06.06-12.28.41:572][  0]LogConfig: Setting CVar [[r.SkyAtmosphere.SampleCountMax:128.0]]
[2022.06.06-12.28.41:572][  0]LogConfig: Setting CVar [[r.SkyAtmosphere.TransmittanceLUT.UseSmallFormat:0]]
[2022.06.06-12.28.41:572][  0]LogConfig: Setting CVar [[r.SkyAtmosphere.TransmittanceLUT.SampleCount:10.0]]
[2022.06.06-12.28.41:572][  0]LogConfig: Setting CVar [[r.SkyAtmosphere.MultiScatteringLUT.SampleCount:15.0]]
[2022.06.06-12.28.41:572][  0]LogConfig: Setting CVar [[r.SkyLight.RealTimeReflectionCapture:1]]
[2022.06.06-12.28.41:572][  0]LogConfig: Setting CVar [[fx.Niagara.QualityLevel:3]]
[2022.06.06-12.28.41:572][  0]LogConfig: Applying CVar settings from Section [FoliageQuality@3] File [K:/Mastered/Trials/Trials/Saved/Config/Windows/Scalability.ini]
[2022.06.06-12.28.41:573][  0]LogConfig: Setting CVar [[foliage.DensityScale:1.0]]
[2022.06.06-12.28.41:573][  0]LogConfig: Setting CVar [[grass.DensityScale:1.0]]
[2022.06.06-12.28.41:573][  0]LogConfig: Applying CVar settings from Section [ShadingQuality@3] File [K:/Mastered/Trials/Trials/Saved/Config/Windows/Scalability.ini]
[2022.06.06-12.28.41:573][  0]LogConfig: Setting CVar [[r.HairStrands.SkyLighting.IntegrationType:2]]
[2022.06.06-12.28.41:573][  0]LogConfig: Setting CVar [[r.HairStrands.SkyAO.SampleCount:4]]
[2022.06.06-12.28.41:573][  0]LogConfig: Setting CVar [[r.HairStrands.Visibility.MSAA.SamplePerPixel:4]]
[2022.06.06-12.28.41:573][  0]LogConfig: Setting CVar [[r.HairStrands.Interpolation.UseSingleGuide:0]]
[2022.06.06-12.28.41:573][  0]LogInit: Selected Device Profile: [Windows]
[2022.06.06-12.28.41:573][  0]LogInit: Applying CVar settings loaded from the selected device profile: [Windows]
[2022.06.06-12.28.41:573][  0]LogHAL: Display: Platform has ~ 32 GB [34265247744 / 34359738368 / 32], which maps to Largest [LargestMinGB=32, LargerMinGB=12, DefaultMinGB=8, SmallerMinGB=6, SmallestMinGB=0)
[2022.06.06-12.28.41:574][  0]LogInit: Going up to parent DeviceProfile []
[2022.06.06-12.28.41:574][  0]LogConfig: Applying CVar settings from Section [ViewDistanceQuality@3] File [K:/Mastered/Trials/Trials/Saved/Config/Windows/Scalability.ini]
[2022.06.06-12.28.41:574][  0]LogConfig: Setting CVar [[r.SkeletalMeshLODBias:0]]
[2022.06.06-12.28.41:574][  0]LogConfig: Setting CVar [[r.ViewDistanceScale:1.0]]
[2022.06.06-12.28.41:574][  0]LogConfig: Applying CVar settings from Section [AntiAliasingQuality@3] File [K:/Mastered/Trials/Trials/Saved/Config/Windows/Scalability.ini]
[2022.06.06-12.28.41:574][  0]LogConfig: Setting CVar [[r.PostProcessAAQuality:4]]
[2022.06.06-12.28.41:574][  0]LogConfig: Applying CVar settings from Section [ShadowQuality@3] File [K:/Mastered/Trials/Trials/Saved/Config/Windows/Scalability.ini]
[2022.06.06-12.28.41:574][  0]LogConfig: Setting CVar [[r.LightFunctionQuality:1]]
[2022.06.06-12.28.41:574][  0]LogConfig: Setting CVar [[r.ShadowQuality:5]]
[2022.06.06-12.28.41:574][  0]LogConfig: Setting CVar [[r.Shadow.CSM.MaxCascades:10]]
[2022.06.06-12.28.41:574][  0]LogConfig: Setting CVar [[r.Shadow.MaxResolution:2048]]
[2022.06.06-12.28.41:575][  0]LogConfig: Setting CVar [[r.Shadow.MaxCSMResolution:2048]]
[2022.06.06-12.28.41:575][  0]LogConfig: Setting CVar [[r.Shadow.RadiusThreshold:0.01]]
[2022.06.06-12.28.41:575][  0]LogConfig: Setting CVar [[r.Shadow.DistanceScale:1.0]]
[2022.06.06-12.28.41:575][  0]LogConfig: Setting CVar [[r.Shadow.CSM.TransitionScale:1.0]]
[2022.06.06-12.28.41:575][  0]LogConfig: Setting CVar [[r.Shadow.PreShadowResolutionFactor:1.0]]
[2022.06.06-12.28.41:575][  0]LogConfig: Setting CVar [[r.DistanceFieldShadowing:1]]
[2022.06.06-12.28.41:575][  0]LogConfig: Setting CVar [[r.DistanceFieldAO:1]]
[2022.06.06-12.28.41:575][  0]LogConfig: Setting CVar [[r.AOQuality:2]]
[2022.06.06-12.28.41:575][  0]LogConfig: Setting CVar [[r.VolumetricFog:1]]
[2022.06.06-12.28.41:575][  0]LogConfig: Setting CVar [[r.VolumetricFog.GridPixelSize:8]]
[2022.06.06-12.28.41:575][  0]LogConfig: Setting CVar [[r.VolumetricFog.GridSizeZ:128]]
[2022.06.06-12.28.41:576][  0]LogConfig: Setting CVar [[r.VolumetricFog.HistoryMissSupersampleCount:4]]
[2022.06.06-12.28.41:576][  0]LogConfig: Setting CVar [[r.LightMaxDrawDistanceScale:1]]
[2022.06.06-12.28.41:576][  0]LogConfig: Setting CVar [[r.CapsuleShadows:1]]
[2022.06.06-12.28.41:576][  0]LogConfig: Applying CVar settings from Section [PostProcessQuality@3] File [K:/Mastered/Trials/Trials/Saved/Config/Windows/Scalability.ini]
[2022.06.06-12.28.41:576][  0]LogConfig: Setting CVar [[r.MotionBlurQuality:4]]
[2022.06.06-12.28.41:576][  0]LogConfig: Setting CVar [[r.AmbientOcclusionMipLevelFactor:0.4]]
[2022.06.06-12.28.41:576][  0]LogConfig: Setting CVar [[r.AmbientOcclusionMaxQuality:100]]
[2022.06.06-12.28.41:576][  0]LogConfig: Setting CVar [[r.AmbientOcclusionLevels:-1]]
[2022.06.06-12.28.41:576][  0]LogConfig: Setting CVar [[r.AmbientOcclusionRadiusScale:1.0]]
[2022.06.06-12.28.41:576][  0]LogConfig: Setting CVar [[r.DepthOfFieldQuality:2]]
[2022.06.06-12.28.41:576][  0]LogConfig: Setting CVar [[r.RenderTargetPoolMin:400]]
[2022.06.06-12.28.41:576][  0]LogConfig: Setting CVar [[r.LensFlareQuality:2]]
[2022.06.06-12.28.41:577][  0]LogConfig: Setting CVar [[r.SceneColorFringeQuality:1]]
[2022.06.06-12.28.41:577][  0]LogConfig: Setting CVar [[r.EyeAdaptationQuality:2]]
[2022.06.06-12.28.41:577][  0]LogConfig: Setting CVar [[r.BloomQuality:5]]
[2022.06.06-12.28.41:577][  0]LogConfig: Setting CVar [[r.FastBlurThreshold:100]]
[2022.06.06-12.28.41:577][  0]LogConfig: Setting CVar [[r.Upscale.Quality:3]]
[2022.06.06-12.28.41:577][  0]LogConfig: Setting CVar [[r.Tonemapper.GrainQuantization:1]]
[2022.06.06-12.28.41:577][  0]LogConfig: Setting CVar [[r.LightShaftQuality:1]]
[2022.06.06-12.28.41:577][  0]LogConfig: Setting CVar [[r.Filter.SizeScale:1]]
[2022.06.06-12.28.41:577][  0]LogConfig: Setting CVar [[r.Tonemapper.Quality:5]]
[2022.06.06-12.28.41:577][  0]LogConfig: Setting CVar [[r.DOF.Gather.AccumulatorQuality:1        ; higher gathering accumulator quality]]
[2022.06.06-12.28.41:577][  0]LogConfig: Setting CVar [[r.DOF.Gather.PostfilterMethod:1          ; Median3x3 postfilering method]]
[2022.06.06-12.28.41:577][  0]LogConfig: Setting CVar [[r.DOF.Gather.EnableBokehSettings:0       ; no bokeh simulation when gathering]]
[2022.06.06-12.28.41:577][  0]LogConfig: Setting CVar [[r.DOF.Gather.RingCount:4                 ; medium number of samples when gathering]]
[2022.06.06-12.28.41:578][  0]LogConfig: Setting CVar [[r.DOF.Scatter.ForegroundCompositing:1    ; additive foreground scattering]]
[2022.06.06-12.28.41:578][  0]LogConfig: Setting CVar [[r.DOF.Scatter.BackgroundCompositing:2    ; additive background scattering]]
[2022.06.06-12.28.41:578][  0]LogConfig: Setting CVar [[r.DOF.Scatter.EnableBokehSettings:1      ; bokeh simulation when scattering]]
[2022.06.06-12.28.41:578][  0]LogConfig: Setting CVar [[r.DOF.Scatter.MaxSpriteRatio:0.1         ; only a maximum of 10% of scattered bokeh]]
[2022.06.06-12.28.41:578][  0]LogConfig: Setting CVar [[r.DOF.Recombine.Quality:1                ; cheap slight out of focus]]
[2022.06.06-12.28.41:578][  0]LogConfig: Setting CVar [[r.DOF.Recombine.EnableBokehSettings:0    ; no bokeh simulation on slight out of focus]]
[2022.06.06-12.28.41:578][  0]LogConfig: Setting CVar [[r.DOF.TemporalAAQuality:1                ; more stable temporal accumulation]]
[2022.06.06-12.28.41:578][  0]LogConfig: Setting CVar [[r.DOF.Kernel.MaxForegroundRadius:0.025]]
[2022.06.06-12.28.41:578][  0]LogConfig: Setting CVar [[r.DOF.Kernel.MaxBackgroundRadius:0.025]]
[2022.06.06-12.28.41:578][  0]LogConfig: Applying CVar settings from Section [TextureQuality@3] File [K:/Mastered/Trials/Trials/Saved/Config/Windows/Scalability.ini]
[2022.06.06-12.28.41:578][  0]LogConfig: Setting CVar [[r.Streaming.MipBias:0]]
[2022.06.06-12.28.41:578][  0]LogConfig: Setting CVar [[r.Streaming.AmortizeCPUToGPUCopy:0]]
[2022.06.06-12.28.41:579][  0]LogConfig: Setting CVar [[r.Streaming.MaxNumTexturesToStreamPerFrame:0]]
[2022.06.06-12.28.41:579][  0]LogConfig: Setting CVar [[r.Streaming.Boost:1]]
[2022.06.06-12.28.41:579][  0]LogConfig: Setting CVar [[r.MaxAnisotropy:8]]
[2022.06.06-12.28.41:579][  0]LogConfig: Setting CVar [[r.VT.MaxAnisotropy:8]]
[2022.06.06-12.28.41:579][  0]LogConfig: Setting CVar [[r.Streaming.LimitPoolSizeToVRAM:0]]
[2022.06.06-12.28.41:579][  0]LogConfig: Setting CVar [[r.Streaming.PoolSize:1000]]
[2022.06.06-12.28.41:579][  0]LogConfig: Setting CVar [[r.Streaming.MaxEffectiveScreenSize:0]]
[2022.06.06-12.28.41:579][  0]LogConfig: Applying CVar settings from Section [EffectsQuality@3] File [K:/Mastered/Trials/Trials/Saved/Config/Windows/Scalability.ini]
[2022.06.06-12.28.41:579][  0]LogConfig: Setting CVar [[r.TranslucencyLightingVolumeDim:64]]
[2022.06.06-12.28.41:579][  0]LogConfig: Setting CVar [[r.RefractionQuality:2]]
[2022.06.06-12.28.41:579][  0]LogConfig: Setting CVar [[r.SSR.Quality:3]]
[2022.06.06-12.28.41:580][  0]LogConfig: Setting CVar [[r.SSR.HalfResSceneColor:0]]
[2022.06.06-12.28.41:580][  0]LogConfig: Setting CVar [[r.SceneColorFormat:4]]
[2022.06.06-12.28.41:580][  0]LogConfig: Setting CVar [[r.DetailMode:2]]
[2022.06.06-12.28.41:580][  0]LogConfig: Setting CVar [[r.TranslucencyVolumeBlur:1]]
[2022.06.06-12.28.41:580][  0]LogConfig: Setting CVar [[r.MaterialQualityLevel:1 ; High quality]]
[2022.06.06-12.28.41:580][  0]LogConfig: Setting CVar [[r.AnisotropicMaterials:1]]
[2022.06.06-12.28.41:580][  0]LogConfig: Setting CVar [[r.SSS.Scale:1]]
[2022.06.06-12.28.41:580][  0]LogConfig: Setting CVar [[r.SSS.SampleSet:2]]
[2022.06.06-12.28.41:580][  0]LogConfig: Setting CVar [[r.SSS.Quality:1]]
[2022.06.06-12.28.41:580][  0]LogConfig: Setting CVar [[r.SSS.HalfRes:0]]
[2022.06.06-12.28.41:580][  0]LogConfig: Setting CVar [[r.SSGI.Quality:3]]
[2022.06.06-12.28.41:581][  0]LogConfig: Setting CVar [[r.EmitterSpawnRateScale:1.0]]
[2022.06.06-12.28.41:581][  0]LogConfig: Setting CVar [[r.ParticleLightQuality:2]]
[2022.06.06-12.28.41:581][  0]LogConfig: Setting CVar [[r.SkyAtmosphere.AerialPerspectiveLUT.FastApplyOnOpaque:1 ; Always have FastSkyLUT 1 in this case to avoid wrong sky]]
[2022.06.06-12.28.41:581][  0]LogConfig: Setting CVar [[r.SkyAtmosphere.AerialPerspectiveLUT.SampleCountMaxPerSlice:4]]
[2022.06.06-12.28.41:581][  0]LogConfig: Setting CVar [[r.SkyAtmosphere.AerialPerspectiveLUT.DepthResolution:16.0]]
[2022.06.06-12.28.41:581][  0]LogConfig: Setting CVar [[r.SkyAtmosphere.FastSkyLUT:1]]
[2022.06.06-12.28.41:581][  0]LogConfig: Setting CVar [[r.SkyAtmosphere.FastSkyLUT.SampleCountMin:4.0]]
[2022.06.06-12.28.41:581][  0]LogConfig: Setting CVar [[r.SkyAtmosphere.FastSkyLUT.SampleCountMax:128.0]]
[2022.06.06-12.28.41:581][  0]LogConfig: Setting CVar [[r.SkyAtmosphere.SampleCountMin:4.0]]
[2022.06.06-12.28.41:582][  0]LogConfig: Setting CVar [[r.SkyAtmosphere.SampleCountMax:128.0]]
[2022.06.06-12.28.41:582][  0]LogConfig: Setting CVar [[r.SkyAtmosphere.TransmittanceLUT.UseSmallFormat:0]]
[2022.06.06-12.28.41:582][  0]LogConfig: Setting CVar [[r.SkyAtmosphere.TransmittanceLUT.SampleCount:10.0]]
[2022.06.06-12.28.41:582][  0]LogConfig: Setting CVar [[r.SkyAtmosphere.MultiScatteringLUT.SampleCount:15.0]]
[2022.06.06-12.28.41:582][  0]LogConfig: Setting CVar [[r.SkyLight.RealTimeReflectionCapture:1]]
[2022.06.06-12.28.41:582][  0]LogConfig: Setting CVar [[fx.Niagara.QualityLevel:3]]
[2022.06.06-12.28.41:582][  0]LogConfig: Applying CVar settings from Section [FoliageQuality@3] File [K:/Mastered/Trials/Trials/Saved/Config/Windows/Scalability.ini]
[2022.06.06-12.28.41:582][  0]LogConfig: Setting CVar [[foliage.DensityScale:1.0]]
[2022.06.06-12.28.41:582][  0]LogConfig: Setting CVar [[grass.DensityScale:1.0]]
[2022.06.06-12.28.41:583][  0]LogConfig: Applying CVar settings from Section [ShadingQuality@3] File [K:/Mastered/Trials/Trials/Saved/Config/Windows/Scalability.ini]
[2022.06.06-12.28.41:583][  0]LogConfig: Setting CVar [[r.HairStrands.SkyLighting.IntegrationType:2]]
[2022.06.06-12.28.41:583][  0]LogConfig: Setting CVar [[r.HairStrands.SkyAO.SampleCount:4]]
[2022.06.06-12.28.41:583][  0]LogConfig: Setting CVar [[r.HairStrands.Visibility.MSAA.SamplePerPixel:4]]
[2022.06.06-12.28.41:583][  0]LogConfig: Setting CVar [[r.HairStrands.Interpolation.UseSingleGuide:0]]
[2022.06.06-12.28.41:583][  0]LogConfig: Applying CVar settings from Section [Startup] File [../../../Engine/Config/ConsoleVariables.ini]
[2022.06.06-12.28.41:583][  0]LogConfig: Setting CVar [[net.UseAdaptiveNetUpdateFrequency:0]]
[2022.06.06-12.28.41:584][  0]LogConfig: Setting CVar [[p.chaos.AllowCreatePhysxBodies:1]]
[2022.06.06-12.28.41:584][  0]LogConfig: Setting CVar [[fx.SkipVectorVMBackendOptimizations:1]]
[2022.06.06-12.28.41:584][  0]LogConfig: Applying CVar settings from Section [ConsoleVariables] File [K:/Mastered/Trials/Trials/Saved/Config/Windows/Engine.ini]
[2022.06.06-12.28.41:584][  0]LogConfig: Applying CVar settings from Section [ConsoleVariables] File [K:/Mastered/Trials/Trials/Saved/Config/Windows/Editor.ini]
[2022.06.06-12.28.41:584][  0]LogInit: Computer: DESKTOP-70BM0B7
[2022.06.06-12.28.41:584][  0]LogInit: User: zilla
[2022.06.06-12.28.41:584][  0]LogInit: CPU Page size=4096, Cores=12
[2022.06.06-12.28.41:584][  0]LogInit: High frequency timer resolution =10.000000 MHz
[2022.06.06-12.28.41:585][  0]LogMemory: Memory total: Physical=31.9GB (32GB approx)
[2022.06.06-12.28.41:585][  0]LogMemory: Platform Memory Stats for Windows
[2022.06.06-12.28.41:585][  0]LogMemory: Process Physical Memory: 156.80 MB used, 156.80 MB peak
[2022.06.06-12.28.41:585][  0]LogMemory: Process Virtual Memory: 136.75 MB used, 136.75 MB peak
[2022.06.06-12.28.41:585][  0]LogMemory: Physical Memory: 17590.36 MB used,  15087.53 MB free, 32677.89 MB total
[2022.06.06-12.28.41:585][  0]LogMemory: Virtual Memory: 134199808.00 MB used,  17915.97 MB free, 134217728.00 MB total
[2022.06.06-12.28.41:903][  0]LogWindows: WindowsPlatformFeatures enabled
[2022.06.06-12.28.41:947][  0]LogInit: Physics initialised using underlying interface: Chaos
[2022.06.06-12.28.41:948][  0]LogInit: Using OS detected language (en-GB).
[2022.06.06-12.28.41:948][  0]LogInit: Using OS detected locale (en-GB).
[2022.06.06-12.28.41:955][  0]LogTextLocalizationManager: No specific localization for 'en-GB' exists, so the 'en' localization will be used.
[2022.06.06-12.28.42:164][  0]LogInit: Setting process to per monitor DPI aware
[2022.06.06-12.28.42:238][  0]LogWindowsTextInputMethodSystem: Display: IME system deactivated.
[2022.06.06-12.28.42:271][  0]LogSlate: New Slate User Created.  User Index 0, Is Virtual User: 0
[2022.06.06-12.28.42:272][  0]LogSlate: Slate User Registered.  User Index 0, Is Virtual User: 0
[2022.06.06-12.28.42:451][  0]LogD3D11RHI: Loaded GFSDK_Aftermath_Lib.x64.dll
[2022.06.06-12.28.42:458][  0]LogHMD: Failed to initialize OpenVR with code 110
[2022.06.06-12.28.42:458][  0]LogD3D11RHI: D3D11 min allowed feature level: 11_0
[2022.06.06-12.28.42:458][  0]LogD3D11RHI: D3D11 max allowed feature level: 11_0
[2022.06.06-12.28.42:459][  0]LogD3D11RHI: D3D11 adapters:
[2022.06.06-12.28.42:603][  0]LogD3D11RHI:    0. 'NVIDIA GeForce RTX 3080 Ti' (Feature Level 11_0)
[2022.06.06-12.28.42:603][  0]LogD3D11RHI:       12108/0/16338 MB DedicatedVideo/DedicatedSystem/SharedSystem, Outputs:2, VendorId:0x10de
[2022.06.06-12.28.42:610][  0]LogD3D11RHI:    1. 'Microsoft Basic Render Driver' (Feature Level 11_0)
[2022.06.06-12.28.42:611][  0]LogD3D11RHI:       0/0/16338 MB DedicatedVideo/DedicatedSystem/SharedSystem, Outputs:0, VendorId:0x1414
[2022.06.06-12.28.42:611][  0]LogD3D11RHI: Chosen D3D11 Adapter:
[2022.06.06-12.28.42:611][  0]LogD3D11RHI:     Description : NVIDIA GeForce RTX 3080 Ti
[2022.06.06-12.28.42:611][  0]LogD3D11RHI:     VendorId    : 10de
[2022.06.06-12.28.42:611][  0]LogD3D11RHI:     DeviceId    : 2208
[2022.06.06-12.28.42:611][  0]LogD3D11RHI:     SubSysId    : 40881458
[2022.06.06-12.28.42:611][  0]LogD3D11RHI:     Revision    : 00a1
[2022.06.06-12.28.42:611][  0]LogD3D11RHI:     DedicatedVideoMemory : 12696158208 bytes
[2022.06.06-12.28.42:611][  0]LogD3D11RHI:     DedicatedSystemMemory : 0 bytes
[2022.06.06-12.28.42:611][  0]LogD3D11RHI:     SharedSystemMemory : 17132623872 bytes
[2022.06.06-12.28.42:612][  0]LogD3D11RHI:     AdapterLuid : 0 81994
[2022.06.06-12.28.42:619][  0]LogD3D11RHI: Creating new Direct3DDevice
[2022.06.06-12.28.42:619][  0]LogD3D11RHI:     GPU DeviceId: 0x2208 (for the marketing name, search the web for "GPU Device Id")
[2022.06.06-12.28.42:619][  0]LogWindows: EnumDisplayDevices:
[2022.06.06-12.28.42:619][  0]LogWindows:    0. 'NVIDIA GeForce RTX 3080 Ti' (P:0 D:1)
[2022.06.06-12.28.42:620][  0]LogWindows:    1. 'NVIDIA GeForce RTX 3080 Ti' (P:1 D:1)
[2022.06.06-12.28.42:620][  0]LogWindows:    2. 'NVIDIA GeForce RTX 3080 Ti' (P:0 D:0)
[2022.06.06-12.28.42:620][  0]LogWindows:    3. 'NVIDIA GeForce RTX 3080 Ti' (P:0 D:0)
[2022.06.06-12.28.42:621][  0]LogWindows: DebugString: FoundDriverCount:4 
[2022.06.06-12.28.42:621][  0]LogD3D11RHI:     Adapter Name: NVIDIA GeForce RTX 3080 Ti
[2022.06.06-12.28.42:621][  0]LogD3D11RHI:   Driver Version: 512.59 (internal:30.0.15.1259, unified:512.59)
[2022.06.06-12.28.42:621][  0]LogD3D11RHI:      Driver Date: 4-20-2022
[2022.06.06-12.28.42:621][  0]LogRHI: Texture pool is 8475 MB (70% of 12108 MB)
[2022.06.06-12.28.42:621][  0]LogD3D11RHI: Creating D3DDevice using adapter:
[2022.06.06-12.28.42:621][  0]LogD3D11RHI:     Description : NVIDIA GeForce RTX 3080 Ti
[2022.06.06-12.28.42:621][  0]LogD3D11RHI:     VendorId    : 10de
[2022.06.06-12.28.42:621][  0]LogD3D11RHI:     DeviceId    : 2208
[2022.06.06-12.28.42:621][  0]LogD3D11RHI:     SubSysId    : 40881458
[2022.06.06-12.28.42:621][  0]LogD3D11RHI:     Revision    : 00a1
[2022.06.06-12.28.42:622][  0]LogD3D11RHI:     DedicatedVideoMemory : 12696158208 bytes
[2022.06.06-12.28.42:622][  0]LogD3D11RHI:     DedicatedSystemMemory : 0 bytes
[2022.06.06-12.28.42:622][  0]LogD3D11RHI:     SharedSystemMemory : 17132623872 bytes
[2022.06.06-12.28.42:622][  0]LogD3D11RHI:     AdapterLuid : 0 81994
[2022.06.06-12.28.42:704][  0]LogD3D11RHI: RHI has support for 64 bit atomics
[2022.06.06-12.28.42:704][  0]LogD3D11RHI: Async texture creation enabled
[2022.06.06-12.28.42:704][  0]LogD3D11RHI: Array index from any shader is supported
[2022.06.06-12.28.42:706][  0]LogD3D11RHI: HDR output is supported on display 0 (NvId: 0x80061081).
[2022.06.06-12.28.42:723][  0]LogD3D11RHI: GPU Timing Frequency: 1000.000000 (Debug: 2 1)
[2022.06.06-12.28.42:755][  0]LogRHI: GeForceNow SDK initialized: 1
[2022.06.06-12.28.43:047][  0]LogTargetPlatformManager: Display: Loaded TargetPlatform 'AllDesktop'
[2022.06.06-12.28.43:073][  0]LogTargetPlatformManager: Display: Loaded TargetPlatform 'Android'
[2022.06.06-12.28.43:073][  0]LogTargetPlatformManager: Display: Loaded TargetPlatform 'Android_ASTC'
[2022.06.06-12.28.43:073][  0]LogTargetPlatformManager: Display: Loaded TargetPlatform 'Android_DXT'
[2022.06.06-12.28.43:073][  0]LogTargetPlatformManager: Display: Loaded TargetPlatform 'Android_ETC2'
[2022.06.06-12.28.43:073][  0]LogTargetPlatformManager: Display: Loaded TargetPlatform 'AndroidClient'
[2022.06.06-12.28.43:074][  0]LogTargetPlatformManager: Display: Loaded TargetPlatform 'Android_ASTCClient'
[2022.06.06-12.28.43:074][  0]LogTargetPlatformManager: Display: Loaded TargetPlatform 'Android_DXTClient'
[2022.06.06-12.28.43:074][  0]LogTargetPlatformManager: Display: Loaded TargetPlatform 'Android_ETC2Client'
[2022.06.06-12.28.43:074][  0]LogTargetPlatformManager: Display: Loaded TargetPlatform 'Android_Multi'
[2022.06.06-12.28.43:074][  0]LogTargetPlatformManager: Display: Loaded TargetPlatform 'Android_MultiClient'
[2022.06.06-12.28.43:107][  0]LogTargetPlatformManager: Display: Loaded TargetPlatform 'IOSClient'
[2022.06.06-12.28.43:107][  0]LogTargetPlatformManager: Display: Loaded TargetPlatform 'IOS'
[2022.06.06-12.28.43:121][  0]LogTargetPlatformManager: Display: Loaded TargetPlatform 'Linux'
[2022.06.06-12.28.43:131][  0]LogTargetPlatformManager: Display: Loaded TargetPlatform 'LinuxNoEditor'
[2022.06.06-12.28.43:140][  0]LogTargetPlatformManager: Display: Loaded TargetPlatform 'LinuxClient'
[2022.06.06-12.28.43:149][  0]LogTargetPlatformManager: Display: Loaded TargetPlatform 'LinuxServer'
[2022.06.06-12.28.43:164][  0]LogTargetPlatformManager: Display: Loaded TargetPlatform 'LinuxAArch64NoEditor'
[2022.06.06-12.28.43:174][  0]LogTargetPlatformManager: Display: Loaded TargetPlatform 'LinuxAArch64Client'
[2022.06.06-12.28.43:184][  0]LogTargetPlatformManager: Display: Loaded TargetPlatform 'LinuxAArch64Server'
[2022.06.06-12.28.43:210][  0]LogTargetPlatformManager: Display: Loaded TargetPlatform 'Lumin'
[2022.06.06-12.28.43:210][  0]LogTargetPlatformManager: Display: Loaded TargetPlatform 'LuminClient'
[2022.06.06-12.28.43:224][  0]LogTargetPlatformManager: Display: Loaded TargetPlatform 'MacNoEditor'
[2022.06.06-12.28.43:233][  0]LogTargetPlatformManager: Display: Loaded TargetPlatform 'Mac'
[2022.06.06-12.28.43:242][  0]LogTargetPlatformManager: Display: Loaded TargetPlatform 'MacClient'
[2022.06.06-12.28.43:252][  0]LogTargetPlatformManager: Display: Loaded TargetPlatform 'MacServer'
[2022.06.06-12.28.43:266][  0]LogTargetPlatformManager: Display: Loaded TargetPlatform 'TVOSClient'
[2022.06.06-12.28.43:266][  0]LogTargetPlatformManager: Display: Loaded TargetPlatform 'TVOS'
[2022.06.06-12.28.43:281][  0]LogTargetPlatformManager: Display: Loaded TargetPlatform 'WindowsNoEditor'
[2022.06.06-12.28.43:292][  0]LogTargetPlatformManager: Display: Loaded TargetPlatform 'Windows'
[2022.06.06-12.28.43:301][  0]LogTargetPlatformManager: Display: Loaded TargetPlatform 'WindowsClient'
[2022.06.06-12.28.43:311][  0]LogTargetPlatformManager: Display: Loaded TargetPlatform 'WindowsServer'
[2022.06.06-12.28.43:312][  0]LogTargetPlatformManager: Display: Building Assets For Windows
[2022.06.06-12.28.43:345][  0]LogAudioDebug: Display: Lib vorbis DLL was dynamically loaded.
[2022.06.06-12.28.43:456][  0]LogTextureFormatOodle: Display: Oodle Texture 2.9.0 init RDO Off
[2022.06.06-12.28.43:549][  0]LogRendererCore: Ray tracing is disabled. Reason: r.RayTracing=0.
[2022.06.06-12.28.43:549][  0]LogShaderCompilers: Guid format shader working directory is 20 characters bigger than the processId version (K:/Mastered/Trials/Trials/Intermediate/Shaders/WorkingDirectory/25484/).
[2022.06.06-12.28.43:550][  0]LogShaderCompilers: Cleaned the shader compiler working directory 'C:/Users/zilla/AppData/Local/Temp/UnrealShaderWorkingDir/31847FB54BE0F0BCDC81FDBAB88EA92B/'.
[2022.06.06-12.28.43:550][  0]LogXGEController: Cannot use XGE Controller as Incredibuild is not installed on this machine.
[2022.06.06-12.28.43:550][  0]LogShaderCompilers: Cannot use XGE Shader Compiler as Incredibuild is not installed on this machine.
[2022.06.06-12.28.43:550][  0]LogShaderCompilers: Display: Using Local Shader Compiler.
[2022.06.06-12.28.44:247][  0]LogDerivedDataCache: Display: Max Cache Size: 512 MB
[2022.06.06-12.28.44:310][  0]LogDerivedDataCache: Loaded boot cache 0.06s 103MB C:/Users/zilla/AppData/Local/UnrealEngine/4.27/DerivedDataCache/Boot.ddc.
[2022.06.06-12.28.44:310][  0]LogDerivedDataCache: Display: Loaded Boot cache: C:/Users/zilla/AppData/Local/UnrealEngine/4.27/DerivedDataCache/Boot.ddc
[2022.06.06-12.28.44:310][  0]LogDerivedDataCache: FDerivedDataBackendGraph:  Pak pak cache file K:/Mastered/Trials/Trials/DerivedDataCache/DDC.ddp not found, will not use a pak cache.
[2022.06.06-12.28.44:310][  0]LogDerivedDataCache: Unable to find inner node Pak for hierarchical cache Hierarchy.
[2022.06.06-12.28.44:310][  0]LogDerivedDataCache: FDerivedDataBackendGraph:  CompressedPak pak cache file K:/Mastered/Trials/Trials/DerivedDataCache/Compressed.ddp not found, will not use a pak cache.
[2022.06.06-12.28.44:310][  0]LogDerivedDataCache: Unable to find inner node CompressedPak for hierarchical cache Hierarchy.
[2022.06.06-12.28.44:328][  0]LogDerivedDataCache: Display: Pak cache opened for reading ../../../Engine/DerivedDataCache/Compressed.ddp.
[2022.06.06-12.28.44:329][  0]LogDerivedDataCache: FDerivedDataBackendGraph:  EnterprisePak pak cache file ../../../Enterprise/DerivedDataCache/Compressed.ddp not found, will not use a pak cache.
[2022.06.06-12.28.44:329][  0]LogDerivedDataCache: Unable to find inner node EnterprisePak for hierarchical cache Hierarchy.
[2022.06.06-12.28.44:352][  0]LogDerivedDataCache: Speed tests for C:/Users/zilla/AppData/Local/UnrealEngine/Common/DerivedDataCache took 0.02 seconds
[2022.06.06-12.28.44:352][  0]LogDerivedDataCache: Display: Performance to C:/Users/zilla/AppData/Local/UnrealEngine/Common/DerivedDataCache: Latency=0.04ms. RandomReadSpeed=624.54MBs, RandomWriteSpeed=44.10MBs. Assigned SpeedClass 'Local'
[2022.06.06-12.28.44:353][  0]LogDerivedDataCache: Using Local data cache path C:/Users/zilla/AppData/Local/UnrealEngine/Common/DerivedDataCache: Writable
[2022.06.06-12.28.44:354][  0]LogDerivedDataCache: Shared data cache path not found in *engine.ini, will not use an Shared cache.
[2022.06.06-12.28.44:354][  0]LogDerivedDataCache: Unable to find inner node Shared for hierarchical cache Hierarchy.
[2022.06.06-12.28.44:403][  0]LogSlate: Using FreeType 2.10.0
[2022.06.06-12.28.44:404][  0]LogSlate: SlateFontServices - WITH_FREETYPE: 1, WITH_HARFBUZZ: 1
[2022.06.06-12.28.44:433][  0]LogAssetRegistry: FAssetRegistry took 0.0034 seconds to start up
[2022.06.06-12.28.44:660][  0]LogInit: Selected Device Profile: [Windows]
[2022.06.06-12.28.44:660][  0]LogInit: Active device profile: [0000024B24F6BA00][0000024B190FDC00 49] Windows
[2022.06.06-12.28.44:660][  0]LogInit: Profiles: [0000024B24F6BA00][0000024B190FDC00 49] Windows, [0000024B24F14800][0000024B242BC1C0 49] WindowsNoEditor, [0000024B24F68700][0000024B19104340 49] WindowsServer, [0000024B24F17900][0000024B1DE264C0 49] WindowsClient, [0000024B24F6B800][0000024B1DE2A640 49] IOS, [0000024B24F14B00][0000024B1DE3C7C0 49] iPadAir, [0000024B24F68A00][0000024B1DE70940 49] iPadAir2, [0000024B24EACA00][0000024B259D6C00 49] IPadPro, [0000024B24EACB00][0000024B1DE74C40 49] iPadAir3, [0000024B24F6B500][0000024B244D6DC0 49] iPadAir4, [0000024B24EAFE00][0000024B244DAF40 49] iPadMini2, [0000024B24F68B00][0000024B243550C0 49] iPadMini3, [0000024B24EAD600][0000024B2435D240 49] iPadMini4, [0000024B24F6AF00][0000024B243613C0 49] iPadMini5, [0000024B24F16F00][0000024B24369680 49] iPhone6, [0000024B24F16E00][0000024B243656C0 49] iPodTouch6, [0000024B24EAD500][0000024B2437D980 49] iPhone7, [0000024B24EAF300][0000024B243799C0 49] iPodTouch7, [0000024B24F17E00][0000024B2440FB40 49] iPhone5S, [0000024B24EAEE00][0000024B19100100 49] iPhone6Plus, [0000024B24F16600][0000024B24412240 49] iPhone6S, [0000024B24EAEB00][0000024B25B6E380 49] iPhone6SPlus, [0000024B24F14F00][0000024B25B76500 49] iPhone7Plus, [0000024B24EAE300][0000024B25B7A680 49] iPhoneSE, [0000024B24F16100][0000024B25B7E800 49] iPhone8, [0000024B24EAE600][0000024B2424C980 49] iPhone8Plus, [0000024B24F14D00][0000024B24250B00 49] iPhoneX, [0000024B24EAD800][0000024B24254C80 49] iPhoneXS, [0000024B24F15E00][0000024B24258E00 49] iPhoneXSMax, [0000024B24EAFA00][0000024B2425CF80 49] iPhoneXR, [0000024B24F15700][0000024B24261100 49] iPhone11, [0000024B24EAC600][0000024B24265280 49] iPhone11Pro, [0000024B24F15000][0000024B24269400 49] iPhone11ProMax, [0000024B24EAF900][0000024B2426D580 49] iPhoneSE2, [0000024B24F16A00][0000024B2428D700 49] iPhone12Mini, [0000024B24EACE00][0000024B25BA7880 49] iPhone12, [0000024B24F17500][0000024B242B1A00 49] iPhone12Pro, [0000024B24EAE700][0000024B242B5B80 49] iPhone12ProMax, [0000024B24F14C00][0000024B242B8180 49] iPadPro105, [0000024B24EADB00][0000024B25B722C0 49] iPadPro129, [0000024B24F17400][0000024B25BB8400 49] iPadPro97, [0000024B24EAF200][0000024B25BBC540 49] iPadPro2_129, [0000024B24F16700][0000024B25BC46C0 49] iPad5, [0000024B24EAF800][0000024B25BCE840 49] iPad6, [0000024B24F17200][0000024B1DE0A9C0 49] iPad7, [0000024B24EAD400][0000024B24358B40 49] iPad8, [0000024B24F16300][0000024B1DE0ECC0 49] iPadPro11, [0000024B24EAE100][0000024B1DE12E40 49] iPadPro2_11, [0000024B24F14200][0000024B1DE16FC0 49] iPadPro3_129, [0000024B24EAD100][0000024B1DE1B140 49] iPadPro4_129, [0000024B24F17F00][0000024B1DE1F2C0 49] AppleTV, [0000024B24EAF000][0000024B1DE23440 49] AppleTV4K, [0000024B24F17600][0000024B244695C0 49] TVOS, [0000024B24EAC500][0000024B244DF740 49] Mac, [0000024B24F16200][0000024B2446D8C0 49] MacClient, [0000024B24EAC900][0000024B24471A40 49] MacNoEditor, [0000024B24F14100][0000024B24475BC0 49] MacServer, [0000024B24EAF100][0000024B259881C0 49] Linux, [0000024B24F15800][0000024B2598C340 49] LinuxAArch64, [0000024B24EAC800][0000024B25BC0480 49] LinuxNoEditor, [0000024B24F16900][0000024B1E32E5C0 49] LinuxAArch64NoEditor, [0000024B24EAD700][0000024B1E32A700 49] LinuxClient, [0000024B24F15B00][0000024B25990840 49] LinuxAArch64Client, [0000024B24EAE800][0000024B259989C0 49] LinuxServer, [0000024B24F15100][0000024B2599CB40 49] LinuxAArch64Server, [0000024B24F69300][0000024B259A0CC0 49] Android, [0000024B24FBA400][0000024B259A4E40 49] Android_Low, [0000024B24F6BC00][0000024B259A8FC0 49] Android_Mid, [0000024B24FB9E00][0000024B259AD140 49] Android_High, [0000024B24F69E00][0000024B259B12C0 49] Android_Default, [0000024B24FBA900][0000024B259B5440 49] Android_Adreno4xx, [0000024B24F6A700][0000024B259B95C0 49] Android_Adreno5xx_Low, [0000024B24FB9500][0000024B259BD740 49] Android_Adreno5xx, [0000024B24F69D00][0000024B259C18C0 49] Android_Adreno6xx, [0000024B24FB8D00][0000024B25931A40 49] Android_Adreno6xx_Vulkan, [0000024B24F69500][0000024B25935BC0 49] Android_Mali_T6xx, [0000024B24FB9900][0000024B259381C0 49] Android_Mali_T7xx, [0000024B24F69C00][0000024B2593C340 49] Android_Mali_T8xx, [0000024B24FB9400][0000024B259404C0 49] Android_Mali_G71, [0000024B24F68500][0000024B25994600 49] Android_Mali_G72, [0000024B24FB8400][0000024B25944740 49] Android_Mali_G72_Vulkan, [0000024B24F68D00][0000024B25948880 49] Android_Mali_G76, [0000024B24FBA000][0000024B2594C9C0 49] Android_Mali_G76_Vulkan, [0000024B24F6A200][0000024B25954B40 49] Android_Mali_G77, [0000024B24FB9C00][0000024B25958CC0 49] Android_Mali_G77_Vulkan, [0000024B24F15F00][0000024B2595CE40 49] Android_Mali_G78, [0000024B24EAD900][0000024B25960FC0 49] Android_Mali_G78_Vulkan, [0000024B24F17C00][0000024B25965140 49] Android_Mali_G710, [0000024B24EAC400][0000024B259692C0 49] Android_Mali_G710_Vulkan, [0000024B24F15300][0000024B25AFF440 49] Android_Vulkan_SM5, [0000024B24FB8300][0000024B25B035C0 49] Android_PowerVR_G6xxx, [0000024B24F16D00][0000024B25B07740 49] Android_PowerVR_GT7xxx, [0000024B24FB9600][0000024B25B0B8C0 49] Android_PowerVR_GE8xxx, [0000024B24F14E00][0000024B25B0FA40 49] Android_PowerVR_GM9xxx, [0000024B24FBA200][0000024B25B13BC0 49] Android_PowerVR_GM9xxx_Vulkan, [0000024B24F17A00][0000024B25B161C0 49] Android_TegraK1, [0000024B24FB8B00][0000024B25B1A340 49] Android_Unknown_Vulkan, [0000024B24F15500][0000024B25B1E4C0 49] Lumin, [0000024B24FB8100][0000024B25B22640 49] Lumin_Desktop, [0000024B24F14500][0000024B25B267C0 49] HoloLens, 
[2022.06.06-12.28.44:842][  0]LogMeshReduction: Using QuadricMeshReduction for automatic static mesh reduction
[2022.06.06-12.28.44:842][  0]LogMeshReduction: Using SimplygonMeshReduction for automatic skeletal mesh reduction
[2022.06.06-12.28.44:842][  0]LogMeshReduction: Using ProxyLODMeshReduction for automatic mesh merging
[2022.06.06-12.28.44:842][  0]LogMeshReduction: No distributed automatic mesh merging module available
[2022.06.06-12.28.44:842][  0]LogMeshMerging: No distributed automatic mesh merging module available
[2022.06.06-12.28.44:867][  0]LogNetVersion: Trials 1.0.0, NetCL: 17155196, EngineNetVer: 17, GameNetVer: 0 (Checksum: 216293165)
[2022.06.06-12.28.45:233][  0]LogTexture: Default maximum texture size for cubemaps generated from long-lat sources has been changed from 512 to unlimited. In order to preserve old behaiour for '/Engine/MapTemplates/Sky/DaylightAmbientCubemap.DaylightAmbientCubemap', its maximum texture size has been explicitly set to 512.
[2022.06.06-12.28.45:316][  0]LogHMD: PokeAHoleMaterial loaded successfully
[2022.06.06-12.28.45:324][  0]LogUObjectArray: 18159 objects as part of root set at end of initial load.
[2022.06.06-12.28.45:325][  0]LogUObjectAllocator: 4657984 out of 0 bytes used by permanent object pool.
[2022.06.06-12.28.45:325][  0]LogUObjectArray: CloseDisregardForGC: 0/0 objects in disregard for GC pool
[2022.06.06-12.28.45:896][  0]LogNiagaraDebuggerClient: Niagara Debugger Client Initialized | Session: 768D406144D248E8F9AEB085FFFE2DA7 | Instance: 0FBB5926404F534C70A56CB5B9F7DE13 (DESKTOP-70BM0B7-25484).
[2022.06.06-12.28.46:165][  0]LogTcpMessaging: Initializing TcpMessaging bridge
[2022.06.06-12.28.46:176][  0]LogUdpMessaging: Initializing bridge on interface 0.0.0.0:0 to multicast group 230.0.0.1:6666.
[2022.06.06-12.28.46:204][  0]LogPython: Using Python 3.7.7
[2022.06.06-12.28.46:868][  0]LogLinker: Warning: [AssetLog] K:\Mastered\Trials\Trials\Content\Animations\TUTORIAL_RESOURCES\Animations\MeleeFistAttack.uasset: Failed to load '/Script/Trialed': Can't find file.
[2022.06.06-12.28.46:868][  0]LogLinker: Warning: [AssetLog] K:\Mastered\Trials\Trials\Content\Animations\TUTORIAL_RESOURCES\Animations\MeleeFistAttack.uasset: Failed to load '/Script/Trialed': Can't find file.
[2022.06.06-12.28.46:868][  0]LogLinker: Warning: [AssetLog] K:\Mastered\Trials\Trials\Content\Animations\TUTORIAL_RESOURCES\Animations\MeleeFistAttack.uasset: Failed to load '/Script/Trialed': Can't find file.
[2022.06.06-12.28.46:868][  0]LogLinker: Warning: Failed to load '/Script/Trialed': Can't find file.
[2022.06.06-12.28.46:869][  0]LogLinker: Warning: Failed to load '/Script/Trialed': Can't find file.
[2022.06.06-12.28.46:869][  0]LogLinker: Warning: Failed to load '/Script/Trialed': Can't find file.
[2022.06.06-12.28.46:869][  0]LogLinker: Warning: Failed to load '/Script/Trialed': Can't find file.
[2022.06.06-12.28.46:869][  0]LogLinker: Warning: Failed to load '/Script/Trialed': Can't find file.
[2022.06.06-12.28.46:869][  0]LogLinker: Warning: Failed to load '/Script/Trialed': Can't find file.
[2022.06.06-12.28.47:153][  0]SourceControl: Source control is disabled
[2022.06.06-12.28.47:153][  0]SourceControl: Source control is disabled
[2022.06.06-12.28.47:163][  0]SourceControl: Source control is disabled
[2022.06.06-12.28.47:172][  0]SourceControl: Source control is disabled
[2022.06.06-12.28.50:775][  0]SourceControl: Source control is disabled
[2022.06.06-12.28.51:388][  0]LogUProjectInfo: Found projects:
[2022.06.06-12.28.51:933][  0]LogOpenImageDenoise: OIDN starting up
[2022.06.06-12.28.52:055][  0]LogAudioCaptureCore: Display: No Audio Capture implementations found. Audio input will be silent.
[2022.06.06-12.28.52:055][  0]LogAudioCaptureCore: Display: No Audio Capture implementations found. Audio input will be silent.
[2022.06.06-12.28.52:145][  0]LogAndroidPermission: UAndroidPermissionCallbackProxy::GetInstance
[2022.06.06-12.28.52:332][  0]LogCollectionManager: Loaded 0 collections in 0.002067 seconds
[2022.06.06-12.28.52:383][  0]LogFileCache: Scanning file cache for directory 'K:/Mastered/Trials/Trials/Saved/Collections/' took 0.00s
[2022.06.06-12.28.52:383][  0]LogFileCache: Scanning file cache for directory 'K:/Mastered/Trials/Trials/Content/Developers/zilla/Collections/' took 0.00s
[2022.06.06-12.28.52:383][  0]LogFileCache: Scanning file cache for directory 'K:/Mastered/Trials/Trials/Content/Collections/' took 0.00s
[2022.06.06-12.28.52:383][  0]LogOcInput: OculusInput pre-init called
[2022.06.06-12.28.52:658][  0]LogClass: Display: IntProperty FPhysicsConvexData::NumVertices is not initialized properly. Module:MeshModelingTools File:Public/Physics/CollisionPropertySets.h
[2022.06.06-12.28.52:658][  0]LogClass: Display: IntProperty FPhysicsConvexData::NumFaces is not initialized properly. Module:MeshModelingTools File:Public/Physics/CollisionPropertySets.h
[2022.06.06-12.28.52:658][  0]LogClass: Display: FloatProperty FPhysicsCapsuleData::Radius is not initialized properly. Module:MeshModelingTools File:Public/Physics/CollisionPropertySets.h
[2022.06.06-12.28.52:658][  0]LogClass: Display: FloatProperty FPhysicsCapsuleData::Length is not initialized properly. Module:MeshModelingTools File:Public/Physics/CollisionPropertySets.h
[2022.06.06-12.28.52:658][  0]LogClass: Display: StructProperty FPhysicsBoxData::Dimensions is not initialized properly. Module:MeshModelingTools File:Public/Physics/CollisionPropertySets.h
[2022.06.06-12.28.52:659][  0]LogClass: Display: FloatProperty FPhysicsSphereData::Radius is not initialized properly. Module:MeshModelingTools File:Public/Physics/CollisionPropertySets.h
[2022.06.06-12.28.52:659][  0]LogClass: Display: EnumProperty FLODLevelGenerateSettings::TargetMode is not initialized properly. Module:MeshModelingToolsEditorOnly File:Public/GenerateLODMeshesTool.h
[2022.06.06-12.28.52:659][  0]LogClass: Display: IntProperty FLODLevelGenerateSettings::TargetPercentage is not initialized properly. Module:MeshModelingToolsEditorOnly File:Public/GenerateLODMeshesTool.h
[2022.06.06-12.28.52:659][  0]LogClass: Display: IntProperty FLODLevelGenerateSettings::TargetCount is not initialized properly. Module:MeshModelingToolsEditorOnly File:Public/GenerateLODMeshesTool.h
[2022.06.06-12.28.52:659][  0]LogClass: Display: 9 Uninitialized script struct members found including 0 object properties
[2022.06.06-12.28.52:660][  0]LogEngine: Initializing Engine...
[2022.06.06-12.28.52:705][  0]LogHMD: Optional extension XR_VARJO_quad_views is not available
[2022.06.06-12.28.52:705][  0]LogHMD: Warning: Required extension XR_EXT_eye_gaze_interaction is not available
[2022.06.06-12.28.52:705][  0]LogHMD: Could not enable all required OpenXR extensions for OpenXREyeTracker on current system. This plugin will be loaded but ignored, but will be enabled on a target platform that supports the required extension.
[2022.06.06-12.28.53:208][  0]LogHMD: Failed to get an OpenXR system, result is XR_ERROR_FORM_FACTOR_UNAVAILABLE. Please check that your runtime supports VR headsets.
[2022.06.06-12.28.53:208][  0]LogHMD: Failed to initialize OpenVR with code 110
[2022.06.06-12.28.53:209][  0]LogMagicLeap: Warning: VR disabled because ZI is not enabled.  To enable, in the editor, Edit -> Project Settings -> Plugins -> Magic Leap Plugin -> Enable Zero Iteration
[2022.06.06-12.28.53:210][  0]LogStats: UGameplayTagsManager::InitializeManager -  0.000 s
[2022.06.06-12.28.53:325][  0]LogInit: Initializing FReadOnlyCVARCache
[2022.06.06-12.28.53:341][  0]LogAIModule: Creating AISystem for world Untitled
[2022.06.06-12.28.53:347][  0]LogAudio: Display: Initializing Audio Device Manager...
[2022.06.06-12.28.53:356][  0]LogAudio: Display: Loading Default Audio Settings Objects...
[2022.06.06-12.28.53:357][  0]LogAudio: Display: No default SoundConcurrencyObject specified (or failed to load).
[2022.06.06-12.28.53:358][  0]LogAudio: Display: Audio Device Manager Initialized
[2022.06.06-12.28.53:358][  0]LogAudio: Display: Creating Audio Device:                 Id: 1, Scope: Shared, Realtime: True
[2022.06.06-12.28.53:358][  0]LogAudioMixer: Display: Audio Mixer Platform Settings:
[2022.06.06-12.28.53:358][  0]LogAudioMixer: Display: 	Sample Rate:						  48000
[2022.06.06-12.28.53:358][  0]LogAudioMixer: Display: 	Callback Buffer Frame Size Requested: 1024
[2022.06.06-12.28.53:358][  0]LogAudioMixer: Display: 	Callback Buffer Frame Size To Use:	  1024
[2022.06.06-12.28.53:358][  0]LogAudioMixer: Display: 	Number of buffers to queue:			  2
[2022.06.06-12.28.53:359][  0]LogAudioMixer: Display: 	Max Channels (voices):				  32
[2022.06.06-12.28.53:359][  0]LogAudioMixer: Display: 	Number of Async Source Workers:		  0
[2022.06.06-12.28.53:359][  0]LogAudio: Display: AudioDevice MaxSources: 32
[2022.06.06-12.28.53:359][  0]LogAudio: Display: Audio Spatialization Plugin: None (built-in).
[2022.06.06-12.28.53:359][  0]LogAudio: Display: Audio Reverb Plugin: None (built-in).
[2022.06.06-12.28.53:360][  0]LogAudio: Display: Audio Occlusion Plugin: None (built-in).
[2022.06.06-12.28.53:360][  0]LogAudioMixer: Display: Initializing audio mixer.
[2022.06.06-12.28.53:885][  0]LogAudioMixer: Display: 0: FrontLeft
[2022.06.06-12.28.53:886][  0]LogAudioMixer: Display: 1: FrontRight
[2022.06.06-12.28.53:963][  0]LogAudioMixer: Display: Using Audio Device Headphones (W-KING D9-1 Stereo)
[2022.06.06-12.28.53:967][  0]LogAudioMixer: Display: Initializing Sound Submixes...
[2022.06.06-12.28.53:970][  0]LogAudioMixer: Display: Creating Master Submix 'MasterSubmixDefault'
[2022.06.06-12.28.53:971][  0]LogAudioMixer: Display: Creating Master Submix 'MasterReverbSubmixDefault'
[2022.06.06-12.28.53:972][  0]LogAudioMixer: Display: Creating Master Submix 'MasterEQSubmixDefault'
[2022.06.06-12.28.53:972][  0]LogAudioMixer: FMixerPlatformXAudio2::StartAudioStream() called
[2022.06.06-12.28.53:972][  0]LogAudioMixer: Display: Output buffers initialized: Frames=1024, Channels=2, Samples=2048
[2022.06.06-12.28.53:974][  0]LogAudioMixer: Display: Starting AudioMixerPlatformInterface::RunInternal()
[2022.06.06-12.28.53:974][  0]LogAudioMixer: Display: FMixerPlatformXAudio2::SubmitBuffer() called for the first time
[2022.06.06-12.28.53:974][  0]LogInit: FAudioDevice initialized.
[2022.06.06-12.28.53:974][  0]LogAudio: Display: Audio Device (ID: 1) registered with world 'Untitled'.
[2022.06.06-12.28.53:974][  0]LogNetVersion: Set ProjectVersion to 1.0.0.0. Version Checksum will be recalculated on next use.
[2022.06.06-12.28.54:069][  0]LogDerivedDataCache: Saved boot cache 0.09s 103MB C:/Users/zilla/AppData/Local/UnrealEngine/4.27/DerivedDataCache/Boot.ddc.
[2022.06.06-12.28.54:073][  0]LogInit: Texture streaming: Enabled
[2022.06.06-12.28.54:101][  0]LogAnalytics: Display: [UEEditor.Rocket.Release] APIServer = https://datarouter.ol.epicgames.com/. AppVersion = 4.27.2-18386882+++UE4+Release-4.27-Chaos
[2022.06.06-12.28.54:114][  0]LogEngineSessionManager: EngineSessionManager initialized
[2022.06.06-12.28.54:114][  0]LogEditorSessionSummary: Verbose: Initializing EditorSessionSummaryWriter for editor session tracking
[2022.06.06-12.28.54:125][  0]LogEditorSessionSummary: EditorSessionSummaryWriter initialized
[2022.06.06-12.28.54:171][  0]LogInit: Transaction tracking system initialized
[2022.06.06-12.28.54:222][  0]BlueprintLog: New page: Editor Load
[2022.06.06-12.28.54:355][  0]LocalizationService: Localization service is disabled
[2022.06.06-12.28.54:414][  0]TimingProfiler: Initialize
[2022.06.06-12.28.54:414][  0]TimingProfiler: OnSessionChanged
[2022.06.06-12.28.54:414][  0]LoadingProfiler: Initialize
[2022.06.06-12.28.54:415][  0]LoadingProfiler: OnSessionChanged
[2022.06.06-12.28.54:415][  0]NetworkingProfiler: Initialize
[2022.06.06-12.28.54:415][  0]NetworkingProfiler: OnSessionChanged
[2022.06.06-12.28.54:415][  0]MemoryProfiler: Initialize
[2022.06.06-12.28.54:415][  0]MemoryProfiler: OnSessionChanged
[2022.06.06-12.28.54:882][  0]LogCook: Display: CookSettings for Memory: MemoryMaxUsedVirtual 0MiB, MemoryMaxUsedPhysical 16384MiB, MemoryMinFreeVirtual 0MiB, MemoryMinFreePhysical 1024MiB
[2022.06.06-12.28.54:882][  0]LogCook: Display: Mobile HDR setting 1
[2022.06.06-12.28.55:256][  0]LogFileCache: Scanning file cache for directory 'K:/Mastered/Trials/Trials/Content/' took 0.01s
[2022.06.06-12.28.55:420][  0]LogInit: Display: Engine is initialized. Leaving FEngineLoop::Init()
[2022.06.06-12.28.55:428][  0]SourceControl: Source control is disabled
[2022.06.06-12.28.55:429][  0]LogUnrealEdMisc: Loading editor; pre map load, took 16.293
[2022.06.06-12.28.55:429][  0]Cmd: MAP LOAD FILE="K:/Mastered/Trials/Trials/Content/Maps/FirstLevel.umap" TEMPLATE=0 SHOWPROGRESS=1 FEATURELEVEL=3
[2022.06.06-12.28.55:430][  0]LightingResults: New page: Lighting Build
[2022.06.06-12.28.55:431][  0]LogWorld: UWorld::CleanupWorld for Untitled, bSessionEnded=true, bCleanupResources=true
[2022.06.06-12.28.55:431][  0]LogSlate: InvalidateAllWidgets triggered.  All widgets were invalidated
[2022.06.06-12.28.55:432][  0]MapCheck: New page: Map Check
[2022.06.06-12.28.55:432][  0]LightingResults: New page: Lighting Build
[2022.06.06-12.28.55:443][  0]LogAudio: Display: Audio Device unregistered from world 'None'.
[2022.06.06-12.28.55:446][  0]LogUObjectHash: Compacting FUObjectHashTables data took   0.92ms
[2022.06.06-12.28.55:788][  0]LogAudio: Display: Audio Device (ID: 1) registered with world 'FirstLevel'.
[2022.06.06-12.28.55:789][  0]LogAIModule: Creating AISystem for world FirstLevel
[2022.06.06-12.28.55:843][  0]LogEditorServer: Finished looking for orphan Actors (0.000 secs)
[2022.06.06-12.28.55:850][  0]LogUObjectHash: Compacting FUObjectHashTables data took   0.95ms
[2022.06.06-12.28.55:851][  0]Cmd: MAP CHECKDEP NOCLEARLOG
[2022.06.06-12.28.55:851][  0]MapCheck: Map check complete: 0 Error(s), 0 Warning(s), took 0.141ms to complete.
[2022.06.06-12.28.55:851][  0]LogFileHelpers: Loading map 'FirstLevel' took 0.423
[2022.06.06-12.28.55:854][  0]LogUnrealEdMisc: Total Editor Startup Time, took 16.718
[2022.06.06-12.28.56:003][  0]LogSlate: Updating window title bar state: overlay mode, drag disabled, window buttons hidden, title bar hidden
[2022.06.06-12.28.56:010][  0]LogSlate: Updating window title bar state: overlay mode, drag disabled, window buttons hidden, title bar hidden
[2022.06.06-12.28.56:016][  0]LogSlate: Updating window title bar state: overlay mode, drag disabled, window buttons hidden, title bar hidden
[2022.06.06-12.28.56:022][  0]LogSlate: Updating window title bar state: overlay mode, drag disabled, window buttons hidden, title bar hidden
[2022.06.06-12.28.56:045][  0]LogNativeClassHierarchy: Verbose: Native class hierarchy populated in 0.0142 seconds. Added 4234 classes and 960 folders.
[2022.06.06-12.28.56:048][  0]LogNativeClassHierarchy: Verbose: Native class hierarchy updated for 'WidgetCarousel' in 0.0003 seconds. Added 0 classes and 0 folders.
[2022.06.06-12.28.56:049][  0]LogPakFile: PakFile PrimaryIndexSize=187
[2022.06.06-12.28.56:050][  0]LogPakFile: PakFile PathHashIndexSize=101
[2022.06.06-12.28.56:050][  0]LogPakFile: PakFile FullDirectoryIndexSize=148
[2022.06.06-12.28.56:050][  0]LogShaderLibrary: Display: ShaderCodeLibraryPakFileMountedCallback: PakFile 'C:/Program Files/Epic Games/UE_4.27Chaos/FeaturePacks/FP_FirstPerson.upack' (chunk index -1, root 'root:/') mounted
[2022.06.06-12.28.56:050][  0]LogShaderLibrary: Display: ShaderCodeLibraryPakFileMountedCallback: pending pak file info (ChunkID:-1 Root:root:/ File:C:/Program Files/Epic Games/UE_4.27Chaos/FeaturePacks/FP_FirstPerson.upack)
[2022.06.06-12.28.56:050][  0]LogPakFile: OnPakFileMounted2Time == 0.000271
[2022.06.06-12.28.56:051][  0]LogPakFile: PakFile PrimaryIndexSize=189
[2022.06.06-12.28.56:051][  0]LogPakFile: PakFile PathHashIndexSize=101
[2022.06.06-12.28.56:051][  0]LogPakFile: PakFile FullDirectoryIndexSize=152
[2022.06.06-12.28.56:051][  0]LogShaderLibrary: Display: ShaderCodeLibraryPakFileMountedCallback: PakFile 'C:/Program Files/Epic Games/UE_4.27Chaos/FeaturePacks/FP_FirstPersonBP.upack' (chunk index -1, root 'root:/') mounted
[2022.06.06-12.28.56:051][  0]LogShaderLibrary: Display: ShaderCodeLibraryPakFileMountedCallback: pending pak file info (ChunkID:-1 Root:root:/ File:C:/Program Files/Epic Games/UE_4.27Chaos/FeaturePacks/FP_FirstPersonBP.upack)
[2022.06.06-12.28.56:052][  0]LogPakFile: OnPakFileMounted2Time == 0.000350
[2022.06.06-12.28.56:052][  0]LogPakFile: PakFile PrimaryIndexSize=191
[2022.06.06-12.28.56:053][  0]LogPakFile: PakFile PathHashIndexSize=101
[2022.06.06-12.28.56:053][  0]LogPakFile: PakFile FullDirectoryIndexSize=160
[2022.06.06-12.28.56:053][  0]LogShaderLibrary: Display: ShaderCodeLibraryPakFileMountedCallback: PakFile 'C:/Program Files/Epic Games/UE_4.27Chaos/FeaturePacks/MobileStarterContent.upack' (chunk index -1, root 'root:/') mounted
[2022.06.06-12.28.56:053][  0]LogShaderLibrary: Display: ShaderCodeLibraryPakFileMountedCallback: pending pak file info (ChunkID:-1 Root:root:/ File:C:/Program Files/Epic Games/UE_4.27Chaos/FeaturePacks/MobileStarterContent.upack)
[2022.06.06-12.28.56:053][  0]LogPakFile: OnPakFileMounted2Time == 0.000307
[2022.06.06-12.28.56:054][  0]LogPakFile: PakFile PrimaryIndexSize=185
[2022.06.06-12.28.56:054][  0]LogPakFile: PakFile PathHashIndexSize=101
[2022.06.06-12.28.56:054][  0]LogPakFile: PakFile FullDirectoryIndexSize=148
[2022.06.06-12.28.56:054][  0]LogShaderLibrary: Display: ShaderCodeLibraryPakFileMountedCallback: PakFile 'C:/Program Files/Epic Games/UE_4.27Chaos/FeaturePacks/StarterContent.upack' (chunk index -1, root 'root:/') mounted
[2022.06.06-12.28.56:054][  0]LogShaderLibrary: Display: ShaderCodeLibraryPakFileMountedCallback: pending pak file info (ChunkID:-1 Root:root:/ File:C:/Program Files/Epic Games/UE_4.27Chaos/FeaturePacks/StarterContent.upack)
[2022.06.06-12.28.56:055][  0]LogPakFile: OnPakFileMounted2Time == 0.000286
[2022.06.06-12.28.56:055][  0]LogPakFile: PakFile PrimaryIndexSize=190
[2022.06.06-12.28.56:055][  0]LogPakFile: PakFile PathHashIndexSize=101
[2022.06.06-12.28.56:055][  0]LogPakFile: PakFile FullDirectoryIndexSize=154
[2022.06.06-12.28.56:056][  0]LogShaderLibrary: Display: ShaderCodeLibraryPakFileMountedCallback: PakFile 'C:/Program Files/Epic Games/UE_4.27Chaos/FeaturePacks/TP_2DSideScroller.upack' (chunk index -1, root 'root:/') mounted
[2022.06.06-12.28.56:056][  0]LogShaderLibrary: Display: ShaderCodeLibraryPakFileMountedCallback: pending pak file info (ChunkID:-1 Root:root:/ File:C:/Program Files/Epic Games/UE_4.27Chaos/FeaturePacks/TP_2DSideScroller.upack)
[2022.06.06-12.28.56:056][  0]LogPakFile: OnPakFileMounted2Time == 0.000233
[2022.06.06-12.28.56:056][  0]LogPakFile: PakFile PrimaryIndexSize=192
[2022.06.06-12.28.56:057][  0]LogPakFile: PakFile PathHashIndexSize=101
[2022.06.06-12.28.56:057][  0]LogPakFile: PakFile FullDirectoryIndexSize=158
[2022.06.06-12.28.56:057][  0]LogShaderLibrary: Display: ShaderCodeLibraryPakFileMountedCallback: PakFile 'C:/Program Files/Epic Games/UE_4.27Chaos/FeaturePacks/TP_2DSideScrollerBP.upack' (chunk index -1, root 'root:/') mounted
[2022.06.06-12.28.56:057][  0]LogShaderLibrary: Display: ShaderCodeLibraryPakFileMountedCallback: pending pak file info (ChunkID:-1 Root:root:/ File:C:/Program Files/Epic Games/UE_4.27Chaos/FeaturePacks/TP_2DSideScrollerBP.upack)
[2022.06.06-12.28.56:057][  0]LogPakFile: OnPakFileMounted2Time == 0.000314
[2022.06.06-12.28.56:058][  0]LogPakFile: PakFile PrimaryIndexSize=182
[2022.06.06-12.28.56:058][  0]LogPakFile: PakFile PathHashIndexSize=101
[2022.06.06-12.28.56:058][  0]LogPakFile: PakFile FullDirectoryIndexSize=138
[2022.06.06-12.28.56:058][  0]LogShaderLibrary: Display: ShaderCodeLibraryPakFileMountedCallback: PakFile 'C:/Program Files/Epic Games/UE_4.27Chaos/FeaturePacks/TP_Flying.upack' (chunk index -1, root 'root:/') mounted
[2022.06.06-12.28.56:058][  0]LogShaderLibrary: Display: ShaderCodeLibraryPakFileMountedCallback: pending pak file info (ChunkID:-1 Root:root:/ File:C:/Program Files/Epic Games/UE_4.27Chaos/FeaturePacks/TP_Flying.upack)
[2022.06.06-12.28.56:059][  0]LogPakFile: OnPakFileMounted2Time == 0.000281
[2022.06.06-12.28.56:059][  0]LogPakFile: PakFile PrimaryIndexSize=184
[2022.06.06-12.28.56:059][  0]LogPakFile: PakFile PathHashIndexSize=101
[2022.06.06-12.28.56:060][  0]LogPakFile: PakFile FullDirectoryIndexSize=142
[2022.06.06-12.28.56:060][  0]LogShaderLibrary: Display: ShaderCodeLibraryPakFileMountedCallback: PakFile 'C:/Program Files/Epic Games/UE_4.27Chaos/FeaturePacks/TP_FlyingBP.upack' (chunk index -1, root 'root:/') mounted
[2022.06.06-12.28.56:060][  0]LogShaderLibrary: Display: ShaderCodeLibraryPakFileMountedCallback: pending pak file info (ChunkID:-1 Root:root:/ File:C:/Program Files/Epic Games/UE_4.27Chaos/FeaturePacks/TP_FlyingBP.upack)
[2022.06.06-12.28.56:060][  0]LogPakFile: OnPakFileMounted2Time == 0.000262
[2022.06.06-12.28.56:061][  0]LogPakFile: PakFile PrimaryIndexSize=188
[2022.06.06-12.28.56:061][  0]LogPakFile: PakFile PathHashIndexSize=101
[2022.06.06-12.28.56:061][  0]LogPakFile: PakFile FullDirectoryIndexSize=150
[2022.06.06-12.28.56:061][  0]LogShaderLibrary: Display: ShaderCodeLibraryPakFileMountedCallback: PakFile 'C:/Program Files/Epic Games/UE_4.27Chaos/FeaturePacks/TP_HandheldARBP.upack' (chunk index -1, root 'root:/') mounted
[2022.06.06-12.28.56:061][  0]LogShaderLibrary: Display: ShaderCodeLibraryPakFileMountedCallback: pending pak file info (ChunkID:-1 Root:root:/ File:C:/Program Files/Epic Games/UE_4.27Chaos/FeaturePacks/TP_HandheldARBP.upack)
[2022.06.06-12.28.56:061][  0]LogPakFile: OnPakFileMounted2Time == 0.000266
[2022.06.06-12.28.56:062][  0]LogPakFile: PakFile PrimaryIndexSize=182
[2022.06.06-12.28.56:062][  0]LogPakFile: PakFile PathHashIndexSize=101
[2022.06.06-12.28.56:062][  0]LogPakFile: PakFile FullDirectoryIndexSize=138
[2022.06.06-12.28.56:063][  0]LogShaderLibrary: Display: ShaderCodeLibraryPakFileMountedCallback: PakFile 'C:/Program Files/Epic Games/UE_4.27Chaos/FeaturePacks/TP_Puzzle.upack' (chunk index -1, root 'root:/') mounted
[2022.06.06-12.28.56:063][  0]LogShaderLibrary: Display: ShaderCodeLibraryPakFileMountedCallback: pending pak file info (ChunkID:-1 Root:root:/ File:C:/Program Files/Epic Games/UE_4.27Chaos/FeaturePacks/TP_Puzzle.upack)
[2022.06.06-12.28.56:063][  0]LogPakFile: OnPakFileMounted2Time == 0.000305
[2022.06.06-12.28.56:064][  0]LogPakFile: PakFile PrimaryIndexSize=184
[2022.06.06-12.28.56:064][  0]LogPakFile: PakFile PathHashIndexSize=101
[2022.06.06-12.28.56:064][  0]LogPakFile: PakFile FullDirectoryIndexSize=142
[2022.06.06-12.28.56:064][  0]LogShaderLibrary: Display: ShaderCodeLibraryPakFileMountedCallback: PakFile 'C:/Program Files/Epic Games/UE_4.27Chaos/FeaturePacks/TP_PuzzleBP.upack' (chunk index -1, root 'root:/') mounted
[2022.06.06-12.28.56:064][  0]LogShaderLibrary: Display: ShaderCodeLibraryPakFileMountedCallback: pending pak file info (ChunkID:-1 Root:root:/ File:C:/Program Files/Epic Games/UE_4.27Chaos/FeaturePacks/TP_PuzzleBP.upack)
[2022.06.06-12.28.56:064][  0]LogPakFile: OnPakFileMounted2Time == 0.000281
[2022.06.06-12.28.56:065][  0]LogPakFile: PakFile PrimaryIndexSize=183
[2022.06.06-12.28.56:065][  0]LogPakFile: PakFile PathHashIndexSize=101
[2022.06.06-12.28.56:065][  0]LogPakFile: PakFile FullDirectoryIndexSize=140
[2022.06.06-12.28.56:065][  0]LogShaderLibrary: Display: ShaderCodeLibraryPakFileMountedCallback: PakFile 'C:/Program Files/Epic Games/UE_4.27Chaos/FeaturePacks/TP_Rolling.upack' (chunk index -1, root 'root:/') mounted
[2022.06.06-12.28.56:066][  0]LogShaderLibrary: Display: ShaderCodeLibraryPakFileMountedCallback: pending pak file info (ChunkID:-1 Root:root:/ File:C:/Program Files/Epic Games/UE_4.27Chaos/FeaturePacks/TP_Rolling.upack)
[2022.06.06-12.28.56:066][  0]LogPakFile: OnPakFileMounted2Time == 0.000296
[2022.06.06-12.28.56:066][  0]LogPakFile: PakFile PrimaryIndexSize=185
[2022.06.06-12.28.56:066][  0]LogPakFile: PakFile PathHashIndexSize=101
[2022.06.06-12.28.56:067][  0]LogPakFile: PakFile FullDirectoryIndexSize=144
[2022.06.06-12.28.56:067][  0]LogShaderLibrary: Display: ShaderCodeLibraryPakFileMountedCallback: PakFile 'C:/Program Files/Epic Games/UE_4.27Chaos/FeaturePacks/TP_RollingBP.upack' (chunk index -1, root 'root:/') mounted
[2022.06.06-12.28.56:067][  0]LogShaderLibrary: Display: ShaderCodeLibraryPakFileMountedCallback: pending pak file info (ChunkID:-1 Root:root:/ File:C:/Program Files/Epic Games/UE_4.27Chaos/FeaturePacks/TP_RollingBP.upack)
[2022.06.06-12.28.56:067][  0]LogPakFile: OnPakFileMounted2Time == 0.000292
[2022.06.06-12.28.56:068][  0]LogPakFile: PakFile PrimaryIndexSize=188
[2022.06.06-12.28.56:068][  0]LogPakFile: PakFile PathHashIndexSize=101
[2022.06.06-12.28.56:068][  0]LogPakFile: PakFile FullDirectoryIndexSize=150
[2022.06.06-12.28.56:068][  0]LogShaderLibrary: Display: ShaderCodeLibraryPakFileMountedCallback: PakFile 'C:/Program Files/Epic Games/UE_4.27Chaos/FeaturePacks/TP_SideScroller.upack' (chunk index -1, root 'root:/') mounted
[2022.06.06-12.28.56:068][  0]LogShaderLibrary: Display: ShaderCodeLibraryPakFileMountedCallback: pending pak file info (ChunkID:-1 Root:root:/ File:C:/Program Files/Epic Games/UE_4.27Chaos/FeaturePacks/TP_SideScroller.upack)
[2022.06.06-12.28.56:068][  0]LogPakFile: OnPakFileMounted2Time == 0.000264
[2022.06.06-12.28.56:069][  0]LogPakFile: PakFile PrimaryIndexSize=190
[2022.06.06-12.28.56:070][  0]LogPakFile: PakFile PathHashIndexSize=101
[2022.06.06-12.28.56:070][  0]LogPakFile: PakFile FullDirectoryIndexSize=154
[2022.06.06-12.28.56:070][  0]LogShaderLibrary: Display: ShaderCodeLibraryPakFileMountedCallback: PakFile 'C:/Program Files/Epic Games/UE_4.27Chaos/FeaturePacks/TP_SideScrollerBP.upack' (chunk index -1, root 'root:/') mounted
[2022.06.06-12.28.56:070][  0]LogShaderLibrary: Display: ShaderCodeLibraryPakFileMountedCallback: pending pak file info (ChunkID:-1 Root:root:/ File:C:/Program Files/Epic Games/UE_4.27Chaos/FeaturePacks/TP_SideScrollerBP.upack)
[2022.06.06-12.28.56:070][  0]LogPakFile: OnPakFileMounted2Time == 0.000238
[2022.06.06-12.28.56:071][  0]LogPakFile: PakFile PrimaryIndexSize=187
[2022.06.06-12.28.56:071][  0]LogPakFile: PakFile PathHashIndexSize=101
[2022.06.06-12.28.56:071][  0]LogPakFile: PakFile FullDirectoryIndexSize=148
[2022.06.06-12.28.56:071][  0]LogShaderLibrary: Display: ShaderCodeLibraryPakFileMountedCallback: PakFile 'C:/Program Files/Epic Games/UE_4.27Chaos/FeaturePacks/TP_ThirdPerson.upack' (chunk index -1, root 'root:/') mounted
[2022.06.06-12.28.56:071][  0]LogShaderLibrary: Display: ShaderCodeLibraryPakFileMountedCallback: pending pak file info (ChunkID:-1 Root:root:/ File:C:/Program Files/Epic Games/UE_4.27Chaos/FeaturePacks/TP_ThirdPerson.upack)
[2022.06.06-12.28.56:071][  0]LogPakFile: OnPakFileMounted2Time == 0.000298
[2022.06.06-12.28.56:072][  0]LogPakFile: PakFile PrimaryIndexSize=189
[2022.06.06-12.28.56:072][  0]LogPakFile: PakFile PathHashIndexSize=101
[2022.06.06-12.28.56:072][  0]LogPakFile: PakFile FullDirectoryIndexSize=152
[2022.06.06-12.28.56:073][  0]LogShaderLibrary: Display: ShaderCodeLibraryPakFileMountedCallback: PakFile 'C:/Program Files/Epic Games/UE_4.27Chaos/FeaturePacks/TP_ThirdPersonBP.upack' (chunk index -1, root 'root:/') mounted
[2022.06.06-12.28.56:073][  0]LogShaderLibrary: Display: ShaderCodeLibraryPakFileMountedCallback: pending pak file info (ChunkID:-1 Root:root:/ File:C:/Program Files/Epic Games/UE_4.27Chaos/FeaturePacks/TP_ThirdPersonBP.upack)
[2022.06.06-12.28.56:073][  0]LogPakFile: OnPakFileMounted2Time == 0.000299
[2022.06.06-12.28.56:074][  0]LogPakFile: PakFile PrimaryIndexSize=183
[2022.06.06-12.28.56:074][  0]LogPakFile: PakFile PathHashIndexSize=101
[2022.06.06-12.28.56:074][  0]LogPakFile: PakFile FullDirectoryIndexSize=140
[2022.06.06-12.28.56:074][  0]LogShaderLibrary: Display: ShaderCodeLibraryPakFileMountedCallback: PakFile 'C:/Program Files/Epic Games/UE_4.27Chaos/FeaturePacks/TP_TopDown.upack' (chunk index -1, root 'root:/') mounted
[2022.06.06-12.28.56:074][  0]LogShaderLibrary: Display: ShaderCodeLibraryPakFileMountedCallback: pending pak file info (ChunkID:-1 Root:root:/ File:C:/Program Files/Epic Games/UE_4.27Chaos/FeaturePacks/TP_TopDown.upack)
[2022.06.06-12.28.56:074][  0]LogPakFile: OnPakFileMounted2Time == 0.000253
[2022.06.06-12.28.56:075][  0]LogPakFile: PakFile PrimaryIndexSize=185
[2022.06.06-12.28.56:075][  0]LogPakFile: PakFile PathHashIndexSize=101
[2022.06.06-12.28.56:075][  0]LogPakFile: PakFile FullDirectoryIndexSize=144
[2022.06.06-12.28.56:075][  0]LogShaderLibrary: Display: ShaderCodeLibraryPakFileMountedCallback: PakFile 'C:/Program Files/Epic Games/UE_4.27Chaos/FeaturePacks/TP_TopDownBP.upack' (chunk index -1, root 'root:/') mounted
[2022.06.06-12.28.56:075][  0]LogShaderLibrary: Display: ShaderCodeLibraryPakFileMountedCallback: pending pak file info (ChunkID:-1 Root:root:/ File:C:/Program Files/Epic Games/UE_4.27Chaos/FeaturePacks/TP_TopDownBP.upack)
[2022.06.06-12.28.56:076][  0]LogPakFile: OnPakFileMounted2Time == 0.000319
[2022.06.06-12.28.56:076][  0]LogPakFile: PakFile PrimaryIndexSize=185
[2022.06.06-12.28.56:076][  0]LogPakFile: PakFile PathHashIndexSize=101
[2022.06.06-12.28.56:077][  0]LogPakFile: PakFile FullDirectoryIndexSize=144
[2022.06.06-12.28.56:077][  0]LogShaderLibrary: Display: ShaderCodeLibraryPakFileMountedCallback: PakFile 'C:/Program Files/Epic Games/UE_4.27Chaos/FeaturePacks/TP_TwinStick.upack' (chunk index -1, root 'root:/') mounted
[2022.06.06-12.28.56:077][  0]LogShaderLibrary: Display: ShaderCodeLibraryPakFileMountedCallback: pending pak file info (ChunkID:-1 Root:root:/ File:C:/Program Files/Epic Games/UE_4.27Chaos/FeaturePacks/TP_TwinStick.upack)
[2022.06.06-12.28.56:077][  0]LogPakFile: OnPakFileMounted2Time == 0.000232
[2022.06.06-12.28.56:078][  0]LogPakFile: PakFile PrimaryIndexSize=187
[2022.06.06-12.28.56:078][  0]LogPakFile: PakFile PathHashIndexSize=101
[2022.06.06-12.28.56:078][  0]LogPakFile: PakFile FullDirectoryIndexSize=148
[2022.06.06-12.28.56:078][  0]LogShaderLibrary: Display: ShaderCodeLibraryPakFileMountedCallback: PakFile 'C:/Program Files/Epic Games/UE_4.27Chaos/FeaturePacks/TP_TwinStickBP.upack' (chunk index -1, root 'root:/') mounted
[2022.06.06-12.28.56:078][  0]LogShaderLibrary: Display: ShaderCodeLibraryPakFileMountedCallback: pending pak file info (ChunkID:-1 Root:root:/ File:C:/Program Files/Epic Games/UE_4.27Chaos/FeaturePacks/TP_TwinStickBP.upack)
[2022.06.06-12.28.56:078][  0]LogPakFile: OnPakFileMounted2Time == 0.000287
[2022.06.06-12.28.56:079][  0]LogPakFile: PakFile PrimaryIndexSize=183
[2022.06.06-12.28.56:079][  0]LogPakFile: PakFile PathHashIndexSize=101
[2022.06.06-12.28.56:079][  0]LogPakFile: PakFile FullDirectoryIndexSize=140
[2022.06.06-12.28.56:079][  0]LogShaderLibrary: Display: ShaderCodeLibraryPakFileMountedCallback: PakFile 'C:/Program Files/Epic Games/UE_4.27Chaos/FeaturePacks/TP_Vehicle.upack' (chunk index -1, root 'root:/') mounted
[2022.06.06-12.28.56:079][  0]LogShaderLibrary: Display: ShaderCodeLibraryPakFileMountedCallback: pending pak file info (ChunkID:-1 Root:root:/ File:C:/Program Files/Epic Games/UE_4.27Chaos/FeaturePacks/TP_Vehicle.upack)
[2022.06.06-12.28.56:080][  0]LogPakFile: OnPakFileMounted2Time == 0.000310
[2022.06.06-12.28.56:080][  0]LogPakFile: PakFile PrimaryIndexSize=186
[2022.06.06-12.28.56:080][  0]LogPakFile: PakFile PathHashIndexSize=101
[2022.06.06-12.28.56:081][  0]LogPakFile: PakFile FullDirectoryIndexSize=146
[2022.06.06-12.28.56:081][  0]LogShaderLibrary: Display: ShaderCodeLibraryPakFileMountedCallback: PakFile 'C:/Program Files/Epic Games/UE_4.27Chaos/FeaturePacks/TP_VehicleAdv.upack' (chunk index -1, root 'root:/') mounted
[2022.06.06-12.28.56:081][  0]LogShaderLibrary: Display: ShaderCodeLibraryPakFileMountedCallback: pending pak file info (ChunkID:-1 Root:root:/ File:C:/Program Files/Epic Games/UE_4.27Chaos/FeaturePacks/TP_VehicleAdv.upack)
[2022.06.06-12.28.56:081][  0]LogPakFile: OnPakFileMounted2Time == 0.000283
[2022.06.06-12.28.56:082][  0]LogPakFile: PakFile PrimaryIndexSize=188
[2022.06.06-12.28.56:082][  0]LogPakFile: PakFile PathHashIndexSize=101
[2022.06.06-12.28.56:082][  0]LogPakFile: PakFile FullDirectoryIndexSize=150
[2022.06.06-12.28.56:082][  0]LogShaderLibrary: Display: ShaderCodeLibraryPakFileMountedCallback: PakFile 'C:/Program Files/Epic Games/UE_4.27Chaos/FeaturePacks/TP_VehicleAdvBP.upack' (chunk index -1, root 'root:/') mounted
[2022.06.06-12.28.56:082][  0]LogShaderLibrary: Display: ShaderCodeLibraryPakFileMountedCallback: pending pak file info (ChunkID:-1 Root:root:/ File:C:/Program Files/Epic Games/UE_4.27Chaos/FeaturePacks/TP_VehicleAdvBP.upack)
[2022.06.06-12.28.56:083][  0]LogPakFile: OnPakFileMounted2Time == 0.000330
[2022.06.06-12.28.56:083][  0]LogPakFile: PakFile PrimaryIndexSize=185
[2022.06.06-12.28.56:083][  0]LogPakFile: PakFile PathHashIndexSize=101
[2022.06.06-12.28.56:084][  0]LogPakFile: PakFile FullDirectoryIndexSize=144
[2022.06.06-12.28.56:084][  0]LogShaderLibrary: Display: ShaderCodeLibraryPakFileMountedCallback: PakFile 'C:/Program Files/Epic Games/UE_4.27Chaos/FeaturePacks/TP_VehicleBP.upack' (chunk index -1, root 'root:/') mounted
[2022.06.06-12.28.56:084][  0]LogShaderLibrary: Display: ShaderCodeLibraryPakFileMountedCallback: pending pak file info (ChunkID:-1 Root:root:/ File:C:/Program Files/Epic Games/UE_4.27Chaos/FeaturePacks/TP_VehicleBP.upack)
[2022.06.06-12.28.56:084][  0]LogPakFile: OnPakFileMounted2Time == 0.000274
[2022.06.06-12.28.56:085][  0]LogPakFile: PakFile PrimaryIndexSize=192
[2022.06.06-12.28.56:085][  0]LogPakFile: PakFile PathHashIndexSize=101
[2022.06.06-12.28.56:085][  0]LogPakFile: PakFile FullDirectoryIndexSize=158
[2022.06.06-12.28.56:085][  0]LogShaderLibrary: Display: ShaderCodeLibraryPakFileMountedCallback: PakFile 'C:/Program Files/Epic Games/UE_4.27Chaos/FeaturePacks/TP_VirtualRealityBP.upack' (chunk index -1, root 'root:/') mounted
[2022.06.06-12.28.56:085][  0]LogShaderLibrary: Display: ShaderCodeLibraryPakFileMountedCallback: pending pak file info (ChunkID:-1 Root:root:/ File:C:/Program Files/Epic Games/UE_4.27Chaos/FeaturePacks/TP_VirtualRealityBP.upack)
[2022.06.06-12.28.56:085][  0]LogPakFile: OnPakFileMounted2Time == 0.000274
[2022.06.06-12.28.56:135][  0]LogNativeClassHierarchy: Verbose: Native class hierarchy updated for 'AddContentDialog' in 0.0003 seconds. Added 0 classes and 0 folders.
[2022.06.06-12.28.56:145][  0]LogNativeClassHierarchy: Verbose: Native class hierarchy updated for 'SceneOutliner' in 0.0002 seconds. Added 2 classes and 0 folders.
[2022.06.06-12.28.56:253][  0]LogSlate: Took 0.000270 seconds to synchronously load lazily loaded font '../../../Engine/Content/Slate/Fonts/Roboto-Regular.ttf' (155K)
[2022.06.06-12.28.56:254][  0]LogSlate: Took 0.000298 seconds to synchronously load lazily loaded font '../../../Engine/Content/Editor/Slate/Fonts/FontAwesome.ttf' (139K)
[2022.06.06-12.28.56:255][  0]LogSlate: Took 0.000165 seconds to synchronously load lazily loaded font '../../../Engine/Content/Slate/Fonts/Roboto-Bold.ttf' (160K)
[2022.06.06-12.28.56:340][  0]LogRenderer: Reallocating scene render targets to support 1828x756 Format 10 NumSamples 1 (Frame:1).
[2022.06.06-12.28.56:572][  0]LogNativeClassHierarchy: Verbose: Native class hierarchy updated for 'HierarchicalLODOutliner' in 0.0004 seconds. Added 0 classes and 0 folders.
[2022.06.06-12.28.56:572][  0]LogLoad: (Engine Initialization) Total time: 17.44 seconds
[2022.06.06-12.28.56:572][  0]LogLoad: (Engine Initialization) Total Blueprint compile time: 0.00 seconds
[2022.06.06-12.28.56:634][  0]LogAssetRegistry: Asset discovery search completed in 12.2026 seconds
[2022.06.06-12.28.56:640][  0]LogCollectionManager: Fixed up redirectors for 0 collections in 0.000002 seconds (updated 0 objects)
[2022.06.06-12.28.56:673][  0]LogContentStreaming: Texture pool size now 1000 MB
[2022.06.06-12.28.56:728][  3]LogActor: Warning: BP_PressurePlate_C /Engine/Transient.World_3:PersistentLevel.BP_PressurePlate_C_0 has natively added scene component(s), but none of them were set as the actor's RootComponent - picking one arbitrarily
[2022.06.06-12.29.03:994][859]LogEditorViewport: Clicking on Actor (LMB): StaticMeshActor (Cube)
[2022.06.06-12.29.07:076][198]LogSlate: Took 0.000236 seconds to synchronously load lazily loaded font '../../../Engine/Content/Slate/Fonts/Roboto-Italic.ttf' (157K)
[2022.06.06-12.29.24:015][209]LogSlate: Took 0.000225 seconds to synchronously load lazily loaded font '../../../Engine/Content/Slate/Fonts/Roboto-Light.ttf' (167K)
[2022.06.06-12.29.24:037][209]Cmd: OBJ SAVEPACKAGE PACKAGE="/Game/Maps/FirstLevel" FILE="K:/Mastered/Trials/Trials/Content/Maps/FirstLevel.umap" SILENT=true AUTOSAVING=false KEEPDIRTY=false
[2022.06.06-12.29.24:046][209]LogUObjectHash: Compacting FUObjectHashTables data took   0.74ms
[2022.06.06-12.29.24:187][209]LogSavePackage: Moving 'K:/Mastered/Trials/Trials/Saved/FirstLevel9CCFCAE64AB06712DC629099E8ED15E2.tmp' to 'K:/Mastered/Trials/Trials/Content/Maps/FirstLevel.umap'
[2022.06.06-12.29.24:196][209]Cmd: OBJ SAVEPACKAGE PACKAGE="/Game/Maps/FirstLevel_BuiltData" FILE="K:/Mastered/Trials/Trials/Content/Maps/FirstLevel_BuiltData.uasset" SILENT=true
[2022.06.06-12.29.24:223][209]LogSavePackage: Moving 'K:/Mastered/Trials/Trials/Saved/FirstLevel_BuiltData874720924F2DA1CF4BC1FE91C37FD147.tmp' to 'K:/Mastered/Trials/Trials/Content/Maps/FirstLevel_BuiltData.uasset'
[2022.06.06-12.29.24:242][209]AssetCheck: New page: Asset Save: multiple assets
[2022.06.06-12.29.24:242][209]LogContentValidation: Display: Validating MapBuildDataRegistry /Game/Maps/FirstLevel_BuiltData.FirstLevel_BuiltData
[2022.06.06-12.29.24:242][209]LogContentValidation: Display: Validating World /Game/Maps/FirstLevel.FirstLevel
[2022.06.06-12.29.29:953][800]LogSlate: Window 'Source Control Login' being destroyed
