Log file open, 06/02/22 19:30:46
LogWindows: Failed to load 'aqProf.dll' (GetLastError=126)
LogWindows: File 'aqProf.dll' does not exist
LogWindows: Failed to load 'VtuneApi.dll' (GetLastError=126)
LogWindows: File 'VtuneApi.dll' does not exist
LogWindows: Failed to load 'VtuneApi32e.dll' (GetLastError=126)
LogWindows: File 'VtuneApi32e.dll' does not exist
LogConsoleResponse: Display: Failed to find resolution value strings in scalability ini. Falling back to default.
LogConsoleResponse: Display: Failed to find resolution value strings in scalability ini. Falling back to default.
LogInit: Display: Running engine for game: Trials
LogPlatformFile: Not using cached read wrapper
LogTaskGraph: Started task graph with 5 named threads and 71 total threads with 3 sets of task threads.
LogStats: Stats thread started at 0.268901
LogICUInternationalization: ICU TimeZone Detection - Raw Offset: +0:00, Platform Override: ''
LogInit: Display: Loading text-based GConfig....
LogPluginManager: Mounting plugin MeshPainting
LogPluginManager: Mounting plugin XGEController
LogPluginManager: Mounting plugin LightPropagationVolume
LogPluginManager: Mounting plugin Paper2D
LogPluginManager: Mounting plugin AISupport
LogPluginManager: Mounting plugin EnvironmentQueryEditor
LogPluginManager: Mounting plugin LiveLink
LogPluginManager: Mounting plugin CameraShakePreviewer
LogPluginManager: Mounting plugin OodleNetwork
LogPluginManager: Mounting plugin GameplayCameras
LogPluginManager: Mounting plugin OodleData
LogPluginManager: Mounting plugin AnimationSharing
LogPluginManager: Mounting plugin CLionSourceCodeAccess
LogPluginManager: Mounting plugin GitSourceControl
LogPluginManager: Mounting plugin KDevelopSourceCodeAccess
LogPluginManager: Mounting plugin CodeLiteSourceCodeAccess
LogPluginManager: Mounting plugin PerforceSourceControl
LogPluginManager: Mounting plugin PixWinPlugin
LogPluginManager: Mounting plugin PlasticSourceControl
LogPluginManager: Mounting plugin PluginUtils
LogPluginManager: Mounting plugin NullSourceCodeAccess
LogPluginManager: Mounting plugin RiderSourceCodeAccess
LogPluginManager: Mounting plugin SubversionSourceControl
LogPluginManager: Mounting plugin TextureFormatOodle
LogPluginManager: Mounting plugin UObjectPlugin
LogPluginManager: Mounting plugin VisualStudioSourceCodeAccess
LogPluginManager: Mounting plugin VisualStudioCodeSourceCodeAccess
LogPluginManager: Mounting plugin PropertyAccessNode
LogPluginManager: Mounting plugin DatasmithContent
LogPluginManager: Mounting plugin AssetManagerEditor
LogPluginManager: Mounting plugin VariantManagerContent
LogPluginManager: Mounting plugin CryptoKeys
LogPluginManager: Mounting plugin EditorScriptingUtilities
LogPluginManager: Mounting plugin DataValidation
LogPluginManager: Mounting plugin FacialAnimation
LogPluginManager: Mounting plugin GameplayTagsEditor
LogPluginManager: Mounting plugin GeometryMode
LogPluginManager: Mounting plugin MacGraphicsSwitching
LogPluginManager: Mounting plugin PluginBrowser
LogPluginManager: Mounting plugin MobileLauncherProfileWizard
LogPluginManager: Mounting plugin CurveEditorTools
LogPluginManager: Mounting plugin SpeedTreeImporter
LogPluginManager: Mounting plugin AlembicImporter
LogPluginManager: Mounting plugin AutomationUtils
LogPluginManager: Mounting plugin BackChannel
LogPluginManager: Mounting plugin XCodeSourceCodeAccess
LogPluginManager: Mounting plugin ChaosEditor
LogPluginManager: Mounting plugin ChaosClothEditor
LogPluginManager: Mounting plugin ChaosNiagara
LogPluginManager: Mounting plugin ChaosSolverPlugin
LogPluginManager: Mounting plugin MaterialAnalyzer
LogPluginManager: Mounting plugin ChaosCloth
LogPluginManager: Mounting plugin GeometryCache
LogPluginManager: Mounting plugin GeometryProcessing
LogPluginManager: Mounting plugin GeometryCollectionPlugin
LogPluginManager: Mounting plugin MotoSynth
LogPluginManager: Mounting plugin OpenImageDenoise
LogPluginManager: Mounting plugin PlanarCut
LogPluginManager: Mounting plugin PlatformCrypto
LogPluginManager: Mounting plugin PythonScriptPlugin
LogPluginManager: Mounting plugin ProxyLODPlugin
LogPluginManager: Mounting plugin LuminPlatformFeatures
LogPluginManager: Mounting plugin SkeletalReduction
LogPluginManager: Mounting plugin MagicLeap
LogPluginManager: Mounting plugin MagicLeapLightEstimation
LogPluginManager: Mounting plugin MagicLeapMedia
LogPluginManager: Mounting plugin MagicLeapPassableWorld
LogPluginManager: Mounting plugin MLSDK
LogPluginManager: Mounting plugin MegascansPlugin
LogPluginManager: Mounting plugin AndroidMedia
LogPluginManager: Mounting plugin Niagara
LogPluginManager: Mounting plugin AvfMedia
LogPluginManager: Mounting plugin ImgMedia
LogPluginManager: Mounting plugin MediaCompositing
LogPluginManager: Mounting plugin MediaPlayerEditor
LogPluginManager: Mounting plugin WebMMedia
LogPluginManager: Mounting plugin ActorSequence
LogPluginManager: Mounting plugin WmfMedia
LogPluginManager: Mounting plugin MatineeToLevelSequence
LogPluginManager: Mounting plugin TcpMessaging
LogPluginManager: Mounting plugin LevelSequenceEditor
LogPluginManager: Mounting plugin TemplateSequence
LogPluginManager: Mounting plugin OnlineSubsystemNull
LogPluginManager: Mounting plugin OnlineSubsystem
LogPluginManager: Mounting plugin ActorLayerUtilities
LogPluginManager: Mounting plugin LauncherChunkInstaller
LogPluginManager: Mounting plugin AndroidDeviceProfileSelector
LogPluginManager: Mounting plugin AndroidMoviePlayer
LogPluginManager: Mounting plugin AndroidPermission
LogPluginManager: Mounting plugin AppleImageUtils
LogPluginManager: Mounting plugin AppleMoviePlayer
LogPluginManager: Mounting plugin ArchVisCharacter
LogPluginManager: Mounting plugin AssetTags
LogPluginManager: Mounting plugin AudioCapture
LogPluginManager: Mounting plugin AudioSynesthesia
LogPluginManager: Mounting plugin ChunkDownloader
LogPluginManager: Mounting plugin CableComponent
LogPluginManager: Mounting plugin CustomMeshComponent
LogPluginManager: Mounting plugin EditableMesh
LogPluginManager: Mounting plugin ExampleDeviceProfileSelector
LogPluginManager: Mounting plugin GooglePAD
LogPluginManager: Mounting plugin GoogleCloudMessaging
LogPluginManager: Mounting plugin IOSDeviceProfileSelector
LogPluginManager: Mounting plugin LinuxDeviceProfileSelector
LogPluginManager: Mounting plugin LocationServicesBPLibrary
LogPluginManager: Mounting plugin MobilePatchingUtils
LogPluginManager: Mounting plugin OpenXR
LogPluginManager: Mounting plugin OpenXRHandTracking
LogPluginManager: Mounting plugin OpenXREyeTracker
LogPluginManager: Mounting plugin PhysXVehicles
LogPluginManager: Mounting plugin ScreenshotTools
LogPluginManager: Mounting plugin ProceduralMeshComponent
LogPluginManager: Mounting plugin PostSplashScreen
LogPluginManager: Mounting plugin PropertyAccessEditor
LogPluginManager: Mounting plugin RuntimePhysXCooking
LogPluginManager: Mounting plugin SignificanceManager
LogPluginManager: Mounting plugin SoundFields
LogPluginManager: Mounting plugin OnlineSubsystemUtils
LogPluginManager: Mounting plugin Synthesis
LogPluginManager: Mounting plugin WebMMoviePlayer
LogPluginManager: Mounting plugin WindowsMoviePlayer
LogPluginManager: Mounting plugin Takes
LogPluginManager: Mounting plugin CharacterAI
LogPluginManager: Mounting plugin UdpMessaging
LogPluginManager: Mounting plugin ContentBrowserAssetDataSource
LogPluginManager: Mounting plugin ContentBrowserClassDataSource
LogPluginManager: Mounting plugin ContentBrowserFileDataSource
LogPluginManager: Mounting plugin OnlineSubsystemIOS
LogPluginManager: Mounting plugin OnlineSubsystemGooglePlay
LogPluginManager: Mounting plugin DatabaseSupport
LogPluginManager: Mounting plugin SQLiteCore
LogPluginManager: Mounting plugin SQLiteSupport
LogPluginManager: Mounting plugin OculusVR
LogPluginManager: Mounting plugin SteamVR
LogPluginManager: Mounting plugin RiderLink
PixWinPlugin: PIX capture plugin failed to initialize! Check that the process is launched from PIX.
LogInit: Using libcurl 7.55.1-DEV
LogInit:  - built for x86_64-pc-win32
LogInit:  - supports SSL with OpenSSL/1.1.1
LogInit:  - supports HTTP deflate (compression) using libz 1.2.8
LogInit:  - other features:
LogInit:      CURL_VERSION_SSL
LogInit:      CURL_VERSION_LIBZ
LogInit:      CURL_VERSION_IPV6
LogInit:      CURL_VERSION_ASYNCHDNS
LogInit:      CURL_VERSION_LARGEFILE
LogInit:      CURL_VERSION_IDN
LogInit:  CurlRequestOptions (configurable via config and command line):
LogInit:  - bVerifyPeer = true  - Libcurl will verify peer certificate
LogInit:  - bUseHttpProxy = false  - Libcurl will NOT use HTTP proxy
LogInit:  - bDontReuseConnections = false  - Libcurl will reuse connections
LogInit:  - MaxHostConnections = 16  - Libcurl will limit the number of connections to a host
LogInit:  - LocalHostAddr = Default
LogInit:  - BufferSize = 65536
LogOnline: OSS: Creating online subsystem instance for: NULL
LogInit: WinSock: version 1.1 (2.2), MaxSocks=32767, MaxUdp=65467
LogOnline: OSS: TryLoadSubsystemAndSetDefault: Loaded subsystem for module [NULL]
LogOculusPluginWrapper: OculusPlugin initialized successfully
LogHMD: Failed initializing OVRPlugin 1.59.0
LogInit: Build: ++UE4+Release-4.27-CL-18319896
LogInit: Engine Version: 4.27.2-18319896+++UE4+Release-4.27
LogInit: Compatible Engine Version: 4.27.0-17155196+++UE4+Release-4.27
LogInit: Net CL: 17155196
LogInit: OS: Windows 10 (Release 2009) (), CPU: AMD Ryzen 9 3900X 12-Core Processor            , GPU: NVIDIA GeForce RTX 3080 Ti
LogInit: Compiled (64-bit): Nov 30 2021 07:12:08
LogInit: Compiled with Visual C++: 19.24.28315.00
LogInit: Build Configuration: Development
LogInit: Branch Name: ++UE4+Release-4.27
LogInit: Command Line:  -skipcompile
LogInit: Base Directory: C:/Program Files/Epic Games/UE_4.27/Engine/Binaries/Win64/
LogInit: Allocator: TBB
LogInit: Installed Engine Build: 1
LogDevObjectVersion: Number of dev versions registered: 29
LogDevObjectVersion:   Dev-Blueprints (B0D832E4-1F89-4F0D-ACCF-7EB736FD4AA2): 10
LogDevObjectVersion:   Dev-Build (E1C64328-A22C-4D53-A36C-8E866417BD8C): 0
LogDevObjectVersion:   Dev-Core (375EC13C-06E4-48FB-B500-84F0262A717E): 4
LogDevObjectVersion:   Dev-Editor (E4B068ED-F494-42E9-A231-DA0B2E46BB41): 40
LogDevObjectVersion:   Dev-Framework (CFFC743F-43B0-4480-9391-14DF171D2073): 37
LogDevObjectVersion:   Dev-Mobile (B02B49B5-BB20-44E9-A304-32B752E40360): 3
LogDevObjectVersion:   Dev-Networking (A4E4105C-59A1-49B5-A7C5-40C4547EDFEE): 0
LogDevObjectVersion:   Dev-Online (39C831C9-5AE6-47DC-9A44-9C173E1C8E7C): 0
LogDevObjectVersion:   Dev-Physics (78F01B33-EBEA-4F98-B9B4-84EACCB95AA2): 14
LogDevObjectVersion:   Dev-Platform (6631380F-2D4D-43E0-8009-CF276956A95A): 0
LogDevObjectVersion:   Dev-Rendering (12F88B9F-8875-4AFC-A67C-D90C383ABD29): 45
LogDevObjectVersion:   Dev-Sequencer (7B5AE74C-D270-4C10-A958-57980B212A5A): 13
LogDevObjectVersion:   Dev-VR (D7296918-1DD6-4BDD-9DE2-64A83CC13884): 3
LogDevObjectVersion:   Dev-LoadTimes (C2A15278-BFE7-4AFE-6C17-90FF531DF755): 1
LogDevObjectVersion:   Private-Geometry (6EACA3D4-40EC-4CC1-B786-8BED09428FC5): 3
LogDevObjectVersion:   Dev-AnimPhys (29E575DD-E0A3-4627-9D10-D276232CDCEA): 17
LogDevObjectVersion:   Dev-Anim (AF43A65D-7FD3-4947-9873-3E8ED9C1BB05): 15
LogDevObjectVersion:   Dev-ReflectionCapture (6B266CEC-1EC7-4B8F-A30B-E4D90942FC07): 1
LogDevObjectVersion:   Dev-Automation (0DF73D61-A23F-47EA-B727-89E90C41499A): 1
LogDevObjectVersion:   FortniteMain (601D1886-AC64-4F84-AA16-D3DE0DEAC7D6): 47
LogDevObjectVersion:   FortniteRelease (E7086368-6B23-4C58-8439-1B7016265E91): 1
LogDevObjectVersion:   Dev-Enterprise (9DFFBCD6-494F-0158-E221-12823C92A888): 10
LogDevObjectVersion:   Dev-Niagara (F2AED0AC-9AFE-416F-8664-AA7FFA26D6FC): 1
LogDevObjectVersion:   Dev-Destruction (174F1F0B-B4C6-45A5-B13F-2EE8D0FB917D): 10
LogDevObjectVersion:   Dev-Physics-Ext (35F94A83-E258-406C-A318-09F59610247C): 41
LogDevObjectVersion:   Dev-PhysicsMaterial-Chaos (B68FC16E-8B1B-42E2-B453-215C058844FE): 1
LogDevObjectVersion:   Dev-CineCamera (B2E18506-4273-CFC2-A54E-F4BB758BBA07): 1
LogDevObjectVersion:   Dev-VirtualProduction (64F58936-FD1B-42BA-BA96-7289D5D0FA4E): 1
LogDevObjectVersion:   Dev-MediaFramework (6F0ED827-A609-4895-9C91-998D90180EA4): 2
LogInit: Presizing for max 25165824 objects, including 0 objects not considered by GC, pre-allocating 0 bytes for permanent pool.
LogConfig: Applying CVar settings from Section [/Script/Engine.StreamingSettings] File [K:/Mastered/Trialed/Trials/Saved/Config/Windows/Engine.ini]
LogConfig: Setting CVar [[s.MinBulkDataSizeForAsyncLoading:131072]]
LogConfig: Setting CVar [[s.AsyncLoadingThreadEnabled:0]]
LogConfig: Setting CVar [[s.EventDrivenLoaderEnabled:1]]
LogConfig: Setting CVar [[s.WarnIfTimeLimitExceeded:0]]
LogConfig: Setting CVar [[s.TimeLimitExceededMultiplier:1.5]]
LogConfig: Setting CVar [[s.TimeLimitExceededMinTime:0.005]]
LogConfig: Setting CVar [[s.UseBackgroundLevelStreaming:1]]
LogConfig: Setting CVar [[s.PriorityAsyncLoadingExtraTime:15.0]]
LogConfig: Setting CVar [[s.LevelStreamingActorsUpdateTimeLimit:5.0]]
LogConfig: Setting CVar [[s.PriorityLevelStreamingActorsUpdateExtraTime:5.0]]
LogConfig: Setting CVar [[s.LevelStreamingComponentsRegistrationGranularity:10]]
LogConfig: Setting CVar [[s.UnregisterComponentsTimeLimit:1.0]]
LogConfig: Setting CVar [[s.LevelStreamingComponentsUnregistrationGranularity:5]]
LogConfig: Setting CVar [[s.FlushStreamingOnExit:1]]
LogInit: Object subsystem initialized
LogConfig: Setting CVar [[con.DebugEarlyDefault:1]]
LogConfig: Setting CVar [[r.setres:1280x720]]
[2022.06.02-18.30.48:309][  0]LogConfig: Setting CVar [[r.VSync:0]]
[2022.06.02-18.30.48:309][  0]LogConfig: Setting CVar [[r.RHICmdBypass:0]]
[2022.06.02-18.30.48:309][  0]LogConfig: Applying CVar settings from Section [/Script/Engine.RendererSettings] File [K:/Mastered/Trialed/Trials/Saved/Config/Windows/Engine.ini]
[2022.06.02-18.30.48:309][  0]LogConfig: Setting CVar [[r.GPUCrashDebugging:0]]
[2022.06.02-18.30.48:309][  0]LogConfig: Applying CVar settings from Section [/Script/Engine.RendererOverrideSettings] File [K:/Mastered/Trialed/Trials/Saved/Config/Windows/Engine.ini]
[2022.06.02-18.30.48:309][  0]LogConfig: Applying CVar settings from Section [/Script/Engine.StreamingSettings] File [K:/Mastered/Trialed/Trials/Saved/Config/Windows/Engine.ini]
[2022.06.02-18.30.48:309][  0]LogConfig: Setting CVar [[s.MinBulkDataSizeForAsyncLoading:131072]]
[2022.06.02-18.30.48:309][  0]LogConfig: Setting CVar [[s.AsyncLoadingThreadEnabled:0]]
[2022.06.02-18.30.48:309][  0]LogConfig: Setting CVar [[s.EventDrivenLoaderEnabled:1]]
[2022.06.02-18.30.48:309][  0]LogConfig: Setting CVar [[s.WarnIfTimeLimitExceeded:0]]
[2022.06.02-18.30.48:310][  0]LogConfig: Setting CVar [[s.TimeLimitExceededMultiplier:1.5]]
[2022.06.02-18.30.48:310][  0]LogConfig: Setting CVar [[s.TimeLimitExceededMinTime:0.005]]
[2022.06.02-18.30.48:310][  0]LogConfig: Setting CVar [[s.UseBackgroundLevelStreaming:1]]
[2022.06.02-18.30.48:310][  0]LogConfig: Setting CVar [[s.PriorityAsyncLoadingExtraTime:15.0]]
[2022.06.02-18.30.48:310][  0]LogConfig: Setting CVar [[s.LevelStreamingActorsUpdateTimeLimit:5.0]]
[2022.06.02-18.30.48:310][  0]LogConfig: Setting CVar [[s.PriorityLevelStreamingActorsUpdateExtraTime:5.0]]
[2022.06.02-18.30.48:310][  0]LogConfig: Setting CVar [[s.LevelStreamingComponentsRegistrationGranularity:10]]
[2022.06.02-18.30.48:310][  0]LogConfig: Setting CVar [[s.UnregisterComponentsTimeLimit:1.0]]
[2022.06.02-18.30.48:310][  0]LogConfig: Setting CVar [[s.LevelStreamingComponentsUnregistrationGranularity:5]]
[2022.06.02-18.30.48:310][  0]LogConfig: Setting CVar [[s.FlushStreamingOnExit:1]]
[2022.06.02-18.30.48:310][  0]LogConfig: Applying CVar settings from Section [/Script/Engine.GarbageCollectionSettings] File [K:/Mastered/Trialed/Trials/Saved/Config/Windows/Engine.ini]
[2022.06.02-18.30.48:310][  0]LogConfig: Setting CVar [[gc.MaxObjectsNotConsideredByGC:1]]
[2022.06.02-18.30.48:311][  0]LogConfig: Setting CVar [[gc.SizeOfPermanentObjectPool:0]]
[2022.06.02-18.30.48:311][  0]LogConfig: Setting CVar [[gc.FlushStreamingOnGC:0]]
[2022.06.02-18.30.48:311][  0]LogConfig: Setting CVar [[gc.NumRetriesBeforeForcingGC:10]]
[2022.06.02-18.30.48:311][  0]LogConfig: Setting CVar [[gc.AllowParallelGC:1]]
[2022.06.02-18.30.48:311][  0]LogConfig: Setting CVar [[gc.TimeBetweenPurgingPendingKillObjects:61.1]]
[2022.06.02-18.30.48:311][  0]LogConfig: Setting CVar [[gc.MaxObjectsInEditor:25165824]]
[2022.06.02-18.30.48:311][  0]LogConfig: Setting CVar [[gc.IncrementalBeginDestroyEnabled:1]]
[2022.06.02-18.30.48:311][  0]LogConfig: Setting CVar [[gc.CreateGCClusters:1]]
[2022.06.02-18.30.48:311][  0]LogConfig: Setting CVar [[gc.MinGCClusterSize:5]]
[2022.06.02-18.30.48:311][  0]LogConfig: Setting CVar [[gc.ActorClusteringEnabled:0]]
[2022.06.02-18.30.48:311][  0]LogConfig: Setting CVar [[gc.BlueprintClusteringEnabled:0]]
[2022.06.02-18.30.48:311][  0]LogConfig: Setting CVar [[gc.UseDisregardForGCOnDedicatedServers:0]]
[2022.06.02-18.30.48:311][  0]LogConfig: Setting CVar [[gc.MultithreadedDestructionEnabled:1]]
[2022.06.02-18.30.48:312][  0]LogConfig: Applying CVar settings from Section [/Script/Engine.NetworkSettings] File [K:/Mastered/Trialed/Trials/Saved/Config/Windows/Engine.ini]
[2022.06.02-18.30.48:312][  0]LogConfig: Applying CVar settings from Section [/Script/UnrealEd.CookerSettings] File [K:/Mastered/Trialed/Trials/Saved/Config/Windows/Engine.ini]
[2022.06.02-18.30.48:346][  0]LogConfig: Applying CVar settings from Section [ViewDistanceQuality@3] File [K:/Mastered/Trialed/Trials/Saved/Config/Windows/Scalability.ini]
[2022.06.02-18.30.48:346][  0]LogConfig: Setting CVar [[r.SkeletalMeshLODBias:0]]
[2022.06.02-18.30.48:346][  0]LogConfig: Setting CVar [[r.ViewDistanceScale:1.0]]
[2022.06.02-18.30.48:346][  0]LogConfig: Applying CVar settings from Section [AntiAliasingQuality@3] File [K:/Mastered/Trialed/Trials/Saved/Config/Windows/Scalability.ini]
[2022.06.02-18.30.48:346][  0]LogConfig: Setting CVar [[r.PostProcessAAQuality:4]]
[2022.06.02-18.30.48:346][  0]LogConfig: Applying CVar settings from Section [ShadowQuality@3] File [K:/Mastered/Trialed/Trials/Saved/Config/Windows/Scalability.ini]
[2022.06.02-18.30.48:346][  0]LogConfig: Setting CVar [[r.LightFunctionQuality:1]]
[2022.06.02-18.30.48:346][  0]LogConfig: Setting CVar [[r.ShadowQuality:5]]
[2022.06.02-18.30.48:347][  0]LogConfig: Setting CVar [[r.Shadow.CSM.MaxCascades:10]]
[2022.06.02-18.30.48:347][  0]LogConfig: Setting CVar [[r.Shadow.MaxResolution:2048]]
[2022.06.02-18.30.48:347][  0]LogConfig: Setting CVar [[r.Shadow.MaxCSMResolution:2048]]
[2022.06.02-18.30.48:347][  0]LogConfig: Setting CVar [[r.Shadow.RadiusThreshold:0.01]]
[2022.06.02-18.30.48:347][  0]LogConfig: Setting CVar [[r.Shadow.DistanceScale:1.0]]
[2022.06.02-18.30.48:347][  0]LogConfig: Setting CVar [[r.Shadow.CSM.TransitionScale:1.0]]
[2022.06.02-18.30.48:347][  0]LogConfig: Setting CVar [[r.Shadow.PreShadowResolutionFactor:1.0]]
[2022.06.02-18.30.48:347][  0]LogConfig: Setting CVar [[r.DistanceFieldShadowing:1]]
[2022.06.02-18.30.48:347][  0]LogConfig: Setting CVar [[r.DistanceFieldAO:1]]
[2022.06.02-18.30.48:347][  0]LogConfig: Setting CVar [[r.AOQuality:2]]
[2022.06.02-18.30.48:347][  0]LogConfig: Setting CVar [[r.VolumetricFog:1]]
[2022.06.02-18.30.48:347][  0]LogConfig: Setting CVar [[r.VolumetricFog.GridPixelSize:8]]
[2022.06.02-18.30.48:347][  0]LogConfig: Setting CVar [[r.VolumetricFog.GridSizeZ:128]]
[2022.06.02-18.30.48:348][  0]LogConfig: Setting CVar [[r.VolumetricFog.HistoryMissSupersampleCount:4]]
[2022.06.02-18.30.48:348][  0]LogConfig: Setting CVar [[r.LightMaxDrawDistanceScale:1]]
[2022.06.02-18.30.48:348][  0]LogConfig: Setting CVar [[r.CapsuleShadows:1]]
[2022.06.02-18.30.48:348][  0]LogConfig: Applying CVar settings from Section [PostProcessQuality@3] File [K:/Mastered/Trialed/Trials/Saved/Config/Windows/Scalability.ini]
[2022.06.02-18.30.48:348][  0]LogConfig: Setting CVar [[r.MotionBlurQuality:4]]
[2022.06.02-18.30.48:348][  0]LogConfig: Setting CVar [[r.AmbientOcclusionMipLevelFactor:0.4]]
[2022.06.02-18.30.48:348][  0]LogConfig: Setting CVar [[r.AmbientOcclusionMaxQuality:100]]
[2022.06.02-18.30.48:348][  0]LogConfig: Setting CVar [[r.AmbientOcclusionLevels:-1]]
[2022.06.02-18.30.48:348][  0]LogConfig: Setting CVar [[r.AmbientOcclusionRadiusScale:1.0]]
[2022.06.02-18.30.48:348][  0]LogConfig: Setting CVar [[r.DepthOfFieldQuality:2]]
[2022.06.02-18.30.48:348][  0]LogConfig: Setting CVar [[r.RenderTargetPoolMin:400]]
[2022.06.02-18.30.48:349][  0]LogConfig: Setting CVar [[r.LensFlareQuality:2]]
[2022.06.02-18.30.48:349][  0]LogConfig: Setting CVar [[r.SceneColorFringeQuality:1]]
[2022.06.02-18.30.48:349][  0]LogConfig: Setting CVar [[r.EyeAdaptationQuality:2]]
[2022.06.02-18.30.48:349][  0]LogConfig: Setting CVar [[r.BloomQuality:5]]
[2022.06.02-18.30.48:349][  0]LogConfig: Setting CVar [[r.FastBlurThreshold:100]]
[2022.06.02-18.30.48:349][  0]LogConfig: Setting CVar [[r.Upscale.Quality:3]]
[2022.06.02-18.30.48:349][  0]LogConfig: Setting CVar [[r.Tonemapper.GrainQuantization:1]]
[2022.06.02-18.30.48:349][  0]LogConfig: Setting CVar [[r.LightShaftQuality:1]]
[2022.06.02-18.30.48:349][  0]LogConfig: Setting CVar [[r.Filter.SizeScale:1]]
[2022.06.02-18.30.48:349][  0]LogConfig: Setting CVar [[r.Tonemapper.Quality:5]]
[2022.06.02-18.30.48:349][  0]LogConfig: Setting CVar [[r.DOF.Gather.AccumulatorQuality:1        ; higher gathering accumulator quality]]
[2022.06.02-18.30.48:349][  0]LogConfig: Setting CVar [[r.DOF.Gather.PostfilterMethod:1          ; Median3x3 postfilering method]]
[2022.06.02-18.30.48:349][  0]LogConfig: Setting CVar [[r.DOF.Gather.EnableBokehSettings:0       ; no bokeh simulation when gathering]]
[2022.06.02-18.30.48:350][  0]LogConfig: Setting CVar [[r.DOF.Gather.RingCount:4                 ; medium number of samples when gathering]]
[2022.06.02-18.30.48:350][  0]LogConfig: Setting CVar [[r.DOF.Scatter.ForegroundCompositing:1    ; additive foreground scattering]]
[2022.06.02-18.30.48:350][  0]LogConfig: Setting CVar [[r.DOF.Scatter.BackgroundCompositing:2    ; additive background scattering]]
[2022.06.02-18.30.48:350][  0]LogConfig: Setting CVar [[r.DOF.Scatter.EnableBokehSettings:1      ; bokeh simulation when scattering]]
[2022.06.02-18.30.48:350][  0]LogConfig: Setting CVar [[r.DOF.Scatter.MaxSpriteRatio:0.1         ; only a maximum of 10% of scattered bokeh]]
[2022.06.02-18.30.48:350][  0]LogConfig: Setting CVar [[r.DOF.Recombine.Quality:1                ; cheap slight out of focus]]
[2022.06.02-18.30.48:350][  0]LogConfig: Setting CVar [[r.DOF.Recombine.EnableBokehSettings:0    ; no bokeh simulation on slight out of focus]]
[2022.06.02-18.30.48:350][  0]LogConfig: Setting CVar [[r.DOF.TemporalAAQuality:1                ; more stable temporal accumulation]]
[2022.06.02-18.30.48:350][  0]LogConfig: Setting CVar [[r.DOF.Kernel.MaxForegroundRadius:0.025]]
[2022.06.02-18.30.48:350][  0]LogConfig: Setting CVar [[r.DOF.Kernel.MaxBackgroundRadius:0.025]]
[2022.06.02-18.30.48:350][  0]LogConfig: Applying CVar settings from Section [TextureQuality@3] File [K:/Mastered/Trialed/Trials/Saved/Config/Windows/Scalability.ini]
[2022.06.02-18.30.48:350][  0]LogConfig: Setting CVar [[r.Streaming.MipBias:0]]
[2022.06.02-18.30.48:350][  0]LogConfig: Setting CVar [[r.Streaming.AmortizeCPUToGPUCopy:0]]
[2022.06.02-18.30.48:351][  0]LogConfig: Setting CVar [[r.Streaming.MaxNumTexturesToStreamPerFrame:0]]
[2022.06.02-18.30.48:351][  0]LogConfig: Setting CVar [[r.Streaming.Boost:1]]
[2022.06.02-18.30.48:351][  0]LogConfig: Setting CVar [[r.MaxAnisotropy:8]]
[2022.06.02-18.30.48:351][  0]LogConfig: Setting CVar [[r.VT.MaxAnisotropy:8]]
[2022.06.02-18.30.48:351][  0]LogConfig: Setting CVar [[r.Streaming.LimitPoolSizeToVRAM:0]]
[2022.06.02-18.30.48:351][  0]LogConfig: Setting CVar [[r.Streaming.PoolSize:1000]]
[2022.06.02-18.30.48:351][  0]LogConfig: Setting CVar [[r.Streaming.MaxEffectiveScreenSize:0]]
[2022.06.02-18.30.48:351][  0]LogConfig: Applying CVar settings from Section [EffectsQuality@3] File [K:/Mastered/Trialed/Trials/Saved/Config/Windows/Scalability.ini]
[2022.06.02-18.30.48:351][  0]LogConfig: Setting CVar [[r.TranslucencyLightingVolumeDim:64]]
[2022.06.02-18.30.48:351][  0]LogConfig: Setting CVar [[r.RefractionQuality:2]]
[2022.06.02-18.30.48:351][  0]LogConfig: Setting CVar [[r.SSR.Quality:3]]
[2022.06.02-18.30.48:351][  0]LogConfig: Setting CVar [[r.SSR.HalfResSceneColor:0]]
[2022.06.02-18.30.48:352][  0]LogConfig: Setting CVar [[r.SceneColorFormat:4]]
[2022.06.02-18.30.48:352][  0]LogConfig: Setting CVar [[r.DetailMode:2]]
[2022.06.02-18.30.48:352][  0]LogConfig: Setting CVar [[r.TranslucencyVolumeBlur:1]]
[2022.06.02-18.30.48:352][  0]LogConfig: Setting CVar [[r.MaterialQualityLevel:1 ; High quality]]
[2022.06.02-18.30.48:352][  0]LogConfig: Setting CVar [[r.AnisotropicMaterials:1]]
[2022.06.02-18.30.48:352][  0]LogConfig: Setting CVar [[r.SSS.Scale:1]]
[2022.06.02-18.30.48:352][  0]LogConfig: Setting CVar [[r.SSS.SampleSet:2]]
[2022.06.02-18.30.48:352][  0]LogConfig: Setting CVar [[r.SSS.Quality:1]]
[2022.06.02-18.30.48:352][  0]LogConfig: Setting CVar [[r.SSS.HalfRes:0]]
[2022.06.02-18.30.48:352][  0]LogConfig: Setting CVar [[r.SSGI.Quality:3]]
[2022.06.02-18.30.48:352][  0]LogConfig: Setting CVar [[r.EmitterSpawnRateScale:1.0]]
[2022.06.02-18.30.48:352][  0]LogConfig: Setting CVar [[r.ParticleLightQuality:2]]
[2022.06.02-18.30.48:352][  0]LogConfig: Setting CVar [[r.SkyAtmosphere.AerialPerspectiveLUT.FastApplyOnOpaque:1 ; Always have FastSkyLUT 1 in this case to avoid wrong sky]]
[2022.06.02-18.30.48:353][  0]LogConfig: Setting CVar [[r.SkyAtmosphere.AerialPerspectiveLUT.SampleCountMaxPerSlice:4]]
[2022.06.02-18.30.48:353][  0]LogConfig: Setting CVar [[r.SkyAtmosphere.AerialPerspectiveLUT.DepthResolution:16.0]]
[2022.06.02-18.30.48:353][  0]LogConfig: Setting CVar [[r.SkyAtmosphere.FastSkyLUT:1]]
[2022.06.02-18.30.48:353][  0]LogConfig: Setting CVar [[r.SkyAtmosphere.FastSkyLUT.SampleCountMin:4.0]]
[2022.06.02-18.30.48:353][  0]LogConfig: Setting CVar [[r.SkyAtmosphere.FastSkyLUT.SampleCountMax:128.0]]
[2022.06.02-18.30.48:353][  0]LogConfig: Setting CVar [[r.SkyAtmosphere.SampleCountMin:4.0]]
[2022.06.02-18.30.48:353][  0]LogConfig: Setting CVar [[r.SkyAtmosphere.SampleCountMax:128.0]]
[2022.06.02-18.30.48:353][  0]LogConfig: Setting CVar [[r.SkyAtmosphere.TransmittanceLUT.UseSmallFormat:0]]
[2022.06.02-18.30.48:353][  0]LogConfig: Setting CVar [[r.SkyAtmosphere.TransmittanceLUT.SampleCount:10.0]]
[2022.06.02-18.30.48:353][  0]LogConfig: Setting CVar [[r.SkyAtmosphere.MultiScatteringLUT.SampleCount:15.0]]
[2022.06.02-18.30.48:353][  0]LogConfig: Setting CVar [[r.SkyLight.RealTimeReflectionCapture:1]]
[2022.06.02-18.30.48:353][  0]LogConfig: Applying CVar settings from Section [FoliageQuality@3] File [K:/Mastered/Trialed/Trials/Saved/Config/Windows/Scalability.ini]
[2022.06.02-18.30.48:353][  0]LogConfig: Setting CVar [[foliage.DensityScale:1.0]]
[2022.06.02-18.30.48:354][  0]LogConfig: Setting CVar [[grass.DensityScale:1.0]]
[2022.06.02-18.30.48:354][  0]LogConfig: Applying CVar settings from Section [ShadingQuality@3] File [K:/Mastered/Trialed/Trials/Saved/Config/Windows/Scalability.ini]
[2022.06.02-18.30.48:354][  0]LogConfig: Setting CVar [[r.HairStrands.SkyLighting.IntegrationType:2]]
[2022.06.02-18.30.48:354][  0]LogConfig: Setting CVar [[r.HairStrands.SkyAO.SampleCount:4]]
[2022.06.02-18.30.48:354][  0]LogConfig: Setting CVar [[r.HairStrands.Visibility.MSAA.SamplePerPixel:4]]
[2022.06.02-18.30.48:354][  0]LogInit: Selected Device Profile: [Windows]
[2022.06.02-18.30.48:354][  0]LogInit: Applying CVar settings loaded from the selected device profile: [Windows]
[2022.06.02-18.30.48:354][  0]LogHAL: Display: Platform has ~ 32 GB [34265247744 / 34359738368 / 32], which maps to Largest [LargestMinGB=32, LargerMinGB=12, DefaultMinGB=8, SmallerMinGB=6, SmallestMinGB=0)
[2022.06.02-18.30.48:354][  0]LogInit: Going up to parent DeviceProfile []
[2022.06.02-18.30.48:354][  0]LogConfig: Applying CVar settings from Section [ViewDistanceQuality@3] File [K:/Mastered/Trialed/Trials/Saved/Config/Windows/Scalability.ini]
[2022.06.02-18.30.48:355][  0]LogConfig: Setting CVar [[r.SkeletalMeshLODBias:0]]
[2022.06.02-18.30.48:355][  0]LogConfig: Setting CVar [[r.ViewDistanceScale:1.0]]
[2022.06.02-18.30.48:355][  0]LogConfig: Applying CVar settings from Section [AntiAliasingQuality@3] File [K:/Mastered/Trialed/Trials/Saved/Config/Windows/Scalability.ini]
[2022.06.02-18.30.48:355][  0]LogConfig: Setting CVar [[r.PostProcessAAQuality:4]]
[2022.06.02-18.30.48:355][  0]LogConfig: Applying CVar settings from Section [ShadowQuality@3] File [K:/Mastered/Trialed/Trials/Saved/Config/Windows/Scalability.ini]
[2022.06.02-18.30.48:355][  0]LogConfig: Setting CVar [[r.LightFunctionQuality:1]]
[2022.06.02-18.30.48:355][  0]LogConfig: Setting CVar [[r.ShadowQuality:5]]
[2022.06.02-18.30.48:355][  0]LogConfig: Setting CVar [[r.Shadow.CSM.MaxCascades:10]]
[2022.06.02-18.30.48:355][  0]LogConfig: Setting CVar [[r.Shadow.MaxResolution:2048]]
[2022.06.02-18.30.48:355][  0]LogConfig: Setting CVar [[r.Shadow.MaxCSMResolution:2048]]
[2022.06.02-18.30.48:355][  0]LogConfig: Setting CVar [[r.Shadow.RadiusThreshold:0.01]]
[2022.06.02-18.30.48:355][  0]LogConfig: Setting CVar [[r.Shadow.DistanceScale:1.0]]
[2022.06.02-18.30.48:355][  0]LogConfig: Setting CVar [[r.Shadow.CSM.TransitionScale:1.0]]
[2022.06.02-18.30.48:355][  0]LogConfig: Setting CVar [[r.Shadow.PreShadowResolutionFactor:1.0]]
[2022.06.02-18.30.48:356][  0]LogConfig: Setting CVar [[r.DistanceFieldShadowing:1]]
[2022.06.02-18.30.48:356][  0]LogConfig: Setting CVar [[r.DistanceFieldAO:1]]
[2022.06.02-18.30.48:356][  0]LogConfig: Setting CVar [[r.AOQuality:2]]
[2022.06.02-18.30.48:356][  0]LogConfig: Setting CVar [[r.VolumetricFog:1]]
[2022.06.02-18.30.48:356][  0]LogConfig: Setting CVar [[r.VolumetricFog.GridPixelSize:8]]
[2022.06.02-18.30.48:356][  0]LogConfig: Setting CVar [[r.VolumetricFog.GridSizeZ:128]]
[2022.06.02-18.30.48:356][  0]LogConfig: Setting CVar [[r.VolumetricFog.HistoryMissSupersampleCount:4]]
[2022.06.02-18.30.48:356][  0]LogConfig: Setting CVar [[r.LightMaxDrawDistanceScale:1]]
[2022.06.02-18.30.48:356][  0]LogConfig: Setting CVar [[r.CapsuleShadows:1]]
[2022.06.02-18.30.48:356][  0]LogConfig: Applying CVar settings from Section [PostProcessQuality@3] File [K:/Mastered/Trialed/Trials/Saved/Config/Windows/Scalability.ini]
[2022.06.02-18.30.48:356][  0]LogConfig: Setting CVar [[r.MotionBlurQuality:4]]
[2022.06.02-18.30.48:356][  0]LogConfig: Setting CVar [[r.AmbientOcclusionMipLevelFactor:0.4]]
[2022.06.02-18.30.48:356][  0]LogConfig: Setting CVar [[r.AmbientOcclusionMaxQuality:100]]
[2022.06.02-18.30.48:356][  0]LogConfig: Setting CVar [[r.AmbientOcclusionLevels:-1]]
[2022.06.02-18.30.48:357][  0]LogConfig: Setting CVar [[r.AmbientOcclusionRadiusScale:1.0]]
[2022.06.02-18.30.48:357][  0]LogConfig: Setting CVar [[r.DepthOfFieldQuality:2]]
[2022.06.02-18.30.48:357][  0]LogConfig: Setting CVar [[r.RenderTargetPoolMin:400]]
[2022.06.02-18.30.48:357][  0]LogConfig: Setting CVar [[r.LensFlareQuality:2]]
[2022.06.02-18.30.48:357][  0]LogConfig: Setting CVar [[r.SceneColorFringeQuality:1]]
[2022.06.02-18.30.48:357][  0]LogConfig: Setting CVar [[r.EyeAdaptationQuality:2]]
[2022.06.02-18.30.48:357][  0]LogConfig: Setting CVar [[r.BloomQuality:5]]
[2022.06.02-18.30.48:357][  0]LogConfig: Setting CVar [[r.FastBlurThreshold:100]]
[2022.06.02-18.30.48:357][  0]LogConfig: Setting CVar [[r.Upscale.Quality:3]]
[2022.06.02-18.30.48:357][  0]LogConfig: Setting CVar [[r.Tonemapper.GrainQuantization:1]]
[2022.06.02-18.30.48:357][  0]LogConfig: Setting CVar [[r.LightShaftQuality:1]]
[2022.06.02-18.30.48:357][  0]LogConfig: Setting CVar [[r.Filter.SizeScale:1]]
[2022.06.02-18.30.48:357][  0]LogConfig: Setting CVar [[r.Tonemapper.Quality:5]]
[2022.06.02-18.30.48:358][  0]LogConfig: Setting CVar [[r.DOF.Gather.AccumulatorQuality:1        ; higher gathering accumulator quality]]
[2022.06.02-18.30.48:358][  0]LogConfig: Setting CVar [[r.DOF.Gather.PostfilterMethod:1          ; Median3x3 postfilering method]]
[2022.06.02-18.30.48:358][  0]LogConfig: Setting CVar [[r.DOF.Gather.EnableBokehSettings:0       ; no bokeh simulation when gathering]]
[2022.06.02-18.30.48:358][  0]LogConfig: Setting CVar [[r.DOF.Gather.RingCount:4                 ; medium number of samples when gathering]]
[2022.06.02-18.30.48:358][  0]LogConfig: Setting CVar [[r.DOF.Scatter.ForegroundCompositing:1    ; additive foreground scattering]]
[2022.06.02-18.30.48:358][  0]LogConfig: Setting CVar [[r.DOF.Scatter.BackgroundCompositing:2    ; additive background scattering]]
[2022.06.02-18.30.48:358][  0]LogConfig: Setting CVar [[r.DOF.Scatter.EnableBokehSettings:1      ; bokeh simulation when scattering]]
[2022.06.02-18.30.48:358][  0]LogConfig: Setting CVar [[r.DOF.Scatter.MaxSpriteRatio:0.1         ; only a maximum of 10% of scattered bokeh]]
[2022.06.02-18.30.48:358][  0]LogConfig: Setting CVar [[r.DOF.Recombine.Quality:1                ; cheap slight out of focus]]
[2022.06.02-18.30.48:358][  0]LogConfig: Setting CVar [[r.DOF.Recombine.EnableBokehSettings:0    ; no bokeh simulation on slight out of focus]]
[2022.06.02-18.30.48:358][  0]LogConfig: Setting CVar [[r.DOF.TemporalAAQuality:1                ; more stable temporal accumulation]]
[2022.06.02-18.30.48:358][  0]LogConfig: Setting CVar [[r.DOF.Kernel.MaxForegroundRadius:0.025]]
[2022.06.02-18.30.48:358][  0]LogConfig: Setting CVar [[r.DOF.Kernel.MaxBackgroundRadius:0.025]]
[2022.06.02-18.30.48:359][  0]LogConfig: Applying CVar settings from Section [TextureQuality@3] File [K:/Mastered/Trialed/Trials/Saved/Config/Windows/Scalability.ini]
[2022.06.02-18.30.48:359][  0]LogConfig: Setting CVar [[r.Streaming.MipBias:0]]
[2022.06.02-18.30.48:359][  0]LogConfig: Setting CVar [[r.Streaming.AmortizeCPUToGPUCopy:0]]
[2022.06.02-18.30.48:359][  0]LogConfig: Setting CVar [[r.Streaming.MaxNumTexturesToStreamPerFrame:0]]
[2022.06.02-18.30.48:359][  0]LogConfig: Setting CVar [[r.Streaming.Boost:1]]
[2022.06.02-18.30.48:359][  0]LogConfig: Setting CVar [[r.MaxAnisotropy:8]]
[2022.06.02-18.30.48:359][  0]LogConfig: Setting CVar [[r.VT.MaxAnisotropy:8]]
[2022.06.02-18.30.48:359][  0]LogConfig: Setting CVar [[r.Streaming.LimitPoolSizeToVRAM:0]]
[2022.06.02-18.30.48:359][  0]LogConfig: Setting CVar [[r.Streaming.PoolSize:1000]]
[2022.06.02-18.30.48:359][  0]LogConfig: Setting CVar [[r.Streaming.MaxEffectiveScreenSize:0]]
[2022.06.02-18.30.48:359][  0]LogConfig: Applying CVar settings from Section [EffectsQuality@3] File [K:/Mastered/Trialed/Trials/Saved/Config/Windows/Scalability.ini]
[2022.06.02-18.30.48:359][  0]LogConfig: Setting CVar [[r.TranslucencyLightingVolumeDim:64]]
[2022.06.02-18.30.48:359][  0]LogConfig: Setting CVar [[r.RefractionQuality:2]]
[2022.06.02-18.30.48:360][  0]LogConfig: Setting CVar [[r.SSR.Quality:3]]
[2022.06.02-18.30.48:360][  0]LogConfig: Setting CVar [[r.SSR.HalfResSceneColor:0]]
[2022.06.02-18.30.48:360][  0]LogConfig: Setting CVar [[r.SceneColorFormat:4]]
[2022.06.02-18.30.48:360][  0]LogConfig: Setting CVar [[r.DetailMode:2]]
[2022.06.02-18.30.48:360][  0]LogConfig: Setting CVar [[r.TranslucencyVolumeBlur:1]]
[2022.06.02-18.30.48:360][  0]LogConfig: Setting CVar [[r.MaterialQualityLevel:1 ; High quality]]
[2022.06.02-18.30.48:360][  0]LogConfig: Setting CVar [[r.AnisotropicMaterials:1]]
[2022.06.02-18.30.48:360][  0]LogConfig: Setting CVar [[r.SSS.Scale:1]]
[2022.06.02-18.30.48:360][  0]LogConfig: Setting CVar [[r.SSS.SampleSet:2]]
[2022.06.02-18.30.48:360][  0]LogConfig: Setting CVar [[r.SSS.Quality:1]]
[2022.06.02-18.30.48:360][  0]LogConfig: Setting CVar [[r.SSS.HalfRes:0]]
[2022.06.02-18.30.48:360][  0]LogConfig: Setting CVar [[r.SSGI.Quality:3]]
[2022.06.02-18.30.48:360][  0]LogConfig: Setting CVar [[r.EmitterSpawnRateScale:1.0]]
[2022.06.02-18.30.48:360][  0]LogConfig: Setting CVar [[r.ParticleLightQuality:2]]
[2022.06.02-18.30.48:361][  0]LogConfig: Setting CVar [[r.SkyAtmosphere.AerialPerspectiveLUT.FastApplyOnOpaque:1 ; Always have FastSkyLUT 1 in this case to avoid wrong sky]]
[2022.06.02-18.30.48:361][  0]LogConfig: Setting CVar [[r.SkyAtmosphere.AerialPerspectiveLUT.SampleCountMaxPerSlice:4]]
[2022.06.02-18.30.48:361][  0]LogConfig: Setting CVar [[r.SkyAtmosphere.AerialPerspectiveLUT.DepthResolution:16.0]]
[2022.06.02-18.30.48:361][  0]LogConfig: Setting CVar [[r.SkyAtmosphere.FastSkyLUT:1]]
[2022.06.02-18.30.48:361][  0]LogConfig: Setting CVar [[r.SkyAtmosphere.FastSkyLUT.SampleCountMin:4.0]]
[2022.06.02-18.30.48:361][  0]LogConfig: Setting CVar [[r.SkyAtmosphere.FastSkyLUT.SampleCountMax:128.0]]
[2022.06.02-18.30.48:361][  0]LogConfig: Setting CVar [[r.SkyAtmosphere.SampleCountMin:4.0]]
[2022.06.02-18.30.48:361][  0]LogConfig: Setting CVar [[r.SkyAtmosphere.SampleCountMax:128.0]]
[2022.06.02-18.30.48:361][  0]LogConfig: Setting CVar [[r.SkyAtmosphere.TransmittanceLUT.UseSmallFormat:0]]
[2022.06.02-18.30.48:361][  0]LogConfig: Setting CVar [[r.SkyAtmosphere.TransmittanceLUT.SampleCount:10.0]]
[2022.06.02-18.30.48:361][  0]LogConfig: Setting CVar [[r.SkyAtmosphere.MultiScatteringLUT.SampleCount:15.0]]
[2022.06.02-18.30.48:361][  0]LogConfig: Setting CVar [[r.SkyLight.RealTimeReflectionCapture:1]]
[2022.06.02-18.30.48:362][  0]LogConfig: Applying CVar settings from Section [FoliageQuality@3] File [K:/Mastered/Trialed/Trials/Saved/Config/Windows/Scalability.ini]
[2022.06.02-18.30.48:362][  0]LogConfig: Setting CVar [[foliage.DensityScale:1.0]]
[2022.06.02-18.30.48:362][  0]LogConfig: Setting CVar [[grass.DensityScale:1.0]]
[2022.06.02-18.30.48:362][  0]LogConfig: Applying CVar settings from Section [ShadingQuality@3] File [K:/Mastered/Trialed/Trials/Saved/Config/Windows/Scalability.ini]
[2022.06.02-18.30.48:362][  0]LogConfig: Setting CVar [[r.HairStrands.SkyLighting.IntegrationType:2]]
[2022.06.02-18.30.48:362][  0]LogConfig: Setting CVar [[r.HairStrands.SkyAO.SampleCount:4]]
[2022.06.02-18.30.48:362][  0]LogConfig: Setting CVar [[r.HairStrands.Visibility.MSAA.SamplePerPixel:4]]
[2022.06.02-18.30.48:362][  0]LogConfig: Applying CVar settings from Section [Startup] File [../../../Engine/Config/ConsoleVariables.ini]
[2022.06.02-18.30.48:362][  0]LogConfig: Setting CVar [[net.UseAdaptiveNetUpdateFrequency:0]]
[2022.06.02-18.30.48:363][  0]LogConfig: Setting CVar [[p.chaos.AllowCreatePhysxBodies:1]]
[2022.06.02-18.30.48:363][  0]LogConfig: Setting CVar [[fx.SkipVectorVMBackendOptimizations:1]]
[2022.06.02-18.30.48:363][  0]LogConfig: Applying CVar settings from Section [ConsoleVariables] File [K:/Mastered/Trialed/Trials/Saved/Config/Windows/Engine.ini]
[2022.06.02-18.30.48:363][  0]LogConfig: Applying CVar settings from Section [ConsoleVariables] File [K:/Mastered/Trialed/Trials/Saved/Config/Windows/Editor.ini]
[2022.06.02-18.30.48:363][  0]LogInit: Computer: DESKTOP-70BM0B7
[2022.06.02-18.30.48:363][  0]LogInit: User: zilla
[2022.06.02-18.30.48:363][  0]LogInit: CPU Page size=4096, Cores=12
[2022.06.02-18.30.48:363][  0]LogInit: High frequency timer resolution =10.000000 MHz
[2022.06.02-18.30.48:363][  0]LogMemory: Memory total: Physical=31.9GB (32GB approx)
[2022.06.02-18.30.48:363][  0]LogMemory: Platform Memory Stats for Windows
[2022.06.02-18.30.48:364][  0]LogMemory: Process Physical Memory: 151.22 MB used, 151.22 MB peak
[2022.06.02-18.30.48:364][  0]LogMemory: Process Virtual Memory: 132.00 MB used, 132.00 MB peak
[2022.06.02-18.30.48:364][  0]LogMemory: Physical Memory: 16191.07 MB used,  16486.81 MB free, 32677.89 MB total
[2022.06.02-18.30.48:364][  0]LogMemory: Virtual Memory: 134201512.00 MB used,  16216.44 MB free, 134217728.00 MB total
[2022.06.02-18.30.48:657][  0]LogWindows: WindowsPlatformFeatures enabled
[2022.06.02-18.30.48:796][  0]LogInit: Physics initialised using underlying interface: PhysX
[2022.06.02-18.30.48:797][  0]LogInit: Using OS detected language (en-GB).
[2022.06.02-18.30.48:797][  0]LogInit: Using OS detected locale (en-GB).
[2022.06.02-18.30.48:804][  0]LogTextLocalizationManager: No specific localization for 'en-GB' exists, so the 'en' localization will be used.
[2022.06.02-18.30.49:002][  0]LogInit: Setting process to per monitor DPI aware
[2022.06.02-18.30.49:042][  0]LogWindowsTextInputMethodSystem: Display: IME system deactivated.
[2022.06.02-18.30.49:071][  0]LogSlate: New Slate User Created.  User Index 0, Is Virtual User: 0
[2022.06.02-18.30.49:071][  0]LogSlate: Slate User Registered.  User Index 0, Is Virtual User: 0
[2022.06.02-18.30.49:235][  0]LogD3D11RHI: Loaded GFSDK_Aftermath_Lib.x64.dll
[2022.06.02-18.30.49:240][  0]LogHMD: Failed to initialize OpenVR with code 110
[2022.06.02-18.30.49:240][  0]LogD3D11RHI: D3D11 min allowed feature level: 11_0
[2022.06.02-18.30.49:240][  0]LogD3D11RHI: D3D11 max allowed feature level: 11_0
[2022.06.02-18.30.49:241][  0]LogD3D11RHI: D3D11 adapters:
[2022.06.02-18.30.49:366][  0]LogD3D11RHI:    0. 'NVIDIA GeForce RTX 3080 Ti' (Feature Level 11_0)
[2022.06.02-18.30.49:366][  0]LogD3D11RHI:       12108/0/16338 MB DedicatedVideo/DedicatedSystem/SharedSystem, Outputs:2, VendorId:0x10de
[2022.06.02-18.30.49:372][  0]LogD3D11RHI:    1. 'Microsoft Basic Render Driver' (Feature Level 11_0)
[2022.06.02-18.30.49:372][  0]LogD3D11RHI:       0/0/16338 MB DedicatedVideo/DedicatedSystem/SharedSystem, Outputs:0, VendorId:0x1414
[2022.06.02-18.30.49:372][  0]LogD3D11RHI: Chosen D3D11 Adapter:
[2022.06.02-18.30.49:372][  0]LogD3D11RHI:     Description : NVIDIA GeForce RTX 3080 Ti
[2022.06.02-18.30.49:372][  0]LogD3D11RHI:     VendorId    : 10de
[2022.06.02-18.30.49:372][  0]LogD3D11RHI:     DeviceId    : 2208
[2022.06.02-18.30.49:372][  0]LogD3D11RHI:     SubSysId    : 40881458
[2022.06.02-18.30.49:372][  0]LogD3D11RHI:     Revision    : 00a1
[2022.06.02-18.30.49:372][  0]LogD3D11RHI:     DedicatedVideoMemory : 12696158208 bytes
[2022.06.02-18.30.49:372][  0]LogD3D11RHI:     DedicatedSystemMemory : 0 bytes
[2022.06.02-18.30.49:373][  0]LogD3D11RHI:     SharedSystemMemory : 17132623872 bytes
[2022.06.02-18.30.49:373][  0]LogD3D11RHI:     AdapterLuid : 0 82272
[2022.06.02-18.30.49:380][  0]LogD3D11RHI: Creating new Direct3DDevice
[2022.06.02-18.30.49:380][  0]LogD3D11RHI:     GPU DeviceId: 0x2208 (for the marketing name, search the web for "GPU Device Id")
[2022.06.02-18.30.49:380][  0]LogWindows: EnumDisplayDevices:
[2022.06.02-18.30.49:380][  0]LogWindows:    0. 'NVIDIA GeForce RTX 3080 Ti' (P:0 D:1)
[2022.06.02-18.30.49:381][  0]LogWindows:    1. 'NVIDIA GeForce RTX 3080 Ti' (P:1 D:1)
[2022.06.02-18.30.49:381][  0]LogWindows:    2. 'NVIDIA GeForce RTX 3080 Ti' (P:0 D:0)
[2022.06.02-18.30.49:381][  0]LogWindows:    3. 'NVIDIA GeForce RTX 3080 Ti' (P:0 D:0)
[2022.06.02-18.30.49:382][  0]LogWindows: DebugString: FoundDriverCount:4 
[2022.06.02-18.30.49:382][  0]LogD3D11RHI:     Adapter Name: NVIDIA GeForce RTX 3080 Ti
[2022.06.02-18.30.49:382][  0]LogD3D11RHI:   Driver Version: 512.59 (internal:30.0.15.1259, unified:512.59)
[2022.06.02-18.30.49:382][  0]LogD3D11RHI:      Driver Date: 4-20-2022
[2022.06.02-18.30.49:382][  0]LogRHI: Texture pool is 8475 MB (70% of 12108 MB)
[2022.06.02-18.30.49:382][  0]LogD3D11RHI: Creating D3DDevice using adapter:
[2022.06.02-18.30.49:382][  0]LogD3D11RHI:     Description : NVIDIA GeForce RTX 3080 Ti
[2022.06.02-18.30.49:382][  0]LogD3D11RHI:     VendorId    : 10de
[2022.06.02-18.30.49:382][  0]LogD3D11RHI:     DeviceId    : 2208
[2022.06.02-18.30.49:382][  0]LogD3D11RHI:     SubSysId    : 40881458
[2022.06.02-18.30.49:383][  0]LogD3D11RHI:     Revision    : 00a1
[2022.06.02-18.30.49:383][  0]LogD3D11RHI:     DedicatedVideoMemory : 12696158208 bytes
[2022.06.02-18.30.49:383][  0]LogD3D11RHI:     DedicatedSystemMemory : 0 bytes
[2022.06.02-18.30.49:383][  0]LogD3D11RHI:     SharedSystemMemory : 17132623872 bytes
[2022.06.02-18.30.49:383][  0]LogD3D11RHI:     AdapterLuid : 0 82272
[2022.06.02-18.30.49:447][  0]LogD3D11RHI: RHI has support for 64 bit atomics
[2022.06.02-18.30.49:447][  0]LogD3D11RHI: Async texture creation enabled
[2022.06.02-18.30.49:448][  0]LogD3D11RHI: Array index from any shader is supported
[2022.06.02-18.30.49:449][  0]LogD3D11RHI: HDR output is supported on display 0 (NvId: 0x80061081).
[2022.06.02-18.30.49:466][  0]LogD3D11RHI: GPU Timing Frequency: 1000.000000 (Debug: 2 1)
[2022.06.02-18.30.49:494][  0]LogRHI: GeForceNow SDK initialized: 1
[2022.06.02-18.30.49:767][  0]LogTargetPlatformManager: Display: Loaded TargetPlatform 'AllDesktop'
[2022.06.02-18.30.49:793][  0]LogTargetPlatformManager: Display: Loaded TargetPlatform 'Android'
[2022.06.02-18.30.49:793][  0]LogTargetPlatformManager: Display: Loaded TargetPlatform 'Android_ASTC'
[2022.06.02-18.30.49:793][  0]LogTargetPlatformManager: Display: Loaded TargetPlatform 'Android_DXT'
[2022.06.02-18.30.49:793][  0]LogTargetPlatformManager: Display: Loaded TargetPlatform 'Android_ETC2'
[2022.06.02-18.30.49:793][  0]LogTargetPlatformManager: Display: Loaded TargetPlatform 'AndroidClient'
[2022.06.02-18.30.49:793][  0]LogTargetPlatformManager: Display: Loaded TargetPlatform 'Android_ASTCClient'
[2022.06.02-18.30.49:793][  0]LogTargetPlatformManager: Display: Loaded TargetPlatform 'Android_DXTClient'
[2022.06.02-18.30.49:793][  0]LogTargetPlatformManager: Display: Loaded TargetPlatform 'Android_ETC2Client'
[2022.06.02-18.30.49:793][  0]LogTargetPlatformManager: Display: Loaded TargetPlatform 'Android_Multi'
[2022.06.02-18.30.49:794][  0]LogTargetPlatformManager: Display: Loaded TargetPlatform 'Android_MultiClient'
[2022.06.02-18.30.49:824][  0]LogTargetPlatformManager: Display: Loaded TargetPlatform 'IOSClient'
[2022.06.02-18.30.49:824][  0]LogTargetPlatformManager: Display: Loaded TargetPlatform 'IOS'
[2022.06.02-18.30.49:837][  0]LogTargetPlatformManager: Display: Loaded TargetPlatform 'Linux'
[2022.06.02-18.30.49:847][  0]LogTargetPlatformManager: Display: Loaded TargetPlatform 'LinuxNoEditor'
[2022.06.02-18.30.49:855][  0]LogTargetPlatformManager: Display: Loaded TargetPlatform 'LinuxClient'
[2022.06.02-18.30.49:864][  0]LogTargetPlatformManager: Display: Loaded TargetPlatform 'LinuxServer'
[2022.06.02-18.30.49:877][  0]LogTargetPlatformManager: Display: Loaded TargetPlatform 'LinuxAArch64NoEditor'
[2022.06.02-18.30.49:886][  0]LogTargetPlatformManager: Display: Loaded TargetPlatform 'LinuxAArch64Client'
[2022.06.02-18.30.49:895][  0]LogTargetPlatformManager: Display: Loaded TargetPlatform 'LinuxAArch64Server'
[2022.06.02-18.30.49:921][  0]LogTargetPlatformManager: Display: Loaded TargetPlatform 'Lumin'
[2022.06.02-18.30.49:921][  0]LogTargetPlatformManager: Display: Loaded TargetPlatform 'LuminClient'
[2022.06.02-18.30.49:933][  0]LogTargetPlatformManager: Display: Loaded TargetPlatform 'MacNoEditor'
[2022.06.02-18.30.49:942][  0]LogTargetPlatformManager: Display: Loaded TargetPlatform 'Mac'
[2022.06.02-18.30.49:950][  0]LogTargetPlatformManager: Display: Loaded TargetPlatform 'MacClient'
[2022.06.02-18.30.49:959][  0]LogTargetPlatformManager: Display: Loaded TargetPlatform 'MacServer'
[2022.06.02-18.30.49:972][  0]LogTargetPlatformManager: Display: Loaded TargetPlatform 'TVOSClient'
[2022.06.02-18.30.49:973][  0]LogTargetPlatformManager: Display: Loaded TargetPlatform 'TVOS'
[2022.06.02-18.30.49:985][  0]LogTargetPlatformManager: Display: Loaded TargetPlatform 'WindowsNoEditor'
[2022.06.02-18.30.49:995][  0]LogTargetPlatformManager: Display: Loaded TargetPlatform 'Windows'
[2022.06.02-18.30.50:003][  0]LogTargetPlatformManager: Display: Loaded TargetPlatform 'WindowsClient'
[2022.06.02-18.30.50:012][  0]LogTargetPlatformManager: Display: Loaded TargetPlatform 'WindowsServer'
[2022.06.02-18.30.50:012][  0]LogTargetPlatformManager: Display: Building Assets For Windows
[2022.06.02-18.30.50:042][  0]LogAudioDebug: Display: Lib vorbis DLL was dynamically loaded.
[2022.06.02-18.30.50:135][  0]LogTextureFormatOodle: Display: Oodle Texture 2.9.0 init RDO Off
[2022.06.02-18.30.50:220][  0]LogRendererCore: Ray tracing is disabled. Reason: r.RayTracing=0.
[2022.06.02-18.30.50:220][  0]LogShaderCompilers: Guid format shader working directory is 19 characters bigger than the processId version (K:/Mastered/Trialed/Trials/Intermediate/Shaders/WorkingDirectory/25632/).
[2022.06.02-18.30.50:220][  0]LogShaderCompilers: Cleaned the shader compiler working directory 'C:/Users/zilla/AppData/Local/Temp/UnrealShaderWorkingDir/AF9A4D4D434C9F2E60DDD99E3E4DBBD9/'.
[2022.06.02-18.30.50:221][  0]LogXGEController: Cannot use XGE Controller as Incredibuild is not installed on this machine.
[2022.06.02-18.30.50:221][  0]LogShaderCompilers: Cannot use XGE Shader Compiler as Incredibuild is not installed on this machine.
[2022.06.02-18.30.50:221][  0]LogShaderCompilers: Display: Using Local Shader Compiler.
[2022.06.02-18.30.50:854][  0]LogDerivedDataCache: Display: Max Cache Size: 512 MB
[2022.06.02-18.30.50:906][  0]LogDerivedDataCache: Loaded boot cache 0.05s 94MB C:/Users/zilla/AppData/Local/UnrealEngine/4.27/DerivedDataCache/Boot.ddc.
[2022.06.02-18.30.50:906][  0]LogDerivedDataCache: Display: Loaded Boot cache: C:/Users/zilla/AppData/Local/UnrealEngine/4.27/DerivedDataCache/Boot.ddc
[2022.06.02-18.30.50:906][  0]LogDerivedDataCache: FDerivedDataBackendGraph:  Pak pak cache file K:/Mastered/Trialed/Trials/DerivedDataCache/DDC.ddp not found, will not use a pak cache.
[2022.06.02-18.30.50:906][  0]LogDerivedDataCache: Unable to find inner node Pak for hierarchical cache Hierarchy.
[2022.06.02-18.30.50:906][  0]LogDerivedDataCache: FDerivedDataBackendGraph:  CompressedPak pak cache file K:/Mastered/Trialed/Trials/DerivedDataCache/Compressed.ddp not found, will not use a pak cache.
[2022.06.02-18.30.50:906][  0]LogDerivedDataCache: Unable to find inner node CompressedPak for hierarchical cache Hierarchy.
[2022.06.02-18.30.50:923][  0]LogDerivedDataCache: Display: Pak cache opened for reading ../../../Engine/DerivedDataCache/Compressed.ddp.
[2022.06.02-18.30.50:924][  0]LogDerivedDataCache: FDerivedDataBackendGraph:  EnterprisePak pak cache file ../../../Enterprise/DerivedDataCache/Compressed.ddp not found, will not use a pak cache.
[2022.06.02-18.30.50:924][  0]LogDerivedDataCache: Unable to find inner node EnterprisePak for hierarchical cache Hierarchy.
[2022.06.02-18.30.50:943][  0]LogDerivedDataCache: Speed tests for C:/Users/zilla/AppData/Local/UnrealEngine/Common/DerivedDataCache took 0.02 seconds
[2022.06.02-18.30.50:943][  0]LogDerivedDataCache: Display: Performance to C:/Users/zilla/AppData/Local/UnrealEngine/Common/DerivedDataCache: Latency=0.04ms. RandomReadSpeed=697.28MBs, RandomWriteSpeed=53.62MBs. Assigned SpeedClass 'Local'
[2022.06.02-18.30.50:944][  0]LogDerivedDataCache: Using Local data cache path C:/Users/zilla/AppData/Local/UnrealEngine/Common/DerivedDataCache: Writable
[2022.06.02-18.30.50:944][  0]LogDerivedDataCache: Shared data cache path not found in *engine.ini, will not use an Shared cache.
[2022.06.02-18.30.50:944][  0]LogDerivedDataCache: Unable to find inner node Shared for hierarchical cache Hierarchy.
[2022.06.02-18.30.50:987][  0]LogSlate: Using FreeType 2.10.0
[2022.06.02-18.30.50:987][  0]LogSlate: SlateFontServices - WITH_FREETYPE: 1, WITH_HARFBUZZ: 1
[2022.06.02-18.30.51:013][  0]LogAssetRegistry: FAssetRegistry took 0.0028 seconds to start up
[2022.06.02-18.30.51:222][  0]LogInit: Selected Device Profile: [Windows]
[2022.06.02-18.30.51:222][  0]LogInit: Active device profile: [000001E68D7EB200][000001E680BF9700 49] Windows
[2022.06.02-18.30.51:222][  0]LogInit: Profiles: [000001E68D7EB200][000001E680BF9700 49] Windows, [000001E68D459100][000001E680C11880 49] WindowsNoEditor, [000001E68D7E9000][000001E680EEBA00 49] WindowsServer, [000001E68D45B000][000001E680EEFB80 49] WindowsClient, [000001E68D7EAF00][000001E68090A180 49] IOS, [000001E68D459500][000001E680912300 49] iPadAir, [000001E68D7E9400][000001E680BFC440 49] iPadAir2, [000001E68D474200][000001E68C848680 49] IPadPro, [000001E68D474300][000001E68C8446C0 49] iPadAir3, [000001E68D7EAB00][000001E68B128840 49] iPadAir4, [000001E68D476A00][000001E68B12C9C0 49] iPadMini2, [000001E68D7E9600][000001E68B134B40 49] iPadMini3, [000001E68D475700][000001E68C804CC0 49] iPadMini4, [000001E68D7EA700][000001E68C808E40 49] iPadMini5, [000001E68D44BA00][000001E68C815100 49] iPhone6, [000001E68D44BB00][000001E68C80D140 49] iPodTouch6, [000001E68D477A00][000001E680EB1400 49] iPhone7, [000001E68D476900][000001E680E7D440 49] iPodTouch7, [000001E68D449300][000001E680EB55C0 49] iPhone5S, [000001E68D475600][000001E680EB9740 49] iPhone6Plus, [000001E68D44AB00][000001E680EBD8C0 49] iPhone6S, [000001E68D476600][000001E680EC1A40 49] iPhone6SPlus, [000001E68D449800][000001E680EC5BC0 49] iPhone7Plus, [000001E68D475A00][000001E680EC81C0 49] iPhoneSE, [000001E68D44BD00][000001E680ECC340 49] iPhone8, [000001E68D475100][000001E680ED04C0 49] iPhone8Plus, [000001E68D449200][000001E68C84C600 49] iPhoneX, [000001E68D475B00][000001E680ED4740 49] iPhoneXS, [000001E68D44A800][000001E68B0E6880 49] iPhoneXSMax, [000001E68D477100][000001E68B0EA9C0 49] iPhoneXR, [000001E68D44B900][000001E6808D4B40 49] iPhone11, [000001E68D477700][000001E680E76CC0 49] iPhone11Pro, [000001E68D44AC00][000001E6808EAE40 49] iPhone11ProMax, [000001E68D475200][000001E688FF6FC0 49] iPhoneSE2, [000001E68D449F00][000001E688FFF140 49] iPhone12Mini, [000001E68D475C00][000001E68901B2C0 49] iPhone12, [000001E68D44A100][000001E68901F440 49] iPhone12Pro, [000001E68D475300][000001E6890235C0 49] iPhone12ProMax, [000001E68D44A200][000001E68D9C5740 49] iPadPro105, [000001E68D476E00][000001E68D9C98C0 49] iPadPro129, [000001E68D44A000][000001E68D9CDA40 49] iPadPro97, [000001E68D476F00][000001E68DA09BC0 49] iPadPro2_129, [000001E68D44BC00][000001E68DA181C0 49] iPad5, [000001E68D475000][000001E68DA30340 49] iPad6, [000001E68D448300][000001E68DAA44C0 49] iPad7, [000001E68D477B00][000001E68DAB2640 49] iPad8, [000001E68D44B800][000001E68DC5A780 49] iPadPro11, [000001E68D477E00][000001E68DAB68C0 49] iPadPro2_11, [000001E68D448500][000001E68DABAA00 49] iPadPro3_129, [000001E68D476B00][000001E68DABEB40 49] iPadPro4_129, [000001E68D44A700][000001E68DAC6CC0 49] AppleTV, [000001E68D476C00][000001E68DACAE40 49] AppleTV4K, [000001E68D44B100][000001E68DACEFC0 49] TVOS, [000001E68D477500][000001E68DAD3140 49] Mac, [000001E68D448D00][000001E68DAD72C0 49] MacClient, [000001E68D476100][000001E68DADB440 49] MacNoEditor, [000001E68D44A400][000001E68DADF5C0 49] MacServer, [000001E68D476800][000001E688F89740 49] Linux, [000001E68D448200][000001E680E378C0 49] LinuxAArch64, [000001E68D477400][000001E688FE1A40 49] LinuxNoEditor, [000001E68D449600][000001E688FE5BC0 49] LinuxAArch64NoEditor, [000001E68D45BA00][000001E688FE81C0 49] LinuxClient, [000001E68D851700][000001E688FEC340 49] LinuxAArch64Client, [000001E68D459200][000001E6801964C0 49] LinuxServer, [000001E68D850100][000001E68019A640 49] LinuxAArch64Server, [000001E68D459600][000001E6801A27C0 49] Android, [000001E68D851600][000001E6801A6940 49] Android_Low, [000001E68D459400][000001E68DAC2A80 49] Android_Mid, [000001E68D850E00][000001E6801AABC0 49] Android_High, [000001E68D45AB00][000001E6801AED00 49] Android_Default, [000001E68D850200][000001E680E62E80 49] Android_Adreno4xx, [000001E68D45BE00][000001E680E67000 49] Android_Adreno5xx_Low, [000001E68D850300][000001E688FF1180 49] Android_Adreno5xx, [000001E68D45AD00][000001E6808BF300 49] Android_Adreno6xx, [000001E68D850D00][000001E68019F480 49] Android_Adreno6xx_Vulkan, [000001E68D458800][000001E6808C3600 49] Android_Mali_T6xx, [000001E68D851100][000001E6808C7780 49] Android_Mali_T7xx, [000001E68D458A00][000001E6808CB900 49] Android_Mali_T8xx, [000001E68D851D00][000001E689003A80 49] Android_Mali_G71, [000001E68D459E00][000001E6808EFC00 49] Android_Mali_G72, [000001E68D851000][000001E68C810200 49] Android_Mali_G72_Vulkan, [000001E68D44B400][000001E68B140380 49] Android_Mali_G76, [000001E68D475800][000001E6808CE500 49] Android_Mali_G76_Vulkan, [000001E68D44A900][000001E68B144680 49] Android_Mali_G77, [000001E68D477900][000001E68B148800 49] Android_Mali_G77_Vulkan, [000001E68D44BE00][000001E68B14C980 49] Android_Mali_G78, [000001E68D475D00][000001E68B150B00 49] Android_Mali_G78_Vulkan, [000001E68D44B700][000001E680E5EC40 49] Android_Mali_G710, [000001E68D474D00][000001E68B154D80 49] Android_Mali_G710_Vulkan, [000001E68D449A00][000001E68B158EC0 49] Android_Vulkan_SM5, [000001E68D475400][000001E68B161040 49] Android_PowerVR_G6xxx, [000001E68D44B300][000001E68B1651C0 49] Android_PowerVR_GT7xxx, [000001E68D477000][000001E68B169340 49] Android_PowerVR_GE8xxx, [000001E68D44B600][000001E68D8614C0 49] Android_PowerVR_GM9xxx, [000001E68D476300][000001E68D865640 49] Android_PowerVR_GM9xxx_Vulkan, [000001E68D44A600][000001E68D8697C0 49] Android_TegraK1, [000001E68D474900][000001E68D86D940 49] Android_Unknown_Vulkan, [000001E68D448F00][000001E68D871AC0 49] Lumin, [000001E68D850600][000001E68D8740C0 49] Lumin_Desktop, [000001E68D449500][000001E68D878240 49] HoloLens, 
[2022.06.02-18.30.51:386][  0]LogMeshReduction: Using QuadricMeshReduction for automatic static mesh reduction
[2022.06.02-18.30.51:386][  0]LogMeshReduction: Using SimplygonMeshReduction for automatic skeletal mesh reduction
[2022.06.02-18.30.51:386][  0]LogMeshReduction: Using ProxyLODMeshReduction for automatic mesh merging
[2022.06.02-18.30.51:386][  0]LogMeshReduction: No distributed automatic mesh merging module available
[2022.06.02-18.30.51:387][  0]LogMeshMerging: No distributed automatic mesh merging module available
[2022.06.02-18.30.51:407][  0]LogNetVersion: Trials 1.0.0, NetCL: 17155196, EngineNetVer: 17, GameNetVer: 0 (Checksum: 216293165)
[2022.06.02-18.30.51:745][  0]LogTexture: Default maximum texture size for cubemaps generated from long-lat sources has been changed from 512 to unlimited. In order to preserve old behaiour for '/Engine/MapTemplates/Sky/DaylightAmbientCubemap.DaylightAmbientCubemap', its maximum texture size has been explicitly set to 512.
[2022.06.02-18.30.51:792][  0]LogHMD: PokeAHoleMaterial loaded successfully
[2022.06.02-18.30.51:798][  0]LogUObjectArray: 17178 objects as part of root set at end of initial load.
[2022.06.02-18.30.51:798][  0]LogUObjectAllocator: 4302048 out of 0 bytes used by permanent object pool.
[2022.06.02-18.30.51:798][  0]LogUObjectArray: CloseDisregardForGC: 0/0 objects in disregard for GC pool
[2022.06.02-18.30.52:308][  0]LogPython: Using Python 3.7.7
[2022.06.02-18.30.52:944][  0]LogNiagaraDebuggerClient: Niagara Debugger Client Initialized | Session: C729777940F980475D0E0BADAF7CC36A | Instance: 9F870B9E461E4BC1E015D78F40F44838 (DESKTOP-70BM0B7-25632).
[2022.06.02-18.30.53:054][  0]LogTcpMessaging: Initializing TcpMessaging bridge
[2022.06.02-18.30.53:150][  0]LogUdpMessaging: Initializing bridge on interface 0.0.0.0:0 to multicast group 230.0.0.1:6666.
[2022.06.02-18.30.53:238][  0]LogLinker: Warning: [AssetLog] K:\Mastered\Trialed\Trials\Content\Animations\TUTORIAL_RESOURCES\Animations\MeleeFistAttack.uasset: Failed to load '/Script/Trialed': Can't find file.
[2022.06.02-18.30.53:239][  0]LogLinker: Warning: [AssetLog] K:\Mastered\Trialed\Trials\Content\Animations\TUTORIAL_RESOURCES\Animations\MeleeFistAttack.uasset: Failed to load '/Script/Trialed': Can't find file.
[2022.06.02-18.30.53:239][  0]LogLinker: Warning: [AssetLog] K:\Mastered\Trialed\Trials\Content\Animations\TUTORIAL_RESOURCES\Animations\MeleeFistAttack.uasset: Failed to load '/Script/Trialed': Can't find file.
[2022.06.02-18.30.53:239][  0]LogLinker: Warning: Failed to load '/Script/Trialed': Can't find file.
[2022.06.02-18.30.53:239][  0]LogLinker: Warning: Failed to load '/Script/Trialed': Can't find file.
[2022.06.02-18.30.53:239][  0]LogLinker: Warning: Failed to load '/Script/Trialed': Can't find file.
[2022.06.02-18.30.53:239][  0]LogLinker: Warning: Failed to load '/Script/Trialed': Can't find file.
[2022.06.02-18.30.53:239][  0]LogLinker: Warning: Failed to load '/Script/Trialed': Can't find file.
[2022.06.02-18.30.53:240][  0]LogLinker: Warning: Failed to load '/Script/Trialed': Can't find file.
[2022.06.02-18.30.53:989][  0]SourceControl: Source control is disabled
[2022.06.02-18.30.53:989][  0]SourceControl: Source control is disabled
[2022.06.02-18.30.53:998][  0]SourceControl: Source control is disabled
[2022.06.02-18.30.54:006][  0]SourceControl: Source control is disabled
[2022.06.02-18.30.57:314][  0]SourceControl: Source control is disabled
[2022.06.02-18.30.57:331][  0]LogUProjectInfo: Found projects:
[2022.06.02-18.30.57:783][  0]LogOpenImageDenoise: OIDN starting up
[2022.06.02-18.30.57:897][  0]LogAndroidPermission: UAndroidPermissionCallbackProxy::GetInstance
[2022.06.02-18.30.57:952][  0]LogAudioCaptureCore: Display: No Audio Capture implementations found. Audio input will be silent.
[2022.06.02-18.30.57:952][  0]LogAudioCaptureCore: Display: No Audio Capture implementations found. Audio input will be silent.
[2022.06.02-18.30.58:159][  0]LogCollectionManager: Loaded 0 collections in 0.001651 seconds
[2022.06.02-18.30.58:222][  0]LogFileCache: Scanning file cache for directory 'K:/Mastered/Trialed/Trials/Saved/Collections/' took 0.00s
[2022.06.02-18.30.58:222][  0]LogFileCache: Scanning file cache for directory 'K:/Mastered/Trialed/Trials/Content/Developers/zilla/Collections/' took 0.00s
[2022.06.02-18.30.58:223][  0]LogFileCache: Scanning file cache for directory 'K:/Mastered/Trialed/Trials/Content/Collections/' took 0.00s
[2022.06.02-18.30.58:223][  0]LogOcInput: OculusInput pre-init called
[2022.06.02-18.30.58:518][  0]LogStreaming: Warning: Failed to read file '../../../Engine/Plugins/MegascansPlugin/Resources/Logo80x80.png' error.
[2022.06.02-18.30.58:519][  0]LogSlate: Could not find file for Slate resource: ../../../Engine/Plugins/MegascansPlugin/Resources/Logo80x80.png
[2022.06.02-18.30.58:713][  0]LogStreaming: Warning: Failed to read file '../../../Engine/Plugins/MegascansPlugin/Resources/Logo80x80.png' error.
[2022.06.02-18.30.58:713][  0]LogSlate: Could not find file for Slate resource: ../../../Engine/Plugins/MegascansPlugin/Resources/Logo80x80.png
[2022.06.02-18.30.58:713][  0]LogStreaming: Warning: Failed to read file '../../../Engine/Plugins/MegascansPlugin/Resources/Logo32x32.png' error.
[2022.06.02-18.30.58:713][  0]LogSlate: Could not find file for Slate resource: ../../../Engine/Plugins/MegascansPlugin/Resources/Logo32x32.png
[2022.06.02-18.30.58:713][  0]LogClass: Display: Int8Property FMTSJson::version is not initialized properly. Module:MegascansPlugin File:Private/Utilities/MTSReader.h
[2022.06.02-18.30.58:713][  0]LogClass: Display: Int16Property FMTSJson::resolutionValue is not initialized properly. Module:MegascansPlugin File:Private/Utilities/MTSReader.h
[2022.06.02-18.30.58:713][  0]LogClass: Display: BoolProperty FMTSJson::isExternal is not initialized properly. Module:MegascansPlugin File:Private/Utilities/MTSReader.h
[2022.06.02-18.30.58:713][  0]LogClass: Display: Int8Property FMTSJson::meshVersion is not initialized properly. Module:MegascansPlugin File:Private/Utilities/MTSReader.h
[2022.06.02-18.30.58:714][  0]LogClass: Display: BoolProperty FMTSJson::isCustom is not initialized properly. Module:MegascansPlugin File:Private/Utilities/MTSReader.h
[2022.06.02-18.30.58:714][  0]LogClass: Display: BoolProperty FMTSJson::isModularAsset is not initialized properly. Module:MegascansPlugin File:Private/Utilities/MTSReader.h
[2022.06.02-18.30.58:714][  0]LogClass: Display: Int8Property FLodList::variation is not initialized properly. Module:MegascansPlugin File:Private/Utilities/MTSReader.h
[2022.06.02-18.30.58:714][  0]LogClass: Display: Int16Property FMeshList::resolution is not initialized properly. Module:MegascansPlugin File:Private/Utilities/MTSReader.h
[2022.06.02-18.30.58:714][  0]LogClass: Display: Int16Property FComponents::resolution is not initialized properly. Module:MegascansPlugin File:Private/Utilities/MTSReader.h
[2022.06.02-18.30.58:714][  0]LogClass: Display: BoolProperty FTextureSets::isUdim is not initialized properly. Module:MegascansPlugin File:Private/Utilities/MTSReader.h
[2022.06.02-18.30.58:714][  0]LogClass: Display: BoolProperty FMeta::value is not initialized properly. Module:MegascansPlugin File:Private/Utilities/MTSReader.h
[2022.06.02-18.30.58:715][  0]LogClass: Display: 11 Uninitialized script struct members found including 0 object properties
[2022.06.02-18.30.58:715][  0]LogAutomationTest: Warning: Failed to read file '../../../Engine/Plugins/MegascansPlugin/Resources/Logo80x80.png' error.
[2022.06.02-18.30.58:715][  0]LogAutomationTest: Warning: Failed to read file '../../../Engine/Plugins/MegascansPlugin/Resources/Logo32x32.png' error.
[2022.06.02-18.30.58:716][  0]LogEngine: Initializing Engine...
[2022.06.02-18.30.58:757][  0]LogHMD: Optional extension XR_VARJO_quad_views is not available
[2022.06.02-18.30.58:757][  0]LogHMD: Warning: Required extension XR_EXT_eye_gaze_interaction is not available
[2022.06.02-18.30.58:757][  0]LogHMD: Could not enable all required OpenXR extensions for OpenXREyeTracker on current system. This plugin will be loaded but ignored, but will be enabled on a target platform that supports the required extension.
[2022.06.02-18.30.59:259][  0]LogHMD: Failed to get an OpenXR system, result is XR_ERROR_FORM_FACTOR_UNAVAILABLE. Please check that your runtime supports VR headsets.
[2022.06.02-18.30.59:259][  0]LogHMD: Failed to initialize OpenVR with code 110
[2022.06.02-18.30.59:259][  0]LogMagicLeap: Warning: VR disabled because ZI is not enabled.  To enable, in the editor, Edit -> Project Settings -> Plugins -> Magic Leap Plugin -> Enable Zero Iteration
[2022.06.02-18.30.59:260][  0]LogStats: UGameplayTagsManager::InitializeManager -  0.000 s
[2022.06.02-18.30.59:362][  0]LogInit: Initializing FReadOnlyCVARCache
[2022.06.02-18.30.59:375][  0]LogAIModule: Creating AISystem for world Untitled
[2022.06.02-18.30.59:381][  0]LogAudio: Display: Initializing Audio Device Manager...
[2022.06.02-18.30.59:389][  0]LogAudio: Display: Loading Default Audio Settings Objects...
[2022.06.02-18.30.59:390][  0]LogAudio: Display: No default SoundConcurrencyObject specified (or failed to load).
[2022.06.02-18.30.59:391][  0]LogAudio: Display: Audio Device Manager Initialized
[2022.06.02-18.30.59:391][  0]LogAudio: Display: Creating Audio Device:                 Id: 1, Scope: Shared, Realtime: True
[2022.06.02-18.30.59:391][  0]LogAudioMixer: Display: Audio Mixer Platform Settings:
[2022.06.02-18.30.59:391][  0]LogAudioMixer: Display: 	Sample Rate:						  48000
[2022.06.02-18.30.59:391][  0]LogAudioMixer: Display: 	Callback Buffer Frame Size Requested: 1024
[2022.06.02-18.30.59:391][  0]LogAudioMixer: Display: 	Callback Buffer Frame Size To Use:	  1024
[2022.06.02-18.30.59:391][  0]LogAudioMixer: Display: 	Number of buffers to queue:			  2
[2022.06.02-18.30.59:392][  0]LogAudioMixer: Display: 	Max Channels (voices):				  32
[2022.06.02-18.30.59:392][  0]LogAudioMixer: Display: 	Number of Async Source Workers:		  0
[2022.06.02-18.30.59:392][  0]LogAudio: Display: AudioDevice MaxSources: 32
[2022.06.02-18.30.59:392][  0]LogAudio: Display: Audio Spatialization Plugin: None (built-in).
[2022.06.02-18.30.59:392][  0]LogAudio: Display: Audio Reverb Plugin: None (built-in).
[2022.06.02-18.30.59:392][  0]LogAudio: Display: Audio Occlusion Plugin: None (built-in).
[2022.06.02-18.30.59:392][  0]LogAudioMixer: Display: Initializing audio mixer.
[2022.06.02-18.30.59:879][  0]LogAudioMixer: Display: 0: FrontLeft
[2022.06.02-18.30.59:879][  0]LogAudioMixer: Display: 1: FrontRight
[2022.06.02-18.31.00:073][  0]LogAudioMixer: Display: Using Audio Device HDMI1 (NVIDIA High Definition Audio)
[2022.06.02-18.31.00:077][  0]LogAudioMixer: Display: Initializing Sound Submixes...
[2022.06.02-18.31.00:081][  0]LogAudioMixer: Display: Creating Master Submix 'MasterSubmixDefault'
[2022.06.02-18.31.00:081][  0]LogAudioMixer: Display: Creating Master Submix 'MasterReverbSubmixDefault'
[2022.06.02-18.31.00:082][  0]LogAudioMixer: Display: Creating Master Submix 'MasterEQSubmixDefault'
[2022.06.02-18.31.00:082][  0]LogAudioMixer: FMixerPlatformXAudio2::StartAudioStream() called
[2022.06.02-18.31.00:082][  0]LogAudioMixer: Display: Output buffers initialized: Frames=1024, Channels=2, Samples=2048
[2022.06.02-18.31.00:084][  0]LogAudioMixer: Display: Starting AudioMixerPlatformInterface::RunInternal()
[2022.06.02-18.31.00:084][  0]LogAudioMixer: Display: FMixerPlatformXAudio2::SubmitBuffer() called for the first time
[2022.06.02-18.31.00:084][  0]LogInit: FAudioDevice initialized.
[2022.06.02-18.31.00:084][  0]LogAudio: Display: Audio Device (ID: 1) registered with world 'Untitled'.
[2022.06.02-18.31.00:085][  0]LogNetVersion: Set ProjectVersion to 1.0.0.0. Version Checksum will be recalculated on next use.
[2022.06.02-18.31.00:172][  0]LogDerivedDataCache: Saved boot cache 0.09s 94MB C:/Users/zilla/AppData/Local/UnrealEngine/4.27/DerivedDataCache/Boot.ddc.
[2022.06.02-18.31.00:177][  0]LogInit: Texture streaming: Enabled
[2022.06.02-18.31.00:205][  0]LogAnalytics: Display: [UEEditor.Rocket.Release] APIServer = https://datarouter.ol.epicgames.com/. AppVersion = 4.27.2-18319896+++UE4+Release-4.27
[2022.06.02-18.31.00:222][  0]LogEngineSessionManager: EngineSessionManager initialized
[2022.06.02-18.31.00:222][  0]LogEngineSessionManager: EngineSessionManager sent abnormal shutdown report. Type=Debugger, SessionId={CD68F2AD-43FA-0AE9-A5A2-3785DC3A2297}
[2022.06.02-18.31.00:223][  0]LogEngineSessionManager: EngineSessionManager sent abnormal shutdown report. Type=Debugger, SessionId={B9D14720-4D37-B6EA-7437-1DB25F92EC5D}
[2022.06.02-18.31.00:223][  0]LogEditorSessionSummary: Verbose: Initializing EditorSessionSummaryWriter for editor session tracking
[2022.06.02-18.31.00:234][  0]LogEditorSessionSummary: EditorSessionSummaryWriter initialized
[2022.06.02-18.31.00:271][  0]LogInit: Transaction tracking system initialized
[2022.06.02-18.31.00:319][  0]BlueprintLog: New page: Editor Load
[2022.06.02-18.31.00:442][  0]LocalizationService: Localization service is disabled
[2022.06.02-18.31.00:497][  0]TimingProfiler: Initialize
[2022.06.02-18.31.00:497][  0]TimingProfiler: OnSessionChanged
[2022.06.02-18.31.00:497][  0]LoadingProfiler: Initialize
[2022.06.02-18.31.00:497][  0]LoadingProfiler: OnSessionChanged
[2022.06.02-18.31.00:498][  0]NetworkingProfiler: Initialize
[2022.06.02-18.31.00:498][  0]NetworkingProfiler: OnSessionChanged
[2022.06.02-18.31.00:498][  0]MemoryProfiler: Initialize
[2022.06.02-18.31.00:498][  0]MemoryProfiler: OnSessionChanged
[2022.06.02-18.31.00:974][  0]LogCook: Display: CookSettings for Memory: MemoryMaxUsedVirtual 0MiB, MemoryMaxUsedPhysical 16384MiB, MemoryMinFreeVirtual 0MiB, MemoryMinFreePhysical 1024MiB
[2022.06.02-18.31.00:974][  0]LogCook: Display: Mobile HDR setting 1
[2022.06.02-18.31.01:263][  0]LogFileCache: Scanning file cache for directory 'K:/Mastered/Trialed/Trials/Content/' took 0.01s
[2022.06.02-18.31.01:500][  0]LogStreaming: Warning: Failed to read file '../../../Engine/Plugins/MegascansPlugin/Resources/Logo80x80.png' error.
[2022.06.02-18.31.01:500][  0]LogSlate: Could not find file for Slate resource: ../../../Engine/Plugins/MegascansPlugin/Resources/Logo80x80.png
[2022.06.02-18.31.01:500][  0]LogStreaming: Warning: Failed to read file '../../../Engine/Plugins/MegascansPlugin/Resources/Logo32x32.png' error.
[2022.06.02-18.31.01:500][  0]LogSlate: Could not find file for Slate resource: ../../../Engine/Plugins/MegascansPlugin/Resources/Logo32x32.png
[2022.06.02-18.31.01:500][  0]LogInit: Display: Engine is initialized. Leaving FEngineLoop::Init()
[2022.06.02-18.31.01:508][  0]SourceControl: Source control is disabled
[2022.06.02-18.31.01:509][  0]LogUnrealEdMisc: Loading editor; pre map load, took 15.303
[2022.06.02-18.31.01:509][  0]Cmd: MAP LOAD FILE="K:/Mastered/Trialed/Trials/Content/Maps/FirstLevel.umap" TEMPLATE=0 SHOWPROGRESS=1 FEATURELEVEL=3
[2022.06.02-18.31.01:509][  0]LightingResults: New page: Lighting Build
[2022.06.02-18.31.01:511][  0]LogWorld: UWorld::CleanupWorld for Untitled, bSessionEnded=true, bCleanupResources=true
[2022.06.02-18.31.01:511][  0]LogSlate: InvalidateAllWidgets triggered.  All widgets were invalidated
[2022.06.02-18.31.01:511][  0]MapCheck: New page: Map Check
[2022.06.02-18.31.01:511][  0]LightingResults: New page: Lighting Build
[2022.06.02-18.31.01:518][  0]LogAudio: Display: Audio Device unregistered from world 'None'.
[2022.06.02-18.31.01:521][  0]LogUObjectHash: Compacting FUObjectHashTables data took   0.86ms
[2022.06.02-18.31.01:690][  0]LogAudio: Display: Audio Device (ID: 1) registered with world 'FirstLevel'.
[2022.06.02-18.31.01:691][  0]LogAIModule: Creating AISystem for world FirstLevel
[2022.06.02-18.31.01:731][  0]LogEditorServer: Finished looking for orphan Actors (0.000 secs)
[2022.06.02-18.31.01:737][  0]LogUObjectHash: Compacting FUObjectHashTables data took   0.88ms
[2022.06.02-18.31.01:737][  0]Cmd: MAP CHECKDEP NOCLEARLOG
[2022.06.02-18.31.01:738][  0]MapCheck: Map check complete: 0 Error(s), 0 Warning(s), took 0.113ms to complete.
[2022.06.02-18.31.01:738][  0]LogFileHelpers: Loading map 'FirstLevel' took 0.229
[2022.06.02-18.31.01:740][  0]LogUnrealEdMisc: Total Editor Startup Time, took 15.535
[2022.06.02-18.31.01:873][  0]LogSlate: Updating window title bar state: overlay mode, drag disabled, window buttons hidden, title bar hidden
[2022.06.02-18.31.01:879][  0]LogSlate: Updating window title bar state: overlay mode, drag disabled, window buttons hidden, title bar hidden
[2022.06.02-18.31.01:885][  0]LogSlate: Updating window title bar state: overlay mode, drag disabled, window buttons hidden, title bar hidden
[2022.06.02-18.31.01:891][  0]LogSlate: Updating window title bar state: overlay mode, drag disabled, window buttons hidden, title bar hidden
[2022.06.02-18.31.01:910][  0]LogNativeClassHierarchy: Verbose: Native class hierarchy populated in 0.0099 seconds. Added 3839 classes and 938 folders.
[2022.06.02-18.31.01:912][  0]LogNativeClassHierarchy: Verbose: Native class hierarchy updated for 'WidgetCarousel' in 0.0003 seconds. Added 0 classes and 0 folders.
[2022.06.02-18.31.01:914][  0]LogPakFile: PakFile PrimaryIndexSize=187
[2022.06.02-18.31.01:914][  0]LogPakFile: PakFile PathHashIndexSize=101
[2022.06.02-18.31.01:914][  0]LogPakFile: PakFile FullDirectoryIndexSize=148
[2022.06.02-18.31.01:914][  0]LogShaderLibrary: Display: ShaderCodeLibraryPakFileMountedCallback: PakFile 'C:/Program Files/Epic Games/UE_4.27/FeaturePacks/FP_FirstPerson.upack' (chunk index -1, root 'root:/') mounted
[2022.06.02-18.31.01:915][  0]LogShaderLibrary: Display: ShaderCodeLibraryPakFileMountedCallback: pending pak file info (ChunkID:-1 Root:root:/ File:C:/Program Files/Epic Games/UE_4.27/FeaturePacks/FP_FirstPerson.upack)
[2022.06.02-18.31.01:915][  0]LogPakFile: OnPakFileMounted2Time == 0.000361
[2022.06.02-18.31.01:915][  0]LogPakFile: PakFile PrimaryIndexSize=189
[2022.06.02-18.31.01:916][  0]LogPakFile: PakFile PathHashIndexSize=101
[2022.06.02-18.31.01:916][  0]LogPakFile: PakFile FullDirectoryIndexSize=152
[2022.06.02-18.31.01:916][  0]LogShaderLibrary: Display: ShaderCodeLibraryPakFileMountedCallback: PakFile 'C:/Program Files/Epic Games/UE_4.27/FeaturePacks/FP_FirstPersonBP.upack' (chunk index -1, root 'root:/') mounted
[2022.06.02-18.31.01:916][  0]LogShaderLibrary: Display: ShaderCodeLibraryPakFileMountedCallback: pending pak file info (ChunkID:-1 Root:root:/ File:C:/Program Files/Epic Games/UE_4.27/FeaturePacks/FP_FirstPersonBP.upack)
[2022.06.02-18.31.01:916][  0]LogPakFile: OnPakFileMounted2Time == 0.000256
[2022.06.02-18.31.01:917][  0]LogPakFile: PakFile PrimaryIndexSize=191
[2022.06.02-18.31.01:917][  0]LogPakFile: PakFile PathHashIndexSize=101
[2022.06.02-18.31.01:917][  0]LogPakFile: PakFile FullDirectoryIndexSize=160
[2022.06.02-18.31.01:917][  0]LogShaderLibrary: Display: ShaderCodeLibraryPakFileMountedCallback: PakFile 'C:/Program Files/Epic Games/UE_4.27/FeaturePacks/MobileStarterContent.upack' (chunk index -1, root 'root:/') mounted
[2022.06.02-18.31.01:918][  0]LogShaderLibrary: Display: ShaderCodeLibraryPakFileMountedCallback: pending pak file info (ChunkID:-1 Root:root:/ File:C:/Program Files/Epic Games/UE_4.27/FeaturePacks/MobileStarterContent.upack)
[2022.06.02-18.31.01:918][  0]LogPakFile: OnPakFileMounted2Time == 0.000351
[2022.06.02-18.31.01:918][  0]LogPakFile: PakFile PrimaryIndexSize=185
[2022.06.02-18.31.01:919][  0]LogPakFile: PakFile PathHashIndexSize=101
[2022.06.02-18.31.01:919][  0]LogPakFile: PakFile FullDirectoryIndexSize=148
[2022.06.02-18.31.01:919][  0]LogShaderLibrary: Display: ShaderCodeLibraryPakFileMountedCallback: PakFile 'C:/Program Files/Epic Games/UE_4.27/FeaturePacks/StarterContent.upack' (chunk index -1, root 'root:/') mounted
[2022.06.02-18.31.01:919][  0]LogShaderLibrary: Display: ShaderCodeLibraryPakFileMountedCallback: pending pak file info (ChunkID:-1 Root:root:/ File:C:/Program Files/Epic Games/UE_4.27/FeaturePacks/StarterContent.upack)
[2022.06.02-18.31.01:919][  0]LogPakFile: OnPakFileMounted2Time == 0.000314
[2022.06.02-18.31.01:920][  0]LogPakFile: PakFile PrimaryIndexSize=190
[2022.06.02-18.31.01:920][  0]LogPakFile: PakFile PathHashIndexSize=101
[2022.06.02-18.31.01:920][  0]LogPakFile: PakFile FullDirectoryIndexSize=154
[2022.06.02-18.31.01:920][  0]LogShaderLibrary: Display: ShaderCodeLibraryPakFileMountedCallback: PakFile 'C:/Program Files/Epic Games/UE_4.27/FeaturePacks/TP_2DSideScroller.upack' (chunk index -1, root 'root:/') mounted
[2022.06.02-18.31.01:920][  0]LogShaderLibrary: Display: ShaderCodeLibraryPakFileMountedCallback: pending pak file info (ChunkID:-1 Root:root:/ File:C:/Program Files/Epic Games/UE_4.27/FeaturePacks/TP_2DSideScroller.upack)
[2022.06.02-18.31.01:921][  0]LogPakFile: OnPakFileMounted2Time == 0.000252
[2022.06.02-18.31.01:921][  0]LogPakFile: PakFile PrimaryIndexSize=192
[2022.06.02-18.31.01:921][  0]LogPakFile: PakFile PathHashIndexSize=101
[2022.06.02-18.31.01:921][  0]LogPakFile: PakFile FullDirectoryIndexSize=158
[2022.06.02-18.31.01:922][  0]LogShaderLibrary: Display: ShaderCodeLibraryPakFileMountedCallback: PakFile 'C:/Program Files/Epic Games/UE_4.27/FeaturePacks/TP_2DSideScrollerBP.upack' (chunk index -1, root 'root:/') mounted
[2022.06.02-18.31.01:922][  0]LogShaderLibrary: Display: ShaderCodeLibraryPakFileMountedCallback: pending pak file info (ChunkID:-1 Root:root:/ File:C:/Program Files/Epic Games/UE_4.27/FeaturePacks/TP_2DSideScrollerBP.upack)
[2022.06.02-18.31.01:922][  0]LogPakFile: OnPakFileMounted2Time == 0.000279
[2022.06.02-18.31.01:923][  0]LogPakFile: PakFile PrimaryIndexSize=182
[2022.06.02-18.31.01:923][  0]LogPakFile: PakFile PathHashIndexSize=101
[2022.06.02-18.31.01:923][  0]LogPakFile: PakFile FullDirectoryIndexSize=138
[2022.06.02-18.31.01:923][  0]LogShaderLibrary: Display: ShaderCodeLibraryPakFileMountedCallback: PakFile 'C:/Program Files/Epic Games/UE_4.27/FeaturePacks/TP_Flying.upack' (chunk index -1, root 'root:/') mounted
[2022.06.02-18.31.01:923][  0]LogShaderLibrary: Display: ShaderCodeLibraryPakFileMountedCallback: pending pak file info (ChunkID:-1 Root:root:/ File:C:/Program Files/Epic Games/UE_4.27/FeaturePacks/TP_Flying.upack)
[2022.06.02-18.31.01:923][  0]LogPakFile: OnPakFileMounted2Time == 0.000244
[2022.06.02-18.31.01:924][  0]LogPakFile: PakFile PrimaryIndexSize=184
[2022.06.02-18.31.01:924][  0]LogPakFile: PakFile PathHashIndexSize=101
[2022.06.02-18.31.01:924][  0]LogPakFile: PakFile FullDirectoryIndexSize=142
[2022.06.02-18.31.01:924][  0]LogShaderLibrary: Display: ShaderCodeLibraryPakFileMountedCallback: PakFile 'C:/Program Files/Epic Games/UE_4.27/FeaturePacks/TP_FlyingBP.upack' (chunk index -1, root 'root:/') mounted
[2022.06.02-18.31.01:924][  0]LogShaderLibrary: Display: ShaderCodeLibraryPakFileMountedCallback: pending pak file info (ChunkID:-1 Root:root:/ File:C:/Program Files/Epic Games/UE_4.27/FeaturePacks/TP_FlyingBP.upack)
[2022.06.02-18.31.01:925][  0]LogPakFile: OnPakFileMounted2Time == 0.000264
[2022.06.02-18.31.01:925][  0]LogPakFile: PakFile PrimaryIndexSize=188
[2022.06.02-18.31.01:925][  0]LogPakFile: PakFile PathHashIndexSize=101
[2022.06.02-18.31.01:925][  0]LogPakFile: PakFile FullDirectoryIndexSize=150
[2022.06.02-18.31.01:926][  0]LogShaderLibrary: Display: ShaderCodeLibraryPakFileMountedCallback: PakFile 'C:/Program Files/Epic Games/UE_4.27/FeaturePacks/TP_HandheldARBP.upack' (chunk index -1, root 'root:/') mounted
[2022.06.02-18.31.01:926][  0]LogShaderLibrary: Display: ShaderCodeLibraryPakFileMountedCallback: pending pak file info (ChunkID:-1 Root:root:/ File:C:/Program Files/Epic Games/UE_4.27/FeaturePacks/TP_HandheldARBP.upack)
[2022.06.02-18.31.01:926][  0]LogPakFile: OnPakFileMounted2Time == 0.000336
[2022.06.02-18.31.01:927][  0]LogPakFile: PakFile PrimaryIndexSize=182
[2022.06.02-18.31.01:927][  0]LogPakFile: PakFile PathHashIndexSize=101
[2022.06.02-18.31.01:927][  0]LogPakFile: PakFile FullDirectoryIndexSize=138
[2022.06.02-18.31.01:927][  0]LogShaderLibrary: Display: ShaderCodeLibraryPakFileMountedCallback: PakFile 'C:/Program Files/Epic Games/UE_4.27/FeaturePacks/TP_Puzzle.upack' (chunk index -1, root 'root:/') mounted
[2022.06.02-18.31.01:927][  0]LogShaderLibrary: Display: ShaderCodeLibraryPakFileMountedCallback: pending pak file info (ChunkID:-1 Root:root:/ File:C:/Program Files/Epic Games/UE_4.27/FeaturePacks/TP_Puzzle.upack)
[2022.06.02-18.31.01:927][  0]LogPakFile: OnPakFileMounted2Time == 0.000251
[2022.06.02-18.31.01:928][  0]LogPakFile: PakFile PrimaryIndexSize=184
[2022.06.02-18.31.01:928][  0]LogPakFile: PakFile PathHashIndexSize=101
[2022.06.02-18.31.01:928][  0]LogPakFile: PakFile FullDirectoryIndexSize=142
[2022.06.02-18.31.01:928][  0]LogShaderLibrary: Display: ShaderCodeLibraryPakFileMountedCallback: PakFile 'C:/Program Files/Epic Games/UE_4.27/FeaturePacks/TP_PuzzleBP.upack' (chunk index -1, root 'root:/') mounted
[2022.06.02-18.31.01:929][  0]LogShaderLibrary: Display: ShaderCodeLibraryPakFileMountedCallback: pending pak file info (ChunkID:-1 Root:root:/ File:C:/Program Files/Epic Games/UE_4.27/FeaturePacks/TP_PuzzleBP.upack)
[2022.06.02-18.31.01:929][  0]LogPakFile: OnPakFileMounted2Time == 0.000306
[2022.06.02-18.31.01:929][  0]LogPakFile: PakFile PrimaryIndexSize=183
[2022.06.02-18.31.01:930][  0]LogPakFile: PakFile PathHashIndexSize=101
[2022.06.02-18.31.01:930][  0]LogPakFile: PakFile FullDirectoryIndexSize=140
[2022.06.02-18.31.01:930][  0]LogShaderLibrary: Display: ShaderCodeLibraryPakFileMountedCallback: PakFile 'C:/Program Files/Epic Games/UE_4.27/FeaturePacks/TP_Rolling.upack' (chunk index -1, root 'root:/') mounted
[2022.06.02-18.31.01:930][  0]LogShaderLibrary: Display: ShaderCodeLibraryPakFileMountedCallback: pending pak file info (ChunkID:-1 Root:root:/ File:C:/Program Files/Epic Games/UE_4.27/FeaturePacks/TP_Rolling.upack)
[2022.06.02-18.31.01:930][  0]LogPakFile: OnPakFileMounted2Time == 0.000256
[2022.06.02-18.31.01:931][  0]LogPakFile: PakFile PrimaryIndexSize=185
[2022.06.02-18.31.01:931][  0]LogPakFile: PakFile PathHashIndexSize=101
[2022.06.02-18.31.01:931][  0]LogPakFile: PakFile FullDirectoryIndexSize=144
[2022.06.02-18.31.01:931][  0]LogShaderLibrary: Display: ShaderCodeLibraryPakFileMountedCallback: PakFile 'C:/Program Files/Epic Games/UE_4.27/FeaturePacks/TP_RollingBP.upack' (chunk index -1, root 'root:/') mounted
[2022.06.02-18.31.01:931][  0]LogShaderLibrary: Display: ShaderCodeLibraryPakFileMountedCallback: pending pak file info (ChunkID:-1 Root:root:/ File:C:/Program Files/Epic Games/UE_4.27/FeaturePacks/TP_RollingBP.upack)
[2022.06.02-18.31.01:931][  0]LogPakFile: OnPakFileMounted2Time == 0.000248
[2022.06.02-18.31.01:932][  0]LogPakFile: PakFile PrimaryIndexSize=188
[2022.06.02-18.31.01:932][  0]LogPakFile: PakFile PathHashIndexSize=101
[2022.06.02-18.31.01:932][  0]LogPakFile: PakFile FullDirectoryIndexSize=150
[2022.06.02-18.31.01:932][  0]LogShaderLibrary: Display: ShaderCodeLibraryPakFileMountedCallback: PakFile 'C:/Program Files/Epic Games/UE_4.27/FeaturePacks/TP_SideScroller.upack' (chunk index -1, root 'root:/') mounted
[2022.06.02-18.31.01:933][  0]LogShaderLibrary: Display: ShaderCodeLibraryPakFileMountedCallback: pending pak file info (ChunkID:-1 Root:root:/ File:C:/Program Files/Epic Games/UE_4.27/FeaturePacks/TP_SideScroller.upack)
[2022.06.02-18.31.01:933][  0]LogPakFile: OnPakFileMounted2Time == 0.000380
[2022.06.02-18.31.01:934][  0]LogPakFile: PakFile PrimaryIndexSize=190
[2022.06.02-18.31.01:934][  0]LogPakFile: PakFile PathHashIndexSize=101
[2022.06.02-18.31.01:934][  0]LogPakFile: PakFile FullDirectoryIndexSize=154
[2022.06.02-18.31.01:934][  0]LogShaderLibrary: Display: ShaderCodeLibraryPakFileMountedCallback: PakFile 'C:/Program Files/Epic Games/UE_4.27/FeaturePacks/TP_SideScrollerBP.upack' (chunk index -1, root 'root:/') mounted
[2022.06.02-18.31.01:934][  0]LogShaderLibrary: Display: ShaderCodeLibraryPakFileMountedCallback: pending pak file info (ChunkID:-1 Root:root:/ File:C:/Program Files/Epic Games/UE_4.27/FeaturePacks/TP_SideScrollerBP.upack)
[2022.06.02-18.31.01:934][  0]LogPakFile: OnPakFileMounted2Time == 0.000288
[2022.06.02-18.31.01:935][  0]LogPakFile: PakFile PrimaryIndexSize=187
[2022.06.02-18.31.01:935][  0]LogPakFile: PakFile PathHashIndexSize=101
[2022.06.02-18.31.01:935][  0]LogPakFile: PakFile FullDirectoryIndexSize=148
[2022.06.02-18.31.01:935][  0]LogShaderLibrary: Display: ShaderCodeLibraryPakFileMountedCallback: PakFile 'C:/Program Files/Epic Games/UE_4.27/FeaturePacks/TP_ThirdPerson.upack' (chunk index -1, root 'root:/') mounted
[2022.06.02-18.31.01:935][  0]LogShaderLibrary: Display: ShaderCodeLibraryPakFileMountedCallback: pending pak file info (ChunkID:-1 Root:root:/ File:C:/Program Files/Epic Games/UE_4.27/FeaturePacks/TP_ThirdPerson.upack)
[2022.06.02-18.31.01:936][  0]LogPakFile: OnPakFileMounted2Time == 0.000301
[2022.06.02-18.31.01:936][  0]LogPakFile: PakFile PrimaryIndexSize=189
[2022.06.02-18.31.01:937][  0]LogPakFile: PakFile PathHashIndexSize=101
[2022.06.02-18.31.01:937][  0]LogPakFile: PakFile FullDirectoryIndexSize=152
[2022.06.02-18.31.01:937][  0]LogShaderLibrary: Display: ShaderCodeLibraryPakFileMountedCallback: PakFile 'C:/Program Files/Epic Games/UE_4.27/FeaturePacks/TP_ThirdPersonBP.upack' (chunk index -1, root 'root:/') mounted
[2022.06.02-18.31.01:937][  0]LogShaderLibrary: Display: ShaderCodeLibraryPakFileMountedCallback: pending pak file info (ChunkID:-1 Root:root:/ File:C:/Program Files/Epic Games/UE_4.27/FeaturePacks/TP_ThirdPersonBP.upack)
[2022.06.02-18.31.01:937][  0]LogPakFile: OnPakFileMounted2Time == 0.000286
[2022.06.02-18.31.01:938][  0]LogPakFile: PakFile PrimaryIndexSize=183
[2022.06.02-18.31.01:938][  0]LogPakFile: PakFile PathHashIndexSize=101
[2022.06.02-18.31.01:938][  0]LogPakFile: PakFile FullDirectoryIndexSize=140
[2022.06.02-18.31.01:938][  0]LogShaderLibrary: Display: ShaderCodeLibraryPakFileMountedCallback: PakFile 'C:/Program Files/Epic Games/UE_4.27/FeaturePacks/TP_TopDown.upack' (chunk index -1, root 'root:/') mounted
[2022.06.02-18.31.01:938][  0]LogShaderLibrary: Display: ShaderCodeLibraryPakFileMountedCallback: pending pak file info (ChunkID:-1 Root:root:/ File:C:/Program Files/Epic Games/UE_4.27/FeaturePacks/TP_TopDown.upack)
[2022.06.02-18.31.01:939][  0]LogPakFile: OnPakFileMounted2Time == 0.000255
[2022.06.02-18.31.01:939][  0]LogPakFile: PakFile PrimaryIndexSize=185
[2022.06.02-18.31.01:939][  0]LogPakFile: PakFile PathHashIndexSize=101
[2022.06.02-18.31.01:939][  0]LogPakFile: PakFile FullDirectoryIndexSize=144
[2022.06.02-18.31.01:940][  0]LogShaderLibrary: Display: ShaderCodeLibraryPakFileMountedCallback: PakFile 'C:/Program Files/Epic Games/UE_4.27/FeaturePacks/TP_TopDownBP.upack' (chunk index -1, root 'root:/') mounted
[2022.06.02-18.31.01:940][  0]LogShaderLibrary: Display: ShaderCodeLibraryPakFileMountedCallback: pending pak file info (ChunkID:-1 Root:root:/ File:C:/Program Files/Epic Games/UE_4.27/FeaturePacks/TP_TopDownBP.upack)
[2022.06.02-18.31.01:940][  0]LogPakFile: OnPakFileMounted2Time == 0.000306
[2022.06.02-18.31.01:941][  0]LogPakFile: PakFile PrimaryIndexSize=185
[2022.06.02-18.31.01:941][  0]LogPakFile: PakFile PathHashIndexSize=101
[2022.06.02-18.31.01:941][  0]LogPakFile: PakFile FullDirectoryIndexSize=144
[2022.06.02-18.31.01:941][  0]LogShaderLibrary: Display: ShaderCodeLibraryPakFileMountedCallback: PakFile 'C:/Program Files/Epic Games/UE_4.27/FeaturePacks/TP_TwinStick.upack' (chunk index -1, root 'root:/') mounted
[2022.06.02-18.31.01:941][  0]LogShaderLibrary: Display: ShaderCodeLibraryPakFileMountedCallback: pending pak file info (ChunkID:-1 Root:root:/ File:C:/Program Files/Epic Games/UE_4.27/FeaturePacks/TP_TwinStick.upack)
[2022.06.02-18.31.01:941][  0]LogPakFile: OnPakFileMounted2Time == 0.000283
[2022.06.02-18.31.01:942][  0]LogPakFile: PakFile PrimaryIndexSize=187
[2022.06.02-18.31.01:942][  0]LogPakFile: PakFile PathHashIndexSize=101
[2022.06.02-18.31.01:942][  0]LogPakFile: PakFile FullDirectoryIndexSize=148
[2022.06.02-18.31.01:942][  0]LogShaderLibrary: Display: ShaderCodeLibraryPakFileMountedCallback: PakFile 'C:/Program Files/Epic Games/UE_4.27/FeaturePacks/TP_TwinStickBP.upack' (chunk index -1, root 'root:/') mounted
[2022.06.02-18.31.01:943][  0]LogShaderLibrary: Display: ShaderCodeLibraryPakFileMountedCallback: pending pak file info (ChunkID:-1 Root:root:/ File:C:/Program Files/Epic Games/UE_4.27/FeaturePacks/TP_TwinStickBP.upack)
[2022.06.02-18.31.01:943][  0]LogPakFile: OnPakFileMounted2Time == 0.000265
[2022.06.02-18.31.01:944][  0]LogPakFile: PakFile PrimaryIndexSize=183
[2022.06.02-18.31.01:944][  0]LogPakFile: PakFile PathHashIndexSize=101
[2022.06.02-18.31.01:944][  0]LogPakFile: PakFile FullDirectoryIndexSize=140
[2022.06.02-18.31.01:944][  0]LogShaderLibrary: Display: ShaderCodeLibraryPakFileMountedCallback: PakFile 'C:/Program Files/Epic Games/UE_4.27/FeaturePacks/TP_Vehicle.upack' (chunk index -1, root 'root:/') mounted
[2022.06.02-18.31.01:944][  0]LogShaderLibrary: Display: ShaderCodeLibraryPakFileMountedCallback: pending pak file info (ChunkID:-1 Root:root:/ File:C:/Program Files/Epic Games/UE_4.27/FeaturePacks/TP_Vehicle.upack)
[2022.06.02-18.31.01:944][  0]LogPakFile: OnPakFileMounted2Time == 0.000285
[2022.06.02-18.31.01:945][  0]LogPakFile: PakFile PrimaryIndexSize=186
[2022.06.02-18.31.01:945][  0]LogPakFile: PakFile PathHashIndexSize=101
[2022.06.02-18.31.01:945][  0]LogPakFile: PakFile FullDirectoryIndexSize=146
[2022.06.02-18.31.01:946][  0]LogShaderLibrary: Display: ShaderCodeLibraryPakFileMountedCallback: PakFile 'C:/Program Files/Epic Games/UE_4.27/FeaturePacks/TP_VehicleAdv.upack' (chunk index -1, root 'root:/') mounted
[2022.06.02-18.31.01:946][  0]LogShaderLibrary: Display: ShaderCodeLibraryPakFileMountedCallback: pending pak file info (ChunkID:-1 Root:root:/ File:C:/Program Files/Epic Games/UE_4.27/FeaturePacks/TP_VehicleAdv.upack)
[2022.06.02-18.31.01:946][  0]LogPakFile: OnPakFileMounted2Time == 0.000298
[2022.06.02-18.31.01:947][  0]LogPakFile: PakFile PrimaryIndexSize=188
[2022.06.02-18.31.01:947][  0]LogPakFile: PakFile PathHashIndexSize=101
[2022.06.02-18.31.01:947][  0]LogPakFile: PakFile FullDirectoryIndexSize=150
[2022.06.02-18.31.01:947][  0]LogShaderLibrary: Display: ShaderCodeLibraryPakFileMountedCallback: PakFile 'C:/Program Files/Epic Games/UE_4.27/FeaturePacks/TP_VehicleAdvBP.upack' (chunk index -1, root 'root:/') mounted
[2022.06.02-18.31.01:947][  0]LogShaderLibrary: Display: ShaderCodeLibraryPakFileMountedCallback: pending pak file info (ChunkID:-1 Root:root:/ File:C:/Program Files/Epic Games/UE_4.27/FeaturePacks/TP_VehicleAdvBP.upack)
[2022.06.02-18.31.01:947][  0]LogPakFile: OnPakFileMounted2Time == 0.000242
[2022.06.02-18.31.01:948][  0]LogPakFile: PakFile PrimaryIndexSize=185
[2022.06.02-18.31.01:948][  0]LogPakFile: PakFile PathHashIndexSize=101
[2022.06.02-18.31.01:948][  0]LogPakFile: PakFile FullDirectoryIndexSize=144
[2022.06.02-18.31.01:948][  0]LogShaderLibrary: Display: ShaderCodeLibraryPakFileMountedCallback: PakFile 'C:/Program Files/Epic Games/UE_4.27/FeaturePacks/TP_VehicleBP.upack' (chunk index -1, root 'root:/') mounted
[2022.06.02-18.31.01:949][  0]LogShaderLibrary: Display: ShaderCodeLibraryPakFileMountedCallback: pending pak file info (ChunkID:-1 Root:root:/ File:C:/Program Files/Epic Games/UE_4.27/FeaturePacks/TP_VehicleBP.upack)
[2022.06.02-18.31.01:949][  0]LogPakFile: OnPakFileMounted2Time == 0.000284
[2022.06.02-18.31.01:949][  0]LogPakFile: PakFile PrimaryIndexSize=192
[2022.06.02-18.31.01:949][  0]LogPakFile: PakFile PathHashIndexSize=101
[2022.06.02-18.31.01:950][  0]LogPakFile: PakFile FullDirectoryIndexSize=158
[2022.06.02-18.31.01:950][  0]LogShaderLibrary: Display: ShaderCodeLibraryPakFileMountedCallback: PakFile 'C:/Program Files/Epic Games/UE_4.27/FeaturePacks/TP_VirtualRealityBP.upack' (chunk index -1, root 'root:/') mounted
[2022.06.02-18.31.01:950][  0]LogShaderLibrary: Display: ShaderCodeLibraryPakFileMountedCallback: pending pak file info (ChunkID:-1 Root:root:/ File:C:/Program Files/Epic Games/UE_4.27/FeaturePacks/TP_VirtualRealityBP.upack)
[2022.06.02-18.31.01:950][  0]LogPakFile: OnPakFileMounted2Time == 0.000215
[2022.06.02-18.31.02:008][  0]LogNativeClassHierarchy: Verbose: Native class hierarchy updated for 'AddContentDialog' in 0.0003 seconds. Added 0 classes and 0 folders.
[2022.06.02-18.31.02:018][  0]LogNativeClassHierarchy: Verbose: Native class hierarchy updated for 'SceneOutliner' in 0.0002 seconds. Added 2 classes and 0 folders.
[2022.06.02-18.31.02:155][  0]LogSlate: Took 0.000216 seconds to synchronously load lazily loaded font '../../../Engine/Content/Slate/Fonts/Roboto-Regular.ttf' (155K)
[2022.06.02-18.31.02:156][  0]LogSlate: Took 0.000156 seconds to synchronously load lazily loaded font '../../../Engine/Content/Editor/Slate/Fonts/FontAwesome.ttf' (139K)
[2022.06.02-18.31.02:158][  0]LogSlate: Took 0.000206 seconds to synchronously load lazily loaded font '../../../Engine/Content/Slate/Fonts/Roboto-Bold.ttf' (160K)
[2022.06.02-18.31.02:245][  0]LogRenderer: Reallocating scene render targets to support 1828x756 Format 10 NumSamples 1 (Frame:1).
[2022.06.02-18.31.02:362][  0]LogNativeClassHierarchy: Verbose: Native class hierarchy updated for 'HierarchicalLODOutliner' in 0.0003 seconds. Added 0 classes and 0 folders.
[2022.06.02-18.31.02:363][  0]LogLoad: (Engine Initialization) Total time: 16.16 seconds
[2022.06.02-18.31.02:363][  0]LogLoad: (Engine Initialization) Total Blueprint compile time: 0.00 seconds
[2022.06.02-18.31.02:413][  0]LogAssetRegistry: Asset discovery search completed in 11.4004 seconds
[2022.06.02-18.31.02:419][  0]LogCollectionManager: Fixed up redirectors for 0 collections in 0.000003 seconds (updated 0 objects)
[2022.06.02-18.31.02:451][  0]LogContentStreaming: Texture pool size now 1000 MB
[2022.06.02-18.31.10:618][956]LogSlate: Window 'Message Log' being destroyed
[2022.06.02-18.31.10:624][956]LogSlate: Window 'Message Log' being destroyed
[2022.06.02-18.31.12:642][195]LogEditorViewport: Clicking on Actor (LMB): BP_TilePuzzle_C (BP_TilePuzzle)
[2022.06.02-18.31.12:995][234]LogSlate: Took 0.000290 seconds to synchronously load lazily loaded font '../../../Engine/Content/Slate/Fonts/Roboto-Italic.ttf' (157K)
[2022.06.02-18.31.17:350][739]LogEditorViewport: Clicking on Actor (LMB): BP_TilePuzzle_C (BP_TilePuzzle)
[2022.06.02-18.31.28:211][ 16]LogSlate: Took 0.000177 seconds to synchronously load lazily loaded font '../../../Engine/Content/Slate/Fonts/Roboto-Light.ttf' (167K)
[2022.06.02-18.31.28:226][ 16]LogAssetEditorSubsystem: Opening Asset editor for Blueprint /Game/Blueprints/Test_TilePuzzle.Test_TilePuzzle
[2022.06.02-18.31.28:347][ 16]LogNativeClassHierarchy: Verbose: Native class hierarchy updated for 'BlueprintGraph' in 0.0005 seconds. Added 126 classes and 0 folders.
