Log file open, 06/02/22 19:33:28
LogWindows: Failed to load 'aqProf.dll' (GetLastError=126)
LogWindows: File 'aqProf.dll' does not exist
LogWindows: Failed to load 'VtuneApi.dll' (GetLastError=126)
LogWindows: File 'VtuneApi.dll' does not exist
LogWindows: Failed to load 'VtuneApi32e.dll' (GetLastError=126)
LogWindows: File 'VtuneApi32e.dll' does not exist
LogConsoleResponse: Display: Failed to find resolution value strings in scalability ini. Falling back to default.
LogConsoleResponse: Display: Failed to find resolution value strings in scalability ini. Falling back to default.
LogInit: Display: Running engine for game: Trials
LogPlatformFile: Not using cached read wrapper
LogTaskGraph: Started task graph with 5 named threads and 71 total threads with 3 sets of task threads.
LogStats: Stats thread started at 0.254168
LogICUInternationalization: ICU TimeZone Detection - Raw Offset: +0:00, Platform Override: ''
LogInit: Display: Loading text-based GConfig....
LogPluginManager: Mounting plugin MeshPainting
LogPluginManager: Mounting plugin XGEController
LogPluginManager: Mounting plugin Paper2D
LogPluginManager: Mounting plugin LiveLink
LogPluginManager: Mounting plugin AISupport
LogPluginManager: Mounting plugin EnvironmentQueryEditor
LogPluginManager: Mounting plugin LightPropagationVolume
LogPluginManager: Mounting plugin OodleData
LogPluginManager: Mounting plugin OodleNetwork
LogPluginManager: Mounting plugin AnimationSharing
LogPluginManager: Mounting plugin CameraShakePreviewer
LogPluginManager: Mounting plugin GameplayCameras
LogPluginManager: Mounting plugin GitSourceControl
LogPluginManager: Mounting plugin CodeLiteSourceCodeAccess
LogPluginManager: Mounting plugin KDevelopSourceCodeAccess
LogPluginManager: Mounting plugin PerforceSourceControl
LogPluginManager: Mounting plugin AssetManagerEditor
LogPluginManager: Mounting plugin PlasticSourceControl
LogPluginManager: Mounting plugin PluginUtils
LogPluginManager: Mounting plugin CLionSourceCodeAccess
LogPluginManager: Mounting plugin PixWinPlugin
LogPluginManager: Mounting plugin NullSourceCodeAccess
LogPluginManager: Mounting plugin TextureFormatOodle
LogPluginManager: Mounting plugin PropertyAccessNode
LogPluginManager: Mounting plugin RiderSourceCodeAccess
LogPluginManager: Mounting plugin VisualStudioCodeSourceCodeAccess
LogPluginManager: Mounting plugin XCodeSourceCodeAccess
LogPluginManager: Mounting plugin VisualStudioSourceCodeAccess
LogPluginManager: Mounting plugin SubversionSourceControl
LogPluginManager: Mounting plugin DatasmithContent
LogPluginManager: Mounting plugin UObjectPlugin
LogPluginManager: Mounting plugin VariantManagerContent
LogPluginManager: Mounting plugin Niagara
LogPluginManager: Mounting plugin CryptoKeys
LogPluginManager: Mounting plugin CurveEditorTools
LogPluginManager: Mounting plugin EditorScriptingUtilities
LogPluginManager: Mounting plugin GameplayTagsEditor
LogPluginManager: Mounting plugin FacialAnimation
LogPluginManager: Mounting plugin GeometryMode
LogPluginManager: Mounting plugin MacGraphicsSwitching
LogPluginManager: Mounting plugin MaterialAnalyzer
LogPluginManager: Mounting plugin MobileLauncherProfileWizard
LogPluginManager: Mounting plugin SpeedTreeImporter
LogPluginManager: Mounting plugin PluginBrowser
LogPluginManager: Mounting plugin LuminPlatformFeatures
LogPluginManager: Mounting plugin MagicLeap
LogPluginManager: Mounting plugin MagicLeapLightEstimation
LogPluginManager: Mounting plugin MagicLeapPassableWorld
LogPluginManager: Mounting plugin MagicLeapMedia
LogPluginManager: Mounting plugin AlembicImporter
LogPluginManager: Mounting plugin DataValidation
LogPluginManager: Mounting plugin AutomationUtils
LogPluginManager: Mounting plugin BackChannel
LogPluginManager: Mounting plugin ChaosCloth
LogPluginManager: Mounting plugin ChaosClothEditor
LogPluginManager: Mounting plugin ChaosNiagara
LogPluginManager: Mounting plugin ChaosSolverPlugin
LogPluginManager: Mounting plugin ChaosEditor
LogPluginManager: Mounting plugin CharacterAI
LogPluginManager: Mounting plugin MLSDK
LogPluginManager: Mounting plugin GeometryCache
LogPluginManager: Mounting plugin MegascansPlugin
LogPluginManager: Mounting plugin GeometryCollectionPlugin
LogPluginManager: Mounting plugin AndroidMedia
LogPluginManager: Mounting plugin AvfMedia
LogPluginManager: Mounting plugin GeometryProcessing
LogPluginManager: Mounting plugin ImgMedia
LogPluginManager: Mounting plugin MediaCompositing
LogPluginManager: Mounting plugin WebMMedia
LogPluginManager: Mounting plugin MotoSynth
LogPluginManager: Mounting plugin OpenImageDenoise
LogPluginManager: Mounting plugin WmfMedia
LogPluginManager: Mounting plugin ProxyLODPlugin
LogPluginManager: Mounting plugin PlatformCrypto
LogPluginManager: Mounting plugin PythonScriptPlugin
LogPluginManager: Mounting plugin SkeletalReduction
LogPluginManager: Mounting plugin PlanarCut
LogPluginManager: Mounting plugin UdpMessaging
LogPluginManager: Mounting plugin TcpMessaging
LogPluginManager: Mounting plugin MediaPlayerEditor
LogPluginManager: Mounting plugin ActorSequence
LogPluginManager: Mounting plugin LevelSequenceEditor
LogPluginManager: Mounting plugin TemplateSequence
LogPluginManager: Mounting plugin MatineeToLevelSequence
LogPluginManager: Mounting plugin OnlineSubsystem
LogPluginManager: Mounting plugin ActorLayerUtilities
LogPluginManager: Mounting plugin AndroidDeviceProfileSelector
LogPluginManager: Mounting plugin AndroidMoviePlayer
LogPluginManager: Mounting plugin AndroidPermission
LogPluginManager: Mounting plugin OnlineSubsystemNull
LogPluginManager: Mounting plugin AppleMoviePlayer
LogPluginManager: Mounting plugin AppleImageUtils
LogPluginManager: Mounting plugin AssetTags
LogPluginManager: Mounting plugin OnlineSubsystemUtils
LogPluginManager: Mounting plugin LauncherChunkInstaller
LogPluginManager: Mounting plugin CableComponent
LogPluginManager: Mounting plugin AudioCapture
LogPluginManager: Mounting plugin ArchVisCharacter
LogPluginManager: Mounting plugin ChunkDownloader
LogPluginManager: Mounting plugin EditableMesh
LogPluginManager: Mounting plugin ExampleDeviceProfileSelector
LogPluginManager: Mounting plugin GoogleCloudMessaging
LogPluginManager: Mounting plugin GooglePAD
LogPluginManager: Mounting plugin ScreenshotTools
LogPluginManager: Mounting plugin IOSDeviceProfileSelector
LogPluginManager: Mounting plugin AudioSynesthesia
LogPluginManager: Mounting plugin CustomMeshComponent
LogPluginManager: Mounting plugin LinuxDeviceProfileSelector
LogPluginManager: Mounting plugin LocationServicesBPLibrary
LogPluginManager: Mounting plugin MobilePatchingUtils
LogPluginManager: Mounting plugin OpenXR
LogPluginManager: Mounting plugin OpenXRHandTracking
LogPluginManager: Mounting plugin OpenXREyeTracker
LogPluginManager: Mounting plugin Takes
LogPluginManager: Mounting plugin PhysXVehicles
LogPluginManager: Mounting plugin RuntimePhysXCooking
LogPluginManager: Mounting plugin SoundFields
LogPluginManager: Mounting plugin ProceduralMeshComponent
LogPluginManager: Mounting plugin SignificanceManager
LogPluginManager: Mounting plugin PostSplashScreen
LogPluginManager: Mounting plugin Synthesis
LogPluginManager: Mounting plugin WindowsMoviePlayer
LogPluginManager: Mounting plugin PropertyAccessEditor
LogPluginManager: Mounting plugin WebMMoviePlayer
LogPluginManager: Mounting plugin ContentBrowserFileDataSource
LogPluginManager: Mounting plugin ContentBrowserClassDataSource
LogPluginManager: Mounting plugin ContentBrowserAssetDataSource
LogPluginManager: Mounting plugin OnlineSubsystemIOS
LogPluginManager: Mounting plugin OnlineSubsystemGooglePlay
LogPluginManager: Mounting plugin SQLiteCore
LogPluginManager: Mounting plugin SQLiteSupport
LogPluginManager: Mounting plugin DatabaseSupport
LogPluginManager: Mounting plugin OculusVR
LogPluginManager: Mounting plugin SteamVR
LogPluginManager: Mounting plugin RiderLink
PixWinPlugin: PIX capture plugin failed to initialize! Check that the process is launched from PIX.
LogInit: Using libcurl 7.55.1-DEV
LogInit:  - built for x86_64-pc-win32
LogInit:  - supports SSL with OpenSSL/1.1.1
LogInit:  - supports HTTP deflate (compression) using libz 1.2.8
LogInit:  - other features:
LogInit:      CURL_VERSION_SSL
LogInit:      CURL_VERSION_LIBZ
LogInit:      CURL_VERSION_IPV6
LogInit:      CURL_VERSION_ASYNCHDNS
LogInit:      CURL_VERSION_LARGEFILE
LogInit:      CURL_VERSION_IDN
LogInit:  CurlRequestOptions (configurable via config and command line):
LogInit:  - bVerifyPeer = true  - Libcurl will verify peer certificate
LogInit:  - bUseHttpProxy = false  - Libcurl will NOT use HTTP proxy
LogInit:  - bDontReuseConnections = false  - Libcurl will reuse connections
LogInit:  - MaxHostConnections = 16  - Libcurl will limit the number of connections to a host
LogInit:  - LocalHostAddr = Default
LogInit:  - BufferSize = 65536
LogOnline: OSS: Creating online subsystem instance for: NULL
LogInit: WinSock: version 1.1 (2.2), MaxSocks=32767, MaxUdp=65467
LogOnline: OSS: TryLoadSubsystemAndSetDefault: Loaded subsystem for module [NULL]
LogOculusPluginWrapper: OculusPlugin initialized successfully
LogHMD: Failed initializing OVRPlugin 1.59.0
LogInit: Build: ++UE4+Release-4.27-CL-18319896
LogInit: Engine Version: 4.27.2-18319896+++UE4+Release-4.27
LogInit: Compatible Engine Version: 4.27.0-17155196+++UE4+Release-4.27
LogInit: Net CL: 17155196
LogInit: OS: Windows 10 (Release 2009) (), CPU: AMD Ryzen 9 3900X 12-Core Processor            , GPU: NVIDIA GeForce RTX 3080 Ti
LogInit: Compiled (64-bit): Nov 30 2021 07:12:08
LogInit: Compiled with Visual C++: 19.24.28315.00
LogInit: Build Configuration: Development
LogInit: Branch Name: ++UE4+Release-4.27
LogInit: Command Line:  -skipcompile
LogInit: Base Directory: C:/Program Files/Epic Games/UE_4.27/Engine/Binaries/Win64/
LogInit: Allocator: TBB
LogInit: Installed Engine Build: 1
LogDevObjectVersion: Number of dev versions registered: 29
LogDevObjectVersion:   Dev-Blueprints (B0D832E4-1F89-4F0D-ACCF-7EB736FD4AA2): 10
LogDevObjectVersion:   Dev-Build (E1C64328-A22C-4D53-A36C-8E866417BD8C): 0
LogDevObjectVersion:   Dev-Core (375EC13C-06E4-48FB-B500-84F0262A717E): 4
LogDevObjectVersion:   Dev-Editor (E4B068ED-F494-42E9-A231-DA0B2E46BB41): 40
LogDevObjectVersion:   Dev-Framework (CFFC743F-43B0-4480-9391-14DF171D2073): 37
LogDevObjectVersion:   Dev-Mobile (B02B49B5-BB20-44E9-A304-32B752E40360): 3
LogDevObjectVersion:   Dev-Networking (A4E4105C-59A1-49B5-A7C5-40C4547EDFEE): 0
LogDevObjectVersion:   Dev-Online (39C831C9-5AE6-47DC-9A44-9C173E1C8E7C): 0
LogDevObjectVersion:   Dev-Physics (78F01B33-EBEA-4F98-B9B4-84EACCB95AA2): 14
LogDevObjectVersion:   Dev-Platform (6631380F-2D4D-43E0-8009-CF276956A95A): 0
LogDevObjectVersion:   Dev-Rendering (12F88B9F-8875-4AFC-A67C-D90C383ABD29): 45
LogDevObjectVersion:   Dev-Sequencer (7B5AE74C-D270-4C10-A958-57980B212A5A): 13
LogDevObjectVersion:   Dev-VR (D7296918-1DD6-4BDD-9DE2-64A83CC13884): 3
LogDevObjectVersion:   Dev-LoadTimes (C2A15278-BFE7-4AFE-6C17-90FF531DF755): 1
LogDevObjectVersion:   Private-Geometry (6EACA3D4-40EC-4CC1-B786-8BED09428FC5): 3
LogDevObjectVersion:   Dev-AnimPhys (29E575DD-E0A3-4627-9D10-D276232CDCEA): 17
LogDevObjectVersion:   Dev-Anim (AF43A65D-7FD3-4947-9873-3E8ED9C1BB05): 15
LogDevObjectVersion:   Dev-ReflectionCapture (6B266CEC-1EC7-4B8F-A30B-E4D90942FC07): 1
LogDevObjectVersion:   Dev-Automation (0DF73D61-A23F-47EA-B727-89E90C41499A): 1
LogDevObjectVersion:   FortniteMain (601D1886-AC64-4F84-AA16-D3DE0DEAC7D6): 47
LogDevObjectVersion:   FortniteRelease (E7086368-6B23-4C58-8439-1B7016265E91): 1
LogDevObjectVersion:   Dev-Enterprise (9DFFBCD6-494F-0158-E221-12823C92A888): 10
LogDevObjectVersion:   Dev-Niagara (F2AED0AC-9AFE-416F-8664-AA7FFA26D6FC): 1
LogDevObjectVersion:   Dev-Destruction (174F1F0B-B4C6-45A5-B13F-2EE8D0FB917D): 10
LogDevObjectVersion:   Dev-Physics-Ext (35F94A83-E258-406C-A318-09F59610247C): 41
LogDevObjectVersion:   Dev-PhysicsMaterial-Chaos (B68FC16E-8B1B-42E2-B453-215C058844FE): 1
LogDevObjectVersion:   Dev-CineCamera (B2E18506-4273-CFC2-A54E-F4BB758BBA07): 1
LogDevObjectVersion:   Dev-VirtualProduction (64F58936-FD1B-42BA-BA96-7289D5D0FA4E): 1
LogDevObjectVersion:   Dev-MediaFramework (6F0ED827-A609-4895-9C91-998D90180EA4): 2
LogInit: Presizing for max 25165824 objects, including 0 objects not considered by GC, pre-allocating 0 bytes for permanent pool.
LogConfig: Applying CVar settings from Section [/Script/Engine.StreamingSettings] File [K:/Mastered/Trialed/Trials/Saved/Config/Windows/Engine.ini]
LogConfig: Setting CVar [[s.MinBulkDataSizeForAsyncLoading:131072]]
LogConfig: Setting CVar [[s.AsyncLoadingThreadEnabled:0]]
LogConfig: Setting CVar [[s.EventDrivenLoaderEnabled:1]]
LogConfig: Setting CVar [[s.WarnIfTimeLimitExceeded:0]]
LogConfig: Setting CVar [[s.TimeLimitExceededMultiplier:1.5]]
LogConfig: Setting CVar [[s.TimeLimitExceededMinTime:0.005]]
LogConfig: Setting CVar [[s.UseBackgroundLevelStreaming:1]]
LogConfig: Setting CVar [[s.PriorityAsyncLoadingExtraTime:15.0]]
LogConfig: Setting CVar [[s.LevelStreamingActorsUpdateTimeLimit:5.0]]
LogConfig: Setting CVar [[s.PriorityLevelStreamingActorsUpdateExtraTime:5.0]]
LogConfig: Setting CVar [[s.LevelStreamingComponentsRegistrationGranularity:10]]
LogConfig: Setting CVar [[s.UnregisterComponentsTimeLimit:1.0]]
LogConfig: Setting CVar [[s.LevelStreamingComponentsUnregistrationGranularity:5]]
LogConfig: Setting CVar [[s.FlushStreamingOnExit:1]]
LogInit: Object subsystem initialized
LogConfig: Setting CVar [[con.DebugEarlyDefault:1]]
LogConfig: Setting CVar [[r.setres:1280x720]]
[2022.06.02-18.33.30:256][  0]LogConfig: Setting CVar [[r.VSync:0]]
[2022.06.02-18.33.30:256][  0]LogConfig: Setting CVar [[r.RHICmdBypass:0]]
[2022.06.02-18.33.30:256][  0]LogConfig: Applying CVar settings from Section [/Script/Engine.RendererSettings] File [K:/Mastered/Trialed/Trials/Saved/Config/Windows/Engine.ini]
[2022.06.02-18.33.30:256][  0]LogConfig: Setting CVar [[r.GPUCrashDebugging:0]]
[2022.06.02-18.33.30:256][  0]LogConfig: Applying CVar settings from Section [/Script/Engine.RendererOverrideSettings] File [K:/Mastered/Trialed/Trials/Saved/Config/Windows/Engine.ini]
[2022.06.02-18.33.30:256][  0]LogConfig: Applying CVar settings from Section [/Script/Engine.StreamingSettings] File [K:/Mastered/Trialed/Trials/Saved/Config/Windows/Engine.ini]
[2022.06.02-18.33.30:256][  0]LogConfig: Setting CVar [[s.MinBulkDataSizeForAsyncLoading:131072]]
[2022.06.02-18.33.30:257][  0]LogConfig: Setting CVar [[s.AsyncLoadingThreadEnabled:0]]
[2022.06.02-18.33.30:257][  0]LogConfig: Setting CVar [[s.EventDrivenLoaderEnabled:1]]
[2022.06.02-18.33.30:257][  0]LogConfig: Setting CVar [[s.WarnIfTimeLimitExceeded:0]]
[2022.06.02-18.33.30:257][  0]LogConfig: Setting CVar [[s.TimeLimitExceededMultiplier:1.5]]
[2022.06.02-18.33.30:257][  0]LogConfig: Setting CVar [[s.TimeLimitExceededMinTime:0.005]]
[2022.06.02-18.33.30:257][  0]LogConfig: Setting CVar [[s.UseBackgroundLevelStreaming:1]]
[2022.06.02-18.33.30:257][  0]LogConfig: Setting CVar [[s.PriorityAsyncLoadingExtraTime:15.0]]
[2022.06.02-18.33.30:257][  0]LogConfig: Setting CVar [[s.LevelStreamingActorsUpdateTimeLimit:5.0]]
[2022.06.02-18.33.30:257][  0]LogConfig: Setting CVar [[s.PriorityLevelStreamingActorsUpdateExtraTime:5.0]]
[2022.06.02-18.33.30:257][  0]LogConfig: Setting CVar [[s.LevelStreamingComponentsRegistrationGranularity:10]]
[2022.06.02-18.33.30:257][  0]LogConfig: Setting CVar [[s.UnregisterComponentsTimeLimit:1.0]]
[2022.06.02-18.33.30:257][  0]LogConfig: Setting CVar [[s.LevelStreamingComponentsUnregistrationGranularity:5]]
[2022.06.02-18.33.30:257][  0]LogConfig: Setting CVar [[s.FlushStreamingOnExit:1]]
[2022.06.02-18.33.30:258][  0]LogConfig: Applying CVar settings from Section [/Script/Engine.GarbageCollectionSettings] File [K:/Mastered/Trialed/Trials/Saved/Config/Windows/Engine.ini]
[2022.06.02-18.33.30:258][  0]LogConfig: Setting CVar [[gc.MaxObjectsNotConsideredByGC:1]]
[2022.06.02-18.33.30:258][  0]LogConfig: Setting CVar [[gc.SizeOfPermanentObjectPool:0]]
[2022.06.02-18.33.30:258][  0]LogConfig: Setting CVar [[gc.FlushStreamingOnGC:0]]
[2022.06.02-18.33.30:258][  0]LogConfig: Setting CVar [[gc.NumRetriesBeforeForcingGC:10]]
[2022.06.02-18.33.30:258][  0]LogConfig: Setting CVar [[gc.AllowParallelGC:1]]
[2022.06.02-18.33.30:258][  0]LogConfig: Setting CVar [[gc.TimeBetweenPurgingPendingKillObjects:61.1]]
[2022.06.02-18.33.30:258][  0]LogConfig: Setting CVar [[gc.MaxObjectsInEditor:25165824]]
[2022.06.02-18.33.30:258][  0]LogConfig: Setting CVar [[gc.IncrementalBeginDestroyEnabled:1]]
[2022.06.02-18.33.30:258][  0]LogConfig: Setting CVar [[gc.CreateGCClusters:1]]
[2022.06.02-18.33.30:258][  0]LogConfig: Setting CVar [[gc.MinGCClusterSize:5]]
[2022.06.02-18.33.30:258][  0]LogConfig: Setting CVar [[gc.ActorClusteringEnabled:0]]
[2022.06.02-18.33.30:258][  0]LogConfig: Setting CVar [[gc.BlueprintClusteringEnabled:0]]
[2022.06.02-18.33.30:259][  0]LogConfig: Setting CVar [[gc.UseDisregardForGCOnDedicatedServers:0]]
[2022.06.02-18.33.30:259][  0]LogConfig: Setting CVar [[gc.MultithreadedDestructionEnabled:1]]
[2022.06.02-18.33.30:259][  0]LogConfig: Applying CVar settings from Section [/Script/Engine.NetworkSettings] File [K:/Mastered/Trialed/Trials/Saved/Config/Windows/Engine.ini]
[2022.06.02-18.33.30:259][  0]LogConfig: Applying CVar settings from Section [/Script/UnrealEd.CookerSettings] File [K:/Mastered/Trialed/Trials/Saved/Config/Windows/Engine.ini]
[2022.06.02-18.33.30:294][  0]LogConfig: Applying CVar settings from Section [ViewDistanceQuality@3] File [K:/Mastered/Trialed/Trials/Saved/Config/Windows/Scalability.ini]
[2022.06.02-18.33.30:294][  0]LogConfig: Setting CVar [[r.SkeletalMeshLODBias:0]]
[2022.06.02-18.33.30:294][  0]LogConfig: Setting CVar [[r.ViewDistanceScale:1.0]]
[2022.06.02-18.33.30:294][  0]LogConfig: Applying CVar settings from Section [AntiAliasingQuality@3] File [K:/Mastered/Trialed/Trials/Saved/Config/Windows/Scalability.ini]
[2022.06.02-18.33.30:294][  0]LogConfig: Setting CVar [[r.PostProcessAAQuality:4]]
[2022.06.02-18.33.30:295][  0]LogConfig: Applying CVar settings from Section [ShadowQuality@3] File [K:/Mastered/Trialed/Trials/Saved/Config/Windows/Scalability.ini]
[2022.06.02-18.33.30:295][  0]LogConfig: Setting CVar [[r.LightFunctionQuality:1]]
[2022.06.02-18.33.30:295][  0]LogConfig: Setting CVar [[r.ShadowQuality:5]]
[2022.06.02-18.33.30:295][  0]LogConfig: Setting CVar [[r.Shadow.CSM.MaxCascades:10]]
[2022.06.02-18.33.30:295][  0]LogConfig: Setting CVar [[r.Shadow.MaxResolution:2048]]
[2022.06.02-18.33.30:295][  0]LogConfig: Setting CVar [[r.Shadow.MaxCSMResolution:2048]]
[2022.06.02-18.33.30:295][  0]LogConfig: Setting CVar [[r.Shadow.RadiusThreshold:0.01]]
[2022.06.02-18.33.30:295][  0]LogConfig: Setting CVar [[r.Shadow.DistanceScale:1.0]]
[2022.06.02-18.33.30:295][  0]LogConfig: Setting CVar [[r.Shadow.CSM.TransitionScale:1.0]]
[2022.06.02-18.33.30:295][  0]LogConfig: Setting CVar [[r.Shadow.PreShadowResolutionFactor:1.0]]
[2022.06.02-18.33.30:295][  0]LogConfig: Setting CVar [[r.DistanceFieldShadowing:1]]
[2022.06.02-18.33.30:295][  0]LogConfig: Setting CVar [[r.DistanceFieldAO:1]]
[2022.06.02-18.33.30:296][  0]LogConfig: Setting CVar [[r.AOQuality:2]]
[2022.06.02-18.33.30:296][  0]LogConfig: Setting CVar [[r.VolumetricFog:1]]
[2022.06.02-18.33.30:296][  0]LogConfig: Setting CVar [[r.VolumetricFog.GridPixelSize:8]]
[2022.06.02-18.33.30:296][  0]LogConfig: Setting CVar [[r.VolumetricFog.GridSizeZ:128]]
[2022.06.02-18.33.30:296][  0]LogConfig: Setting CVar [[r.VolumetricFog.HistoryMissSupersampleCount:4]]
[2022.06.02-18.33.30:296][  0]LogConfig: Setting CVar [[r.LightMaxDrawDistanceScale:1]]
[2022.06.02-18.33.30:296][  0]LogConfig: Setting CVar [[r.CapsuleShadows:1]]
[2022.06.02-18.33.30:296][  0]LogConfig: Applying CVar settings from Section [PostProcessQuality@3] File [K:/Mastered/Trialed/Trials/Saved/Config/Windows/Scalability.ini]
[2022.06.02-18.33.30:296][  0]LogConfig: Setting CVar [[r.MotionBlurQuality:4]]
[2022.06.02-18.33.30:296][  0]LogConfig: Setting CVar [[r.AmbientOcclusionMipLevelFactor:0.4]]
[2022.06.02-18.33.30:297][  0]LogConfig: Setting CVar [[r.AmbientOcclusionMaxQuality:100]]
[2022.06.02-18.33.30:297][  0]LogConfig: Setting CVar [[r.AmbientOcclusionLevels:-1]]
[2022.06.02-18.33.30:297][  0]LogConfig: Setting CVar [[r.AmbientOcclusionRadiusScale:1.0]]
[2022.06.02-18.33.30:297][  0]LogConfig: Setting CVar [[r.DepthOfFieldQuality:2]]
[2022.06.02-18.33.30:297][  0]LogConfig: Setting CVar [[r.RenderTargetPoolMin:400]]
[2022.06.02-18.33.30:297][  0]LogConfig: Setting CVar [[r.LensFlareQuality:2]]
[2022.06.02-18.33.30:297][  0]LogConfig: Setting CVar [[r.SceneColorFringeQuality:1]]
[2022.06.02-18.33.30:297][  0]LogConfig: Setting CVar [[r.EyeAdaptationQuality:2]]
[2022.06.02-18.33.30:297][  0]LogConfig: Setting CVar [[r.BloomQuality:5]]
[2022.06.02-18.33.30:297][  0]LogConfig: Setting CVar [[r.FastBlurThreshold:100]]
[2022.06.02-18.33.30:297][  0]LogConfig: Setting CVar [[r.Upscale.Quality:3]]
[2022.06.02-18.33.30:297][  0]LogConfig: Setting CVar [[r.Tonemapper.GrainQuantization:1]]
[2022.06.02-18.33.30:297][  0]LogConfig: Setting CVar [[r.LightShaftQuality:1]]
[2022.06.02-18.33.30:298][  0]LogConfig: Setting CVar [[r.Filter.SizeScale:1]]
[2022.06.02-18.33.30:298][  0]LogConfig: Setting CVar [[r.Tonemapper.Quality:5]]
[2022.06.02-18.33.30:298][  0]LogConfig: Setting CVar [[r.DOF.Gather.AccumulatorQuality:1        ; higher gathering accumulator quality]]
[2022.06.02-18.33.30:298][  0]LogConfig: Setting CVar [[r.DOF.Gather.PostfilterMethod:1          ; Median3x3 postfilering method]]
[2022.06.02-18.33.30:298][  0]LogConfig: Setting CVar [[r.DOF.Gather.EnableBokehSettings:0       ; no bokeh simulation when gathering]]
[2022.06.02-18.33.30:298][  0]LogConfig: Setting CVar [[r.DOF.Gather.RingCount:4                 ; medium number of samples when gathering]]
[2022.06.02-18.33.30:298][  0]LogConfig: Setting CVar [[r.DOF.Scatter.ForegroundCompositing:1    ; additive foreground scattering]]
[2022.06.02-18.33.30:298][  0]LogConfig: Setting CVar [[r.DOF.Scatter.BackgroundCompositing:2    ; additive background scattering]]
[2022.06.02-18.33.30:298][  0]LogConfig: Setting CVar [[r.DOF.Scatter.EnableBokehSettings:1      ; bokeh simulation when scattering]]
[2022.06.02-18.33.30:298][  0]LogConfig: Setting CVar [[r.DOF.Scatter.MaxSpriteRatio:0.1         ; only a maximum of 10% of scattered bokeh]]
[2022.06.02-18.33.30:298][  0]LogConfig: Setting CVar [[r.DOF.Recombine.Quality:1                ; cheap slight out of focus]]
[2022.06.02-18.33.30:298][  0]LogConfig: Setting CVar [[r.DOF.Recombine.EnableBokehSettings:0    ; no bokeh simulation on slight out of focus]]
[2022.06.02-18.33.30:299][  0]LogConfig: Setting CVar [[r.DOF.TemporalAAQuality:1                ; more stable temporal accumulation]]
[2022.06.02-18.33.30:299][  0]LogConfig: Setting CVar [[r.DOF.Kernel.MaxForegroundRadius:0.025]]
[2022.06.02-18.33.30:299][  0]LogConfig: Setting CVar [[r.DOF.Kernel.MaxBackgroundRadius:0.025]]
[2022.06.02-18.33.30:299][  0]LogConfig: Applying CVar settings from Section [TextureQuality@3] File [K:/Mastered/Trialed/Trials/Saved/Config/Windows/Scalability.ini]
[2022.06.02-18.33.30:299][  0]LogConfig: Setting CVar [[r.Streaming.MipBias:0]]
[2022.06.02-18.33.30:299][  0]LogConfig: Setting CVar [[r.Streaming.AmortizeCPUToGPUCopy:0]]
[2022.06.02-18.33.30:299][  0]LogConfig: Setting CVar [[r.Streaming.MaxNumTexturesToStreamPerFrame:0]]
[2022.06.02-18.33.30:299][  0]LogConfig: Setting CVar [[r.Streaming.Boost:1]]
[2022.06.02-18.33.30:299][  0]LogConfig: Setting CVar [[r.MaxAnisotropy:8]]
[2022.06.02-18.33.30:299][  0]LogConfig: Setting CVar [[r.VT.MaxAnisotropy:8]]
[2022.06.02-18.33.30:299][  0]LogConfig: Setting CVar [[r.Streaming.LimitPoolSizeToVRAM:0]]
[2022.06.02-18.33.30:299][  0]LogConfig: Setting CVar [[r.Streaming.PoolSize:1000]]
[2022.06.02-18.33.30:299][  0]LogConfig: Setting CVar [[r.Streaming.MaxEffectiveScreenSize:0]]
[2022.06.02-18.33.30:300][  0]LogConfig: Applying CVar settings from Section [EffectsQuality@3] File [K:/Mastered/Trialed/Trials/Saved/Config/Windows/Scalability.ini]
[2022.06.02-18.33.30:300][  0]LogConfig: Setting CVar [[r.TranslucencyLightingVolumeDim:64]]
[2022.06.02-18.33.30:300][  0]LogConfig: Setting CVar [[r.RefractionQuality:2]]
[2022.06.02-18.33.30:300][  0]LogConfig: Setting CVar [[r.SSR.Quality:3]]
[2022.06.02-18.33.30:300][  0]LogConfig: Setting CVar [[r.SSR.HalfResSceneColor:0]]
[2022.06.02-18.33.30:300][  0]LogConfig: Setting CVar [[r.SceneColorFormat:4]]
[2022.06.02-18.33.30:300][  0]LogConfig: Setting CVar [[r.DetailMode:2]]
[2022.06.02-18.33.30:300][  0]LogConfig: Setting CVar [[r.TranslucencyVolumeBlur:1]]
[2022.06.02-18.33.30:300][  0]LogConfig: Setting CVar [[r.MaterialQualityLevel:1 ; High quality]]
[2022.06.02-18.33.30:300][  0]LogConfig: Setting CVar [[r.AnisotropicMaterials:1]]
[2022.06.02-18.33.30:300][  0]LogConfig: Setting CVar [[r.SSS.Scale:1]]
[2022.06.02-18.33.30:301][  0]LogConfig: Setting CVar [[r.SSS.SampleSet:2]]
[2022.06.02-18.33.30:301][  0]LogConfig: Setting CVar [[r.SSS.Quality:1]]
[2022.06.02-18.33.30:301][  0]LogConfig: Setting CVar [[r.SSS.HalfRes:0]]
[2022.06.02-18.33.30:301][  0]LogConfig: Setting CVar [[r.SSGI.Quality:3]]
[2022.06.02-18.33.30:301][  0]LogConfig: Setting CVar [[r.EmitterSpawnRateScale:1.0]]
[2022.06.02-18.33.30:301][  0]LogConfig: Setting CVar [[r.ParticleLightQuality:2]]
[2022.06.02-18.33.30:301][  0]LogConfig: Setting CVar [[r.SkyAtmosphere.AerialPerspectiveLUT.FastApplyOnOpaque:1 ; Always have FastSkyLUT 1 in this case to avoid wrong sky]]
[2022.06.02-18.33.30:301][  0]LogConfig: Setting CVar [[r.SkyAtmosphere.AerialPerspectiveLUT.SampleCountMaxPerSlice:4]]
[2022.06.02-18.33.30:301][  0]LogConfig: Setting CVar [[r.SkyAtmosphere.AerialPerspectiveLUT.DepthResolution:16.0]]
[2022.06.02-18.33.30:301][  0]LogConfig: Setting CVar [[r.SkyAtmosphere.FastSkyLUT:1]]
[2022.06.02-18.33.30:301][  0]LogConfig: Setting CVar [[r.SkyAtmosphere.FastSkyLUT.SampleCountMin:4.0]]
[2022.06.02-18.33.30:301][  0]LogConfig: Setting CVar [[r.SkyAtmosphere.FastSkyLUT.SampleCountMax:128.0]]
[2022.06.02-18.33.30:301][  0]LogConfig: Setting CVar [[r.SkyAtmosphere.SampleCountMin:4.0]]
[2022.06.02-18.33.30:302][  0]LogConfig: Setting CVar [[r.SkyAtmosphere.SampleCountMax:128.0]]
[2022.06.02-18.33.30:302][  0]LogConfig: Setting CVar [[r.SkyAtmosphere.TransmittanceLUT.UseSmallFormat:0]]
[2022.06.02-18.33.30:302][  0]LogConfig: Setting CVar [[r.SkyAtmosphere.TransmittanceLUT.SampleCount:10.0]]
[2022.06.02-18.33.30:302][  0]LogConfig: Setting CVar [[r.SkyAtmosphere.MultiScatteringLUT.SampleCount:15.0]]
[2022.06.02-18.33.30:302][  0]LogConfig: Setting CVar [[r.SkyLight.RealTimeReflectionCapture:1]]
[2022.06.02-18.33.30:302][  0]LogConfig: Applying CVar settings from Section [FoliageQuality@3] File [K:/Mastered/Trialed/Trials/Saved/Config/Windows/Scalability.ini]
[2022.06.02-18.33.30:302][  0]LogConfig: Setting CVar [[foliage.DensityScale:1.0]]
[2022.06.02-18.33.30:302][  0]LogConfig: Setting CVar [[grass.DensityScale:1.0]]
[2022.06.02-18.33.30:302][  0]LogConfig: Applying CVar settings from Section [ShadingQuality@3] File [K:/Mastered/Trialed/Trials/Saved/Config/Windows/Scalability.ini]
[2022.06.02-18.33.30:302][  0]LogConfig: Setting CVar [[r.HairStrands.SkyLighting.IntegrationType:2]]
[2022.06.02-18.33.30:302][  0]LogConfig: Setting CVar [[r.HairStrands.SkyAO.SampleCount:4]]
[2022.06.02-18.33.30:302][  0]LogConfig: Setting CVar [[r.HairStrands.Visibility.MSAA.SamplePerPixel:4]]
[2022.06.02-18.33.30:303][  0]LogInit: Selected Device Profile: [Windows]
[2022.06.02-18.33.30:303][  0]LogInit: Applying CVar settings loaded from the selected device profile: [Windows]
[2022.06.02-18.33.30:303][  0]LogHAL: Display: Platform has ~ 32 GB [34265247744 / 34359738368 / 32], which maps to Largest [LargestMinGB=32, LargerMinGB=12, DefaultMinGB=8, SmallerMinGB=6, SmallestMinGB=0)
[2022.06.02-18.33.30:303][  0]LogInit: Going up to parent DeviceProfile []
[2022.06.02-18.33.30:303][  0]LogConfig: Applying CVar settings from Section [ViewDistanceQuality@3] File [K:/Mastered/Trialed/Trials/Saved/Config/Windows/Scalability.ini]
[2022.06.02-18.33.30:303][  0]LogConfig: Setting CVar [[r.SkeletalMeshLODBias:0]]
[2022.06.02-18.33.30:303][  0]LogConfig: Setting CVar [[r.ViewDistanceScale:1.0]]
[2022.06.02-18.33.30:303][  0]LogConfig: Applying CVar settings from Section [AntiAliasingQuality@3] File [K:/Mastered/Trialed/Trials/Saved/Config/Windows/Scalability.ini]
[2022.06.02-18.33.30:303][  0]LogConfig: Setting CVar [[r.PostProcessAAQuality:4]]
[2022.06.02-18.33.30:303][  0]LogConfig: Applying CVar settings from Section [ShadowQuality@3] File [K:/Mastered/Trialed/Trials/Saved/Config/Windows/Scalability.ini]
[2022.06.02-18.33.30:304][  0]LogConfig: Setting CVar [[r.LightFunctionQuality:1]]
[2022.06.02-18.33.30:304][  0]LogConfig: Setting CVar [[r.ShadowQuality:5]]
[2022.06.02-18.33.30:304][  0]LogConfig: Setting CVar [[r.Shadow.CSM.MaxCascades:10]]
[2022.06.02-18.33.30:304][  0]LogConfig: Setting CVar [[r.Shadow.MaxResolution:2048]]
[2022.06.02-18.33.30:304][  0]LogConfig: Setting CVar [[r.Shadow.MaxCSMResolution:2048]]
[2022.06.02-18.33.30:304][  0]LogConfig: Setting CVar [[r.Shadow.RadiusThreshold:0.01]]
[2022.06.02-18.33.30:304][  0]LogConfig: Setting CVar [[r.Shadow.DistanceScale:1.0]]
[2022.06.02-18.33.30:304][  0]LogConfig: Setting CVar [[r.Shadow.CSM.TransitionScale:1.0]]
[2022.06.02-18.33.30:304][  0]LogConfig: Setting CVar [[r.Shadow.PreShadowResolutionFactor:1.0]]
[2022.06.02-18.33.30:304][  0]LogConfig: Setting CVar [[r.DistanceFieldShadowing:1]]
[2022.06.02-18.33.30:304][  0]LogConfig: Setting CVar [[r.DistanceFieldAO:1]]
[2022.06.02-18.33.30:304][  0]LogConfig: Setting CVar [[r.AOQuality:2]]
[2022.06.02-18.33.30:304][  0]LogConfig: Setting CVar [[r.VolumetricFog:1]]
[2022.06.02-18.33.30:305][  0]LogConfig: Setting CVar [[r.VolumetricFog.GridPixelSize:8]]
[2022.06.02-18.33.30:305][  0]LogConfig: Setting CVar [[r.VolumetricFog.GridSizeZ:128]]
[2022.06.02-18.33.30:305][  0]LogConfig: Setting CVar [[r.VolumetricFog.HistoryMissSupersampleCount:4]]
[2022.06.02-18.33.30:305][  0]LogConfig: Setting CVar [[r.LightMaxDrawDistanceScale:1]]
[2022.06.02-18.33.30:305][  0]LogConfig: Setting CVar [[r.CapsuleShadows:1]]
[2022.06.02-18.33.30:305][  0]LogConfig: Applying CVar settings from Section [PostProcessQuality@3] File [K:/Mastered/Trialed/Trials/Saved/Config/Windows/Scalability.ini]
[2022.06.02-18.33.30:305][  0]LogConfig: Setting CVar [[r.MotionBlurQuality:4]]
[2022.06.02-18.33.30:305][  0]LogConfig: Setting CVar [[r.AmbientOcclusionMipLevelFactor:0.4]]
[2022.06.02-18.33.30:305][  0]LogConfig: Setting CVar [[r.AmbientOcclusionMaxQuality:100]]
[2022.06.02-18.33.30:305][  0]LogConfig: Setting CVar [[r.AmbientOcclusionLevels:-1]]
[2022.06.02-18.33.30:305][  0]LogConfig: Setting CVar [[r.AmbientOcclusionRadiusScale:1.0]]
[2022.06.02-18.33.30:305][  0]LogConfig: Setting CVar [[r.DepthOfFieldQuality:2]]
[2022.06.02-18.33.30:305][  0]LogConfig: Setting CVar [[r.RenderTargetPoolMin:400]]
[2022.06.02-18.33.30:306][  0]LogConfig: Setting CVar [[r.LensFlareQuality:2]]
[2022.06.02-18.33.30:306][  0]LogConfig: Setting CVar [[r.SceneColorFringeQuality:1]]
[2022.06.02-18.33.30:306][  0]LogConfig: Setting CVar [[r.EyeAdaptationQuality:2]]
[2022.06.02-18.33.30:306][  0]LogConfig: Setting CVar [[r.BloomQuality:5]]
[2022.06.02-18.33.30:306][  0]LogConfig: Setting CVar [[r.FastBlurThreshold:100]]
[2022.06.02-18.33.30:306][  0]LogConfig: Setting CVar [[r.Upscale.Quality:3]]
[2022.06.02-18.33.30:306][  0]LogConfig: Setting CVar [[r.Tonemapper.GrainQuantization:1]]
[2022.06.02-18.33.30:306][  0]LogConfig: Setting CVar [[r.LightShaftQuality:1]]
[2022.06.02-18.33.30:306][  0]LogConfig: Setting CVar [[r.Filter.SizeScale:1]]
[2022.06.02-18.33.30:306][  0]LogConfig: Setting CVar [[r.Tonemapper.Quality:5]]
[2022.06.02-18.33.30:306][  0]LogConfig: Setting CVar [[r.DOF.Gather.AccumulatorQuality:1        ; higher gathering accumulator quality]]
[2022.06.02-18.33.30:306][  0]LogConfig: Setting CVar [[r.DOF.Gather.PostfilterMethod:1          ; Median3x3 postfilering method]]
[2022.06.02-18.33.30:306][  0]LogConfig: Setting CVar [[r.DOF.Gather.EnableBokehSettings:0       ; no bokeh simulation when gathering]]
[2022.06.02-18.33.30:306][  0]LogConfig: Setting CVar [[r.DOF.Gather.RingCount:4                 ; medium number of samples when gathering]]
[2022.06.02-18.33.30:307][  0]LogConfig: Setting CVar [[r.DOF.Scatter.ForegroundCompositing:1    ; additive foreground scattering]]
[2022.06.02-18.33.30:307][  0]LogConfig: Setting CVar [[r.DOF.Scatter.BackgroundCompositing:2    ; additive background scattering]]
[2022.06.02-18.33.30:307][  0]LogConfig: Setting CVar [[r.DOF.Scatter.EnableBokehSettings:1      ; bokeh simulation when scattering]]
[2022.06.02-18.33.30:307][  0]LogConfig: Setting CVar [[r.DOF.Scatter.MaxSpriteRatio:0.1         ; only a maximum of 10% of scattered bokeh]]
[2022.06.02-18.33.30:307][  0]LogConfig: Setting CVar [[r.DOF.Recombine.Quality:1                ; cheap slight out of focus]]
[2022.06.02-18.33.30:307][  0]LogConfig: Setting CVar [[r.DOF.Recombine.EnableBokehSettings:0    ; no bokeh simulation on slight out of focus]]
[2022.06.02-18.33.30:307][  0]LogConfig: Setting CVar [[r.DOF.TemporalAAQuality:1                ; more stable temporal accumulation]]
[2022.06.02-18.33.30:307][  0]LogConfig: Setting CVar [[r.DOF.Kernel.MaxForegroundRadius:0.025]]
[2022.06.02-18.33.30:307][  0]LogConfig: Setting CVar [[r.DOF.Kernel.MaxBackgroundRadius:0.025]]
[2022.06.02-18.33.30:307][  0]LogConfig: Applying CVar settings from Section [TextureQuality@3] File [K:/Mastered/Trialed/Trials/Saved/Config/Windows/Scalability.ini]
[2022.06.02-18.33.30:307][  0]LogConfig: Setting CVar [[r.Streaming.MipBias:0]]
[2022.06.02-18.33.30:307][  0]LogConfig: Setting CVar [[r.Streaming.AmortizeCPUToGPUCopy:0]]
[2022.06.02-18.33.30:308][  0]LogConfig: Setting CVar [[r.Streaming.MaxNumTexturesToStreamPerFrame:0]]
[2022.06.02-18.33.30:308][  0]LogConfig: Setting CVar [[r.Streaming.Boost:1]]
[2022.06.02-18.33.30:308][  0]LogConfig: Setting CVar [[r.MaxAnisotropy:8]]
[2022.06.02-18.33.30:308][  0]LogConfig: Setting CVar [[r.VT.MaxAnisotropy:8]]
[2022.06.02-18.33.30:308][  0]LogConfig: Setting CVar [[r.Streaming.LimitPoolSizeToVRAM:0]]
[2022.06.02-18.33.30:308][  0]LogConfig: Setting CVar [[r.Streaming.PoolSize:1000]]
[2022.06.02-18.33.30:308][  0]LogConfig: Setting CVar [[r.Streaming.MaxEffectiveScreenSize:0]]
[2022.06.02-18.33.30:308][  0]LogConfig: Applying CVar settings from Section [EffectsQuality@3] File [K:/Mastered/Trialed/Trials/Saved/Config/Windows/Scalability.ini]
[2022.06.02-18.33.30:308][  0]LogConfig: Setting CVar [[r.TranslucencyLightingVolumeDim:64]]
[2022.06.02-18.33.30:308][  0]LogConfig: Setting CVar [[r.RefractionQuality:2]]
[2022.06.02-18.33.30:308][  0]LogConfig: Setting CVar [[r.SSR.Quality:3]]
[2022.06.02-18.33.30:308][  0]LogConfig: Setting CVar [[r.SSR.HalfResSceneColor:0]]
[2022.06.02-18.33.30:308][  0]LogConfig: Setting CVar [[r.SceneColorFormat:4]]
[2022.06.02-18.33.30:309][  0]LogConfig: Setting CVar [[r.DetailMode:2]]
[2022.06.02-18.33.30:309][  0]LogConfig: Setting CVar [[r.TranslucencyVolumeBlur:1]]
[2022.06.02-18.33.30:309][  0]LogConfig: Setting CVar [[r.MaterialQualityLevel:1 ; High quality]]
[2022.06.02-18.33.30:309][  0]LogConfig: Setting CVar [[r.AnisotropicMaterials:1]]
[2022.06.02-18.33.30:309][  0]LogConfig: Setting CVar [[r.SSS.Scale:1]]
[2022.06.02-18.33.30:309][  0]LogConfig: Setting CVar [[r.SSS.SampleSet:2]]
[2022.06.02-18.33.30:309][  0]LogConfig: Setting CVar [[r.SSS.Quality:1]]
[2022.06.02-18.33.30:309][  0]LogConfig: Setting CVar [[r.SSS.HalfRes:0]]
[2022.06.02-18.33.30:309][  0]LogConfig: Setting CVar [[r.SSGI.Quality:3]]
[2022.06.02-18.33.30:309][  0]LogConfig: Setting CVar [[r.EmitterSpawnRateScale:1.0]]
[2022.06.02-18.33.30:309][  0]LogConfig: Setting CVar [[r.ParticleLightQuality:2]]
[2022.06.02-18.33.30:309][  0]LogConfig: Setting CVar [[r.SkyAtmosphere.AerialPerspectiveLUT.FastApplyOnOpaque:1 ; Always have FastSkyLUT 1 in this case to avoid wrong sky]]
[2022.06.02-18.33.30:309][  0]LogConfig: Setting CVar [[r.SkyAtmosphere.AerialPerspectiveLUT.SampleCountMaxPerSlice:4]]
[2022.06.02-18.33.30:310][  0]LogConfig: Setting CVar [[r.SkyAtmosphere.AerialPerspectiveLUT.DepthResolution:16.0]]
[2022.06.02-18.33.30:310][  0]LogConfig: Setting CVar [[r.SkyAtmosphere.FastSkyLUT:1]]
[2022.06.02-18.33.30:310][  0]LogConfig: Setting CVar [[r.SkyAtmosphere.FastSkyLUT.SampleCountMin:4.0]]
[2022.06.02-18.33.30:310][  0]LogConfig: Setting CVar [[r.SkyAtmosphere.FastSkyLUT.SampleCountMax:128.0]]
[2022.06.02-18.33.30:310][  0]LogConfig: Setting CVar [[r.SkyAtmosphere.SampleCountMin:4.0]]
[2022.06.02-18.33.30:310][  0]LogConfig: Setting CVar [[r.SkyAtmosphere.SampleCountMax:128.0]]
[2022.06.02-18.33.30:310][  0]LogConfig: Setting CVar [[r.SkyAtmosphere.TransmittanceLUT.UseSmallFormat:0]]
[2022.06.02-18.33.30:310][  0]LogConfig: Setting CVar [[r.SkyAtmosphere.TransmittanceLUT.SampleCount:10.0]]
[2022.06.02-18.33.30:310][  0]LogConfig: Setting CVar [[r.SkyAtmosphere.MultiScatteringLUT.SampleCount:15.0]]
[2022.06.02-18.33.30:310][  0]LogConfig: Setting CVar [[r.SkyLight.RealTimeReflectionCapture:1]]
[2022.06.02-18.33.30:310][  0]LogConfig: Applying CVar settings from Section [FoliageQuality@3] File [K:/Mastered/Trialed/Trials/Saved/Config/Windows/Scalability.ini]
[2022.06.02-18.33.30:310][  0]LogConfig: Setting CVar [[foliage.DensityScale:1.0]]
[2022.06.02-18.33.30:310][  0]LogConfig: Setting CVar [[grass.DensityScale:1.0]]
[2022.06.02-18.33.30:311][  0]LogConfig: Applying CVar settings from Section [ShadingQuality@3] File [K:/Mastered/Trialed/Trials/Saved/Config/Windows/Scalability.ini]
[2022.06.02-18.33.30:311][  0]LogConfig: Setting CVar [[r.HairStrands.SkyLighting.IntegrationType:2]]
[2022.06.02-18.33.30:311][  0]LogConfig: Setting CVar [[r.HairStrands.SkyAO.SampleCount:4]]
[2022.06.02-18.33.30:311][  0]LogConfig: Setting CVar [[r.HairStrands.Visibility.MSAA.SamplePerPixel:4]]
[2022.06.02-18.33.30:311][  0]LogConfig: Applying CVar settings from Section [Startup] File [../../../Engine/Config/ConsoleVariables.ini]
[2022.06.02-18.33.30:311][  0]LogConfig: Setting CVar [[net.UseAdaptiveNetUpdateFrequency:0]]
[2022.06.02-18.33.30:311][  0]LogConfig: Setting CVar [[p.chaos.AllowCreatePhysxBodies:1]]
[2022.06.02-18.33.30:311][  0]LogConfig: Setting CVar [[fx.SkipVectorVMBackendOptimizations:1]]
[2022.06.02-18.33.30:312][  0]LogConfig: Applying CVar settings from Section [ConsoleVariables] File [K:/Mastered/Trialed/Trials/Saved/Config/Windows/Engine.ini]
[2022.06.02-18.33.30:312][  0]LogConfig: Applying CVar settings from Section [ConsoleVariables] File [K:/Mastered/Trialed/Trials/Saved/Config/Windows/Editor.ini]
[2022.06.02-18.33.30:312][  0]LogInit: Computer: DESKTOP-70BM0B7
[2022.06.02-18.33.30:312][  0]LogInit: User: zilla
[2022.06.02-18.33.30:312][  0]LogInit: CPU Page size=4096, Cores=12
[2022.06.02-18.33.30:312][  0]LogInit: High frequency timer resolution =10.000000 MHz
[2022.06.02-18.33.30:312][  0]LogMemory: Memory total: Physical=31.9GB (32GB approx)
[2022.06.02-18.33.30:312][  0]LogMemory: Platform Memory Stats for Windows
[2022.06.02-18.33.30:312][  0]LogMemory: Process Physical Memory: 151.29 MB used, 151.29 MB peak
[2022.06.02-18.33.30:312][  0]LogMemory: Process Virtual Memory: 132.02 MB used, 132.02 MB peak
[2022.06.02-18.33.30:313][  0]LogMemory: Physical Memory: 16176.83 MB used,  16501.05 MB free, 32677.89 MB total
[2022.06.02-18.33.30:313][  0]LogMemory: Virtual Memory: 134201504.00 MB used,  16223.86 MB free, 134217728.00 MB total
[2022.06.02-18.33.30:609][  0]LogWindows: WindowsPlatformFeatures enabled
[2022.06.02-18.33.30:753][  0]LogInit: Physics initialised using underlying interface: PhysX
[2022.06.02-18.33.30:754][  0]LogInit: Using OS detected language (en-GB).
[2022.06.02-18.33.30:754][  0]LogInit: Using OS detected locale (en-GB).
[2022.06.02-18.33.30:761][  0]LogTextLocalizationManager: No specific localization for 'en-GB' exists, so the 'en' localization will be used.
[2022.06.02-18.33.30:976][  0]LogInit: Setting process to per monitor DPI aware
[2022.06.02-18.33.31:019][  0]LogWindowsTextInputMethodSystem: Display: IME system deactivated.
[2022.06.02-18.33.31:047][  0]LogSlate: New Slate User Created.  User Index 0, Is Virtual User: 0
[2022.06.02-18.33.31:047][  0]LogSlate: Slate User Registered.  User Index 0, Is Virtual User: 0
[2022.06.02-18.33.31:210][  0]LogD3D11RHI: Loaded GFSDK_Aftermath_Lib.x64.dll
[2022.06.02-18.33.31:216][  0]LogHMD: Failed to initialize OpenVR with code 110
[2022.06.02-18.33.31:216][  0]LogD3D11RHI: D3D11 min allowed feature level: 11_0
[2022.06.02-18.33.31:217][  0]LogD3D11RHI: D3D11 max allowed feature level: 11_0
[2022.06.02-18.33.31:217][  0]LogD3D11RHI: D3D11 adapters:
[2022.06.02-18.33.31:333][  0]LogD3D11RHI:    0. 'NVIDIA GeForce RTX 3080 Ti' (Feature Level 11_0)
[2022.06.02-18.33.31:333][  0]LogD3D11RHI:       12108/0/16338 MB DedicatedVideo/DedicatedSystem/SharedSystem, Outputs:2, VendorId:0x10de
[2022.06.02-18.33.31:339][  0]LogD3D11RHI:    1. 'Microsoft Basic Render Driver' (Feature Level 11_0)
[2022.06.02-18.33.31:339][  0]LogD3D11RHI:       0/0/16338 MB DedicatedVideo/DedicatedSystem/SharedSystem, Outputs:0, VendorId:0x1414
[2022.06.02-18.33.31:339][  0]LogD3D11RHI: Chosen D3D11 Adapter:
[2022.06.02-18.33.31:340][  0]LogD3D11RHI:     Description : NVIDIA GeForce RTX 3080 Ti
[2022.06.02-18.33.31:340][  0]LogD3D11RHI:     VendorId    : 10de
[2022.06.02-18.33.31:340][  0]LogD3D11RHI:     DeviceId    : 2208
[2022.06.02-18.33.31:340][  0]LogD3D11RHI:     SubSysId    : 40881458
[2022.06.02-18.33.31:340][  0]LogD3D11RHI:     Revision    : 00a1
[2022.06.02-18.33.31:340][  0]LogD3D11RHI:     DedicatedVideoMemory : 12696158208 bytes
[2022.06.02-18.33.31:340][  0]LogD3D11RHI:     DedicatedSystemMemory : 0 bytes
[2022.06.02-18.33.31:340][  0]LogD3D11RHI:     SharedSystemMemory : 17132623872 bytes
[2022.06.02-18.33.31:340][  0]LogD3D11RHI:     AdapterLuid : 0 82272
[2022.06.02-18.33.31:347][  0]LogD3D11RHI: Creating new Direct3DDevice
[2022.06.02-18.33.31:347][  0]LogD3D11RHI:     GPU DeviceId: 0x2208 (for the marketing name, search the web for "GPU Device Id")
[2022.06.02-18.33.31:348][  0]LogWindows: EnumDisplayDevices:
[2022.06.02-18.33.31:348][  0]LogWindows:    0. 'NVIDIA GeForce RTX 3080 Ti' (P:0 D:1)
[2022.06.02-18.33.31:348][  0]LogWindows:    1. 'NVIDIA GeForce RTX 3080 Ti' (P:1 D:1)
[2022.06.02-18.33.31:348][  0]LogWindows:    2. 'NVIDIA GeForce RTX 3080 Ti' (P:0 D:0)
[2022.06.02-18.33.31:349][  0]LogWindows:    3. 'NVIDIA GeForce RTX 3080 Ti' (P:0 D:0)
[2022.06.02-18.33.31:349][  0]LogWindows: DebugString: FoundDriverCount:4 
[2022.06.02-18.33.31:349][  0]LogD3D11RHI:     Adapter Name: NVIDIA GeForce RTX 3080 Ti
[2022.06.02-18.33.31:349][  0]LogD3D11RHI:   Driver Version: 512.59 (internal:30.0.15.1259, unified:512.59)
[2022.06.02-18.33.31:349][  0]LogD3D11RHI:      Driver Date: 4-20-2022
[2022.06.02-18.33.31:349][  0]LogRHI: Texture pool is 8475 MB (70% of 12108 MB)
[2022.06.02-18.33.31:349][  0]LogD3D11RHI: Creating D3DDevice using adapter:
[2022.06.02-18.33.31:349][  0]LogD3D11RHI:     Description : NVIDIA GeForce RTX 3080 Ti
[2022.06.02-18.33.31:349][  0]LogD3D11RHI:     VendorId    : 10de
[2022.06.02-18.33.31:349][  0]LogD3D11RHI:     DeviceId    : 2208
[2022.06.02-18.33.31:350][  0]LogD3D11RHI:     SubSysId    : 40881458
[2022.06.02-18.33.31:350][  0]LogD3D11RHI:     Revision    : 00a1
[2022.06.02-18.33.31:350][  0]LogD3D11RHI:     DedicatedVideoMemory : 12696158208 bytes
[2022.06.02-18.33.31:350][  0]LogD3D11RHI:     DedicatedSystemMemory : 0 bytes
[2022.06.02-18.33.31:350][  0]LogD3D11RHI:     SharedSystemMemory : 17132623872 bytes
[2022.06.02-18.33.31:350][  0]LogD3D11RHI:     AdapterLuid : 0 82272
[2022.06.02-18.33.31:426][  0]LogD3D11RHI: RHI has support for 64 bit atomics
[2022.06.02-18.33.31:427][  0]LogD3D11RHI: Async texture creation enabled
[2022.06.02-18.33.31:427][  0]LogD3D11RHI: Array index from any shader is supported
[2022.06.02-18.33.31:428][  0]LogD3D11RHI: HDR output is supported on display 0 (NvId: 0x80061081).
[2022.06.02-18.33.31:444][  0]LogD3D11RHI: GPU Timing Frequency: 1000.000000 (Debug: 2 1)
[2022.06.02-18.33.31:472][  0]LogRHI: GeForceNow SDK initialized: 1
[2022.06.02-18.33.31:756][  0]LogTargetPlatformManager: Display: Loaded TargetPlatform 'AllDesktop'
[2022.06.02-18.33.31:782][  0]LogTargetPlatformManager: Display: Loaded TargetPlatform 'Android'
[2022.06.02-18.33.31:782][  0]LogTargetPlatformManager: Display: Loaded TargetPlatform 'Android_ASTC'
[2022.06.02-18.33.31:782][  0]LogTargetPlatformManager: Display: Loaded TargetPlatform 'Android_DXT'
[2022.06.02-18.33.31:782][  0]LogTargetPlatformManager: Display: Loaded TargetPlatform 'Android_ETC2'
[2022.06.02-18.33.31:782][  0]LogTargetPlatformManager: Display: Loaded TargetPlatform 'AndroidClient'
[2022.06.02-18.33.31:783][  0]LogTargetPlatformManager: Display: Loaded TargetPlatform 'Android_ASTCClient'
[2022.06.02-18.33.31:783][  0]LogTargetPlatformManager: Display: Loaded TargetPlatform 'Android_DXTClient'
[2022.06.02-18.33.31:783][  0]LogTargetPlatformManager: Display: Loaded TargetPlatform 'Android_ETC2Client'
[2022.06.02-18.33.31:783][  0]LogTargetPlatformManager: Display: Loaded TargetPlatform 'Android_Multi'
[2022.06.02-18.33.31:783][  0]LogTargetPlatformManager: Display: Loaded TargetPlatform 'Android_MultiClient'
[2022.06.02-18.33.31:816][  0]LogTargetPlatformManager: Display: Loaded TargetPlatform 'IOSClient'
[2022.06.02-18.33.31:816][  0]LogTargetPlatformManager: Display: Loaded TargetPlatform 'IOS'
[2022.06.02-18.33.31:830][  0]LogTargetPlatformManager: Display: Loaded TargetPlatform 'Linux'
[2022.06.02-18.33.31:839][  0]LogTargetPlatformManager: Display: Loaded TargetPlatform 'LinuxNoEditor'
[2022.06.02-18.33.31:848][  0]LogTargetPlatformManager: Display: Loaded TargetPlatform 'LinuxClient'
[2022.06.02-18.33.31:857][  0]LogTargetPlatformManager: Display: Loaded TargetPlatform 'LinuxServer'
[2022.06.02-18.33.31:870][  0]LogTargetPlatformManager: Display: Loaded TargetPlatform 'LinuxAArch64NoEditor'
[2022.06.02-18.33.31:879][  0]LogTargetPlatformManager: Display: Loaded TargetPlatform 'LinuxAArch64Client'
[2022.06.02-18.33.31:888][  0]LogTargetPlatformManager: Display: Loaded TargetPlatform 'LinuxAArch64Server'
[2022.06.02-18.33.31:913][  0]LogTargetPlatformManager: Display: Loaded TargetPlatform 'Lumin'
[2022.06.02-18.33.31:913][  0]LogTargetPlatformManager: Display: Loaded TargetPlatform 'LuminClient'
[2022.06.02-18.33.31:926][  0]LogTargetPlatformManager: Display: Loaded TargetPlatform 'MacNoEditor'
[2022.06.02-18.33.31:934][  0]LogTargetPlatformManager: Display: Loaded TargetPlatform 'Mac'
[2022.06.02-18.33.31:943][  0]LogTargetPlatformManager: Display: Loaded TargetPlatform 'MacClient'
[2022.06.02-18.33.31:952][  0]LogTargetPlatformManager: Display: Loaded TargetPlatform 'MacServer'
[2022.06.02-18.33.31:966][  0]LogTargetPlatformManager: Display: Loaded TargetPlatform 'TVOSClient'
[2022.06.02-18.33.31:967][  0]LogTargetPlatformManager: Display: Loaded TargetPlatform 'TVOS'
[2022.06.02-18.33.31:980][  0]LogTargetPlatformManager: Display: Loaded TargetPlatform 'WindowsNoEditor'
[2022.06.02-18.33.31:989][  0]LogTargetPlatformManager: Display: Loaded TargetPlatform 'Windows'
[2022.06.02-18.33.31:997][  0]LogTargetPlatformManager: Display: Loaded TargetPlatform 'WindowsClient'
[2022.06.02-18.33.32:006][  0]LogTargetPlatformManager: Display: Loaded TargetPlatform 'WindowsServer'
[2022.06.02-18.33.32:006][  0]LogTargetPlatformManager: Display: Building Assets For Windows
[2022.06.02-18.33.32:036][  0]LogAudioDebug: Display: Lib vorbis DLL was dynamically loaded.
[2022.06.02-18.33.32:128][  0]LogTextureFormatOodle: Display: Oodle Texture 2.9.0 init RDO Off
[2022.06.02-18.33.32:210][  0]LogRendererCore: Ray tracing is disabled. Reason: r.RayTracing=0.
[2022.06.02-18.33.32:211][  0]LogShaderCompilers: Guid format shader working directory is 19 characters bigger than the processId version (K:/Mastered/Trialed/Trials/Intermediate/Shaders/WorkingDirectory/19944/).
[2022.06.02-18.33.32:211][  0]LogShaderCompilers: Cleaned the shader compiler working directory 'C:/Users/zilla/AppData/Local/Temp/UnrealShaderWorkingDir/E5A7659D4ED61F00DCE7CD92DDBCA2D1/'.
[2022.06.02-18.33.32:211][  0]LogXGEController: Cannot use XGE Controller as Incredibuild is not installed on this machine.
[2022.06.02-18.33.32:212][  0]LogShaderCompilers: Cannot use XGE Shader Compiler as Incredibuild is not installed on this machine.
[2022.06.02-18.33.32:212][  0]LogShaderCompilers: Display: Using Local Shader Compiler.
[2022.06.02-18.33.32:848][  0]LogDerivedDataCache: Display: Max Cache Size: 512 MB
[2022.06.02-18.33.32:901][  0]LogDerivedDataCache: Loaded boot cache 0.05s 94MB C:/Users/zilla/AppData/Local/UnrealEngine/4.27/DerivedDataCache/Boot.ddc.
[2022.06.02-18.33.32:901][  0]LogDerivedDataCache: Display: Loaded Boot cache: C:/Users/zilla/AppData/Local/UnrealEngine/4.27/DerivedDataCache/Boot.ddc
[2022.06.02-18.33.32:901][  0]LogDerivedDataCache: FDerivedDataBackendGraph:  Pak pak cache file K:/Mastered/Trialed/Trials/DerivedDataCache/DDC.ddp not found, will not use a pak cache.
[2022.06.02-18.33.32:901][  0]LogDerivedDataCache: Unable to find inner node Pak for hierarchical cache Hierarchy.
[2022.06.02-18.33.32:902][  0]LogDerivedDataCache: FDerivedDataBackendGraph:  CompressedPak pak cache file K:/Mastered/Trialed/Trials/DerivedDataCache/Compressed.ddp not found, will not use a pak cache.
[2022.06.02-18.33.32:902][  0]LogDerivedDataCache: Unable to find inner node CompressedPak for hierarchical cache Hierarchy.
[2022.06.02-18.33.32:919][  0]LogDerivedDataCache: Display: Pak cache opened for reading ../../../Engine/DerivedDataCache/Compressed.ddp.
[2022.06.02-18.33.32:919][  0]LogDerivedDataCache: FDerivedDataBackendGraph:  EnterprisePak pak cache file ../../../Enterprise/DerivedDataCache/Compressed.ddp not found, will not use a pak cache.
[2022.06.02-18.33.32:919][  0]LogDerivedDataCache: Unable to find inner node EnterprisePak for hierarchical cache Hierarchy.
[2022.06.02-18.33.32:942][  0]LogDerivedDataCache: Speed tests for C:/Users/zilla/AppData/Local/UnrealEngine/Common/DerivedDataCache took 0.02 seconds
[2022.06.02-18.33.32:943][  0]LogDerivedDataCache: Display: Performance to C:/Users/zilla/AppData/Local/UnrealEngine/Common/DerivedDataCache: Latency=0.04ms. RandomReadSpeed=767.58MBs, RandomWriteSpeed=43.86MBs. Assigned SpeedClass 'Local'
[2022.06.02-18.33.32:944][  0]LogDerivedDataCache: Using Local data cache path C:/Users/zilla/AppData/Local/UnrealEngine/Common/DerivedDataCache: Writable
[2022.06.02-18.33.32:944][  0]LogDerivedDataCache: Shared data cache path not found in *engine.ini, will not use an Shared cache.
[2022.06.02-18.33.32:944][  0]LogDerivedDataCache: Unable to find inner node Shared for hierarchical cache Hierarchy.
[2022.06.02-18.33.32:987][  0]LogSlate: Using FreeType 2.10.0
[2022.06.02-18.33.32:988][  0]LogSlate: SlateFontServices - WITH_FREETYPE: 1, WITH_HARFBUZZ: 1
[2022.06.02-18.33.33:013][  0]LogAssetRegistry: FAssetRegistry took 0.0028 seconds to start up
[2022.06.02-18.33.33:236][  0]LogInit: Selected Device Profile: [Windows]
[2022.06.02-18.33.33:236][  0]LogInit: Active device profile: [00000201C6A23200][00000201C73AB780 49] Windows
[2022.06.02-18.33.33:237][  0]LogInit: Profiles: [00000201C6A23200][00000201C73AB780 49] Windows, [00000201C69E1100][00000201B9A99900 49] WindowsNoEditor, [00000201C6A21000][00000201C486FA80 49] WindowsServer, [00000201C69E3000][00000201B9AADC00 49] WindowsClient, [00000201C6A22F00][00000201C4872200 49] IOS, [00000201C69E1500][00000201B9A94340 49] iPadAir, [00000201C6A21400][00000201C4876480 49] iPadAir2, [00000201C6954200][00000201C5E1C6C0 49] IPadPro, [00000201C6954300][00000201C487A700 49] iPadAir3, [00000201C6A22B00][00000201C5E2C880 49] iPadAir4, [00000201C6956A00][00000201C5E52A00 49] iPadMini2, [00000201C6A21600][00000201C5E56B80 49] iPadMini3, [00000201C6955700][00000201C5E5AD00 49] iPadMini4, [00000201C6A22700][00000201C5E5EE80 49] iPadMini5, [00000201C6927A00][00000201C5E67140 49] iPhone6, [00000201C6927B00][00000201C5E63180 49] iPodTouch6, [00000201C6957A00][00000201C7115440 49] iPhone7, [00000201C6956900][00000201C70FB480 49] iPodTouch7, [00000201C6925300][00000201C7119600 49] iPhone5S, [00000201C6955600][00000201C711D780 49] iPhone6Plus, [00000201C6926B00][00000201C7121900 49] iPhone6S, [00000201C6956600][00000201C7125A80 49] iPhone6SPlus, [00000201C6925800][00000201C7129C00 49] iPhone7Plus, [00000201C6955A00][00000201C712C200 49] iPhoneSE, [00000201C6927D00][00000201C7130380 49] iPhone8, [00000201C6955100][00000201C7134500 49] iPhone8Plus, [00000201C6925200][00000201C5E24640 49] iPhoneX, [00000201C6955B00][00000201C7138780 49] iPhoneXS, [00000201C6926800][00000201C713C8C0 49] iPhoneXSMax, [00000201C6957100][00000201C7158A40 49] iPhoneXR, [00000201C6927900][00000201C715CBC0 49] iPhone11, [00000201C6957700][00000201C7160D40 49] iPhone11Pro, [00000201C6926C00][00000201C7164EC0 49] iPhone11ProMax, [00000201C6955200][00000201C5D97040 49] iPhoneSE2, [00000201C6925F00][00000201B9A711C0 49] iPhone12Mini, [00000201C6955C00][00000201B9A75340 49] iPhone12, [00000201C6926100][00000201B9A794C0 49] iPhone12Pro, [00000201C6955300][00000201B9A81640 49] iPhone12ProMax, [00000201C6926200][00000201B9A857C0 49] iPadPro105, [00000201C6956E00][00000201B9A8D940 49] iPadPro129, [00000201C6926000][00000201B9A91AC0 49] iPadPro97, [00000201C6956F00][00000201B964A0C0 49] iPadPro2_129, [00000201C6927C00][00000201B964E240 49] iPad5, [00000201C6955000][00000201B96523C0 49] iPad6, [00000201C6924300][00000201B9664540 49] iPad7, [00000201C6957B00][00000201C5DBE6C0 49] iPad8, [00000201C6927800][00000201C7154800 49] iPadPro11, [00000201C6957E00][00000201B9A7C940 49] iPadPro2_11, [00000201C6924500][00000201B9A88A80 49] iPadPro3_129, [00000201C6956B00][00000201C5DC2BC0 49] iPadPro4_129, [00000201C6926700][00000201BA432D40 49] AppleTV, [00000201C6956C00][00000201BA436EC0 49] AppleTV4K, [00000201C6927100][00000201BA43B040 49] TVOS, [00000201C6957500][00000201C5E291C0 49] Mac, [00000201C6924D00][00000201C5E19340 49] MacClient, [00000201C6956100][00000201BA5194C0 49] MacNoEditor, [00000201C6926400][00000201BA51D640 49] MacServer, [00000201C6956800][00000201C5DDD7C0 49] Linux, [00000201C6924200][00000201C5DE1940 49] LinuxAArch64, [00000201C6957400][00000201C5DE5AC0 49] LinuxNoEditor, [00000201C6925600][00000201C5DE80C0 49] LinuxAArch64NoEditor, [00000201C69E3A00][00000201C5DEC240 49] LinuxClient, [00000201C6A79700][00000201C5DF03C0 49] LinuxAArch64Client, [00000201C69E1200][00000201C5DF4540 49] LinuxServer, [00000201C6A78100][00000201C5DF86C0 49] LinuxAArch64Server, [00000201C69E1600][00000201C5DFC840 49] Android, [00000201C6A79600][00000201C5DC6980 49] Android_Low, [00000201C69E1400][00000201C5E00AC0 49] Android_Mid, [00000201C6A78E00][00000201C5E04C00 49] Android_High, [00000201C69E2B00][00000201C5E08D40 49] Android_Default, [00000201C6A78200][00000201C5E10EC0 49] Android_Adreno4xx, [00000201C69E3E00][00000201C5E15040 49] Android_Adreno5xx_Low, [00000201C6A78300][00000201BA43F1C0 49] Android_Adreno5xx, [00000201C69E2D00][00000201BA443340 49] Android_Adreno6xx, [00000201C6A78D00][00000201BA4474C0 49] Android_Adreno6xx_Vulkan, [00000201C69E0800][00000201BA44B640 49] Android_Mali_T6xx, [00000201C6A79100][00000201BA44F7C0 49] Android_Mali_T7xx, [00000201C69E0A00][00000201BA453940 49] Android_Mali_T8xx, [00000201C6A79D00][00000201BA457AC0 49] Android_Mali_G71, [00000201C69E1E00][00000201BA45A0C0 49] Android_Mali_G72, [00000201C6A79000][00000201BA45E240 49] Android_Mali_G72_Vulkan, [00000201C6927400][00000201BA4623C0 49] Android_Mali_G76, [00000201C6955800][00000201BA466540 49] Android_Mali_G76_Vulkan, [00000201C6926900][00000201BA46A6C0 49] Android_Mali_G77, [00000201C6957900][00000201BA46E840 49] Android_Mali_G77_Vulkan, [00000201C6927E00][00000201BA4729C0 49] Android_Mali_G78, [00000201C6955D00][00000201BA476B40 49] Android_Mali_G78_Vulkan, [00000201C6927700][00000201C5E0CC80 49] Android_Mali_G710, [00000201C6954D00][00000201C7038DC0 49] Android_Mali_G710_Vulkan, [00000201C6925A00][00000201C703CF00 49] Android_Vulkan_SM5, [00000201C6955400][00000201C7045080 49] Android_PowerVR_G6xxx, [00000201C6927300][00000201C7049200 49] Android_PowerVR_GT7xxx, [00000201C6957000][00000201C704D380 49] Android_PowerVR_GE8xxx, [00000201C6927600][00000201C7051500 49] Android_PowerVR_GM9xxx, [00000201C6956300][00000201C7055680 49] Android_PowerVR_GM9xxx_Vulkan, [00000201C6926600][00000201C7059800 49] Android_TegraK1, [00000201C6954900][00000201C705D980 49] Android_Unknown_Vulkan, [00000201C6924F00][00000201C7061B00 49] Lumin, [00000201C6A78600][00000201C7064100 49] Lumin_Desktop, [00000201C6925500][00000201C7068280 49] HoloLens, 
[2022.06.02-18.33.33:402][  0]LogMeshReduction: Using QuadricMeshReduction for automatic static mesh reduction
[2022.06.02-18.33.33:402][  0]LogMeshReduction: Using SimplygonMeshReduction for automatic skeletal mesh reduction
[2022.06.02-18.33.33:402][  0]LogMeshReduction: Using ProxyLODMeshReduction for automatic mesh merging
[2022.06.02-18.33.33:402][  0]LogMeshReduction: No distributed automatic mesh merging module available
[2022.06.02-18.33.33:402][  0]LogMeshMerging: No distributed automatic mesh merging module available
[2022.06.02-18.33.33:423][  0]LogNetVersion: Trials 1.0.0, NetCL: 17155196, EngineNetVer: 17, GameNetVer: 0 (Checksum: 216293165)
[2022.06.02-18.33.33:757][  0]LogTexture: Default maximum texture size for cubemaps generated from long-lat sources has been changed from 512 to unlimited. In order to preserve old behaiour for '/Engine/MapTemplates/Sky/DaylightAmbientCubemap.DaylightAmbientCubemap', its maximum texture size has been explicitly set to 512.
[2022.06.02-18.33.33:804][  0]LogHMD: PokeAHoleMaterial loaded successfully
[2022.06.02-18.33.33:810][  0]LogUObjectArray: 17178 objects as part of root set at end of initial load.
[2022.06.02-18.33.33:810][  0]LogUObjectAllocator: 4302048 out of 0 bytes used by permanent object pool.
[2022.06.02-18.33.33:810][  0]LogUObjectArray: CloseDisregardForGC: 0/0 objects in disregard for GC pool
[2022.06.02-18.33.34:316][  0]LogNiagaraDebuggerClient: Niagara Debugger Client Initialized | Session: 8372F58041EE801669AD1C9EB48477C6 | Instance: 1E790FCE4363F70186478D824F917E4E (DESKTOP-70BM0B7-19944).
[2022.06.02-18.33.34:596][  0]LogPython: Using Python 3.7.7
[2022.06.02-18.33.35:072][  0]LogUdpMessaging: Initializing bridge on interface 0.0.0.0:0 to multicast group 230.0.0.1:6666.
[2022.06.02-18.33.35:086][  0]LogTcpMessaging: Initializing TcpMessaging bridge
[2022.06.02-18.33.35:268][  0]LogLinker: Warning: [AssetLog] K:\Mastered\Trialed\Trials\Content\Animations\TUTORIAL_RESOURCES\Animations\MeleeFistAttack.uasset: Failed to load '/Script/Trialed': Can't find file.
[2022.06.02-18.33.35:268][  0]LogLinker: Warning: [AssetLog] K:\Mastered\Trialed\Trials\Content\Animations\TUTORIAL_RESOURCES\Animations\MeleeFistAttack.uasset: Failed to load '/Script/Trialed': Can't find file.
[2022.06.02-18.33.35:268][  0]LogLinker: Warning: [AssetLog] K:\Mastered\Trialed\Trials\Content\Animations\TUTORIAL_RESOURCES\Animations\MeleeFistAttack.uasset: Failed to load '/Script/Trialed': Can't find file.
[2022.06.02-18.33.35:269][  0]LogLinker: Warning: Failed to load '/Script/Trialed': Can't find file.
[2022.06.02-18.33.35:269][  0]LogLinker: Warning: Failed to load '/Script/Trialed': Can't find file.
[2022.06.02-18.33.35:269][  0]LogLinker: Warning: Failed to load '/Script/Trialed': Can't find file.
[2022.06.02-18.33.35:269][  0]LogLinker: Warning: Failed to load '/Script/Trialed': Can't find file.
[2022.06.02-18.33.35:269][  0]LogLinker: Warning: Failed to load '/Script/Trialed': Can't find file.
[2022.06.02-18.33.35:269][  0]LogLinker: Warning: Failed to load '/Script/Trialed': Can't find file.
[2022.06.02-18.33.35:505][  0]SourceControl: Source control is disabled
[2022.06.02-18.33.35:506][  0]SourceControl: Source control is disabled
[2022.06.02-18.33.35:515][  0]SourceControl: Source control is disabled
[2022.06.02-18.33.35:523][  0]SourceControl: Source control is disabled
[2022.06.02-18.33.39:333][  0]LogUProjectInfo: Found projects:
[2022.06.02-18.33.39:357][  0]SourceControl: Source control is disabled
[2022.06.02-18.33.39:884][  0]LogOpenImageDenoise: OIDN starting up
[2022.06.02-18.33.39:917][  0]LogAndroidPermission: UAndroidPermissionCallbackProxy::GetInstance
[2022.06.02-18.33.39:972][  0]LogAudioCaptureCore: Display: No Audio Capture implementations found. Audio input will be silent.
[2022.06.02-18.33.39:972][  0]LogAudioCaptureCore: Display: No Audio Capture implementations found. Audio input will be silent.
[2022.06.02-18.33.40:181][  0]LogCollectionManager: Loaded 0 collections in 0.001637 seconds
[2022.06.02-18.33.40:243][  0]LogFileCache: Scanning file cache for directory 'K:/Mastered/Trialed/Trials/Saved/Collections/' took 0.00s
[2022.06.02-18.33.40:243][  0]LogFileCache: Scanning file cache for directory 'K:/Mastered/Trialed/Trials/Content/Developers/zilla/Collections/' took 0.00s
[2022.06.02-18.33.40:243][  0]LogFileCache: Scanning file cache for directory 'K:/Mastered/Trialed/Trials/Content/Collections/' took 0.00s
[2022.06.02-18.33.40:243][  0]LogOcInput: OculusInput pre-init called
[2022.06.02-18.33.40:536][  0]LogStreaming: Warning: Failed to read file '../../../Engine/Plugins/MegascansPlugin/Resources/Logo80x80.png' error.
[2022.06.02-18.33.40:536][  0]LogSlate: Could not find file for Slate resource: ../../../Engine/Plugins/MegascansPlugin/Resources/Logo80x80.png
[2022.06.02-18.33.40:732][  0]LogStreaming: Warning: Failed to read file '../../../Engine/Plugins/MegascansPlugin/Resources/Logo80x80.png' error.
[2022.06.02-18.33.40:732][  0]LogSlate: Could not find file for Slate resource: ../../../Engine/Plugins/MegascansPlugin/Resources/Logo80x80.png
[2022.06.02-18.33.40:732][  0]LogStreaming: Warning: Failed to read file '../../../Engine/Plugins/MegascansPlugin/Resources/Logo32x32.png' error.
[2022.06.02-18.33.40:733][  0]LogSlate: Could not find file for Slate resource: ../../../Engine/Plugins/MegascansPlugin/Resources/Logo32x32.png
[2022.06.02-18.33.40:733][  0]LogClass: Display: Int8Property FMTSJson::version is not initialized properly. Module:MegascansPlugin File:Private/Utilities/MTSReader.h
[2022.06.02-18.33.40:733][  0]LogClass: Display: Int16Property FMTSJson::resolutionValue is not initialized properly. Module:MegascansPlugin File:Private/Utilities/MTSReader.h
[2022.06.02-18.33.40:733][  0]LogClass: Display: BoolProperty FMTSJson::isExternal is not initialized properly. Module:MegascansPlugin File:Private/Utilities/MTSReader.h
[2022.06.02-18.33.40:733][  0]LogClass: Display: Int8Property FMTSJson::meshVersion is not initialized properly. Module:MegascansPlugin File:Private/Utilities/MTSReader.h
[2022.06.02-18.33.40:733][  0]LogClass: Display: BoolProperty FMTSJson::isCustom is not initialized properly. Module:MegascansPlugin File:Private/Utilities/MTSReader.h
[2022.06.02-18.33.40:733][  0]LogClass: Display: BoolProperty FMTSJson::isModularAsset is not initialized properly. Module:MegascansPlugin File:Private/Utilities/MTSReader.h
[2022.06.02-18.33.40:733][  0]LogClass: Display: Int8Property FLodList::variation is not initialized properly. Module:MegascansPlugin File:Private/Utilities/MTSReader.h
[2022.06.02-18.33.40:734][  0]LogClass: Display: Int16Property FMeshList::resolution is not initialized properly. Module:MegascansPlugin File:Private/Utilities/MTSReader.h
[2022.06.02-18.33.40:734][  0]LogClass: Display: Int16Property FComponents::resolution is not initialized properly. Module:MegascansPlugin File:Private/Utilities/MTSReader.h
[2022.06.02-18.33.40:734][  0]LogClass: Display: BoolProperty FTextureSets::isUdim is not initialized properly. Module:MegascansPlugin File:Private/Utilities/MTSReader.h
[2022.06.02-18.33.40:734][  0]LogClass: Display: BoolProperty FMeta::value is not initialized properly. Module:MegascansPlugin File:Private/Utilities/MTSReader.h
[2022.06.02-18.33.40:734][  0]LogClass: Display: 11 Uninitialized script struct members found including 0 object properties
[2022.06.02-18.33.40:735][  0]LogAutomationTest: Warning: Failed to read file '../../../Engine/Plugins/MegascansPlugin/Resources/Logo80x80.png' error.
[2022.06.02-18.33.40:735][  0]LogAutomationTest: Warning: Failed to read file '../../../Engine/Plugins/MegascansPlugin/Resources/Logo32x32.png' error.
[2022.06.02-18.33.40:735][  0]LogEngine: Initializing Engine...
[2022.06.02-18.33.40:776][  0]LogHMD: Optional extension XR_VARJO_quad_views is not available
[2022.06.02-18.33.40:776][  0]LogHMD: Warning: Required extension XR_EXT_eye_gaze_interaction is not available
[2022.06.02-18.33.40:776][  0]LogHMD: Could not enable all required OpenXR extensions for OpenXREyeTracker on current system. This plugin will be loaded but ignored, but will be enabled on a target platform that supports the required extension.
[2022.06.02-18.33.41:278][  0]LogHMD: Failed to get an OpenXR system, result is XR_ERROR_FORM_FACTOR_UNAVAILABLE. Please check that your runtime supports VR headsets.
[2022.06.02-18.33.41:278][  0]LogHMD: Failed to initialize OpenVR with code 110
[2022.06.02-18.33.41:278][  0]LogMagicLeap: Warning: VR disabled because ZI is not enabled.  To enable, in the editor, Edit -> Project Settings -> Plugins -> Magic Leap Plugin -> Enable Zero Iteration
[2022.06.02-18.33.41:279][  0]LogStats: UGameplayTagsManager::InitializeManager -  0.000 s
[2022.06.02-18.33.41:380][  0]LogInit: Initializing FReadOnlyCVARCache
[2022.06.02-18.33.41:397][  0]LogAIModule: Creating AISystem for world Untitled
[2022.06.02-18.33.41:398][  0]LogAudio: Display: Initializing Audio Device Manager...
[2022.06.02-18.33.41:405][  0]LogAudio: Display: Loading Default Audio Settings Objects...
[2022.06.02-18.33.41:406][  0]LogAudio: Display: No default SoundConcurrencyObject specified (or failed to load).
[2022.06.02-18.33.41:407][  0]LogAudio: Display: Audio Device Manager Initialized
[2022.06.02-18.33.41:407][  0]LogAudio: Display: Creating Audio Device:                 Id: 1, Scope: Shared, Realtime: True
[2022.06.02-18.33.41:407][  0]LogAudioMixer: Display: Audio Mixer Platform Settings:
[2022.06.02-18.33.41:407][  0]LogAudioMixer: Display: 	Sample Rate:						  48000
[2022.06.02-18.33.41:407][  0]LogAudioMixer: Display: 	Callback Buffer Frame Size Requested: 1024
[2022.06.02-18.33.41:407][  0]LogAudioMixer: Display: 	Callback Buffer Frame Size To Use:	  1024
[2022.06.02-18.33.41:407][  0]LogAudioMixer: Display: 	Number of buffers to queue:			  2
[2022.06.02-18.33.41:408][  0]LogAudioMixer: Display: 	Max Channels (voices):				  32
[2022.06.02-18.33.41:408][  0]LogAudioMixer: Display: 	Number of Async Source Workers:		  0
[2022.06.02-18.33.41:408][  0]LogAudio: Display: AudioDevice MaxSources: 32
[2022.06.02-18.33.41:408][  0]LogAudio: Display: Audio Spatialization Plugin: None (built-in).
[2022.06.02-18.33.41:408][  0]LogAudio: Display: Audio Reverb Plugin: None (built-in).
[2022.06.02-18.33.41:409][  0]LogAudio: Display: Audio Occlusion Plugin: None (built-in).
[2022.06.02-18.33.41:409][  0]LogAudioMixer: Display: Initializing audio mixer.
[2022.06.02-18.33.41:909][  0]LogAudioMixer: Display: 0: FrontLeft
[2022.06.02-18.33.41:909][  0]LogAudioMixer: Display: 1: FrontRight
[2022.06.02-18.33.42:101][  0]LogAudioMixer: Display: Using Audio Device HDMI1 (NVIDIA High Definition Audio)
[2022.06.02-18.33.42:105][  0]LogAudioMixer: Display: Initializing Sound Submixes...
[2022.06.02-18.33.42:107][  0]LogAudioMixer: Display: Creating Master Submix 'MasterSubmixDefault'
[2022.06.02-18.33.42:107][  0]LogAudioMixer: Display: Creating Master Submix 'MasterReverbSubmixDefault'
[2022.06.02-18.33.42:108][  0]LogAudioMixer: Display: Creating Master Submix 'MasterEQSubmixDefault'
[2022.06.02-18.33.42:109][  0]LogAudioMixer: FMixerPlatformXAudio2::StartAudioStream() called
[2022.06.02-18.33.42:109][  0]LogAudioMixer: Display: Output buffers initialized: Frames=1024, Channels=2, Samples=2048
[2022.06.02-18.33.42:110][  0]LogAudioMixer: Display: Starting AudioMixerPlatformInterface::RunInternal()
[2022.06.02-18.33.42:110][  0]LogAudioMixer: Display: FMixerPlatformXAudio2::SubmitBuffer() called for the first time
[2022.06.02-18.33.42:111][  0]LogInit: FAudioDevice initialized.
[2022.06.02-18.33.42:111][  0]LogAudio: Display: Audio Device (ID: 1) registered with world 'Untitled'.
[2022.06.02-18.33.42:111][  0]LogNetVersion: Set ProjectVersion to 1.0.0.0. Version Checksum will be recalculated on next use.
[2022.06.02-18.33.42:196][  0]LogDerivedDataCache: Saved boot cache 0.08s 94MB C:/Users/zilla/AppData/Local/UnrealEngine/4.27/DerivedDataCache/Boot.ddc.
[2022.06.02-18.33.42:200][  0]LogInit: Texture streaming: Enabled
[2022.06.02-18.33.42:228][  0]LogAnalytics: Display: [UEEditor.Rocket.Release] APIServer = https://datarouter.ol.epicgames.com/. AppVersion = 4.27.2-18319896+++UE4+Release-4.27
[2022.06.02-18.33.42:239][  0]LogEngineSessionManager: EngineSessionManager initialized
[2022.06.02-18.33.42:239][  0]LogEditorSessionSummary: Verbose: Initializing EditorSessionSummaryWriter for editor session tracking
[2022.06.02-18.33.42:249][  0]LogEditorSessionSummary: EditorSessionSummaryWriter initialized
[2022.06.02-18.33.42:286][  0]LogInit: Transaction tracking system initialized
[2022.06.02-18.33.42:332][  0]BlueprintLog: New page: Editor Load
[2022.06.02-18.33.42:456][  0]LocalizationService: Localization service is disabled
[2022.06.02-18.33.42:508][  0]TimingProfiler: Initialize
[2022.06.02-18.33.42:508][  0]TimingProfiler: OnSessionChanged
[2022.06.02-18.33.42:509][  0]LoadingProfiler: Initialize
[2022.06.02-18.33.42:509][  0]LoadingProfiler: OnSessionChanged
[2022.06.02-18.33.42:509][  0]NetworkingProfiler: Initialize
[2022.06.02-18.33.42:509][  0]NetworkingProfiler: OnSessionChanged
[2022.06.02-18.33.42:509][  0]MemoryProfiler: Initialize
[2022.06.02-18.33.42:509][  0]MemoryProfiler: OnSessionChanged
[2022.06.02-18.33.42:989][  0]LogCook: Display: CookSettings for Memory: MemoryMaxUsedVirtual 0MiB, MemoryMaxUsedPhysical 16384MiB, MemoryMinFreeVirtual 0MiB, MemoryMinFreePhysical 1024MiB
[2022.06.02-18.33.42:990][  0]LogCook: Display: Mobile HDR setting 1
[2022.06.02-18.33.43:273][  0]LogFileCache: Scanning file cache for directory 'K:/Mastered/Trialed/Trials/Content/' took 0.01s
[2022.06.02-18.33.43:518][  0]LogStreaming: Warning: Failed to read file '../../../Engine/Plugins/MegascansPlugin/Resources/Logo80x80.png' error.
[2022.06.02-18.33.43:518][  0]LogSlate: Could not find file for Slate resource: ../../../Engine/Plugins/MegascansPlugin/Resources/Logo80x80.png
[2022.06.02-18.33.43:518][  0]LogStreaming: Warning: Failed to read file '../../../Engine/Plugins/MegascansPlugin/Resources/Logo32x32.png' error.
[2022.06.02-18.33.43:518][  0]LogSlate: Could not find file for Slate resource: ../../../Engine/Plugins/MegascansPlugin/Resources/Logo32x32.png
[2022.06.02-18.33.43:519][  0]LogInit: Display: Engine is initialized. Leaving FEngineLoop::Init()
[2022.06.02-18.33.43:526][  0]SourceControl: Source control is disabled
[2022.06.02-18.33.43:527][  0]LogUnrealEdMisc: Loading editor; pre map load, took 15.391
[2022.06.02-18.33.43:527][  0]Cmd: MAP LOAD FILE="K:/Mastered/Trialed/Trials/Content/Maps/FirstLevel.umap" TEMPLATE=0 SHOWPROGRESS=1 FEATURELEVEL=3
[2022.06.02-18.33.43:527][  0]LightingResults: New page: Lighting Build
[2022.06.02-18.33.43:529][  0]LogWorld: UWorld::CleanupWorld for Untitled, bSessionEnded=true, bCleanupResources=true
[2022.06.02-18.33.43:529][  0]LogSlate: InvalidateAllWidgets triggered.  All widgets were invalidated
[2022.06.02-18.33.43:529][  0]MapCheck: New page: Map Check
[2022.06.02-18.33.43:529][  0]LightingResults: New page: Lighting Build
[2022.06.02-18.33.43:534][  0]LogAudio: Display: Audio Device unregistered from world 'None'.
[2022.06.02-18.33.43:538][  0]LogUObjectHash: Compacting FUObjectHashTables data took   0.85ms
[2022.06.02-18.33.43:695][  0]LogAudio: Display: Audio Device (ID: 1) registered with world 'FirstLevel'.
[2022.06.02-18.33.43:696][  0]LogAIModule: Creating AISystem for world FirstLevel
[2022.06.02-18.33.43:734][  0]LogEditorServer: Finished looking for orphan Actors (0.000 secs)
[2022.06.02-18.33.43:741][  0]LogUObjectHash: Compacting FUObjectHashTables data took   0.96ms
[2022.06.02-18.33.43:741][  0]Cmd: MAP CHECKDEP NOCLEARLOG
[2022.06.02-18.33.43:741][  0]MapCheck: Map check complete: 0 Error(s), 0 Warning(s), took 0.136ms to complete.
[2022.06.02-18.33.43:742][  0]LogFileHelpers: Loading map 'FirstLevel' took 0.215
[2022.06.02-18.33.43:744][  0]LogUnrealEdMisc: Total Editor Startup Time, took 15.609
[2022.06.02-18.33.43:883][  0]LogSlate: Updating window title bar state: overlay mode, drag disabled, window buttons hidden, title bar hidden
[2022.06.02-18.33.43:889][  0]LogSlate: Updating window title bar state: overlay mode, drag disabled, window buttons hidden, title bar hidden
[2022.06.02-18.33.43:895][  0]LogSlate: Updating window title bar state: overlay mode, drag disabled, window buttons hidden, title bar hidden
[2022.06.02-18.33.43:901][  0]LogSlate: Updating window title bar state: overlay mode, drag disabled, window buttons hidden, title bar hidden
[2022.06.02-18.33.43:920][  0]LogNativeClassHierarchy: Verbose: Native class hierarchy populated in 0.0100 seconds. Added 3839 classes and 938 folders.
[2022.06.02-18.33.43:922][  0]LogNativeClassHierarchy: Verbose: Native class hierarchy updated for 'WidgetCarousel' in 0.0003 seconds. Added 0 classes and 0 folders.
[2022.06.02-18.33.43:924][  0]LogPakFile: PakFile PrimaryIndexSize=187
[2022.06.02-18.33.43:924][  0]LogPakFile: PakFile PathHashIndexSize=101
[2022.06.02-18.33.43:924][  0]LogPakFile: PakFile FullDirectoryIndexSize=148
[2022.06.02-18.33.43:924][  0]LogShaderLibrary: Display: ShaderCodeLibraryPakFileMountedCallback: PakFile 'C:/Program Files/Epic Games/UE_4.27/FeaturePacks/FP_FirstPerson.upack' (chunk index -1, root 'root:/') mounted
[2022.06.02-18.33.43:925][  0]LogShaderLibrary: Display: ShaderCodeLibraryPakFileMountedCallback: pending pak file info (ChunkID:-1 Root:root:/ File:C:/Program Files/Epic Games/UE_4.27/FeaturePacks/FP_FirstPerson.upack)
[2022.06.02-18.33.43:925][  0]LogPakFile: OnPakFileMounted2Time == 0.000343
[2022.06.02-18.33.43:926][  0]LogPakFile: PakFile PrimaryIndexSize=189
[2022.06.02-18.33.43:926][  0]LogPakFile: PakFile PathHashIndexSize=101
[2022.06.02-18.33.43:926][  0]LogPakFile: PakFile FullDirectoryIndexSize=152
[2022.06.02-18.33.43:926][  0]LogShaderLibrary: Display: ShaderCodeLibraryPakFileMountedCallback: PakFile 'C:/Program Files/Epic Games/UE_4.27/FeaturePacks/FP_FirstPersonBP.upack' (chunk index -1, root 'root:/') mounted
[2022.06.02-18.33.43:926][  0]LogShaderLibrary: Display: ShaderCodeLibraryPakFileMountedCallback: pending pak file info (ChunkID:-1 Root:root:/ File:C:/Program Files/Epic Games/UE_4.27/FeaturePacks/FP_FirstPersonBP.upack)
[2022.06.02-18.33.43:926][  0]LogPakFile: OnPakFileMounted2Time == 0.000307
[2022.06.02-18.33.43:927][  0]LogPakFile: PakFile PrimaryIndexSize=191
[2022.06.02-18.33.43:927][  0]LogPakFile: PakFile PathHashIndexSize=101
[2022.06.02-18.33.43:927][  0]LogPakFile: PakFile FullDirectoryIndexSize=160
[2022.06.02-18.33.43:928][  0]LogShaderLibrary: Display: ShaderCodeLibraryPakFileMountedCallback: PakFile 'C:/Program Files/Epic Games/UE_4.27/FeaturePacks/MobileStarterContent.upack' (chunk index -1, root 'root:/') mounted
[2022.06.02-18.33.43:928][  0]LogShaderLibrary: Display: ShaderCodeLibraryPakFileMountedCallback: pending pak file info (ChunkID:-1 Root:root:/ File:C:/Program Files/Epic Games/UE_4.27/FeaturePacks/MobileStarterContent.upack)
[2022.06.02-18.33.43:928][  0]LogPakFile: OnPakFileMounted2Time == 0.000294
[2022.06.02-18.33.43:929][  0]LogPakFile: PakFile PrimaryIndexSize=185
[2022.06.02-18.33.43:929][  0]LogPakFile: PakFile PathHashIndexSize=101
[2022.06.02-18.33.43:929][  0]LogPakFile: PakFile FullDirectoryIndexSize=148
[2022.06.02-18.33.43:929][  0]LogShaderLibrary: Display: ShaderCodeLibraryPakFileMountedCallback: PakFile 'C:/Program Files/Epic Games/UE_4.27/FeaturePacks/StarterContent.upack' (chunk index -1, root 'root:/') mounted
[2022.06.02-18.33.43:929][  0]LogShaderLibrary: Display: ShaderCodeLibraryPakFileMountedCallback: pending pak file info (ChunkID:-1 Root:root:/ File:C:/Program Files/Epic Games/UE_4.27/FeaturePacks/StarterContent.upack)
[2022.06.02-18.33.43:929][  0]LogPakFile: OnPakFileMounted2Time == 0.000277
[2022.06.02-18.33.43:930][  0]LogPakFile: PakFile PrimaryIndexSize=190
[2022.06.02-18.33.43:930][  0]LogPakFile: PakFile PathHashIndexSize=101
[2022.06.02-18.33.43:930][  0]LogPakFile: PakFile FullDirectoryIndexSize=154
[2022.06.02-18.33.43:930][  0]LogShaderLibrary: Display: ShaderCodeLibraryPakFileMountedCallback: PakFile 'C:/Program Files/Epic Games/UE_4.27/FeaturePacks/TP_2DSideScroller.upack' (chunk index -1, root 'root:/') mounted
[2022.06.02-18.33.43:931][  0]LogShaderLibrary: Display: ShaderCodeLibraryPakFileMountedCallback: pending pak file info (ChunkID:-1 Root:root:/ File:C:/Program Files/Epic Games/UE_4.27/FeaturePacks/TP_2DSideScroller.upack)
[2022.06.02-18.33.43:931][  0]LogPakFile: OnPakFileMounted2Time == 0.000304
[2022.06.02-18.33.43:931][  0]LogPakFile: PakFile PrimaryIndexSize=192
[2022.06.02-18.33.43:931][  0]LogPakFile: PakFile PathHashIndexSize=101
[2022.06.02-18.33.43:932][  0]LogPakFile: PakFile FullDirectoryIndexSize=158
[2022.06.02-18.33.43:932][  0]LogShaderLibrary: Display: ShaderCodeLibraryPakFileMountedCallback: PakFile 'C:/Program Files/Epic Games/UE_4.27/FeaturePacks/TP_2DSideScrollerBP.upack' (chunk index -1, root 'root:/') mounted
[2022.06.02-18.33.43:932][  0]LogShaderLibrary: Display: ShaderCodeLibraryPakFileMountedCallback: pending pak file info (ChunkID:-1 Root:root:/ File:C:/Program Files/Epic Games/UE_4.27/FeaturePacks/TP_2DSideScrollerBP.upack)
[2022.06.02-18.33.43:932][  0]LogPakFile: OnPakFileMounted2Time == 0.000300
[2022.06.02-18.33.43:933][  0]LogPakFile: PakFile PrimaryIndexSize=182
[2022.06.02-18.33.43:933][  0]LogPakFile: PakFile PathHashIndexSize=101
[2022.06.02-18.33.43:933][  0]LogPakFile: PakFile FullDirectoryIndexSize=138
[2022.06.02-18.33.43:933][  0]LogShaderLibrary: Display: ShaderCodeLibraryPakFileMountedCallback: PakFile 'C:/Program Files/Epic Games/UE_4.27/FeaturePacks/TP_Flying.upack' (chunk index -1, root 'root:/') mounted
[2022.06.02-18.33.43:933][  0]LogShaderLibrary: Display: ShaderCodeLibraryPakFileMountedCallback: pending pak file info (ChunkID:-1 Root:root:/ File:C:/Program Files/Epic Games/UE_4.27/FeaturePacks/TP_Flying.upack)
[2022.06.02-18.33.43:933][  0]LogPakFile: OnPakFileMounted2Time == 0.000265
[2022.06.02-18.33.43:934][  0]LogPakFile: PakFile PrimaryIndexSize=184
[2022.06.02-18.33.43:934][  0]LogPakFile: PakFile PathHashIndexSize=101
[2022.06.02-18.33.43:934][  0]LogPakFile: PakFile FullDirectoryIndexSize=142
[2022.06.02-18.33.43:934][  0]LogShaderLibrary: Display: ShaderCodeLibraryPakFileMountedCallback: PakFile 'C:/Program Files/Epic Games/UE_4.27/FeaturePacks/TP_FlyingBP.upack' (chunk index -1, root 'root:/') mounted
[2022.06.02-18.33.43:935][  0]LogShaderLibrary: Display: ShaderCodeLibraryPakFileMountedCallback: pending pak file info (ChunkID:-1 Root:root:/ File:C:/Program Files/Epic Games/UE_4.27/FeaturePacks/TP_FlyingBP.upack)
[2022.06.02-18.33.43:935][  0]LogPakFile: OnPakFileMounted2Time == 0.000290
[2022.06.02-18.33.43:935][  0]LogPakFile: PakFile PrimaryIndexSize=188
[2022.06.02-18.33.43:936][  0]LogPakFile: PakFile PathHashIndexSize=101
[2022.06.02-18.33.43:936][  0]LogPakFile: PakFile FullDirectoryIndexSize=150
[2022.06.02-18.33.43:936][  0]LogShaderLibrary: Display: ShaderCodeLibraryPakFileMountedCallback: PakFile 'C:/Program Files/Epic Games/UE_4.27/FeaturePacks/TP_HandheldARBP.upack' (chunk index -1, root 'root:/') mounted
[2022.06.02-18.33.43:936][  0]LogShaderLibrary: Display: ShaderCodeLibraryPakFileMountedCallback: pending pak file info (ChunkID:-1 Root:root:/ File:C:/Program Files/Epic Games/UE_4.27/FeaturePacks/TP_HandheldARBP.upack)
[2022.06.02-18.33.43:936][  0]LogPakFile: OnPakFileMounted2Time == 0.000195
[2022.06.02-18.33.43:937][  0]LogPakFile: PakFile PrimaryIndexSize=182
[2022.06.02-18.33.43:937][  0]LogPakFile: PakFile PathHashIndexSize=101
[2022.06.02-18.33.43:937][  0]LogPakFile: PakFile FullDirectoryIndexSize=138
[2022.06.02-18.33.43:938][  0]LogShaderLibrary: Display: ShaderCodeLibraryPakFileMountedCallback: PakFile 'C:/Program Files/Epic Games/UE_4.27/FeaturePacks/TP_Puzzle.upack' (chunk index -1, root 'root:/') mounted
[2022.06.02-18.33.43:938][  0]LogShaderLibrary: Display: ShaderCodeLibraryPakFileMountedCallback: pending pak file info (ChunkID:-1 Root:root:/ File:C:/Program Files/Epic Games/UE_4.27/FeaturePacks/TP_Puzzle.upack)
[2022.06.02-18.33.43:938][  0]LogPakFile: OnPakFileMounted2Time == 0.000255
[2022.06.02-18.33.43:938][  0]LogPakFile: PakFile PrimaryIndexSize=184
[2022.06.02-18.33.43:939][  0]LogPakFile: PakFile PathHashIndexSize=101
[2022.06.02-18.33.43:939][  0]LogPakFile: PakFile FullDirectoryIndexSize=142
[2022.06.02-18.33.43:939][  0]LogShaderLibrary: Display: ShaderCodeLibraryPakFileMountedCallback: PakFile 'C:/Program Files/Epic Games/UE_4.27/FeaturePacks/TP_PuzzleBP.upack' (chunk index -1, root 'root:/') mounted
[2022.06.02-18.33.43:939][  0]LogShaderLibrary: Display: ShaderCodeLibraryPakFileMountedCallback: pending pak file info (ChunkID:-1 Root:root:/ File:C:/Program Files/Epic Games/UE_4.27/FeaturePacks/TP_PuzzleBP.upack)
[2022.06.02-18.33.43:939][  0]LogPakFile: OnPakFileMounted2Time == 0.000274
[2022.06.02-18.33.43:940][  0]LogPakFile: PakFile PrimaryIndexSize=183
[2022.06.02-18.33.43:940][  0]LogPakFile: PakFile PathHashIndexSize=101
[2022.06.02-18.33.43:940][  0]LogPakFile: PakFile FullDirectoryIndexSize=140
[2022.06.02-18.33.43:940][  0]LogShaderLibrary: Display: ShaderCodeLibraryPakFileMountedCallback: PakFile 'C:/Program Files/Epic Games/UE_4.27/FeaturePacks/TP_Rolling.upack' (chunk index -1, root 'root:/') mounted
[2022.06.02-18.33.43:940][  0]LogShaderLibrary: Display: ShaderCodeLibraryPakFileMountedCallback: pending pak file info (ChunkID:-1 Root:root:/ File:C:/Program Files/Epic Games/UE_4.27/FeaturePacks/TP_Rolling.upack)
[2022.06.02-18.33.43:941][  0]LogPakFile: OnPakFileMounted2Time == 0.000260
[2022.06.02-18.33.43:941][  0]LogPakFile: PakFile PrimaryIndexSize=185
[2022.06.02-18.33.43:941][  0]LogPakFile: PakFile PathHashIndexSize=101
[2022.06.02-18.33.43:942][  0]LogPakFile: PakFile FullDirectoryIndexSize=144
[2022.06.02-18.33.43:942][  0]LogShaderLibrary: Display: ShaderCodeLibraryPakFileMountedCallback: PakFile 'C:/Program Files/Epic Games/UE_4.27/FeaturePacks/TP_RollingBP.upack' (chunk index -1, root 'root:/') mounted
[2022.06.02-18.33.43:942][  0]LogShaderLibrary: Display: ShaderCodeLibraryPakFileMountedCallback: pending pak file info (ChunkID:-1 Root:root:/ File:C:/Program Files/Epic Games/UE_4.27/FeaturePacks/TP_RollingBP.upack)
[2022.06.02-18.33.43:942][  0]LogPakFile: OnPakFileMounted2Time == 0.000282
[2022.06.02-18.33.43:943][  0]LogPakFile: PakFile PrimaryIndexSize=188
[2022.06.02-18.33.43:943][  0]LogPakFile: PakFile PathHashIndexSize=101
[2022.06.02-18.33.43:943][  0]LogPakFile: PakFile FullDirectoryIndexSize=150
[2022.06.02-18.33.43:943][  0]LogShaderLibrary: Display: ShaderCodeLibraryPakFileMountedCallback: PakFile 'C:/Program Files/Epic Games/UE_4.27/FeaturePacks/TP_SideScroller.upack' (chunk index -1, root 'root:/') mounted
[2022.06.02-18.33.43:943][  0]LogShaderLibrary: Display: ShaderCodeLibraryPakFileMountedCallback: pending pak file info (ChunkID:-1 Root:root:/ File:C:/Program Files/Epic Games/UE_4.27/FeaturePacks/TP_SideScroller.upack)
[2022.06.02-18.33.43:943][  0]LogPakFile: OnPakFileMounted2Time == 0.000245
[2022.06.02-18.33.43:944][  0]LogPakFile: PakFile PrimaryIndexSize=190
[2022.06.02-18.33.43:944][  0]LogPakFile: PakFile PathHashIndexSize=101
[2022.06.02-18.33.43:945][  0]LogPakFile: PakFile FullDirectoryIndexSize=154
[2022.06.02-18.33.43:945][  0]LogShaderLibrary: Display: ShaderCodeLibraryPakFileMountedCallback: PakFile 'C:/Program Files/Epic Games/UE_4.27/FeaturePacks/TP_SideScrollerBP.upack' (chunk index -1, root 'root:/') mounted
[2022.06.02-18.33.43:945][  0]LogShaderLibrary: Display: ShaderCodeLibraryPakFileMountedCallback: pending pak file info (ChunkID:-1 Root:root:/ File:C:/Program Files/Epic Games/UE_4.27/FeaturePacks/TP_SideScrollerBP.upack)
[2022.06.02-18.33.43:945][  0]LogPakFile: OnPakFileMounted2Time == 0.000282
[2022.06.02-18.33.43:946][  0]LogPakFile: PakFile PrimaryIndexSize=187
[2022.06.02-18.33.43:946][  0]LogPakFile: PakFile PathHashIndexSize=101
[2022.06.02-18.33.43:946][  0]LogPakFile: PakFile FullDirectoryIndexSize=148
[2022.06.02-18.33.43:946][  0]LogShaderLibrary: Display: ShaderCodeLibraryPakFileMountedCallback: PakFile 'C:/Program Files/Epic Games/UE_4.27/FeaturePacks/TP_ThirdPerson.upack' (chunk index -1, root 'root:/') mounted
[2022.06.02-18.33.43:946][  0]LogShaderLibrary: Display: ShaderCodeLibraryPakFileMountedCallback: pending pak file info (ChunkID:-1 Root:root:/ File:C:/Program Files/Epic Games/UE_4.27/FeaturePacks/TP_ThirdPerson.upack)
[2022.06.02-18.33.43:947][  0]LogPakFile: OnPakFileMounted2Time == 0.000264
[2022.06.02-18.33.43:947][  0]LogPakFile: PakFile PrimaryIndexSize=189
[2022.06.02-18.33.43:948][  0]LogPakFile: PakFile PathHashIndexSize=101
[2022.06.02-18.33.43:948][  0]LogPakFile: PakFile FullDirectoryIndexSize=152
[2022.06.02-18.33.43:948][  0]LogShaderLibrary: Display: ShaderCodeLibraryPakFileMountedCallback: PakFile 'C:/Program Files/Epic Games/UE_4.27/FeaturePacks/TP_ThirdPersonBP.upack' (chunk index -1, root 'root:/') mounted
[2022.06.02-18.33.43:948][  0]LogShaderLibrary: Display: ShaderCodeLibraryPakFileMountedCallback: pending pak file info (ChunkID:-1 Root:root:/ File:C:/Program Files/Epic Games/UE_4.27/FeaturePacks/TP_ThirdPersonBP.upack)
[2022.06.02-18.33.43:948][  0]LogPakFile: OnPakFileMounted2Time == 0.000285
[2022.06.02-18.33.43:949][  0]LogPakFile: PakFile PrimaryIndexSize=183
[2022.06.02-18.33.43:949][  0]LogPakFile: PakFile PathHashIndexSize=101
[2022.06.02-18.33.43:949][  0]LogPakFile: PakFile FullDirectoryIndexSize=140
[2022.06.02-18.33.43:949][  0]LogShaderLibrary: Display: ShaderCodeLibraryPakFileMountedCallback: PakFile 'C:/Program Files/Epic Games/UE_4.27/FeaturePacks/TP_TopDown.upack' (chunk index -1, root 'root:/') mounted
[2022.06.02-18.33.43:949][  0]LogShaderLibrary: Display: ShaderCodeLibraryPakFileMountedCallback: pending pak file info (ChunkID:-1 Root:root:/ File:C:/Program Files/Epic Games/UE_4.27/FeaturePacks/TP_TopDown.upack)
[2022.06.02-18.33.43:949][  0]LogPakFile: OnPakFileMounted2Time == 0.000215
[2022.06.02-18.33.43:950][  0]LogPakFile: PakFile PrimaryIndexSize=185
[2022.06.02-18.33.43:950][  0]LogPakFile: PakFile PathHashIndexSize=101
[2022.06.02-18.33.43:950][  0]LogPakFile: PakFile FullDirectoryIndexSize=144
[2022.06.02-18.33.43:951][  0]LogShaderLibrary: Display: ShaderCodeLibraryPakFileMountedCallback: PakFile 'C:/Program Files/Epic Games/UE_4.27/FeaturePacks/TP_TopDownBP.upack' (chunk index -1, root 'root:/') mounted
[2022.06.02-18.33.43:951][  0]LogShaderLibrary: Display: ShaderCodeLibraryPakFileMountedCallback: pending pak file info (ChunkID:-1 Root:root:/ File:C:/Program Files/Epic Games/UE_4.27/FeaturePacks/TP_TopDownBP.upack)
[2022.06.02-18.33.43:951][  0]LogPakFile: OnPakFileMounted2Time == 0.000263
[2022.06.02-18.33.43:952][  0]LogPakFile: PakFile PrimaryIndexSize=185
[2022.06.02-18.33.43:952][  0]LogPakFile: PakFile PathHashIndexSize=101
[2022.06.02-18.33.43:952][  0]LogPakFile: PakFile FullDirectoryIndexSize=144
[2022.06.02-18.33.43:952][  0]LogShaderLibrary: Display: ShaderCodeLibraryPakFileMountedCallback: PakFile 'C:/Program Files/Epic Games/UE_4.27/FeaturePacks/TP_TwinStick.upack' (chunk index -1, root 'root:/') mounted
[2022.06.02-18.33.43:952][  0]LogShaderLibrary: Display: ShaderCodeLibraryPakFileMountedCallback: pending pak file info (ChunkID:-1 Root:root:/ File:C:/Program Files/Epic Games/UE_4.27/FeaturePacks/TP_TwinStick.upack)
[2022.06.02-18.33.43:952][  0]LogPakFile: OnPakFileMounted2Time == 0.000276
[2022.06.02-18.33.43:953][  0]LogPakFile: PakFile PrimaryIndexSize=187
[2022.06.02-18.33.43:953][  0]LogPakFile: PakFile PathHashIndexSize=101
[2022.06.02-18.33.43:953][  0]LogPakFile: PakFile FullDirectoryIndexSize=148
[2022.06.02-18.33.43:954][  0]LogShaderLibrary: Display: ShaderCodeLibraryPakFileMountedCallback: PakFile 'C:/Program Files/Epic Games/UE_4.27/FeaturePacks/TP_TwinStickBP.upack' (chunk index -1, root 'root:/') mounted
[2022.06.02-18.33.43:954][  0]LogShaderLibrary: Display: ShaderCodeLibraryPakFileMountedCallback: pending pak file info (ChunkID:-1 Root:root:/ File:C:/Program Files/Epic Games/UE_4.27/FeaturePacks/TP_TwinStickBP.upack)
[2022.06.02-18.33.43:954][  0]LogPakFile: OnPakFileMounted2Time == 0.000232
[2022.06.02-18.33.43:954][  0]LogPakFile: PakFile PrimaryIndexSize=183
[2022.06.02-18.33.43:955][  0]LogPakFile: PakFile PathHashIndexSize=101
[2022.06.02-18.33.43:955][  0]LogPakFile: PakFile FullDirectoryIndexSize=140
[2022.06.02-18.33.43:955][  0]LogShaderLibrary: Display: ShaderCodeLibraryPakFileMountedCallback: PakFile 'C:/Program Files/Epic Games/UE_4.27/FeaturePacks/TP_Vehicle.upack' (chunk index -1, root 'root:/') mounted
[2022.06.02-18.33.43:955][  0]LogShaderLibrary: Display: ShaderCodeLibraryPakFileMountedCallback: pending pak file info (ChunkID:-1 Root:root:/ File:C:/Program Files/Epic Games/UE_4.27/FeaturePacks/TP_Vehicle.upack)
[2022.06.02-18.33.43:955][  0]LogPakFile: OnPakFileMounted2Time == 0.000273
[2022.06.02-18.33.43:956][  0]LogPakFile: PakFile PrimaryIndexSize=186
[2022.06.02-18.33.43:956][  0]LogPakFile: PakFile PathHashIndexSize=101
[2022.06.02-18.33.43:956][  0]LogPakFile: PakFile FullDirectoryIndexSize=146
[2022.06.02-18.33.43:956][  0]LogShaderLibrary: Display: ShaderCodeLibraryPakFileMountedCallback: PakFile 'C:/Program Files/Epic Games/UE_4.27/FeaturePacks/TP_VehicleAdv.upack' (chunk index -1, root 'root:/') mounted
[2022.06.02-18.33.43:956][  0]LogShaderLibrary: Display: ShaderCodeLibraryPakFileMountedCallback: pending pak file info (ChunkID:-1 Root:root:/ File:C:/Program Files/Epic Games/UE_4.27/FeaturePacks/TP_VehicleAdv.upack)
[2022.06.02-18.33.43:956][  0]LogPakFile: OnPakFileMounted2Time == 0.000239
[2022.06.02-18.33.43:957][  0]LogPakFile: PakFile PrimaryIndexSize=188
[2022.06.02-18.33.43:957][  0]LogPakFile: PakFile PathHashIndexSize=101
[2022.06.02-18.33.43:957][  0]LogPakFile: PakFile FullDirectoryIndexSize=150
[2022.06.02-18.33.43:957][  0]LogShaderLibrary: Display: ShaderCodeLibraryPakFileMountedCallback: PakFile 'C:/Program Files/Epic Games/UE_4.27/FeaturePacks/TP_VehicleAdvBP.upack' (chunk index -1, root 'root:/') mounted
[2022.06.02-18.33.43:957][  0]LogShaderLibrary: Display: ShaderCodeLibraryPakFileMountedCallback: pending pak file info (ChunkID:-1 Root:root:/ File:C:/Program Files/Epic Games/UE_4.27/FeaturePacks/TP_VehicleAdvBP.upack)
[2022.06.02-18.33.43:958][  0]LogPakFile: OnPakFileMounted2Time == 0.000310
[2022.06.02-18.33.43:958][  0]LogPakFile: PakFile PrimaryIndexSize=185
[2022.06.02-18.33.43:958][  0]LogPakFile: PakFile PathHashIndexSize=101
[2022.06.02-18.33.43:958][  0]LogPakFile: PakFile FullDirectoryIndexSize=144
[2022.06.02-18.33.43:959][  0]LogShaderLibrary: Display: ShaderCodeLibraryPakFileMountedCallback: PakFile 'C:/Program Files/Epic Games/UE_4.27/FeaturePacks/TP_VehicleBP.upack' (chunk index -1, root 'root:/') mounted
[2022.06.02-18.33.43:959][  0]LogShaderLibrary: Display: ShaderCodeLibraryPakFileMountedCallback: pending pak file info (ChunkID:-1 Root:root:/ File:C:/Program Files/Epic Games/UE_4.27/FeaturePacks/TP_VehicleBP.upack)
[2022.06.02-18.33.43:959][  0]LogPakFile: OnPakFileMounted2Time == 0.000288
[2022.06.02-18.33.43:959][  0]LogPakFile: PakFile PrimaryIndexSize=192
[2022.06.02-18.33.43:960][  0]LogPakFile: PakFile PathHashIndexSize=101
[2022.06.02-18.33.43:960][  0]LogPakFile: PakFile FullDirectoryIndexSize=158
[2022.06.02-18.33.43:960][  0]LogShaderLibrary: Display: ShaderCodeLibraryPakFileMountedCallback: PakFile 'C:/Program Files/Epic Games/UE_4.27/FeaturePacks/TP_VirtualRealityBP.upack' (chunk index -1, root 'root:/') mounted
[2022.06.02-18.33.43:960][  0]LogShaderLibrary: Display: ShaderCodeLibraryPakFileMountedCallback: pending pak file info (ChunkID:-1 Root:root:/ File:C:/Program Files/Epic Games/UE_4.27/FeaturePacks/TP_VirtualRealityBP.upack)
[2022.06.02-18.33.43:960][  0]LogPakFile: OnPakFileMounted2Time == 0.000245
[2022.06.02-18.33.44:011][  0]LogNativeClassHierarchy: Verbose: Native class hierarchy updated for 'AddContentDialog' in 0.0003 seconds. Added 0 classes and 0 folders.
[2022.06.02-18.33.44:021][  0]LogNativeClassHierarchy: Verbose: Native class hierarchy updated for 'SceneOutliner' in 0.0002 seconds. Added 2 classes and 0 folders.
[2022.06.02-18.33.44:166][  0]LogSlate: Took 0.000234 seconds to synchronously load lazily loaded font '../../../Engine/Content/Slate/Fonts/Roboto-Regular.ttf' (155K)
[2022.06.02-18.33.44:167][  0]LogSlate: Took 0.000220 seconds to synchronously load lazily loaded font '../../../Engine/Content/Editor/Slate/Fonts/FontAwesome.ttf' (139K)
[2022.06.02-18.33.44:168][  0]LogSlate: Took 0.000177 seconds to synchronously load lazily loaded font '../../../Engine/Content/Slate/Fonts/Roboto-Bold.ttf' (160K)
[2022.06.02-18.33.44:253][  0]LogRenderer: Reallocating scene render targets to support 1828x756 Format 10 NumSamples 1 (Frame:1).
[2022.06.02-18.33.44:360][  0]LogNativeClassHierarchy: Verbose: Native class hierarchy updated for 'HierarchicalLODOutliner' in 0.0003 seconds. Added 0 classes and 0 folders.
[2022.06.02-18.33.44:360][  0]LogLoad: (Engine Initialization) Total time: 16.23 seconds
[2022.06.02-18.33.44:361][  0]LogLoad: (Engine Initialization) Total Blueprint compile time: 0.00 seconds
[2022.06.02-18.33.44:409][  0]LogAssetRegistry: Asset discovery search completed in 11.3969 seconds
[2022.06.02-18.33.44:415][  0]LogCollectionManager: Fixed up redirectors for 0 collections in 0.000003 seconds (updated 0 objects)
[2022.06.02-18.33.44:450][  0]LogContentStreaming: Texture pool size now 1000 MB
[2022.06.02-18.33.46:508][231]LogSlate: Took 0.000240 seconds to synchronously load lazily loaded font '../../../Engine/Content/Slate/Fonts/Roboto-Italic.ttf' (157K)
[2022.06.02-18.33.47:211][310]LogSlate: Window 'Message Log' being destroyed
[2022.06.02-18.33.47:217][310]LogSlate: Window 'Message Log' being destroyed
[2022.06.02-18.33.51:568][820]LogSlate: Took 0.000167 seconds to synchronously load lazily loaded font '../../../Engine/Content/Slate/Fonts/Roboto-Light.ttf' (167K)
[2022.06.02-18.33.51:586][820]LogAssetEditorSubsystem: Opening Asset editor for Blueprint /Game/Blueprints/Test_TilePuzzle.Test_TilePuzzle
[2022.06.02-18.33.51:709][820]LogNativeClassHierarchy: Verbose: Native class hierarchy updated for 'BlueprintGraph' in 0.0005 seconds. Added 126 classes and 0 folders.
