Log file open, 06/05/22 14:25:29
LogWindows: Failed to load 'aqProf.dll' (GetLastError=126)
LogWindows: File 'aqProf.dll' does not exist
LogWindows: Failed to load 'VtuneApi.dll' (GetLastError=126)
LogWindows: File 'VtuneApi.dll' does not exist
LogWindows: Failed to load 'VtuneApi32e.dll' (GetLastError=126)
LogWindows: File 'VtuneApi32e.dll' does not exist
LogConsoleResponse: Display: Failed to find resolution value strings in scalability ini. Falling back to default.
LogConsoleResponse: Display: Failed to find resolution value strings in scalability ini. Falling back to default.
LogInit: Display: Running engine for game: Trials
LogPlatformFile: Not using cached read wrapper
LogTaskGraph: Started task graph with 5 named threads and 71 total threads with 3 sets of task threads.
LogStats: Stats thread started at 0.276064
LogICUInternationalization: ICU TimeZone Detection - Raw Offset: +0:00, Platform Override: ''
LogInit: Display: Loading text-based GConfig....
LogPluginManager: Mounting plugin MeshPainting
LogPluginManager: Mounting plugin XGEController
LogPluginManager: Mounting plugin Paper2D
LogPluginManager: Mounting plugin AISupport
LogPluginManager: Mounting plugin EnvironmentQueryEditor
LogPluginManager: Mounting plugin LightPropagationVolume
LogPluginManager: Mounting plugin GameplayCameras
LogPluginManager: Mounting plugin OodleData
LogPluginManager: Mounting plugin AnimationSharing
LogPluginManager: Mounting plugin OodleNetwork
LogPluginManager: Mounting plugin CameraShakePreviewer
LogPluginManager: Mounting plugin CLionSourceCodeAccess
LogPluginManager: Mounting plugin CodeLiteSourceCodeAccess
LogPluginManager: Mounting plugin GitSourceControl
LogPluginManager: Mounting plugin KDevelopSourceCodeAccess
LogPluginManager: Mounting plugin NullSourceCodeAccess
LogPluginManager: Mounting plugin PlasticSourceControl
LogPluginManager: Mounting plugin PerforceSourceControl
LogPluginManager: Mounting plugin PluginUtils
LogPluginManager: Mounting plugin PropertyAccessNode
LogPluginManager: Mounting plugin SubversionSourceControl
LogPluginManager: Mounting plugin PixWinPlugin
LogPluginManager: Mounting plugin RiderSourceCodeAccess
LogPluginManager: Mounting plugin XCodeSourceCodeAccess
LogPluginManager: Mounting plugin TextureFormatOodle
LogPluginManager: Mounting plugin AssetManagerEditor
LogPluginManager: Mounting plugin VisualStudioCodeSourceCodeAccess
LogPluginManager: Mounting plugin VisualStudioSourceCodeAccess
LogPluginManager: Mounting plugin UObjectPlugin
LogPluginManager: Mounting plugin MaterialAnalyzer
LogPluginManager: Mounting plugin MobileLauncherProfileWizard
LogPluginManager: Mounting plugin GeometryMode
LogPluginManager: Mounting plugin EditorScriptingUtilities
LogPluginManager: Mounting plugin GameplayTagsEditor
LogPluginManager: Mounting plugin FacialAnimation
LogPluginManager: Mounting plugin SpeedTreeImporter
LogPluginManager: Mounting plugin DataValidation
LogPluginManager: Mounting plugin CryptoKeys
LogPluginManager: Mounting plugin CurveEditorTools
LogPluginManager: Mounting plugin DatasmithContent
LogPluginManager: Mounting plugin PluginBrowser
LogPluginManager: Mounting plugin Niagara
LogPluginManager: Mounting plugin VariantManagerContent
LogPluginManager: Mounting plugin MacGraphicsSwitching
LogPluginManager: Mounting plugin AlembicImporter
LogPluginManager: Mounting plugin BackChannel
LogPluginManager: Mounting plugin AutomationUtils
LogPluginManager: Mounting plugin ChaosClothEditor
LogPluginManager: Mounting plugin ChaosEditor
LogPluginManager: Mounting plugin ChaosNiagara
LogPluginManager: Mounting plugin CharacterAI
LogPluginManager: Mounting plugin ChaosSolverPlugin
LogPluginManager: Mounting plugin GeometryCollectionPlugin
LogPluginManager: Mounting plugin GeometryCache
LogPluginManager: Mounting plugin GeometryProcessing
LogPluginManager: Mounting plugin MotoSynth
LogPluginManager: Mounting plugin OpenImageDenoise
LogPluginManager: Mounting plugin PlanarCut
LogPluginManager: Mounting plugin ProxyLODPlugin
LogPluginManager: Mounting plugin PythonScriptPlugin
LogPluginManager: Mounting plugin PlatformCrypto
LogPluginManager: Mounting plugin ChaosCloth
LogPluginManager: Mounting plugin LuminPlatformFeatures
LogPluginManager: Mounting plugin MagicLeap
LogPluginManager: Mounting plugin SkeletalReduction
LogPluginManager: Mounting plugin MagicLeapLightEstimation
LogPluginManager: Mounting plugin MagicLeapMedia
LogPluginManager: Mounting plugin MagicLeapPassableWorld
LogPluginManager: Mounting plugin MLSDK
LogPluginManager: Mounting plugin AndroidMedia
LogPluginManager: Mounting plugin AvfMedia
LogPluginManager: Mounting plugin ImgMedia
LogPluginManager: Mounting plugin MediaCompositing
LogPluginManager: Mounting plugin MediaPlayerEditor
LogPluginManager: Mounting plugin WebMMedia
LogPluginManager: Mounting plugin ActorSequence
LogPluginManager: Mounting plugin WmfMedia
LogPluginManager: Mounting plugin MatineeToLevelSequence
LogPluginManager: Mounting plugin LevelSequenceEditor
LogPluginManager: Mounting plugin TemplateSequence
LogPluginManager: Mounting plugin TcpMessaging
LogPluginManager: Mounting plugin MegascansPlugin
LogPluginManager: Mounting plugin OnlineSubsystem
LogPluginManager: Mounting plugin OnlineSubsystemNull
LogPluginManager: Mounting plugin OnlineSubsystemUtils
LogPluginManager: Mounting plugin LauncherChunkInstaller
LogPluginManager: Mounting plugin AndroidDeviceProfileSelector
LogPluginManager: Mounting plugin AndroidPermission
LogPluginManager: Mounting plugin AndroidMoviePlayer
LogPluginManager: Mounting plugin AppleImageUtils
LogPluginManager: Mounting plugin ArchVisCharacter
LogPluginManager: Mounting plugin UdpMessaging
LogPluginManager: Mounting plugin AssetTags
LogPluginManager: Mounting plugin AudioCapture
LogPluginManager: Mounting plugin ActorLayerUtilities
LogPluginManager: Mounting plugin AppleMoviePlayer
LogPluginManager: Mounting plugin CustomMeshComponent
LogPluginManager: Mounting plugin ChunkDownloader
LogPluginManager: Mounting plugin EditableMesh
LogPluginManager: Mounting plugin GoogleCloudMessaging
LogPluginManager: Mounting plugin CableComponent
LogPluginManager: Mounting plugin LinuxDeviceProfileSelector
LogPluginManager: Mounting plugin AudioSynesthesia
LogPluginManager: Mounting plugin LocationServicesBPLibrary
LogPluginManager: Mounting plugin GooglePAD
LogPluginManager: Mounting plugin OpenXR
LogPluginManager: Mounting plugin OpenXRHandTracking
LogPluginManager: Mounting plugin IOSDeviceProfileSelector
LogPluginManager: Mounting plugin PhysXVehicles
LogPluginManager: Mounting plugin PropertyAccessEditor
LogPluginManager: Mounting plugin ProceduralMeshComponent
LogPluginManager: Mounting plugin SignificanceManager
LogPluginManager: Mounting plugin RuntimePhysXCooking
LogPluginManager: Mounting plugin SoundFields
LogPluginManager: Mounting plugin ExampleDeviceProfileSelector
LogPluginManager: Mounting plugin MobilePatchingUtils
LogPluginManager: Mounting plugin Synthesis
LogPluginManager: Mounting plugin PostSplashScreen
LogPluginManager: Mounting plugin WebMMoviePlayer
LogPluginManager: Mounting plugin WindowsMoviePlayer
LogPluginManager: Mounting plugin OpenXREyeTracker
LogPluginManager: Mounting plugin ScreenshotTools
LogPluginManager: Mounting plugin LiveLink
LogPluginManager: Mounting plugin Takes
LogPluginManager: Mounting plugin ContentBrowserAssetDataSource
LogPluginManager: Mounting plugin ContentBrowserClassDataSource
LogPluginManager: Mounting plugin ContentBrowserFileDataSource
LogPluginManager: Mounting plugin OnlineSubsystemGooglePlay
LogPluginManager: Mounting plugin OnlineSubsystemIOS
LogPluginManager: Mounting plugin DatabaseSupport
LogPluginManager: Mounting plugin SQLiteCore
LogPluginManager: Mounting plugin SQLiteSupport
LogPluginManager: Mounting plugin OculusVR
LogPluginManager: Mounting plugin SteamVR
LogPluginManager: Mounting plugin RiderLink
PixWinPlugin: PIX capture plugin failed to initialize! Check that the process is launched from PIX.
LogInit: Using libcurl 7.55.1-DEV
LogInit:  - built for x86_64-pc-win32
LogInit:  - supports SSL with OpenSSL/1.1.1
LogInit:  - supports HTTP deflate (compression) using libz 1.2.8
LogInit:  - other features:
LogInit:      CURL_VERSION_SSL
LogInit:      CURL_VERSION_LIBZ
LogInit:      CURL_VERSION_IPV6
LogInit:      CURL_VERSION_ASYNCHDNS
LogInit:      CURL_VERSION_LARGEFILE
LogInit:      CURL_VERSION_IDN
LogInit:  CurlRequestOptions (configurable via config and command line):
LogInit:  - bVerifyPeer = true  - Libcurl will verify peer certificate
LogInit:  - bUseHttpProxy = false  - Libcurl will NOT use HTTP proxy
LogInit:  - bDontReuseConnections = false  - Libcurl will reuse connections
LogInit:  - MaxHostConnections = 16  - Libcurl will limit the number of connections to a host
LogInit:  - LocalHostAddr = Default
LogInit:  - BufferSize = 65536
LogOnline: OSS: Creating online subsystem instance for: NULL
LogInit: WinSock: version 1.1 (2.2), MaxSocks=32767, MaxUdp=65467
LogOnline: OSS: TryLoadSubsystemAndSetDefault: Loaded subsystem for module [NULL]
LogOculusPluginWrapper: OculusPlugin initialized successfully
LogHMD: Failed initializing OVRPlugin 1.59.0
LogInit: Build: ++UE4+Release-4.27-CL-18319896
LogInit: Engine Version: 4.27.2-18319896+++UE4+Release-4.27
LogInit: Compatible Engine Version: 4.27.0-17155196+++UE4+Release-4.27
LogInit: Net CL: 17155196
LogInit: OS: Windows 10 (Release 2009) (), CPU: AMD Ryzen 9 3900X 12-Core Processor            , GPU: NVIDIA GeForce RTX 3080 Ti
LogInit: Compiled (64-bit): Nov 30 2021 07:12:08
LogInit: Compiled with Visual C++: 19.24.28315.00
LogInit: Build Configuration: Development
LogInit: Branch Name: ++UE4+Release-4.27
LogInit: Command Line:  -skipcompile
LogInit: Base Directory: C:/Program Files/Epic Games/UE_4.27/Engine/Binaries/Win64/
LogInit: Allocator: TBB
LogInit: Installed Engine Build: 1
LogDevObjectVersion: Number of dev versions registered: 29
LogDevObjectVersion:   Dev-Blueprints (B0D832E4-1F89-4F0D-ACCF-7EB736FD4AA2): 10
LogDevObjectVersion:   Dev-Build (E1C64328-A22C-4D53-A36C-8E866417BD8C): 0
LogDevObjectVersion:   Dev-Core (375EC13C-06E4-48FB-B500-84F0262A717E): 4
LogDevObjectVersion:   Dev-Editor (E4B068ED-F494-42E9-A231-DA0B2E46BB41): 40
LogDevObjectVersion:   Dev-Framework (CFFC743F-43B0-4480-9391-14DF171D2073): 37
LogDevObjectVersion:   Dev-Mobile (B02B49B5-BB20-44E9-A304-32B752E40360): 3
LogDevObjectVersion:   Dev-Networking (A4E4105C-59A1-49B5-A7C5-40C4547EDFEE): 0
LogDevObjectVersion:   Dev-Online (39C831C9-5AE6-47DC-9A44-9C173E1C8E7C): 0
LogDevObjectVersion:   Dev-Physics (78F01B33-EBEA-4F98-B9B4-84EACCB95AA2): 14
LogDevObjectVersion:   Dev-Platform (6631380F-2D4D-43E0-8009-CF276956A95A): 0
LogDevObjectVersion:   Dev-Rendering (12F88B9F-8875-4AFC-A67C-D90C383ABD29): 45
LogDevObjectVersion:   Dev-Sequencer (7B5AE74C-D270-4C10-A958-57980B212A5A): 13
LogDevObjectVersion:   Dev-VR (D7296918-1DD6-4BDD-9DE2-64A83CC13884): 3
LogDevObjectVersion:   Dev-LoadTimes (C2A15278-BFE7-4AFE-6C17-90FF531DF755): 1
LogDevObjectVersion:   Private-Geometry (6EACA3D4-40EC-4CC1-B786-8BED09428FC5): 3
LogDevObjectVersion:   Dev-AnimPhys (29E575DD-E0A3-4627-9D10-D276232CDCEA): 17
LogDevObjectVersion:   Dev-Anim (AF43A65D-7FD3-4947-9873-3E8ED9C1BB05): 15
LogDevObjectVersion:   Dev-ReflectionCapture (6B266CEC-1EC7-4B8F-A30B-E4D90942FC07): 1
LogDevObjectVersion:   Dev-Automation (0DF73D61-A23F-47EA-B727-89E90C41499A): 1
LogDevObjectVersion:   FortniteMain (601D1886-AC64-4F84-AA16-D3DE0DEAC7D6): 47
LogDevObjectVersion:   FortniteRelease (E7086368-6B23-4C58-8439-1B7016265E91): 1
LogDevObjectVersion:   Dev-Enterprise (9DFFBCD6-494F-0158-E221-12823C92A888): 10
LogDevObjectVersion:   Dev-Niagara (F2AED0AC-9AFE-416F-8664-AA7FFA26D6FC): 1
LogDevObjectVersion:   Dev-Destruction (174F1F0B-B4C6-45A5-B13F-2EE8D0FB917D): 10
LogDevObjectVersion:   Dev-Physics-Ext (35F94A83-E258-406C-A318-09F59610247C): 41
LogDevObjectVersion:   Dev-PhysicsMaterial-Chaos (B68FC16E-8B1B-42E2-B453-215C058844FE): 1
LogDevObjectVersion:   Dev-CineCamera (B2E18506-4273-CFC2-A54E-F4BB758BBA07): 1
LogDevObjectVersion:   Dev-VirtualProduction (64F58936-FD1B-42BA-BA96-7289D5D0FA4E): 1
LogDevObjectVersion:   Dev-MediaFramework (6F0ED827-A609-4895-9C91-998D90180EA4): 2
LogInit: Presizing for max 25165824 objects, including 0 objects not considered by GC, pre-allocating 0 bytes for permanent pool.
LogConfig: Applying CVar settings from Section [/Script/Engine.StreamingSettings] File [K:/Mastered/Trials/Trials/Saved/Config/Windows/Engine.ini]
LogConfig: Setting CVar [[s.MinBulkDataSizeForAsyncLoading:131072]]
LogConfig: Setting CVar [[s.AsyncLoadingThreadEnabled:0]]
LogConfig: Setting CVar [[s.EventDrivenLoaderEnabled:1]]
LogConfig: Setting CVar [[s.WarnIfTimeLimitExceeded:0]]
LogConfig: Setting CVar [[s.TimeLimitExceededMultiplier:1.5]]
LogConfig: Setting CVar [[s.TimeLimitExceededMinTime:0.005]]
LogConfig: Setting CVar [[s.UseBackgroundLevelStreaming:1]]
LogConfig: Setting CVar [[s.PriorityAsyncLoadingExtraTime:15.0]]
LogConfig: Setting CVar [[s.LevelStreamingActorsUpdateTimeLimit:5.0]]
LogConfig: Setting CVar [[s.PriorityLevelStreamingActorsUpdateExtraTime:5.0]]
LogConfig: Setting CVar [[s.LevelStreamingComponentsRegistrationGranularity:10]]
LogConfig: Setting CVar [[s.UnregisterComponentsTimeLimit:1.0]]
LogConfig: Setting CVar [[s.LevelStreamingComponentsUnregistrationGranularity:5]]
LogConfig: Setting CVar [[s.FlushStreamingOnExit:1]]
LogInit: Object subsystem initialized
LogConfig: Setting CVar [[con.DebugEarlyDefault:1]]
LogConfig: Setting CVar [[r.setres:1280x720]]
[2022.06.05-13.25.32:103][  0]LogConfig: Setting CVar [[r.VSync:0]]
[2022.06.05-13.25.32:103][  0]LogConfig: Setting CVar [[r.RHICmdBypass:0]]
[2022.06.05-13.25.32:103][  0]LogConfig: Applying CVar settings from Section [/Script/Engine.RendererSettings] File [K:/Mastered/Trials/Trials/Saved/Config/Windows/Engine.ini]
[2022.06.05-13.25.32:103][  0]LogConfig: Setting CVar [[r.GPUCrashDebugging:0]]
[2022.06.05-13.25.32:103][  0]LogConfig: Applying CVar settings from Section [/Script/Engine.RendererOverrideSettings] File [K:/Mastered/Trials/Trials/Saved/Config/Windows/Engine.ini]
[2022.06.05-13.25.32:104][  0]LogConfig: Applying CVar settings from Section [/Script/Engine.StreamingSettings] File [K:/Mastered/Trials/Trials/Saved/Config/Windows/Engine.ini]
[2022.06.05-13.25.32:104][  0]LogConfig: Setting CVar [[s.MinBulkDataSizeForAsyncLoading:131072]]
[2022.06.05-13.25.32:104][  0]LogConfig: Setting CVar [[s.AsyncLoadingThreadEnabled:0]]
[2022.06.05-13.25.32:104][  0]LogConfig: Setting CVar [[s.EventDrivenLoaderEnabled:1]]
[2022.06.05-13.25.32:104][  0]LogConfig: Setting CVar [[s.WarnIfTimeLimitExceeded:0]]
[2022.06.05-13.25.32:104][  0]LogConfig: Setting CVar [[s.TimeLimitExceededMultiplier:1.5]]
[2022.06.05-13.25.32:104][  0]LogConfig: Setting CVar [[s.TimeLimitExceededMinTime:0.005]]
[2022.06.05-13.25.32:104][  0]LogConfig: Setting CVar [[s.UseBackgroundLevelStreaming:1]]
[2022.06.05-13.25.32:104][  0]LogConfig: Setting CVar [[s.PriorityAsyncLoadingExtraTime:15.0]]
[2022.06.05-13.25.32:104][  0]LogConfig: Setting CVar [[s.LevelStreamingActorsUpdateTimeLimit:5.0]]
[2022.06.05-13.25.32:104][  0]LogConfig: Setting CVar [[s.PriorityLevelStreamingActorsUpdateExtraTime:5.0]]
[2022.06.05-13.25.32:104][  0]LogConfig: Setting CVar [[s.LevelStreamingComponentsRegistrationGranularity:10]]
[2022.06.05-13.25.32:105][  0]LogConfig: Setting CVar [[s.UnregisterComponentsTimeLimit:1.0]]
[2022.06.05-13.25.32:105][  0]LogConfig: Setting CVar [[s.LevelStreamingComponentsUnregistrationGranularity:5]]
[2022.06.05-13.25.32:105][  0]LogConfig: Setting CVar [[s.FlushStreamingOnExit:1]]
[2022.06.05-13.25.32:105][  0]LogConfig: Applying CVar settings from Section [/Script/Engine.GarbageCollectionSettings] File [K:/Mastered/Trials/Trials/Saved/Config/Windows/Engine.ini]
[2022.06.05-13.25.32:105][  0]LogConfig: Setting CVar [[gc.MaxObjectsNotConsideredByGC:1]]
[2022.06.05-13.25.32:105][  0]LogConfig: Setting CVar [[gc.SizeOfPermanentObjectPool:0]]
[2022.06.05-13.25.32:105][  0]LogConfig: Setting CVar [[gc.FlushStreamingOnGC:0]]
[2022.06.05-13.25.32:105][  0]LogConfig: Setting CVar [[gc.NumRetriesBeforeForcingGC:10]]
[2022.06.05-13.25.32:105][  0]LogConfig: Setting CVar [[gc.AllowParallelGC:1]]
[2022.06.05-13.25.32:105][  0]LogConfig: Setting CVar [[gc.TimeBetweenPurgingPendingKillObjects:61.1]]
[2022.06.05-13.25.32:105][  0]LogConfig: Setting CVar [[gc.MaxObjectsInEditor:25165824]]
[2022.06.05-13.25.32:105][  0]LogConfig: Setting CVar [[gc.IncrementalBeginDestroyEnabled:1]]
[2022.06.05-13.25.32:106][  0]LogConfig: Setting CVar [[gc.CreateGCClusters:1]]
[2022.06.05-13.25.32:106][  0]LogConfig: Setting CVar [[gc.MinGCClusterSize:5]]
[2022.06.05-13.25.32:106][  0]LogConfig: Setting CVar [[gc.ActorClusteringEnabled:0]]
[2022.06.05-13.25.32:106][  0]LogConfig: Setting CVar [[gc.BlueprintClusteringEnabled:0]]
[2022.06.05-13.25.32:106][  0]LogConfig: Setting CVar [[gc.UseDisregardForGCOnDedicatedServers:0]]
[2022.06.05-13.25.32:106][  0]LogConfig: Setting CVar [[gc.MultithreadedDestructionEnabled:1]]
[2022.06.05-13.25.32:106][  0]LogConfig: Applying CVar settings from Section [/Script/Engine.NetworkSettings] File [K:/Mastered/Trials/Trials/Saved/Config/Windows/Engine.ini]
[2022.06.05-13.25.32:106][  0]LogConfig: Applying CVar settings from Section [/Script/UnrealEd.CookerSettings] File [K:/Mastered/Trials/Trials/Saved/Config/Windows/Engine.ini]
[2022.06.05-13.25.32:141][  0]LogConfig: Applying CVar settings from Section [ViewDistanceQuality@3] File [K:/Mastered/Trials/Trials/Saved/Config/Windows/Scalability.ini]
[2022.06.05-13.25.32:142][  0]LogConfig: Setting CVar [[r.SkeletalMeshLODBias:0]]
[2022.06.05-13.25.32:142][  0]LogConfig: Setting CVar [[r.ViewDistanceScale:1.0]]
[2022.06.05-13.25.32:142][  0]LogConfig: Applying CVar settings from Section [AntiAliasingQuality@3] File [K:/Mastered/Trials/Trials/Saved/Config/Windows/Scalability.ini]
[2022.06.05-13.25.32:142][  0]LogConfig: Setting CVar [[r.PostProcessAAQuality:4]]
[2022.06.05-13.25.32:142][  0]LogConfig: Applying CVar settings from Section [ShadowQuality@3] File [K:/Mastered/Trials/Trials/Saved/Config/Windows/Scalability.ini]
[2022.06.05-13.25.32:142][  0]LogConfig: Setting CVar [[r.LightFunctionQuality:1]]
[2022.06.05-13.25.32:142][  0]LogConfig: Setting CVar [[r.ShadowQuality:5]]
[2022.06.05-13.25.32:142][  0]LogConfig: Setting CVar [[r.Shadow.CSM.MaxCascades:10]]
[2022.06.05-13.25.32:142][  0]LogConfig: Setting CVar [[r.Shadow.MaxResolution:2048]]
[2022.06.05-13.25.32:142][  0]LogConfig: Setting CVar [[r.Shadow.MaxCSMResolution:2048]]
[2022.06.05-13.25.32:142][  0]LogConfig: Setting CVar [[r.Shadow.RadiusThreshold:0.01]]
[2022.06.05-13.25.32:142][  0]LogConfig: Setting CVar [[r.Shadow.DistanceScale:1.0]]
[2022.06.05-13.25.32:143][  0]LogConfig: Setting CVar [[r.Shadow.CSM.TransitionScale:1.0]]
[2022.06.05-13.25.32:143][  0]LogConfig: Setting CVar [[r.Shadow.PreShadowResolutionFactor:1.0]]
[2022.06.05-13.25.32:143][  0]LogConfig: Setting CVar [[r.DistanceFieldShadowing:1]]
[2022.06.05-13.25.32:143][  0]LogConfig: Setting CVar [[r.DistanceFieldAO:1]]
[2022.06.05-13.25.32:143][  0]LogConfig: Setting CVar [[r.AOQuality:2]]
[2022.06.05-13.25.32:143][  0]LogConfig: Setting CVar [[r.VolumetricFog:1]]
[2022.06.05-13.25.32:143][  0]LogConfig: Setting CVar [[r.VolumetricFog.GridPixelSize:8]]
[2022.06.05-13.25.32:143][  0]LogConfig: Setting CVar [[r.VolumetricFog.GridSizeZ:128]]
[2022.06.05-13.25.32:143][  0]LogConfig: Setting CVar [[r.VolumetricFog.HistoryMissSupersampleCount:4]]
[2022.06.05-13.25.32:143][  0]LogConfig: Setting CVar [[r.LightMaxDrawDistanceScale:1]]
[2022.06.05-13.25.32:143][  0]LogConfig: Setting CVar [[r.CapsuleShadows:1]]
[2022.06.05-13.25.32:143][  0]LogConfig: Applying CVar settings from Section [PostProcessQuality@3] File [K:/Mastered/Trials/Trials/Saved/Config/Windows/Scalability.ini]
[2022.06.05-13.25.32:144][  0]LogConfig: Setting CVar [[r.MotionBlurQuality:4]]
[2022.06.05-13.25.32:144][  0]LogConfig: Setting CVar [[r.AmbientOcclusionMipLevelFactor:0.4]]
[2022.06.05-13.25.32:144][  0]LogConfig: Setting CVar [[r.AmbientOcclusionMaxQuality:100]]
[2022.06.05-13.25.32:144][  0]LogConfig: Setting CVar [[r.AmbientOcclusionLevels:-1]]
[2022.06.05-13.25.32:144][  0]LogConfig: Setting CVar [[r.AmbientOcclusionRadiusScale:1.0]]
[2022.06.05-13.25.32:144][  0]LogConfig: Setting CVar [[r.DepthOfFieldQuality:2]]
[2022.06.05-13.25.32:144][  0]LogConfig: Setting CVar [[r.RenderTargetPoolMin:400]]
[2022.06.05-13.25.32:144][  0]LogConfig: Setting CVar [[r.LensFlareQuality:2]]
[2022.06.05-13.25.32:144][  0]LogConfig: Setting CVar [[r.SceneColorFringeQuality:1]]
[2022.06.05-13.25.32:144][  0]LogConfig: Setting CVar [[r.EyeAdaptationQuality:2]]
[2022.06.05-13.25.32:144][  0]LogConfig: Setting CVar [[r.BloomQuality:5]]
[2022.06.05-13.25.32:144][  0]LogConfig: Setting CVar [[r.FastBlurThreshold:100]]
[2022.06.05-13.25.32:145][  0]LogConfig: Setting CVar [[r.Upscale.Quality:3]]
[2022.06.05-13.25.32:145][  0]LogConfig: Setting CVar [[r.Tonemapper.GrainQuantization:1]]
[2022.06.05-13.25.32:145][  0]LogConfig: Setting CVar [[r.LightShaftQuality:1]]
[2022.06.05-13.25.32:145][  0]LogConfig: Setting CVar [[r.Filter.SizeScale:1]]
[2022.06.05-13.25.32:145][  0]LogConfig: Setting CVar [[r.Tonemapper.Quality:5]]
[2022.06.05-13.25.32:145][  0]LogConfig: Setting CVar [[r.DOF.Gather.AccumulatorQuality:1        ; higher gathering accumulator quality]]
[2022.06.05-13.25.32:145][  0]LogConfig: Setting CVar [[r.DOF.Gather.PostfilterMethod:1          ; Median3x3 postfilering method]]
[2022.06.05-13.25.32:145][  0]LogConfig: Setting CVar [[r.DOF.Gather.EnableBokehSettings:0       ; no bokeh simulation when gathering]]
[2022.06.05-13.25.32:145][  0]LogConfig: Setting CVar [[r.DOF.Gather.RingCount:4                 ; medium number of samples when gathering]]
[2022.06.05-13.25.32:145][  0]LogConfig: Setting CVar [[r.DOF.Scatter.ForegroundCompositing:1    ; additive foreground scattering]]
[2022.06.05-13.25.32:145][  0]LogConfig: Setting CVar [[r.DOF.Scatter.BackgroundCompositing:2    ; additive background scattering]]
[2022.06.05-13.25.32:145][  0]LogConfig: Setting CVar [[r.DOF.Scatter.EnableBokehSettings:1      ; bokeh simulation when scattering]]
[2022.06.05-13.25.32:146][  0]LogConfig: Setting CVar [[r.DOF.Scatter.MaxSpriteRatio:0.1         ; only a maximum of 10% of scattered bokeh]]
[2022.06.05-13.25.32:146][  0]LogConfig: Setting CVar [[r.DOF.Recombine.Quality:1                ; cheap slight out of focus]]
[2022.06.05-13.25.32:146][  0]LogConfig: Setting CVar [[r.DOF.Recombine.EnableBokehSettings:0    ; no bokeh simulation on slight out of focus]]
[2022.06.05-13.25.32:146][  0]LogConfig: Setting CVar [[r.DOF.TemporalAAQuality:1                ; more stable temporal accumulation]]
[2022.06.05-13.25.32:146][  0]LogConfig: Setting CVar [[r.DOF.Kernel.MaxForegroundRadius:0.025]]
[2022.06.05-13.25.32:146][  0]LogConfig: Setting CVar [[r.DOF.Kernel.MaxBackgroundRadius:0.025]]
[2022.06.05-13.25.32:146][  0]LogConfig: Applying CVar settings from Section [TextureQuality@3] File [K:/Mastered/Trials/Trials/Saved/Config/Windows/Scalability.ini]
[2022.06.05-13.25.32:146][  0]LogConfig: Setting CVar [[r.Streaming.MipBias:0]]
[2022.06.05-13.25.32:146][  0]LogConfig: Setting CVar [[r.Streaming.AmortizeCPUToGPUCopy:0]]
[2022.06.05-13.25.32:146][  0]LogConfig: Setting CVar [[r.Streaming.MaxNumTexturesToStreamPerFrame:0]]
[2022.06.05-13.25.32:146][  0]LogConfig: Setting CVar [[r.Streaming.Boost:1]]
[2022.06.05-13.25.32:146][  0]LogConfig: Setting CVar [[r.MaxAnisotropy:8]]
[2022.06.05-13.25.32:147][  0]LogConfig: Setting CVar [[r.VT.MaxAnisotropy:8]]
[2022.06.05-13.25.32:147][  0]LogConfig: Setting CVar [[r.Streaming.LimitPoolSizeToVRAM:0]]
[2022.06.05-13.25.32:147][  0]LogConfig: Setting CVar [[r.Streaming.PoolSize:1000]]
[2022.06.05-13.25.32:147][  0]LogConfig: Setting CVar [[r.Streaming.MaxEffectiveScreenSize:0]]
[2022.06.05-13.25.32:147][  0]LogConfig: Applying CVar settings from Section [EffectsQuality@3] File [K:/Mastered/Trials/Trials/Saved/Config/Windows/Scalability.ini]
[2022.06.05-13.25.32:147][  0]LogConfig: Setting CVar [[r.TranslucencyLightingVolumeDim:64]]
[2022.06.05-13.25.32:147][  0]LogConfig: Setting CVar [[r.RefractionQuality:2]]
[2022.06.05-13.25.32:147][  0]LogConfig: Setting CVar [[r.SSR.Quality:3]]
[2022.06.05-13.25.32:147][  0]LogConfig: Setting CVar [[r.SSR.HalfResSceneColor:0]]
[2022.06.05-13.25.32:147][  0]LogConfig: Setting CVar [[r.SceneColorFormat:4]]
[2022.06.05-13.25.32:147][  0]LogConfig: Setting CVar [[r.DetailMode:2]]
[2022.06.05-13.25.32:147][  0]LogConfig: Setting CVar [[r.TranslucencyVolumeBlur:1]]
[2022.06.05-13.25.32:148][  0]LogConfig: Setting CVar [[r.MaterialQualityLevel:1 ; High quality]]
[2022.06.05-13.25.32:148][  0]LogConfig: Setting CVar [[r.AnisotropicMaterials:1]]
[2022.06.05-13.25.32:148][  0]LogConfig: Setting CVar [[r.SSS.Scale:1]]
[2022.06.05-13.25.32:148][  0]LogConfig: Setting CVar [[r.SSS.SampleSet:2]]
[2022.06.05-13.25.32:148][  0]LogConfig: Setting CVar [[r.SSS.Quality:1]]
[2022.06.05-13.25.32:148][  0]LogConfig: Setting CVar [[r.SSS.HalfRes:0]]
[2022.06.05-13.25.32:148][  0]LogConfig: Setting CVar [[r.SSGI.Quality:3]]
[2022.06.05-13.25.32:148][  0]LogConfig: Setting CVar [[r.EmitterSpawnRateScale:1.0]]
[2022.06.05-13.25.32:148][  0]LogConfig: Setting CVar [[r.ParticleLightQuality:2]]
[2022.06.05-13.25.32:148][  0]LogConfig: Setting CVar [[r.SkyAtmosphere.AerialPerspectiveLUT.FastApplyOnOpaque:1 ; Always have FastSkyLUT 1 in this case to avoid wrong sky]]
[2022.06.05-13.25.32:148][  0]LogConfig: Setting CVar [[r.SkyAtmosphere.AerialPerspectiveLUT.SampleCountMaxPerSlice:4]]
[2022.06.05-13.25.32:148][  0]LogConfig: Setting CVar [[r.SkyAtmosphere.AerialPerspectiveLUT.DepthResolution:16.0]]
[2022.06.05-13.25.32:148][  0]LogConfig: Setting CVar [[r.SkyAtmosphere.FastSkyLUT:1]]
[2022.06.05-13.25.32:149][  0]LogConfig: Setting CVar [[r.SkyAtmosphere.FastSkyLUT.SampleCountMin:4.0]]
[2022.06.05-13.25.32:149][  0]LogConfig: Setting CVar [[r.SkyAtmosphere.FastSkyLUT.SampleCountMax:128.0]]
[2022.06.05-13.25.32:149][  0]LogConfig: Setting CVar [[r.SkyAtmosphere.SampleCountMin:4.0]]
[2022.06.05-13.25.32:149][  0]LogConfig: Setting CVar [[r.SkyAtmosphere.SampleCountMax:128.0]]
[2022.06.05-13.25.32:149][  0]LogConfig: Setting CVar [[r.SkyAtmosphere.TransmittanceLUT.UseSmallFormat:0]]
[2022.06.05-13.25.32:149][  0]LogConfig: Setting CVar [[r.SkyAtmosphere.TransmittanceLUT.SampleCount:10.0]]
[2022.06.05-13.25.32:149][  0]LogConfig: Setting CVar [[r.SkyAtmosphere.MultiScatteringLUT.SampleCount:15.0]]
[2022.06.05-13.25.32:149][  0]LogConfig: Setting CVar [[r.SkyLight.RealTimeReflectionCapture:1]]
[2022.06.05-13.25.32:149][  0]LogConfig: Applying CVar settings from Section [FoliageQuality@3] File [K:/Mastered/Trials/Trials/Saved/Config/Windows/Scalability.ini]
[2022.06.05-13.25.32:149][  0]LogConfig: Setting CVar [[foliage.DensityScale:1.0]]
[2022.06.05-13.25.32:149][  0]LogConfig: Setting CVar [[grass.DensityScale:1.0]]
[2022.06.05-13.25.32:150][  0]LogConfig: Applying CVar settings from Section [ShadingQuality@3] File [K:/Mastered/Trials/Trials/Saved/Config/Windows/Scalability.ini]
[2022.06.05-13.25.32:150][  0]LogConfig: Setting CVar [[r.HairStrands.SkyLighting.IntegrationType:2]]
[2022.06.05-13.25.32:150][  0]LogConfig: Setting CVar [[r.HairStrands.SkyAO.SampleCount:4]]
[2022.06.05-13.25.32:150][  0]LogConfig: Setting CVar [[r.HairStrands.Visibility.MSAA.SamplePerPixel:4]]
[2022.06.05-13.25.32:150][  0]LogInit: Selected Device Profile: [Windows]
[2022.06.05-13.25.32:150][  0]LogInit: Applying CVar settings loaded from the selected device profile: [Windows]
[2022.06.05-13.25.32:150][  0]LogHAL: Display: Platform has ~ 32 GB [34265247744 / 34359738368 / 32], which maps to Largest [LargestMinGB=32, LargerMinGB=12, DefaultMinGB=8, SmallerMinGB=6, SmallestMinGB=0)
[2022.06.05-13.25.32:150][  0]LogInit: Going up to parent DeviceProfile []
[2022.06.05-13.25.32:150][  0]LogConfig: Applying CVar settings from Section [ViewDistanceQuality@3] File [K:/Mastered/Trials/Trials/Saved/Config/Windows/Scalability.ini]
[2022.06.05-13.25.32:150][  0]LogConfig: Setting CVar [[r.SkeletalMeshLODBias:0]]
[2022.06.05-13.25.32:150][  0]LogConfig: Setting CVar [[r.ViewDistanceScale:1.0]]
[2022.06.05-13.25.32:151][  0]LogConfig: Applying CVar settings from Section [AntiAliasingQuality@3] File [K:/Mastered/Trials/Trials/Saved/Config/Windows/Scalability.ini]
[2022.06.05-13.25.32:151][  0]LogConfig: Setting CVar [[r.PostProcessAAQuality:4]]
[2022.06.05-13.25.32:151][  0]LogConfig: Applying CVar settings from Section [ShadowQuality@3] File [K:/Mastered/Trials/Trials/Saved/Config/Windows/Scalability.ini]
[2022.06.05-13.25.32:151][  0]LogConfig: Setting CVar [[r.LightFunctionQuality:1]]
[2022.06.05-13.25.32:151][  0]LogConfig: Setting CVar [[r.ShadowQuality:5]]
[2022.06.05-13.25.32:151][  0]LogConfig: Setting CVar [[r.Shadow.CSM.MaxCascades:10]]
[2022.06.05-13.25.32:151][  0]LogConfig: Setting CVar [[r.Shadow.MaxResolution:2048]]
[2022.06.05-13.25.32:151][  0]LogConfig: Setting CVar [[r.Shadow.MaxCSMResolution:2048]]
[2022.06.05-13.25.32:151][  0]LogConfig: Setting CVar [[r.Shadow.RadiusThreshold:0.01]]
[2022.06.05-13.25.32:151][  0]LogConfig: Setting CVar [[r.Shadow.DistanceScale:1.0]]
[2022.06.05-13.25.32:151][  0]LogConfig: Setting CVar [[r.Shadow.CSM.TransitionScale:1.0]]
[2022.06.05-13.25.32:151][  0]LogConfig: Setting CVar [[r.Shadow.PreShadowResolutionFactor:1.0]]
[2022.06.05-13.25.32:152][  0]LogConfig: Setting CVar [[r.DistanceFieldShadowing:1]]
[2022.06.05-13.25.32:152][  0]LogConfig: Setting CVar [[r.DistanceFieldAO:1]]
[2022.06.05-13.25.32:152][  0]LogConfig: Setting CVar [[r.AOQuality:2]]
[2022.06.05-13.25.32:152][  0]LogConfig: Setting CVar [[r.VolumetricFog:1]]
[2022.06.05-13.25.32:152][  0]LogConfig: Setting CVar [[r.VolumetricFog.GridPixelSize:8]]
[2022.06.05-13.25.32:152][  0]LogConfig: Setting CVar [[r.VolumetricFog.GridSizeZ:128]]
[2022.06.05-13.25.32:152][  0]LogConfig: Setting CVar [[r.VolumetricFog.HistoryMissSupersampleCount:4]]
[2022.06.05-13.25.32:152][  0]LogConfig: Setting CVar [[r.LightMaxDrawDistanceScale:1]]
[2022.06.05-13.25.32:152][  0]LogConfig: Setting CVar [[r.CapsuleShadows:1]]
[2022.06.05-13.25.32:152][  0]LogConfig: Applying CVar settings from Section [PostProcessQuality@3] File [K:/Mastered/Trials/Trials/Saved/Config/Windows/Scalability.ini]
[2022.06.05-13.25.32:152][  0]LogConfig: Setting CVar [[r.MotionBlurQuality:4]]
[2022.06.05-13.25.32:153][  0]LogConfig: Setting CVar [[r.AmbientOcclusionMipLevelFactor:0.4]]
[2022.06.05-13.25.32:153][  0]LogConfig: Setting CVar [[r.AmbientOcclusionMaxQuality:100]]
[2022.06.05-13.25.32:153][  0]LogConfig: Setting CVar [[r.AmbientOcclusionLevels:-1]]
[2022.06.05-13.25.32:153][  0]LogConfig: Setting CVar [[r.AmbientOcclusionRadiusScale:1.0]]
[2022.06.05-13.25.32:153][  0]LogConfig: Setting CVar [[r.DepthOfFieldQuality:2]]
[2022.06.05-13.25.32:153][  0]LogConfig: Setting CVar [[r.RenderTargetPoolMin:400]]
[2022.06.05-13.25.32:153][  0]LogConfig: Setting CVar [[r.LensFlareQuality:2]]
[2022.06.05-13.25.32:153][  0]LogConfig: Setting CVar [[r.SceneColorFringeQuality:1]]
[2022.06.05-13.25.32:153][  0]LogConfig: Setting CVar [[r.EyeAdaptationQuality:2]]
[2022.06.05-13.25.32:153][  0]LogConfig: Setting CVar [[r.BloomQuality:5]]
[2022.06.05-13.25.32:153][  0]LogConfig: Setting CVar [[r.FastBlurThreshold:100]]
[2022.06.05-13.25.32:153][  0]LogConfig: Setting CVar [[r.Upscale.Quality:3]]
[2022.06.05-13.25.32:154][  0]LogConfig: Setting CVar [[r.Tonemapper.GrainQuantization:1]]
[2022.06.05-13.25.32:154][  0]LogConfig: Setting CVar [[r.LightShaftQuality:1]]
[2022.06.05-13.25.32:154][  0]LogConfig: Setting CVar [[r.Filter.SizeScale:1]]
[2022.06.05-13.25.32:154][  0]LogConfig: Setting CVar [[r.Tonemapper.Quality:5]]
[2022.06.05-13.25.32:154][  0]LogConfig: Setting CVar [[r.DOF.Gather.AccumulatorQuality:1        ; higher gathering accumulator quality]]
[2022.06.05-13.25.32:154][  0]LogConfig: Setting CVar [[r.DOF.Gather.PostfilterMethod:1          ; Median3x3 postfilering method]]
[2022.06.05-13.25.32:154][  0]LogConfig: Setting CVar [[r.DOF.Gather.EnableBokehSettings:0       ; no bokeh simulation when gathering]]
[2022.06.05-13.25.32:154][  0]LogConfig: Setting CVar [[r.DOF.Gather.RingCount:4                 ; medium number of samples when gathering]]
[2022.06.05-13.25.32:154][  0]LogConfig: Setting CVar [[r.DOF.Scatter.ForegroundCompositing:1    ; additive foreground scattering]]
[2022.06.05-13.25.32:154][  0]LogConfig: Setting CVar [[r.DOF.Scatter.BackgroundCompositing:2    ; additive background scattering]]
[2022.06.05-13.25.32:154][  0]LogConfig: Setting CVar [[r.DOF.Scatter.EnableBokehSettings:1      ; bokeh simulation when scattering]]
[2022.06.05-13.25.32:154][  0]LogConfig: Setting CVar [[r.DOF.Scatter.MaxSpriteRatio:0.1         ; only a maximum of 10% of scattered bokeh]]
[2022.06.05-13.25.32:155][  0]LogConfig: Setting CVar [[r.DOF.Recombine.Quality:1                ; cheap slight out of focus]]
[2022.06.05-13.25.32:155][  0]LogConfig: Setting CVar [[r.DOF.Recombine.EnableBokehSettings:0    ; no bokeh simulation on slight out of focus]]
[2022.06.05-13.25.32:155][  0]LogConfig: Setting CVar [[r.DOF.TemporalAAQuality:1                ; more stable temporal accumulation]]
[2022.06.05-13.25.32:155][  0]LogConfig: Setting CVar [[r.DOF.Kernel.MaxForegroundRadius:0.025]]
[2022.06.05-13.25.32:155][  0]LogConfig: Setting CVar [[r.DOF.Kernel.MaxBackgroundRadius:0.025]]
[2022.06.05-13.25.32:155][  0]LogConfig: Applying CVar settings from Section [TextureQuality@3] File [K:/Mastered/Trials/Trials/Saved/Config/Windows/Scalability.ini]
[2022.06.05-13.25.32:155][  0]LogConfig: Setting CVar [[r.Streaming.MipBias:0]]
[2022.06.05-13.25.32:155][  0]LogConfig: Setting CVar [[r.Streaming.AmortizeCPUToGPUCopy:0]]
[2022.06.05-13.25.32:155][  0]LogConfig: Setting CVar [[r.Streaming.MaxNumTexturesToStreamPerFrame:0]]
[2022.06.05-13.25.32:155][  0]LogConfig: Setting CVar [[r.Streaming.Boost:1]]
[2022.06.05-13.25.32:155][  0]LogConfig: Setting CVar [[r.MaxAnisotropy:8]]
[2022.06.05-13.25.32:155][  0]LogConfig: Setting CVar [[r.VT.MaxAnisotropy:8]]
[2022.06.05-13.25.32:156][  0]LogConfig: Setting CVar [[r.Streaming.LimitPoolSizeToVRAM:0]]
[2022.06.05-13.25.32:156][  0]LogConfig: Setting CVar [[r.Streaming.PoolSize:1000]]
[2022.06.05-13.25.32:156][  0]LogConfig: Setting CVar [[r.Streaming.MaxEffectiveScreenSize:0]]
[2022.06.05-13.25.32:156][  0]LogConfig: Applying CVar settings from Section [EffectsQuality@3] File [K:/Mastered/Trials/Trials/Saved/Config/Windows/Scalability.ini]
[2022.06.05-13.25.32:156][  0]LogConfig: Setting CVar [[r.TranslucencyLightingVolumeDim:64]]
[2022.06.05-13.25.32:156][  0]LogConfig: Setting CVar [[r.RefractionQuality:2]]
[2022.06.05-13.25.32:156][  0]LogConfig: Setting CVar [[r.SSR.Quality:3]]
[2022.06.05-13.25.32:156][  0]LogConfig: Setting CVar [[r.SSR.HalfResSceneColor:0]]
[2022.06.05-13.25.32:156][  0]LogConfig: Setting CVar [[r.SceneColorFormat:4]]
[2022.06.05-13.25.32:156][  0]LogConfig: Setting CVar [[r.DetailMode:2]]
[2022.06.05-13.25.32:156][  0]LogConfig: Setting CVar [[r.TranslucencyVolumeBlur:1]]
[2022.06.05-13.25.32:156][  0]LogConfig: Setting CVar [[r.MaterialQualityLevel:1 ; High quality]]
[2022.06.05-13.25.32:157][  0]LogConfig: Setting CVar [[r.AnisotropicMaterials:1]]
[2022.06.05-13.25.32:157][  0]LogConfig: Setting CVar [[r.SSS.Scale:1]]
[2022.06.05-13.25.32:157][  0]LogConfig: Setting CVar [[r.SSS.SampleSet:2]]
[2022.06.05-13.25.32:157][  0]LogConfig: Setting CVar [[r.SSS.Quality:1]]
[2022.06.05-13.25.32:157][  0]LogConfig: Setting CVar [[r.SSS.HalfRes:0]]
[2022.06.05-13.25.32:157][  0]LogConfig: Setting CVar [[r.SSGI.Quality:3]]
[2022.06.05-13.25.32:157][  0]LogConfig: Setting CVar [[r.EmitterSpawnRateScale:1.0]]
[2022.06.05-13.25.32:157][  0]LogConfig: Setting CVar [[r.ParticleLightQuality:2]]
[2022.06.05-13.25.32:157][  0]LogConfig: Setting CVar [[r.SkyAtmosphere.AerialPerspectiveLUT.FastApplyOnOpaque:1 ; Always have FastSkyLUT 1 in this case to avoid wrong sky]]
[2022.06.05-13.25.32:157][  0]LogConfig: Setting CVar [[r.SkyAtmosphere.AerialPerspectiveLUT.SampleCountMaxPerSlice:4]]
[2022.06.05-13.25.32:157][  0]LogConfig: Setting CVar [[r.SkyAtmosphere.AerialPerspectiveLUT.DepthResolution:16.0]]
[2022.06.05-13.25.32:157][  0]LogConfig: Setting CVar [[r.SkyAtmosphere.FastSkyLUT:1]]
[2022.06.05-13.25.32:158][  0]LogConfig: Setting CVar [[r.SkyAtmosphere.FastSkyLUT.SampleCountMin:4.0]]
[2022.06.05-13.25.32:158][  0]LogConfig: Setting CVar [[r.SkyAtmosphere.FastSkyLUT.SampleCountMax:128.0]]
[2022.06.05-13.25.32:158][  0]LogConfig: Setting CVar [[r.SkyAtmosphere.SampleCountMin:4.0]]
[2022.06.05-13.25.32:158][  0]LogConfig: Setting CVar [[r.SkyAtmosphere.SampleCountMax:128.0]]
[2022.06.05-13.25.32:158][  0]LogConfig: Setting CVar [[r.SkyAtmosphere.TransmittanceLUT.UseSmallFormat:0]]
[2022.06.05-13.25.32:158][  0]LogConfig: Setting CVar [[r.SkyAtmosphere.TransmittanceLUT.SampleCount:10.0]]
[2022.06.05-13.25.32:158][  0]LogConfig: Setting CVar [[r.SkyAtmosphere.MultiScatteringLUT.SampleCount:15.0]]
[2022.06.05-13.25.32:158][  0]LogConfig: Setting CVar [[r.SkyLight.RealTimeReflectionCapture:1]]
[2022.06.05-13.25.32:158][  0]LogConfig: Applying CVar settings from Section [FoliageQuality@3] File [K:/Mastered/Trials/Trials/Saved/Config/Windows/Scalability.ini]
[2022.06.05-13.25.32:158][  0]LogConfig: Setting CVar [[foliage.DensityScale:1.0]]
[2022.06.05-13.25.32:158][  0]LogConfig: Setting CVar [[grass.DensityScale:1.0]]
[2022.06.05-13.25.32:159][  0]LogConfig: Applying CVar settings from Section [ShadingQuality@3] File [K:/Mastered/Trials/Trials/Saved/Config/Windows/Scalability.ini]
[2022.06.05-13.25.32:159][  0]LogConfig: Setting CVar [[r.HairStrands.SkyLighting.IntegrationType:2]]
[2022.06.05-13.25.32:159][  0]LogConfig: Setting CVar [[r.HairStrands.SkyAO.SampleCount:4]]
[2022.06.05-13.25.32:159][  0]LogConfig: Setting CVar [[r.HairStrands.Visibility.MSAA.SamplePerPixel:4]]
[2022.06.05-13.25.32:159][  0]LogConfig: Applying CVar settings from Section [Startup] File [../../../Engine/Config/ConsoleVariables.ini]
[2022.06.05-13.25.32:159][  0]LogConfig: Setting CVar [[net.UseAdaptiveNetUpdateFrequency:0]]
[2022.06.05-13.25.32:159][  0]LogConfig: Setting CVar [[p.chaos.AllowCreatePhysxBodies:1]]
[2022.06.05-13.25.32:159][  0]LogConfig: Setting CVar [[fx.SkipVectorVMBackendOptimizations:1]]
[2022.06.05-13.25.32:160][  0]LogConfig: Applying CVar settings from Section [ConsoleVariables] File [K:/Mastered/Trials/Trials/Saved/Config/Windows/Engine.ini]
[2022.06.05-13.25.32:160][  0]LogConfig: Applying CVar settings from Section [ConsoleVariables] File [K:/Mastered/Trials/Trials/Saved/Config/Windows/Editor.ini]
[2022.06.05-13.25.32:160][  0]LogInit: Computer: DESKTOP-70BM0B7
[2022.06.05-13.25.32:160][  0]LogInit: User: zilla
[2022.06.05-13.25.32:160][  0]LogInit: CPU Page size=4096, Cores=12
[2022.06.05-13.25.32:160][  0]LogInit: High frequency timer resolution =10.000000 MHz
[2022.06.05-13.25.32:160][  0]LogMemory: Memory total: Physical=31.9GB (32GB approx)
[2022.06.05-13.25.32:160][  0]LogMemory: Platform Memory Stats for Windows
[2022.06.05-13.25.32:160][  0]LogMemory: Process Physical Memory: 151.95 MB used, 151.96 MB peak
[2022.06.05-13.25.32:160][  0]LogMemory: Process Virtual Memory: 128.19 MB used, 128.19 MB peak
[2022.06.05-13.25.32:161][  0]LogMemory: Physical Memory: 16007.29 MB used,  16670.60 MB free, 32677.89 MB total
[2022.06.05-13.25.32:161][  0]LogMemory: Virtual Memory: 134199568.00 MB used,  18159.37 MB free, 134217728.00 MB total
[2022.06.05-13.25.32:462][  0]LogWindows: WindowsPlatformFeatures enabled
[2022.06.05-13.25.32:626][  0]LogInit: Physics initialised using underlying interface: PhysX
[2022.06.05-13.25.32:627][  0]LogInit: Using OS detected language (en-GB).
[2022.06.05-13.25.32:627][  0]LogInit: Using OS detected locale (en-GB).
[2022.06.05-13.25.32:634][  0]LogTextLocalizationManager: No specific localization for 'en-GB' exists, so the 'en' localization will be used.
[2022.06.05-13.25.32:812][  0]LogInit: Setting process to per monitor DPI aware
[2022.06.05-13.25.32:857][  0]LogWindowsTextInputMethodSystem: Display: IME system deactivated.
[2022.06.05-13.25.32:889][  0]LogSlate: New Slate User Created.  User Index 0, Is Virtual User: 0
[2022.06.05-13.25.32:889][  0]LogSlate: Slate User Registered.  User Index 0, Is Virtual User: 0
[2022.06.05-13.25.33:041][  0]LogD3D11RHI: Loaded GFSDK_Aftermath_Lib.x64.dll
[2022.06.05-13.25.33:047][  0]LogHMD: Failed to initialize OpenVR with code 110
[2022.06.05-13.25.33:047][  0]LogD3D11RHI: D3D11 min allowed feature level: 11_0
[2022.06.05-13.25.33:047][  0]LogD3D11RHI: D3D11 max allowed feature level: 11_0
[2022.06.05-13.25.33:047][  0]LogD3D11RHI: D3D11 adapters:
[2022.06.05-13.25.33:178][  0]LogD3D11RHI:    0. 'NVIDIA GeForce RTX 3080 Ti' (Feature Level 11_0)
[2022.06.05-13.25.33:178][  0]LogD3D11RHI:       12108/0/16338 MB DedicatedVideo/DedicatedSystem/SharedSystem, Outputs:2, VendorId:0x10de
[2022.06.05-13.25.33:184][  0]LogD3D11RHI:    1. 'Microsoft Basic Render Driver' (Feature Level 11_0)
[2022.06.05-13.25.33:184][  0]LogD3D11RHI:       0/0/16338 MB DedicatedVideo/DedicatedSystem/SharedSystem, Outputs:0, VendorId:0x1414
[2022.06.05-13.25.33:184][  0]LogD3D11RHI: Chosen D3D11 Adapter:
[2022.06.05-13.25.33:184][  0]LogD3D11RHI:     Description : NVIDIA GeForce RTX 3080 Ti
[2022.06.05-13.25.33:184][  0]LogD3D11RHI:     VendorId    : 10de
[2022.06.05-13.25.33:184][  0]LogD3D11RHI:     DeviceId    : 2208
[2022.06.05-13.25.33:184][  0]LogD3D11RHI:     SubSysId    : 40881458
[2022.06.05-13.25.33:185][  0]LogD3D11RHI:     Revision    : 00a1
[2022.06.05-13.25.33:185][  0]LogD3D11RHI:     DedicatedVideoMemory : 12696158208 bytes
[2022.06.05-13.25.33:185][  0]LogD3D11RHI:     DedicatedSystemMemory : 0 bytes
[2022.06.05-13.25.33:185][  0]LogD3D11RHI:     SharedSystemMemory : 17132623872 bytes
[2022.06.05-13.25.33:185][  0]LogD3D11RHI:     AdapterLuid : 0 81115
[2022.06.05-13.25.33:192][  0]LogD3D11RHI: Creating new Direct3DDevice
[2022.06.05-13.25.33:192][  0]LogD3D11RHI:     GPU DeviceId: 0x2208 (for the marketing name, search the web for "GPU Device Id")
[2022.06.05-13.25.33:192][  0]LogWindows: EnumDisplayDevices:
[2022.06.05-13.25.33:193][  0]LogWindows:    0. 'NVIDIA GeForce RTX 3080 Ti' (P:0 D:1)
[2022.06.05-13.25.33:193][  0]LogWindows:    1. 'NVIDIA GeForce RTX 3080 Ti' (P:1 D:1)
[2022.06.05-13.25.33:193][  0]LogWindows:    2. 'NVIDIA GeForce RTX 3080 Ti' (P:0 D:0)
[2022.06.05-13.25.33:193][  0]LogWindows:    3. 'NVIDIA GeForce RTX 3080 Ti' (P:0 D:0)
[2022.06.05-13.25.33:194][  0]LogWindows: DebugString: FoundDriverCount:4 
[2022.06.05-13.25.33:194][  0]LogD3D11RHI:     Adapter Name: NVIDIA GeForce RTX 3080 Ti
[2022.06.05-13.25.33:194][  0]LogD3D11RHI:   Driver Version: 512.59 (internal:30.0.15.1259, unified:512.59)
[2022.06.05-13.25.33:194][  0]LogD3D11RHI:      Driver Date: 4-20-2022
[2022.06.05-13.25.33:194][  0]LogRHI: Texture pool is 8475 MB (70% of 12108 MB)
[2022.06.05-13.25.33:194][  0]LogD3D11RHI: Creating D3DDevice using adapter:
[2022.06.05-13.25.33:194][  0]LogD3D11RHI:     Description : NVIDIA GeForce RTX 3080 Ti
[2022.06.05-13.25.33:194][  0]LogD3D11RHI:     VendorId    : 10de
[2022.06.05-13.25.33:194][  0]LogD3D11RHI:     DeviceId    : 2208
[2022.06.05-13.25.33:194][  0]LogD3D11RHI:     SubSysId    : 40881458
[2022.06.05-13.25.33:195][  0]LogD3D11RHI:     Revision    : 00a1
[2022.06.05-13.25.33:195][  0]LogD3D11RHI:     DedicatedVideoMemory : 12696158208 bytes
[2022.06.05-13.25.33:195][  0]LogD3D11RHI:     DedicatedSystemMemory : 0 bytes
[2022.06.05-13.25.33:195][  0]LogD3D11RHI:     SharedSystemMemory : 17132623872 bytes
[2022.06.05-13.25.33:195][  0]LogD3D11RHI:     AdapterLuid : 0 81115
[2022.06.05-13.25.33:257][  0]LogD3D11RHI: RHI has support for 64 bit atomics
[2022.06.05-13.25.33:257][  0]LogD3D11RHI: Async texture creation enabled
[2022.06.05-13.25.33:258][  0]LogD3D11RHI: Array index from any shader is supported
[2022.06.05-13.25.33:259][  0]LogD3D11RHI: HDR output is supported on display 0 (NvId: 0x80061081).
[2022.06.05-13.25.33:276][  0]LogD3D11RHI: GPU Timing Frequency: 1000.000000 (Debug: 2 1)
[2022.06.05-13.25.33:308][  0]LogRHI: GeForceNow SDK initialized: 1
[2022.06.05-13.25.33:582][  0]LogTargetPlatformManager: Display: Loaded TargetPlatform 'AllDesktop'
[2022.06.05-13.25.33:609][  0]LogTargetPlatformManager: Display: Loaded TargetPlatform 'Android'
[2022.06.05-13.25.33:609][  0]LogTargetPlatformManager: Display: Loaded TargetPlatform 'Android_ASTC'
[2022.06.05-13.25.33:609][  0]LogTargetPlatformManager: Display: Loaded TargetPlatform 'Android_DXT'
[2022.06.05-13.25.33:609][  0]LogTargetPlatformManager: Display: Loaded TargetPlatform 'Android_ETC2'
[2022.06.05-13.25.33:609][  0]LogTargetPlatformManager: Display: Loaded TargetPlatform 'AndroidClient'
[2022.06.05-13.25.33:609][  0]LogTargetPlatformManager: Display: Loaded TargetPlatform 'Android_ASTCClient'
[2022.06.05-13.25.33:609][  0]LogTargetPlatformManager: Display: Loaded TargetPlatform 'Android_DXTClient'
[2022.06.05-13.25.33:609][  0]LogTargetPlatformManager: Display: Loaded TargetPlatform 'Android_ETC2Client'
[2022.06.05-13.25.33:610][  0]LogTargetPlatformManager: Display: Loaded TargetPlatform 'Android_Multi'
[2022.06.05-13.25.33:610][  0]LogTargetPlatformManager: Display: Loaded TargetPlatform 'Android_MultiClient'
[2022.06.05-13.25.33:644][  0]LogTargetPlatformManager: Display: Loaded TargetPlatform 'IOSClient'
[2022.06.05-13.25.33:644][  0]LogTargetPlatformManager: Display: Loaded TargetPlatform 'IOS'
[2022.06.05-13.25.33:659][  0]LogTargetPlatformManager: Display: Loaded TargetPlatform 'Linux'
[2022.06.05-13.25.33:670][  0]LogTargetPlatformManager: Display: Loaded TargetPlatform 'LinuxNoEditor'
[2022.06.05-13.25.33:681][  0]LogTargetPlatformManager: Display: Loaded TargetPlatform 'LinuxClient'
[2022.06.05-13.25.33:691][  0]LogTargetPlatformManager: Display: Loaded TargetPlatform 'LinuxServer'
[2022.06.05-13.25.33:705][  0]LogTargetPlatformManager: Display: Loaded TargetPlatform 'LinuxAArch64NoEditor'
[2022.06.05-13.25.33:716][  0]LogTargetPlatformManager: Display: Loaded TargetPlatform 'LinuxAArch64Client'
[2022.06.05-13.25.33:726][  0]LogTargetPlatformManager: Display: Loaded TargetPlatform 'LinuxAArch64Server'
[2022.06.05-13.25.33:753][  0]LogTargetPlatformManager: Display: Loaded TargetPlatform 'Lumin'
[2022.06.05-13.25.33:753][  0]LogTargetPlatformManager: Display: Loaded TargetPlatform 'LuminClient'
[2022.06.05-13.25.33:767][  0]LogTargetPlatformManager: Display: Loaded TargetPlatform 'MacNoEditor'
[2022.06.05-13.25.33:777][  0]LogTargetPlatformManager: Display: Loaded TargetPlatform 'Mac'
[2022.06.05-13.25.33:787][  0]LogTargetPlatformManager: Display: Loaded TargetPlatform 'MacClient'
[2022.06.05-13.25.33:796][  0]LogTargetPlatformManager: Display: Loaded TargetPlatform 'MacServer'
[2022.06.05-13.25.33:813][  0]LogTargetPlatformManager: Display: Loaded TargetPlatform 'TVOSClient'
[2022.06.05-13.25.33:813][  0]LogTargetPlatformManager: Display: Loaded TargetPlatform 'TVOS'
[2022.06.05-13.25.33:828][  0]LogTargetPlatformManager: Display: Loaded TargetPlatform 'WindowsNoEditor'
[2022.06.05-13.25.33:839][  0]LogTargetPlatformManager: Display: Loaded TargetPlatform 'Windows'
[2022.06.05-13.25.33:849][  0]LogTargetPlatformManager: Display: Loaded TargetPlatform 'WindowsClient'
[2022.06.05-13.25.33:860][  0]LogTargetPlatformManager: Display: Loaded TargetPlatform 'WindowsServer'
[2022.06.05-13.25.33:860][  0]LogTargetPlatformManager: Display: Building Assets For Windows
[2022.06.05-13.25.33:900][  0]LogAudioDebug: Display: Lib vorbis DLL was dynamically loaded.
[2022.06.05-13.25.34:011][  0]LogTextureFormatOodle: Display: Oodle Texture 2.9.0 init RDO Off
[2022.06.05-13.25.34:113][  0]LogRendererCore: Ray tracing is disabled. Reason: r.RayTracing=0.
[2022.06.05-13.25.34:113][  0]LogShaderCompilers: Guid format shader working directory is 20 characters bigger than the processId version (K:/Mastered/Trials/Trials/Intermediate/Shaders/WorkingDirectory/26648/).
[2022.06.05-13.25.34:113][  0]LogShaderCompilers: Cleaned the shader compiler working directory 'C:/Users/zilla/AppData/Local/Temp/UnrealShaderWorkingDir/B388D6CC4048702271DA22880E0369DE/'.
[2022.06.05-13.25.34:114][  0]LogXGEController: Cannot use XGE Controller as Incredibuild is not installed on this machine.
[2022.06.05-13.25.34:114][  0]LogShaderCompilers: Cannot use XGE Shader Compiler as Incredibuild is not installed on this machine.
[2022.06.05-13.25.34:114][  0]LogShaderCompilers: Display: Using Local Shader Compiler.
[2022.06.05-13.25.34:738][  0]LogDerivedDataCache: Display: Max Cache Size: 512 MB
[2022.06.05-13.25.34:785][  0]LogDerivedDataCache: Loaded boot cache 0.05s 94MB C:/Users/zilla/AppData/Local/UnrealEngine/4.27/DerivedDataCache/Boot.ddc.
[2022.06.05-13.25.34:785][  0]LogDerivedDataCache: Display: Loaded Boot cache: C:/Users/zilla/AppData/Local/UnrealEngine/4.27/DerivedDataCache/Boot.ddc
[2022.06.05-13.25.34:786][  0]LogDerivedDataCache: FDerivedDataBackendGraph:  Pak pak cache file K:/Mastered/Trials/Trials/DerivedDataCache/DDC.ddp not found, will not use a pak cache.
[2022.06.05-13.25.34:786][  0]LogDerivedDataCache: Unable to find inner node Pak for hierarchical cache Hierarchy.
[2022.06.05-13.25.34:786][  0]LogDerivedDataCache: FDerivedDataBackendGraph:  CompressedPak pak cache file K:/Mastered/Trials/Trials/DerivedDataCache/Compressed.ddp not found, will not use a pak cache.
[2022.06.05-13.25.34:786][  0]LogDerivedDataCache: Unable to find inner node CompressedPak for hierarchical cache Hierarchy.
[2022.06.05-13.25.34:802][  0]LogDerivedDataCache: Display: Pak cache opened for reading ../../../Engine/DerivedDataCache/Compressed.ddp.
[2022.06.05-13.25.34:802][  0]LogDerivedDataCache: FDerivedDataBackendGraph:  EnterprisePak pak cache file ../../../Enterprise/DerivedDataCache/Compressed.ddp not found, will not use a pak cache.
[2022.06.05-13.25.34:802][  0]LogDerivedDataCache: Unable to find inner node EnterprisePak for hierarchical cache Hierarchy.
[2022.06.05-13.25.34:822][  0]LogDerivedDataCache: Speed tests for C:/Users/zilla/AppData/Local/UnrealEngine/Common/DerivedDataCache took 0.02 seconds
[2022.06.05-13.25.34:822][  0]LogDerivedDataCache: Display: Performance to C:/Users/zilla/AppData/Local/UnrealEngine/Common/DerivedDataCache: Latency=0.03ms. RandomReadSpeed=862.82MBs, RandomWriteSpeed=51.68MBs. Assigned SpeedClass 'Local'
[2022.06.05-13.25.34:823][  0]LogDerivedDataCache: Using Local data cache path C:/Users/zilla/AppData/Local/UnrealEngine/Common/DerivedDataCache: Writable
[2022.06.05-13.25.34:823][  0]LogDerivedDataCache: Shared data cache path not found in *engine.ini, will not use an Shared cache.
[2022.06.05-13.25.34:823][  0]LogDerivedDataCache: Unable to find inner node Shared for hierarchical cache Hierarchy.
[2022.06.05-13.25.34:864][  0]LogSlate: Using FreeType 2.10.0
[2022.06.05-13.25.34:865][  0]LogSlate: SlateFontServices - WITH_FREETYPE: 1, WITH_HARFBUZZ: 1
[2022.06.05-13.25.34:893][  0]LogAssetRegistry: FAssetRegistry took 0.0029 seconds to start up
[2022.06.05-13.25.35:101][  0]LogInit: Selected Device Profile: [Windows]
[2022.06.05-13.25.35:101][  0]LogInit: Active device profile: [0000023D531EB200][0000023D529C3100 49] Windows
[2022.06.05-13.25.35:101][  0]LogInit: Profiles: [0000023D531EB200][0000023D529C3100 49] Windows, [0000023D53179100][0000023D529CB280 49] WindowsNoEditor, [0000023D531E9000][0000023D529D7400 49] WindowsServer, [0000023D5317B000][0000023D529DB580 49] WindowsClient, [0000023D531EAF00][0000023D529DF700 49] IOS, [0000023D53179500][0000023D5299F880 49] iPadAir, [0000023D531E9400][0000023D529A3A00 49] iPadAir2, [0000023D52F4C200][0000023D529E6140 49] IPadPro, [0000023D52F4C300][0000023D529AA180 49] iPadAir3, [0000023D531EAB00][0000023D529FA300 49] iPadAir4, [0000023D52F4EA00][0000023D529A6480 49] iPadMini2, [0000023D531E9600][0000023D529C65C0 49] iPadMini3, [0000023D52F4D700][0000023D541DE700 49] iPadMini4, [0000023D531EA700][0000023D47D66840 49] iPadMini5, [0000023D52F2FA00][0000023D47D92AC0 49] iPhone6, [0000023D52F2FB00][0000023D47D8AB00 49] iPodTouch6, [0000023D52F4FA00][0000023D47D9ADC0 49] iPhone7, [0000023D52F4E900][0000023D47D96E00 49] iPodTouch7, [0000023D52F2D300][0000023D47D9EF80 49] iPhone5S, [0000023D52F4D600][0000023D51333100 49] iPhone6Plus, [0000023D52F2EB00][0000023D51337280 49] iPhone6S, [0000023D52F4E600][0000023D541E3400 49] iPhone6SPlus, [0000023D52F2D800][0000023D541E7580 49] iPhone7Plus, [0000023D52F4DA00][0000023D541EB700 49] iPhoneSE, [0000023D52F2FD00][0000023D53F07880 49] iPhone8, [0000023D52F4D100][0000023D53F0BA00 49] iPhone8Plus, [0000023D52F2D200][0000023D54203B80 49] iPhoneX, [0000023D52F4DB00][0000023D5420A180 49] iPhoneXS, [0000023D52F2E800][0000023D5421A300 49] iPhoneXSMax, [0000023D52F4F100][0000023D47590480 49] iPhoneXR, [0000023D52F2F900][0000023D47594600 49] iPhone11, [0000023D52F4F700][0000023D47D8E740 49] iPhone11Pro, [0000023D52F2EC00][0000023D47598880 49] iPhone11ProMax, [0000023D52F4D200][0000023D4759C9C0 49] iPhoneSE2, [0000023D52F2DF00][0000023D475A0B00 49] iPhone12Mini, [0000023D52F4DC00][0000023D53A40C80 49] iPhone12, [0000023D52F2E100][0000023D53A4EE00 49] iPhone12Pro, [0000023D52F4D300][0000023D53A52F80 49] iPhone12ProMax, [0000023D52F2E200][0000023D53AC7100 49] iPadPro105, [0000023D52F4EE00][0000023D53ACB280 49] iPadPro129, [0000023D52F2E000][0000023D47D17400 49] iPadPro97, [0000023D52F4EF00][0000023D47D1B580 49] iPadPro2_129, [0000023D52F2FC00][0000023D47D1F700 49] iPad5, [0000023D52F4D000][0000023D47D23880 49] iPad6, [0000023D52F2C300][0000023D47D27A00 49] iPad7, [0000023D52F4FB00][0000023D47D2BB80 49] iPad8, [0000023D52F2F800][0000023D47D2E180 49] iPadPro11, [0000023D52F4FE00][0000023D47D46300 49] iPadPro2_11, [0000023D52F2C500][0000023D47D4A480 49] iPadPro3_129, [0000023D52F4EB00][0000023D47D4E600 49] iPadPro4_129, [0000023D52F2E700][0000023D47D52780 49] AppleTV, [0000023D52F4EC00][0000023D47D5E900 49] AppleTV4K, [0000023D52F2F100][0000023D475B8A40 49] TVOS, [0000023D52F4F500][0000023D47D62B80 49] Mac, [0000023D52F2CD00][0000023D4BCBECC0 49] MacClient, [0000023D52F4E100][0000023D4BCC6E40 49] MacNoEditor, [0000023D52F2E400][0000023D4BCCEFC0 49] MacServer, [0000023D52F4E800][0000023D4BCD3140 49] Linux, [0000023D52F2C200][0000023D47D6B2C0 49] LinuxAArch64, [0000023D52F4F400][0000023D47D6F440 49] LinuxNoEditor, [0000023D52F2D600][0000023D47D735C0 49] LinuxAArch64NoEditor, [0000023D5317BA00][0000023D47D77740 49] LinuxClient, [0000023D533AD700][0000023D47D7B8C0 49] LinuxAArch64Client, [0000023D53179200][0000023D47D7FA40 49] LinuxServer, [0000023D533AC100][0000023D47D83BC0 49] LinuxAArch64Server, [0000023D53179600][0000023D4BCCA1C0 49] Android, [0000023D533AD600][0000023D47D86340 49] Android_Low, [0000023D53179400][0000023D4BCD64C0 49] Android_Mid, [0000023D533ACE00][0000023D512E8640 49] Android_High, [0000023D5317AB00][0000023D512EC7C0 49] Android_Default, [0000023D533AC200][0000023D512F0940 49] Android_Adreno4xx, [0000023D5317BE00][0000023D53F0EAC0 49] Android_Adreno5xx_Low, [0000023D533AC300][0000023D4BCC2C00 49] Android_Adreno5xx, [0000023D5317AD00][0000023D4C298D40 49] Android_Adreno6xx, [0000023D533ACD00][0000023D529AEE80 49] Android_Adreno6xx_Vulkan, [0000023D53178800][0000023D4753AFC0 49] Android_Mali_T6xx, [0000023D533AD100][0000023D47543140 49] Android_Mali_T7xx, [0000023D53178A00][0000023D475472C0 49] Android_Mali_T8xx, [0000023D533ADD00][0000023D4754B440 49] Android_Mali_G71, [0000023D53179E00][0000023D4754F5C0 49] Android_Mali_G72, [0000023D533AD000][0000023D47553740 49] Android_Mali_G72_Vulkan, [0000023D52F2F400][0000023D475578C0 49] Android_Mali_G76, [0000023D52F4D800][0000023D4755BA40 49] Android_Mali_G76_Vulkan, [0000023D52F2E900][0000023D4755FBC0 49] Android_Mali_G77, [0000023D52F4F900][0000023D475621C0 49] Android_Mali_G77_Vulkan, [0000023D52F2FE00][0000023D47566340 49] Android_Mali_G78, [0000023D52F4DD00][0000023D4756A4C0 49] Android_Mali_G78_Vulkan, [0000023D52F2F700][0000023D4756E640 49] Android_Mali_G710, [0000023D52F4CD00][0000023D475727C0 49] Android_Mali_G710_Vulkan, [0000023D52F2DA00][0000023D512F4940 49] Android_Vulkan_SM5, [0000023D52F4D400][0000023D512F8AC0 49] Android_PowerVR_G6xxx, [0000023D52F2F300][0000023D512FCC40 49] Android_PowerVR_GT7xxx, [0000023D52F4F000][0000023D4753ED80 49] Android_PowerVR_GE8xxx, [0000023D52F2F600][0000023D51300EC0 49] Android_PowerVR_GM9xxx, [0000023D52F4E300][0000023D51305000 49] Android_PowerVR_GM9xxx_Vulkan, [0000023D52F2E600][0000023D51309140 49] Android_TegraK1, [0000023D52F4C900][0000023D513112C0 49] Android_Unknown_Vulkan, [0000023D52F2CF00][0000023D51315440 49] Lumin, [0000023D533AC600][0000023D513195C0 49] Lumin_Desktop, [0000023D52F2D500][0000023D5131D740 49] HoloLens, 
[2022.06.05-13.25.35:281][  0]LogMeshReduction: Using QuadricMeshReduction for automatic static mesh reduction
[2022.06.05-13.25.35:281][  0]LogMeshReduction: Using SimplygonMeshReduction for automatic skeletal mesh reduction
[2022.06.05-13.25.35:281][  0]LogMeshReduction: Using ProxyLODMeshReduction for automatic mesh merging
[2022.06.05-13.25.35:281][  0]LogMeshReduction: No distributed automatic mesh merging module available
[2022.06.05-13.25.35:282][  0]LogMeshMerging: No distributed automatic mesh merging module available
[2022.06.05-13.25.35:304][  0]LogNetVersion: Trials 1.0.0, NetCL: 17155196, EngineNetVer: 17, GameNetVer: 0 (Checksum: 216293165)
[2022.06.05-13.25.35:633][  0]LogTexture: Default maximum texture size for cubemaps generated from long-lat sources has been changed from 512 to unlimited. In order to preserve old behaiour for '/Engine/MapTemplates/Sky/DaylightAmbientCubemap.DaylightAmbientCubemap', its maximum texture size has been explicitly set to 512.
[2022.06.05-13.25.35:681][  0]LogHMD: PokeAHoleMaterial loaded successfully
[2022.06.05-13.25.35:687][  0]LogUObjectArray: 17178 objects as part of root set at end of initial load.
[2022.06.05-13.25.35:687][  0]LogUObjectAllocator: 4302048 out of 0 bytes used by permanent object pool.
[2022.06.05-13.25.35:687][  0]LogUObjectArray: CloseDisregardForGC: 0/0 objects in disregard for GC pool
[2022.06.05-13.25.36:322][  0]LogNiagaraDebuggerClient: Niagara Debugger Client Initialized | Session: 308EC87B430BD7CA4C674C9B85236782 | Instance: 25B28499462A13A46E7BCF86463B03CE (DESKTOP-70BM0B7-26648).
[2022.06.05-13.25.36:411][  0]LogPython: Using Python 3.7.7
[2022.06.05-13.25.37:089][  0]LogTcpMessaging: Initializing TcpMessaging bridge
[2022.06.05-13.25.37:101][  0]LogUdpMessaging: Initializing bridge on interface 0.0.0.0:0 to multicast group 230.0.0.1:6666.
[2022.06.05-13.25.37:302][  0]LogLinker: Warning: [AssetLog] K:\Mastered\Trials\Trials\Content\Animations\TUTORIAL_RESOURCES\Animations\MeleeFistAttack.uasset: Failed to load '/Script/Trialed': Can't find file.
[2022.06.05-13.25.37:303][  0]LogLinker: Warning: [AssetLog] K:\Mastered\Trials\Trials\Content\Animations\TUTORIAL_RESOURCES\Animations\MeleeFistAttack.uasset: Failed to load '/Script/Trialed': Can't find file.
[2022.06.05-13.25.37:303][  0]LogLinker: Warning: [AssetLog] K:\Mastered\Trials\Trials\Content\Animations\TUTORIAL_RESOURCES\Animations\MeleeFistAttack.uasset: Failed to load '/Script/Trialed': Can't find file.
[2022.06.05-13.25.37:303][  0]LogLinker: Warning: Failed to load '/Script/Trialed': Can't find file.
[2022.06.05-13.25.37:304][  0]LogLinker: Warning: Failed to load '/Script/Trialed': Can't find file.
[2022.06.05-13.25.37:304][  0]LogLinker: Warning: Failed to load '/Script/Trialed': Can't find file.
[2022.06.05-13.25.37:304][  0]LogLinker: Warning: Failed to load '/Script/Trialed': Can't find file.
[2022.06.05-13.25.37:304][  0]LogLinker: Warning: Failed to load '/Script/Trialed': Can't find file.
[2022.06.05-13.25.37:304][  0]LogLinker: Warning: Failed to load '/Script/Trialed': Can't find file.
[2022.06.05-13.25.37:956][  0]SourceControl: Source control is disabled
[2022.06.05-13.25.37:956][  0]SourceControl: Source control is disabled
[2022.06.05-13.25.37:967][  0]SourceControl: Source control is disabled
[2022.06.05-13.25.37:977][  0]SourceControl: Source control is disabled
[2022.06.05-13.25.37:998][  0]SourceControl: Source control is disabled
[2022.06.05-13.25.41:401][  0]LogUProjectInfo: Found projects:
[2022.06.05-13.25.41:973][  0]LogOpenImageDenoise: OIDN starting up
[2022.06.05-13.25.42:070][  0]LogAndroidPermission: UAndroidPermissionCallbackProxy::GetInstance
[2022.06.05-13.25.42:138][  0]LogAudioCaptureCore: Display: No Audio Capture implementations found. Audio input will be silent.
[2022.06.05-13.25.42:138][  0]LogAudioCaptureCore: Display: No Audio Capture implementations found. Audio input will be silent.
[2022.06.05-13.25.42:592][  0]LogCollectionManager: Loaded 0 collections in 0.001818 seconds
[2022.06.05-13.25.42:670][  0]LogFileCache: Scanning file cache for directory 'K:/Mastered/Trials/Trials/Saved/Collections/' took 0.00s
[2022.06.05-13.25.42:670][  0]LogFileCache: Scanning file cache for directory 'K:/Mastered/Trials/Trials/Content/Developers/zilla/Collections/' took 0.00s
[2022.06.05-13.25.42:670][  0]LogFileCache: Scanning file cache for directory 'K:/Mastered/Trials/Trials/Content/Collections/' took 0.00s
[2022.06.05-13.25.42:671][  0]LogOcInput: OculusInput pre-init called
[2022.06.05-13.25.43:024][  0]LogStreaming: Warning: Failed to read file '../../../Engine/Plugins/MegascansPlugin/Resources/Logo80x80.png' error.
[2022.06.05-13.25.43:024][  0]LogSlate: Could not find file for Slate resource: ../../../Engine/Plugins/MegascansPlugin/Resources/Logo80x80.png
[2022.06.05-13.25.43:227][  0]LogStreaming: Warning: Failed to read file '../../../Engine/Plugins/MegascansPlugin/Resources/Logo80x80.png' error.
[2022.06.05-13.25.43:228][  0]LogSlate: Could not find file for Slate resource: ../../../Engine/Plugins/MegascansPlugin/Resources/Logo80x80.png
[2022.06.05-13.25.43:228][  0]LogStreaming: Warning: Failed to read file '../../../Engine/Plugins/MegascansPlugin/Resources/Logo32x32.png' error.
[2022.06.05-13.25.43:228][  0]LogSlate: Could not find file for Slate resource: ../../../Engine/Plugins/MegascansPlugin/Resources/Logo32x32.png
[2022.06.05-13.25.43:228][  0]LogClass: Display: Int8Property FMTSJson::version is not initialized properly. Module:MegascansPlugin File:Private/Utilities/MTSReader.h
[2022.06.05-13.25.43:228][  0]LogClass: Display: Int16Property FMTSJson::resolutionValue is not initialized properly. Module:MegascansPlugin File:Private/Utilities/MTSReader.h
[2022.06.05-13.25.43:229][  0]LogClass: Display: BoolProperty FMTSJson::isExternal is not initialized properly. Module:MegascansPlugin File:Private/Utilities/MTSReader.h
[2022.06.05-13.25.43:229][  0]LogClass: Display: Int8Property FMTSJson::meshVersion is not initialized properly. Module:MegascansPlugin File:Private/Utilities/MTSReader.h
[2022.06.05-13.25.43:229][  0]LogClass: Display: BoolProperty FMTSJson::isCustom is not initialized properly. Module:MegascansPlugin File:Private/Utilities/MTSReader.h
[2022.06.05-13.25.43:229][  0]LogClass: Display: BoolProperty FMTSJson::isModularAsset is not initialized properly. Module:MegascansPlugin File:Private/Utilities/MTSReader.h
[2022.06.05-13.25.43:229][  0]LogClass: Display: Int8Property FLodList::variation is not initialized properly. Module:MegascansPlugin File:Private/Utilities/MTSReader.h
[2022.06.05-13.25.43:229][  0]LogClass: Display: Int16Property FMeshList::resolution is not initialized properly. Module:MegascansPlugin File:Private/Utilities/MTSReader.h
[2022.06.05-13.25.43:230][  0]LogClass: Display: Int16Property FComponents::resolution is not initialized properly. Module:MegascansPlugin File:Private/Utilities/MTSReader.h
[2022.06.05-13.25.43:230][  0]LogClass: Display: BoolProperty FTextureSets::isUdim is not initialized properly. Module:MegascansPlugin File:Private/Utilities/MTSReader.h
[2022.06.05-13.25.43:230][  0]LogClass: Display: BoolProperty FMeta::value is not initialized properly. Module:MegascansPlugin File:Private/Utilities/MTSReader.h
[2022.06.05-13.25.43:230][  0]LogClass: Display: 11 Uninitialized script struct members found including 0 object properties
[2022.06.05-13.25.43:231][  0]LogAutomationTest: Warning: Failed to read file '../../../Engine/Plugins/MegascansPlugin/Resources/Logo80x80.png' error.
[2022.06.05-13.25.43:231][  0]LogAutomationTest: Warning: Failed to read file '../../../Engine/Plugins/MegascansPlugin/Resources/Logo32x32.png' error.
[2022.06.05-13.25.43:232][  0]LogEngine: Initializing Engine...
[2022.06.05-13.25.43:273][  0]LogHMD: Optional extension XR_VARJO_quad_views is not available
[2022.06.05-13.25.43:273][  0]LogHMD: Warning: Required extension XR_EXT_eye_gaze_interaction is not available
[2022.06.05-13.25.43:273][  0]LogHMD: Could not enable all required OpenXR extensions for OpenXREyeTracker on current system. This plugin will be loaded but ignored, but will be enabled on a target platform that supports the required extension.
[2022.06.05-13.25.43:775][  0]LogHMD: Failed to get an OpenXR system, result is XR_ERROR_FORM_FACTOR_UNAVAILABLE. Please check that your runtime supports VR headsets.
[2022.06.05-13.25.43:775][  0]LogHMD: Failed to initialize OpenVR with code 110
[2022.06.05-13.25.43:776][  0]LogMagicLeap: Warning: VR disabled because ZI is not enabled.  To enable, in the editor, Edit -> Project Settings -> Plugins -> Magic Leap Plugin -> Enable Zero Iteration
[2022.06.05-13.25.43:777][  0]LogStats: UGameplayTagsManager::InitializeManager -  0.000 s
[2022.06.05-13.25.43:888][  0]LogInit: Initializing FReadOnlyCVARCache
[2022.06.05-13.25.43:902][  0]LogAIModule: Creating AISystem for world Untitled
[2022.06.05-13.25.43:903][  0]LogAudio: Display: Initializing Audio Device Manager...
[2022.06.05-13.25.43:912][  0]LogAudio: Display: Loading Default Audio Settings Objects...
[2022.06.05-13.25.43:913][  0]LogAudio: Display: No default SoundConcurrencyObject specified (or failed to load).
[2022.06.05-13.25.43:914][  0]LogAudio: Display: Audio Device Manager Initialized
[2022.06.05-13.25.43:914][  0]LogAudio: Display: Creating Audio Device:                 Id: 1, Scope: Shared, Realtime: True
[2022.06.05-13.25.43:914][  0]LogAudioMixer: Display: Audio Mixer Platform Settings:
[2022.06.05-13.25.43:914][  0]LogAudioMixer: Display: 	Sample Rate:						  48000
[2022.06.05-13.25.43:914][  0]LogAudioMixer: Display: 	Callback Buffer Frame Size Requested: 1024
[2022.06.05-13.25.43:914][  0]LogAudioMixer: Display: 	Callback Buffer Frame Size To Use:	  1024
[2022.06.05-13.25.43:915][  0]LogAudioMixer: Display: 	Number of buffers to queue:			  2
[2022.06.05-13.25.43:915][  0]LogAudioMixer: Display: 	Max Channels (voices):				  32
[2022.06.05-13.25.43:915][  0]LogAudioMixer: Display: 	Number of Async Source Workers:		  0
[2022.06.05-13.25.43:915][  0]LogAudio: Display: AudioDevice MaxSources: 32
[2022.06.05-13.25.43:916][  0]LogAudio: Display: Audio Spatialization Plugin: None (built-in).
[2022.06.05-13.25.43:916][  0]LogAudio: Display: Audio Reverb Plugin: None (built-in).
[2022.06.05-13.25.43:916][  0]LogAudio: Display: Audio Occlusion Plugin: None (built-in).
[2022.06.05-13.25.43:916][  0]LogAudioMixer: Display: Initializing audio mixer.
[2022.06.05-13.25.44:423][  0]LogAudioMixer: Display: 0: FrontLeft
[2022.06.05-13.25.44:423][  0]LogAudioMixer: Display: 1: FrontRight
[2022.06.05-13.25.44:676][  0]LogAudioMixer: Display: Using Audio Device Headphones (W-KING D9-1 Stereo)
[2022.06.05-13.25.44:678][  0]LogAudioMixer: Display: Initializing Sound Submixes...
[2022.06.05-13.25.44:681][  0]LogAudioMixer: Display: Creating Master Submix 'MasterSubmixDefault'
[2022.06.05-13.25.44:681][  0]LogAudioMixer: Display: Creating Master Submix 'MasterReverbSubmixDefault'
[2022.06.05-13.25.44:682][  0]LogAudioMixer: Display: Creating Master Submix 'MasterEQSubmixDefault'
[2022.06.05-13.25.44:682][  0]LogAudioMixer: FMixerPlatformXAudio2::StartAudioStream() called
[2022.06.05-13.25.44:682][  0]LogAudioMixer: Display: Output buffers initialized: Frames=1024, Channels=2, Samples=2048
[2022.06.05-13.25.44:684][  0]LogAudioMixer: Display: Starting AudioMixerPlatformInterface::RunInternal()
[2022.06.05-13.25.44:684][  0]LogAudioMixer: Display: FMixerPlatformXAudio2::SubmitBuffer() called for the first time
[2022.06.05-13.25.44:684][  0]LogInit: FAudioDevice initialized.
[2022.06.05-13.25.44:685][  0]LogAudio: Display: Audio Device (ID: 1) registered with world 'Untitled'.
[2022.06.05-13.25.44:685][  0]LogNetVersion: Set ProjectVersion to 1.0.0.0. Version Checksum will be recalculated on next use.
[2022.06.05-13.25.44:772][  0]LogDerivedDataCache: Saved boot cache 0.09s 94MB C:/Users/zilla/AppData/Local/UnrealEngine/4.27/DerivedDataCache/Boot.ddc.
[2022.06.05-13.25.44:776][  0]LogInit: Texture streaming: Enabled
[2022.06.05-13.25.44:808][  0]LogAnalytics: Display: [UEEditor.Rocket.Release] APIServer = https://datarouter.ol.epicgames.com/. AppVersion = 4.27.2-18319896+++UE4+Release-4.27
[2022.06.05-13.25.44:827][  0]LogEngineSessionManager: EngineSessionManager initialized
[2022.06.05-13.25.44:827][  0]LogEngineSessionManager: EngineSessionManager sent abnormal shutdown report. Type=Debugger, SessionId={29BF628E-4C49-07EE-B4FF-E29A64984599}
[2022.06.05-13.25.44:827][  0]LogEngineSessionManager: EngineSessionManager sent abnormal shutdown report. Type=Debugger, SessionId={9E828E2E-41C4-87B5-B612-6D8484A68FF0}
[2022.06.05-13.25.44:827][  0]LogEditorSessionSummary: Verbose: Initializing EditorSessionSummaryWriter for editor session tracking
[2022.06.05-13.25.44:838][  0]LogEditorSessionSummary: EditorSessionSummaryWriter initialized
[2022.06.05-13.25.44:882][  0]LogInit: Transaction tracking system initialized
[2022.06.05-13.25.44:941][  0]BlueprintLog: New page: Editor Load
[2022.06.05-13.25.45:093][  0]LocalizationService: Localization service is disabled
[2022.06.05-13.25.45:157][  0]TimingProfiler: Initialize
[2022.06.05-13.25.45:157][  0]TimingProfiler: OnSessionChanged
[2022.06.05-13.25.45:157][  0]LoadingProfiler: Initialize
[2022.06.05-13.25.45:157][  0]LoadingProfiler: OnSessionChanged
[2022.06.05-13.25.45:158][  0]NetworkingProfiler: Initialize
[2022.06.05-13.25.45:158][  0]NetworkingProfiler: OnSessionChanged
[2022.06.05-13.25.45:158][  0]MemoryProfiler: Initialize
[2022.06.05-13.25.45:158][  0]MemoryProfiler: OnSessionChanged
[2022.06.05-13.25.45:626][  0]LogCook: Display: CookSettings for Memory: MemoryMaxUsedVirtual 0MiB, MemoryMaxUsedPhysical 16384MiB, MemoryMinFreeVirtual 0MiB, MemoryMinFreePhysical 1024MiB
[2022.06.05-13.25.45:626][  0]LogCook: Display: Mobile HDR setting 1
[2022.06.05-13.25.45:913][  0]LogFileCache: Scanning file cache for directory 'K:/Mastered/Trials/Trials/Content/' took 0.01s
[2022.06.05-13.25.46:163][  0]LogStreaming: Warning: Failed to read file '../../../Engine/Plugins/MegascansPlugin/Resources/Logo32x32.png' error.
[2022.06.05-13.25.46:163][  0]LogSlate: Could not find file for Slate resource: ../../../Engine/Plugins/MegascansPlugin/Resources/Logo32x32.png
[2022.06.05-13.25.46:164][  0]LogStreaming: Warning: Failed to read file '../../../Engine/Plugins/MegascansPlugin/Resources/Logo80x80.png' error.
[2022.06.05-13.25.46:164][  0]LogSlate: Could not find file for Slate resource: ../../../Engine/Plugins/MegascansPlugin/Resources/Logo80x80.png
[2022.06.05-13.25.46:220][  0]LogInit: Display: Engine is initialized. Leaving FEngineLoop::Init()
[2022.06.05-13.25.46:228][  0]SourceControl: Source control is disabled
[2022.06.05-13.25.46:228][  0]LogUnrealEdMisc: Loading editor; pre map load, took 16.994
[2022.06.05-13.25.46:228][  0]Cmd: MAP LOAD FILE="K:/Mastered/Trials/Trials/Content/Maps/FirstLevel.umap" TEMPLATE=0 SHOWPROGRESS=1 FEATURELEVEL=3
[2022.06.05-13.25.46:229][  0]LightingResults: New page: Lighting Build
[2022.06.05-13.25.46:230][  0]LogWorld: UWorld::CleanupWorld for Untitled, bSessionEnded=true, bCleanupResources=true
[2022.06.05-13.25.46:230][  0]LogSlate: InvalidateAllWidgets triggered.  All widgets were invalidated
[2022.06.05-13.25.46:231][  0]MapCheck: New page: Map Check
[2022.06.05-13.25.46:231][  0]LightingResults: New page: Lighting Build
[2022.06.05-13.25.46:235][  0]LogAudio: Display: Audio Device unregistered from world 'None'.
[2022.06.05-13.25.46:238][  0]LogUObjectHash: Compacting FUObjectHashTables data took   0.86ms
