Log file open, 06/06/22 11:35:45
LogWindows: Failed to load 'aqProf.dll' (GetLastError=126)
LogWindows: File 'aqProf.dll' does not exist
LogWindows: Failed to load 'VtuneApi.dll' (GetLastError=126)
LogWindows: File 'VtuneApi.dll' does not exist
LogWindows: Failed to load 'VtuneApi32e.dll' (GetLastError=126)
LogWindows: File 'VtuneApi32e.dll' does not exist
LogConsoleResponse: Display: Failed to find resolution value strings in scalability ini. Falling back to default.
LogConsoleResponse: Display: Failed to find resolution value strings in scalability ini. Falling back to default.
LogInit: Display: Running engine for game: Trials
LogPlatformFile: Not using cached read wrapper
LogTaskGraph: Started task graph with 5 named threads and 71 total threads with 3 sets of task threads.
LogStats: Stats thread started at 0.795218
LogICUInternationalization: ICU TimeZone Detection - Raw Offset: +0:00, Platform Override: ''
LogInit: Display: Loading text-based GConfig....
LogPluginManager: Mounting plugin MeshPainting
LogPluginManager: Mounting plugin XGEController
LogPluginManager: Mounting plugin Paper2D
LogPluginManager: Mounting plugin LiveLink
LogPluginManager: Mounting plugin AISupport
LogPluginManager: Mounting plugin EnvironmentQueryEditor
LogPluginManager: Mounting plugin CameraShakePreviewer
LogPluginManager: Mounting plugin GameplayCameras
LogPluginManager: Mounting plugin LightPropagationVolume
LogPluginManager: Mounting plugin OodleData
LogPluginManager: Mounting plugin AssetManagerEditor
LogPluginManager: Mounting plugin CurveEditorTools
LogPluginManager: Mounting plugin DataValidation
LogPluginManager: Mounting plugin OodleNetwork
LogPluginManager: Mounting plugin EditorScriptingUtilities
LogPluginManager: Mounting plugin GameplayTagsEditor
LogPluginManager: Mounting plugin CLionSourceCodeAccess
LogPluginManager: Mounting plugin GeometryMode
LogPluginManager: Mounting plugin MacGraphicsSwitching
LogPluginManager: Mounting plugin KDevelopSourceCodeAccess
LogPluginManager: Mounting plugin NullSourceCodeAccess
LogPluginManager: Mounting plugin GitSourceControl
LogPluginManager: Mounting plugin PropertyAccessNode
LogPluginManager: Mounting plugin CodeLiteSourceCodeAccess
LogPluginManager: Mounting plugin FacialAnimation
LogPluginManager: Mounting plugin PluginUtils
LogPluginManager: Mounting plugin PerforceSourceControl
LogPluginManager: Mounting plugin RiderSourceCodeAccess
LogPluginManager: Mounting plugin CryptoKeys
LogPluginManager: Mounting plugin PixWinPlugin
LogPluginManager: Mounting plugin SubversionSourceControl
LogPluginManager: Mounting plugin TextureFormatOodle
LogPluginManager: Mounting plugin UObjectPlugin
LogPluginManager: Mounting plugin VisualStudioCodeSourceCodeAccess
LogPluginManager: Mounting plugin VisualStudioSourceCodeAccess
LogPluginManager: Mounting plugin XCodeSourceCodeAccess
LogPluginManager: Mounting plugin MobileLauncherProfileWizard
LogPluginManager: Mounting plugin SpeedTreeImporter
LogPluginManager: Mounting plugin MaterialAnalyzer
LogPluginManager: Mounting plugin PluginBrowser
LogPluginManager: Mounting plugin AnimationSharing
LogPluginManager: Mounting plugin DatasmithContent
LogPluginManager: Mounting plugin Niagara
LogPluginManager: Mounting plugin VariantManagerContent
LogPluginManager: Mounting plugin AlembicImporter
LogPluginManager: Mounting plugin BackChannel
LogPluginManager: Mounting plugin ChaosClothEditor
LogPluginManager: Mounting plugin AutomationUtils
LogPluginManager: Mounting plugin ChaosSolverPlugin
LogPluginManager: Mounting plugin CharacterAI
LogPluginManager: Mounting plugin ChaosCloth
LogPluginManager: Mounting plugin ChaosNiagara
LogPluginManager: Mounting plugin ChaosEditor
LogPluginManager: Mounting plugin GeometryCache
LogPluginManager: Mounting plugin GeometryProcessing
LogPluginManager: Mounting plugin MotoSynth
LogPluginManager: Mounting plugin PlanarCut
LogPluginManager: Mounting plugin PlatformCrypto
LogPluginManager: Mounting plugin ProxyLODPlugin
LogPluginManager: Mounting plugin PythonScriptPlugin
LogPluginManager: Mounting plugin GeometryCollectionPlugin
LogPluginManager: Mounting plugin LuminPlatformFeatures
LogPluginManager: Mounting plugin MagicLeapMedia
LogPluginManager: Mounting plugin MagicLeapPassableWorld
LogPluginManager: Mounting plugin MLSDK
LogPluginManager: Mounting plugin OpenImageDenoise
LogPluginManager: Mounting plugin AndroidMedia
LogPluginManager: Mounting plugin AvfMedia
LogPluginManager: Mounting plugin MagicLeap
LogPluginManager: Mounting plugin ImgMedia
LogPluginManager: Mounting plugin MagicLeapLightEstimation
LogPluginManager: Mounting plugin SkeletalReduction
LogPluginManager: Mounting plugin MediaCompositing
LogPluginManager: Mounting plugin MediaPlayerEditor
LogPluginManager: Mounting plugin WebMMedia
LogPluginManager: Mounting plugin MegascansPlugin
LogPluginManager: Mounting plugin WmfMedia
LogPluginManager: Mounting plugin TcpMessaging
LogPluginManager: Mounting plugin ActorSequence
LogPluginManager: Mounting plugin MatineeToLevelSequence
LogPluginManager: Mounting plugin TemplateSequence
LogPluginManager: Mounting plugin LevelSequenceEditor
LogPluginManager: Mounting plugin OnlineSubsystem
LogPluginManager: Mounting plugin OnlineSubsystemNull
LogPluginManager: Mounting plugin OnlineSubsystemUtils
LogPluginManager: Mounting plugin AndroidDeviceProfileSelector
LogPluginManager: Mounting plugin AndroidPermission
LogPluginManager: Mounting plugin ActorLayerUtilities
LogPluginManager: Mounting plugin AppleImageUtils
LogPluginManager: Mounting plugin AppleMoviePlayer
LogPluginManager: Mounting plugin ArchVisCharacter
LogPluginManager: Mounting plugin AssetTags
LogPluginManager: Mounting plugin LauncherChunkInstaller
LogPluginManager: Mounting plugin CableComponent
LogPluginManager: Mounting plugin CustomMeshComponent
LogPluginManager: Mounting plugin AndroidMoviePlayer
LogPluginManager: Mounting plugin AudioSynesthesia
LogPluginManager: Mounting plugin ExampleDeviceProfileSelector
LogPluginManager: Mounting plugin EditableMesh
LogPluginManager: Mounting plugin GoogleCloudMessaging
LogPluginManager: Mounting plugin GooglePAD
LogPluginManager: Mounting plugin ChunkDownloader
LogPluginManager: Mounting plugin AudioCapture
LogPluginManager: Mounting plugin PlasticSourceControl
LogPluginManager: Mounting plugin IOSDeviceProfileSelector
LogPluginManager: Mounting plugin LinuxDeviceProfileSelector
LogPluginManager: Mounting plugin LocationServicesBPLibrary
LogPluginManager: Mounting plugin MobilePatchingUtils
LogPluginManager: Mounting plugin OpenXRHandTracking
LogPluginManager: Mounting plugin OpenXR
LogPluginManager: Mounting plugin OpenXREyeTracker
LogPluginManager: Mounting plugin PostSplashScreen
LogPluginManager: Mounting plugin PhysXVehicles
LogPluginManager: Mounting plugin ProceduralMeshComponent
LogPluginManager: Mounting plugin PropertyAccessEditor
LogPluginManager: Mounting plugin RuntimePhysXCooking
LogPluginManager: Mounting plugin SoundFields
LogPluginManager: Mounting plugin SignificanceManager
LogPluginManager: Mounting plugin UdpMessaging
LogPluginManager: Mounting plugin Synthesis
LogPluginManager: Mounting plugin WindowsMoviePlayer
LogPluginManager: Mounting plugin WebMMoviePlayer
LogPluginManager: Mounting plugin ScreenshotTools
LogPluginManager: Mounting plugin Takes
LogPluginManager: Mounting plugin ContentBrowserAssetDataSource
LogPluginManager: Mounting plugin ContentBrowserClassDataSource
LogPluginManager: Mounting plugin ContentBrowserFileDataSource
LogPluginManager: Mounting plugin OnlineSubsystemIOS
LogPluginManager: Mounting plugin OnlineSubsystemGooglePlay
LogPluginManager: Mounting plugin SQLiteCore
LogPluginManager: Mounting plugin SQLiteSupport
LogPluginManager: Mounting plugin DatabaseSupport
LogPluginManager: Mounting plugin OculusVR
LogPluginManager: Mounting plugin SteamVR
LogPluginManager: Mounting plugin RiderLink
PixWinPlugin: PIX capture plugin failed to initialize! Check that the process is launched from PIX.
LogInit: Using libcurl 7.55.1-DEV
LogInit:  - built for x86_64-pc-win32
LogInit:  - supports SSL with OpenSSL/1.1.1
LogInit:  - supports HTTP deflate (compression) using libz 1.2.8
LogInit:  - other features:
LogInit:      CURL_VERSION_SSL
LogInit:      CURL_VERSION_LIBZ
LogInit:      CURL_VERSION_IPV6
LogInit:      CURL_VERSION_ASYNCHDNS
LogInit:      CURL_VERSION_LARGEFILE
LogInit:      CURL_VERSION_IDN
LogInit:  CurlRequestOptions (configurable via config and command line):
LogInit:  - bVerifyPeer = true  - Libcurl will verify peer certificate
LogInit:  - bUseHttpProxy = false  - Libcurl will NOT use HTTP proxy
LogInit:  - bDontReuseConnections = false  - Libcurl will reuse connections
LogInit:  - MaxHostConnections = 16  - Libcurl will limit the number of connections to a host
LogInit:  - LocalHostAddr = Default
LogInit:  - BufferSize = 65536
LogOnline: OSS: Creating online subsystem instance for: NULL
LogInit: WinSock: version 1.1 (2.2), MaxSocks=32767, MaxUdp=65467
LogOnline: OSS: TryLoadSubsystemAndSetDefault: Loaded subsystem for module [NULL]
LogOculusPluginWrapper: OculusPlugin initialized successfully
LogHMD: Failed initializing OVRPlugin 1.59.0
LogInit: Build: ++UE4+Release-4.27-CL-18319896
LogInit: Engine Version: 4.27.2-18319896+++UE4+Release-4.27
LogInit: Compatible Engine Version: 4.27.0-17155196+++UE4+Release-4.27
LogInit: Net CL: 17155196
LogInit: OS: Windows 10 (Release 2009) (), CPU: AMD Ryzen 9 3900X 12-Core Processor            , GPU: NVIDIA GeForce RTX 3080 Ti
LogInit: Compiled (64-bit): Nov 30 2021 07:12:08
LogInit: Compiled with Visual C++: 19.24.28315.00
LogInit: Build Configuration: Development
LogInit: Branch Name: ++UE4+Release-4.27
LogInit: Command Line:  -skipcompile
LogInit: Base Directory: C:/Program Files/Epic Games/UE_4.27/Engine/Binaries/Win64/
LogInit: Allocator: TBB
LogInit: Installed Engine Build: 1
LogDevObjectVersion: Number of dev versions registered: 29
LogDevObjectVersion:   Dev-Blueprints (B0D832E4-1F89-4F0D-ACCF-7EB736FD4AA2): 10
LogDevObjectVersion:   Dev-Build (E1C64328-A22C-4D53-A36C-8E866417BD8C): 0
LogDevObjectVersion:   Dev-Core (375EC13C-06E4-48FB-B500-84F0262A717E): 4
LogDevObjectVersion:   Dev-Editor (E4B068ED-F494-42E9-A231-DA0B2E46BB41): 40
LogDevObjectVersion:   Dev-Framework (CFFC743F-43B0-4480-9391-14DF171D2073): 37
LogDevObjectVersion:   Dev-Mobile (B02B49B5-BB20-44E9-A304-32B752E40360): 3
LogDevObjectVersion:   Dev-Networking (A4E4105C-59A1-49B5-A7C5-40C4547EDFEE): 0
LogDevObjectVersion:   Dev-Online (39C831C9-5AE6-47DC-9A44-9C173E1C8E7C): 0
LogDevObjectVersion:   Dev-Physics (78F01B33-EBEA-4F98-B9B4-84EACCB95AA2): 14
LogDevObjectVersion:   Dev-Platform (6631380F-2D4D-43E0-8009-CF276956A95A): 0
LogDevObjectVersion:   Dev-Rendering (12F88B9F-8875-4AFC-A67C-D90C383ABD29): 45
LogDevObjectVersion:   Dev-Sequencer (7B5AE74C-D270-4C10-A958-57980B212A5A): 13
LogDevObjectVersion:   Dev-VR (D7296918-1DD6-4BDD-9DE2-64A83CC13884): 3
LogDevObjectVersion:   Dev-LoadTimes (C2A15278-BFE7-4AFE-6C17-90FF531DF755): 1
LogDevObjectVersion:   Private-Geometry (6EACA3D4-40EC-4CC1-B786-8BED09428FC5): 3
LogDevObjectVersion:   Dev-AnimPhys (29E575DD-E0A3-4627-9D10-D276232CDCEA): 17
LogDevObjectVersion:   Dev-Anim (AF43A65D-7FD3-4947-9873-3E8ED9C1BB05): 15
LogDevObjectVersion:   Dev-ReflectionCapture (6B266CEC-1EC7-4B8F-A30B-E4D90942FC07): 1
LogDevObjectVersion:   Dev-Automation (0DF73D61-A23F-47EA-B727-89E90C41499A): 1
LogDevObjectVersion:   FortniteMain (601D1886-AC64-4F84-AA16-D3DE0DEAC7D6): 47
LogDevObjectVersion:   FortniteRelease (E7086368-6B23-4C58-8439-1B7016265E91): 1
LogDevObjectVersion:   Dev-Enterprise (9DFFBCD6-494F-0158-E221-12823C92A888): 10
LogDevObjectVersion:   Dev-Niagara (F2AED0AC-9AFE-416F-8664-AA7FFA26D6FC): 1
LogDevObjectVersion:   Dev-Destruction (174F1F0B-B4C6-45A5-B13F-2EE8D0FB917D): 10
LogDevObjectVersion:   Dev-Physics-Ext (35F94A83-E258-406C-A318-09F59610247C): 41
LogDevObjectVersion:   Dev-PhysicsMaterial-Chaos (B68FC16E-8B1B-42E2-B453-215C058844FE): 1
LogDevObjectVersion:   Dev-CineCamera (B2E18506-4273-CFC2-A54E-F4BB758BBA07): 1
LogDevObjectVersion:   Dev-VirtualProduction (64F58936-FD1B-42BA-BA96-7289D5D0FA4E): 1
LogDevObjectVersion:   Dev-MediaFramework (6F0ED827-A609-4895-9C91-998D90180EA4): 2
LogInit: Presizing for max 25165824 objects, including 0 objects not considered by GC, pre-allocating 0 bytes for permanent pool.
LogConfig: Applying CVar settings from Section [/Script/Engine.StreamingSettings] File [K:/Mastered/Trials/Trials/Saved/Config/Windows/Engine.ini]
LogConfig: Setting CVar [[s.MinBulkDataSizeForAsyncLoading:131072]]
LogConfig: Setting CVar [[s.AsyncLoadingThreadEnabled:0]]
LogConfig: Setting CVar [[s.EventDrivenLoaderEnabled:1]]
LogConfig: Setting CVar [[s.WarnIfTimeLimitExceeded:0]]
LogConfig: Setting CVar [[s.TimeLimitExceededMultiplier:1.5]]
LogConfig: Setting CVar [[s.TimeLimitExceededMinTime:0.005]]
LogConfig: Setting CVar [[s.UseBackgroundLevelStreaming:1]]
LogConfig: Setting CVar [[s.PriorityAsyncLoadingExtraTime:15.0]]
LogConfig: Setting CVar [[s.LevelStreamingActorsUpdateTimeLimit:5.0]]
LogConfig: Setting CVar [[s.PriorityLevelStreamingActorsUpdateExtraTime:5.0]]
LogConfig: Setting CVar [[s.LevelStreamingComponentsRegistrationGranularity:10]]
LogConfig: Setting CVar [[s.UnregisterComponentsTimeLimit:1.0]]
LogConfig: Setting CVar [[s.LevelStreamingComponentsUnregistrationGranularity:5]]
LogConfig: Setting CVar [[s.FlushStreamingOnExit:1]]
LogInit: Object subsystem initialized
LogConfig: Setting CVar [[con.DebugEarlyDefault:1]]
LogConfig: Setting CVar [[r.setres:1280x720]]
[2022.06.06-10.35.47:997][  0]LogConfig: Setting CVar [[r.VSync:0]]
[2022.06.06-10.35.47:997][  0]LogConfig: Setting CVar [[r.RHICmdBypass:0]]
[2022.06.06-10.35.47:997][  0]LogConfig: Applying CVar settings from Section [/Script/Engine.RendererSettings] File [K:/Mastered/Trials/Trials/Saved/Config/Windows/Engine.ini]
[2022.06.06-10.35.47:997][  0]LogConfig: Setting CVar [[r.GPUCrashDebugging:0]]
[2022.06.06-10.35.47:997][  0]LogConfig: Applying CVar settings from Section [/Script/Engine.RendererOverrideSettings] File [K:/Mastered/Trials/Trials/Saved/Config/Windows/Engine.ini]
[2022.06.06-10.35.47:997][  0]LogConfig: Applying CVar settings from Section [/Script/Engine.StreamingSettings] File [K:/Mastered/Trials/Trials/Saved/Config/Windows/Engine.ini]
[2022.06.06-10.35.47:998][  0]LogConfig: Setting CVar [[s.MinBulkDataSizeForAsyncLoading:131072]]
[2022.06.06-10.35.47:998][  0]LogConfig: Setting CVar [[s.AsyncLoadingThreadEnabled:0]]
[2022.06.06-10.35.47:998][  0]LogConfig: Setting CVar [[s.EventDrivenLoaderEnabled:1]]
[2022.06.06-10.35.47:998][  0]LogConfig: Setting CVar [[s.WarnIfTimeLimitExceeded:0]]
[2022.06.06-10.35.47:998][  0]LogConfig: Setting CVar [[s.TimeLimitExceededMultiplier:1.5]]
[2022.06.06-10.35.47:998][  0]LogConfig: Setting CVar [[s.TimeLimitExceededMinTime:0.005]]
[2022.06.06-10.35.47:998][  0]LogConfig: Setting CVar [[s.UseBackgroundLevelStreaming:1]]
[2022.06.06-10.35.47:998][  0]LogConfig: Setting CVar [[s.PriorityAsyncLoadingExtraTime:15.0]]
[2022.06.06-10.35.47:998][  0]LogConfig: Setting CVar [[s.LevelStreamingActorsUpdateTimeLimit:5.0]]
[2022.06.06-10.35.47:998][  0]LogConfig: Setting CVar [[s.PriorityLevelStreamingActorsUpdateExtraTime:5.0]]
[2022.06.06-10.35.47:998][  0]LogConfig: Setting CVar [[s.LevelStreamingComponentsRegistrationGranularity:10]]
[2022.06.06-10.35.47:999][  0]LogConfig: Setting CVar [[s.UnregisterComponentsTimeLimit:1.0]]
[2022.06.06-10.35.47:999][  0]LogConfig: Setting CVar [[s.LevelStreamingComponentsUnregistrationGranularity:5]]
[2022.06.06-10.35.47:999][  0]LogConfig: Setting CVar [[s.FlushStreamingOnExit:1]]
[2022.06.06-10.35.47:999][  0]LogConfig: Applying CVar settings from Section [/Script/Engine.GarbageCollectionSettings] File [K:/Mastered/Trials/Trials/Saved/Config/Windows/Engine.ini]
[2022.06.06-10.35.47:999][  0]LogConfig: Setting CVar [[gc.MaxObjectsNotConsideredByGC:1]]
[2022.06.06-10.35.47:999][  0]LogConfig: Setting CVar [[gc.SizeOfPermanentObjectPool:0]]
[2022.06.06-10.35.47:999][  0]LogConfig: Setting CVar [[gc.FlushStreamingOnGC:0]]
[2022.06.06-10.35.47:999][  0]LogConfig: Setting CVar [[gc.NumRetriesBeforeForcingGC:10]]
[2022.06.06-10.35.47:999][  0]LogConfig: Setting CVar [[gc.AllowParallelGC:1]]
[2022.06.06-10.35.47:999][  0]LogConfig: Setting CVar [[gc.TimeBetweenPurgingPendingKillObjects:61.1]]
[2022.06.06-10.35.47:999][  0]LogConfig: Setting CVar [[gc.MaxObjectsInEditor:25165824]]
[2022.06.06-10.35.48:000][  0]LogConfig: Setting CVar [[gc.IncrementalBeginDestroyEnabled:1]]
[2022.06.06-10.35.48:000][  0]LogConfig: Setting CVar [[gc.CreateGCClusters:1]]
[2022.06.06-10.35.48:000][  0]LogConfig: Setting CVar [[gc.MinGCClusterSize:5]]
[2022.06.06-10.35.48:000][  0]LogConfig: Setting CVar [[gc.ActorClusteringEnabled:0]]
[2022.06.06-10.35.48:000][  0]LogConfig: Setting CVar [[gc.BlueprintClusteringEnabled:0]]
[2022.06.06-10.35.48:000][  0]LogConfig: Setting CVar [[gc.UseDisregardForGCOnDedicatedServers:0]]
[2022.06.06-10.35.48:000][  0]LogConfig: Setting CVar [[gc.MultithreadedDestructionEnabled:1]]
[2022.06.06-10.35.48:000][  0]LogConfig: Applying CVar settings from Section [/Script/Engine.NetworkSettings] File [K:/Mastered/Trials/Trials/Saved/Config/Windows/Engine.ini]
[2022.06.06-10.35.48:000][  0]LogConfig: Applying CVar settings from Section [/Script/UnrealEd.CookerSettings] File [K:/Mastered/Trials/Trials/Saved/Config/Windows/Engine.ini]
[2022.06.06-10.35.48:040][  0]LogConfig: Applying CVar settings from Section [ViewDistanceQuality@3] File [K:/Mastered/Trials/Trials/Saved/Config/Windows/Scalability.ini]
[2022.06.06-10.35.48:040][  0]LogConfig: Setting CVar [[r.SkeletalMeshLODBias:0]]
[2022.06.06-10.35.48:040][  0]LogConfig: Setting CVar [[r.ViewDistanceScale:1.0]]
[2022.06.06-10.35.48:040][  0]LogConfig: Applying CVar settings from Section [AntiAliasingQuality@3] File [K:/Mastered/Trials/Trials/Saved/Config/Windows/Scalability.ini]
[2022.06.06-10.35.48:041][  0]LogConfig: Setting CVar [[r.PostProcessAAQuality:4]]
[2022.06.06-10.35.48:041][  0]LogConfig: Applying CVar settings from Section [ShadowQuality@3] File [K:/Mastered/Trials/Trials/Saved/Config/Windows/Scalability.ini]
[2022.06.06-10.35.48:041][  0]LogConfig: Setting CVar [[r.LightFunctionQuality:1]]
[2022.06.06-10.35.48:041][  0]LogConfig: Setting CVar [[r.ShadowQuality:5]]
[2022.06.06-10.35.48:041][  0]LogConfig: Setting CVar [[r.Shadow.CSM.MaxCascades:10]]
[2022.06.06-10.35.48:041][  0]LogConfig: Setting CVar [[r.Shadow.MaxResolution:2048]]
[2022.06.06-10.35.48:041][  0]LogConfig: Setting CVar [[r.Shadow.MaxCSMResolution:2048]]
[2022.06.06-10.35.48:041][  0]LogConfig: Setting CVar [[r.Shadow.RadiusThreshold:0.01]]
[2022.06.06-10.35.48:041][  0]LogConfig: Setting CVar [[r.Shadow.DistanceScale:1.0]]
[2022.06.06-10.35.48:042][  0]LogConfig: Setting CVar [[r.Shadow.CSM.TransitionScale:1.0]]
[2022.06.06-10.35.48:042][  0]LogConfig: Setting CVar [[r.Shadow.PreShadowResolutionFactor:1.0]]
[2022.06.06-10.35.48:042][  0]LogConfig: Setting CVar [[r.DistanceFieldShadowing:1]]
[2022.06.06-10.35.48:042][  0]LogConfig: Setting CVar [[r.DistanceFieldAO:1]]
[2022.06.06-10.35.48:042][  0]LogConfig: Setting CVar [[r.AOQuality:2]]
[2022.06.06-10.35.48:042][  0]LogConfig: Setting CVar [[r.VolumetricFog:1]]
[2022.06.06-10.35.48:042][  0]LogConfig: Setting CVar [[r.VolumetricFog.GridPixelSize:8]]
[2022.06.06-10.35.48:042][  0]LogConfig: Setting CVar [[r.VolumetricFog.GridSizeZ:128]]
[2022.06.06-10.35.48:042][  0]LogConfig: Setting CVar [[r.VolumetricFog.HistoryMissSupersampleCount:4]]
[2022.06.06-10.35.48:042][  0]LogConfig: Setting CVar [[r.LightMaxDrawDistanceScale:1]]
[2022.06.06-10.35.48:042][  0]LogConfig: Setting CVar [[r.CapsuleShadows:1]]
[2022.06.06-10.35.48:042][  0]LogConfig: Applying CVar settings from Section [PostProcessQuality@3] File [K:/Mastered/Trials/Trials/Saved/Config/Windows/Scalability.ini]
[2022.06.06-10.35.48:043][  0]LogConfig: Setting CVar [[r.MotionBlurQuality:4]]
[2022.06.06-10.35.48:043][  0]LogConfig: Setting CVar [[r.AmbientOcclusionMipLevelFactor:0.4]]
[2022.06.06-10.35.48:043][  0]LogConfig: Setting CVar [[r.AmbientOcclusionMaxQuality:100]]
[2022.06.06-10.35.48:043][  0]LogConfig: Setting CVar [[r.AmbientOcclusionLevels:-1]]
[2022.06.06-10.35.48:043][  0]LogConfig: Setting CVar [[r.AmbientOcclusionRadiusScale:1.0]]
[2022.06.06-10.35.48:043][  0]LogConfig: Setting CVar [[r.DepthOfFieldQuality:2]]
[2022.06.06-10.35.48:043][  0]LogConfig: Setting CVar [[r.RenderTargetPoolMin:400]]
[2022.06.06-10.35.48:043][  0]LogConfig: Setting CVar [[r.LensFlareQuality:2]]
[2022.06.06-10.35.48:043][  0]LogConfig: Setting CVar [[r.SceneColorFringeQuality:1]]
[2022.06.06-10.35.48:043][  0]LogConfig: Setting CVar [[r.EyeAdaptationQuality:2]]
[2022.06.06-10.35.48:043][  0]LogConfig: Setting CVar [[r.BloomQuality:5]]
[2022.06.06-10.35.48:043][  0]LogConfig: Setting CVar [[r.FastBlurThreshold:100]]
[2022.06.06-10.35.48:044][  0]LogConfig: Setting CVar [[r.Upscale.Quality:3]]
[2022.06.06-10.35.48:044][  0]LogConfig: Setting CVar [[r.Tonemapper.GrainQuantization:1]]
[2022.06.06-10.35.48:044][  0]LogConfig: Setting CVar [[r.LightShaftQuality:1]]
[2022.06.06-10.35.48:044][  0]LogConfig: Setting CVar [[r.Filter.SizeScale:1]]
[2022.06.06-10.35.48:044][  0]LogConfig: Setting CVar [[r.Tonemapper.Quality:5]]
[2022.06.06-10.35.48:044][  0]LogConfig: Setting CVar [[r.DOF.Gather.AccumulatorQuality:1        ; higher gathering accumulator quality]]
[2022.06.06-10.35.48:044][  0]LogConfig: Setting CVar [[r.DOF.Gather.PostfilterMethod:1          ; Median3x3 postfilering method]]
[2022.06.06-10.35.48:044][  0]LogConfig: Setting CVar [[r.DOF.Gather.EnableBokehSettings:0       ; no bokeh simulation when gathering]]
[2022.06.06-10.35.48:044][  0]LogConfig: Setting CVar [[r.DOF.Gather.RingCount:4                 ; medium number of samples when gathering]]
[2022.06.06-10.35.48:044][  0]LogConfig: Setting CVar [[r.DOF.Scatter.ForegroundCompositing:1    ; additive foreground scattering]]
[2022.06.06-10.35.48:045][  0]LogConfig: Setting CVar [[r.DOF.Scatter.BackgroundCompositing:2    ; additive background scattering]]
[2022.06.06-10.35.48:045][  0]LogConfig: Setting CVar [[r.DOF.Scatter.EnableBokehSettings:1      ; bokeh simulation when scattering]]
[2022.06.06-10.35.48:045][  0]LogConfig: Setting CVar [[r.DOF.Scatter.MaxSpriteRatio:0.1         ; only a maximum of 10% of scattered bokeh]]
[2022.06.06-10.35.48:045][  0]LogConfig: Setting CVar [[r.DOF.Recombine.Quality:1                ; cheap slight out of focus]]
[2022.06.06-10.35.48:045][  0]LogConfig: Setting CVar [[r.DOF.Recombine.EnableBokehSettings:0    ; no bokeh simulation on slight out of focus]]
[2022.06.06-10.35.48:045][  0]LogConfig: Setting CVar [[r.DOF.TemporalAAQuality:1                ; more stable temporal accumulation]]
[2022.06.06-10.35.48:045][  0]LogConfig: Setting CVar [[r.DOF.Kernel.MaxForegroundRadius:0.025]]
[2022.06.06-10.35.48:045][  0]LogConfig: Setting CVar [[r.DOF.Kernel.MaxBackgroundRadius:0.025]]
[2022.06.06-10.35.48:045][  0]LogConfig: Applying CVar settings from Section [TextureQuality@3] File [K:/Mastered/Trials/Trials/Saved/Config/Windows/Scalability.ini]
[2022.06.06-10.35.48:045][  0]LogConfig: Setting CVar [[r.Streaming.MipBias:0]]
[2022.06.06-10.35.48:046][  0]LogConfig: Setting CVar [[r.Streaming.AmortizeCPUToGPUCopy:0]]
[2022.06.06-10.35.48:046][  0]LogConfig: Setting CVar [[r.Streaming.MaxNumTexturesToStreamPerFrame:0]]
[2022.06.06-10.35.48:046][  0]LogConfig: Setting CVar [[r.Streaming.Boost:1]]
[2022.06.06-10.35.48:046][  0]LogConfig: Setting CVar [[r.MaxAnisotropy:8]]
[2022.06.06-10.35.48:046][  0]LogConfig: Setting CVar [[r.VT.MaxAnisotropy:8]]
[2022.06.06-10.35.48:046][  0]LogConfig: Setting CVar [[r.Streaming.LimitPoolSizeToVRAM:0]]
[2022.06.06-10.35.48:046][  0]LogConfig: Setting CVar [[r.Streaming.PoolSize:1000]]
[2022.06.06-10.35.48:046][  0]LogConfig: Setting CVar [[r.Streaming.MaxEffectiveScreenSize:0]]
[2022.06.06-10.35.48:046][  0]LogConfig: Applying CVar settings from Section [EffectsQuality@3] File [K:/Mastered/Trials/Trials/Saved/Config/Windows/Scalability.ini]
[2022.06.06-10.35.48:046][  0]LogConfig: Setting CVar [[r.TranslucencyLightingVolumeDim:64]]
[2022.06.06-10.35.48:046][  0]LogConfig: Setting CVar [[r.RefractionQuality:2]]
[2022.06.06-10.35.48:047][  0]LogConfig: Setting CVar [[r.SSR.Quality:3]]
[2022.06.06-10.35.48:047][  0]LogConfig: Setting CVar [[r.SSR.HalfResSceneColor:0]]
[2022.06.06-10.35.48:047][  0]LogConfig: Setting CVar [[r.SceneColorFormat:4]]
[2022.06.06-10.35.48:047][  0]LogConfig: Setting CVar [[r.DetailMode:2]]
[2022.06.06-10.35.48:047][  0]LogConfig: Setting CVar [[r.TranslucencyVolumeBlur:1]]
[2022.06.06-10.35.48:047][  0]LogConfig: Setting CVar [[r.MaterialQualityLevel:1 ; High quality]]
[2022.06.06-10.35.48:047][  0]LogConfig: Setting CVar [[r.AnisotropicMaterials:1]]
[2022.06.06-10.35.48:047][  0]LogConfig: Setting CVar [[r.SSS.Scale:1]]
[2022.06.06-10.35.48:047][  0]LogConfig: Setting CVar [[r.SSS.SampleSet:2]]
[2022.06.06-10.35.48:047][  0]LogConfig: Setting CVar [[r.SSS.Quality:1]]
[2022.06.06-10.35.48:047][  0]LogConfig: Setting CVar [[r.SSS.HalfRes:0]]
[2022.06.06-10.35.48:048][  0]LogConfig: Setting CVar [[r.SSGI.Quality:3]]
[2022.06.06-10.35.48:048][  0]LogConfig: Setting CVar [[r.EmitterSpawnRateScale:1.0]]
[2022.06.06-10.35.48:048][  0]LogConfig: Setting CVar [[r.ParticleLightQuality:2]]
[2022.06.06-10.35.48:048][  0]LogConfig: Setting CVar [[r.SkyAtmosphere.AerialPerspectiveLUT.FastApplyOnOpaque:1 ; Always have FastSkyLUT 1 in this case to avoid wrong sky]]
[2022.06.06-10.35.48:048][  0]LogConfig: Setting CVar [[r.SkyAtmosphere.AerialPerspectiveLUT.SampleCountMaxPerSlice:4]]
[2022.06.06-10.35.48:048][  0]LogConfig: Setting CVar [[r.SkyAtmosphere.AerialPerspectiveLUT.DepthResolution:16.0]]
[2022.06.06-10.35.48:048][  0]LogConfig: Setting CVar [[r.SkyAtmosphere.FastSkyLUT:1]]
[2022.06.06-10.35.48:048][  0]LogConfig: Setting CVar [[r.SkyAtmosphere.FastSkyLUT.SampleCountMin:4.0]]
[2022.06.06-10.35.48:048][  0]LogConfig: Setting CVar [[r.SkyAtmosphere.FastSkyLUT.SampleCountMax:128.0]]
[2022.06.06-10.35.48:048][  0]LogConfig: Setting CVar [[r.SkyAtmosphere.SampleCountMin:4.0]]
[2022.06.06-10.35.48:048][  0]LogConfig: Setting CVar [[r.SkyAtmosphere.SampleCountMax:128.0]]
[2022.06.06-10.35.48:048][  0]LogConfig: Setting CVar [[r.SkyAtmosphere.TransmittanceLUT.UseSmallFormat:0]]
[2022.06.06-10.35.48:049][  0]LogConfig: Setting CVar [[r.SkyAtmosphere.TransmittanceLUT.SampleCount:10.0]]
[2022.06.06-10.35.48:049][  0]LogConfig: Setting CVar [[r.SkyAtmosphere.MultiScatteringLUT.SampleCount:15.0]]
[2022.06.06-10.35.48:049][  0]LogConfig: Setting CVar [[r.SkyLight.RealTimeReflectionCapture:1]]
[2022.06.06-10.35.48:049][  0]LogConfig: Applying CVar settings from Section [FoliageQuality@3] File [K:/Mastered/Trials/Trials/Saved/Config/Windows/Scalability.ini]
[2022.06.06-10.35.48:049][  0]LogConfig: Setting CVar [[foliage.DensityScale:1.0]]
[2022.06.06-10.35.48:049][  0]LogConfig: Setting CVar [[grass.DensityScale:1.0]]
[2022.06.06-10.35.48:049][  0]LogConfig: Applying CVar settings from Section [ShadingQuality@3] File [K:/Mastered/Trials/Trials/Saved/Config/Windows/Scalability.ini]
[2022.06.06-10.35.48:049][  0]LogConfig: Setting CVar [[r.HairStrands.SkyLighting.IntegrationType:2]]
[2022.06.06-10.35.48:050][  0]LogConfig: Setting CVar [[r.HairStrands.SkyAO.SampleCount:4]]
[2022.06.06-10.35.48:050][  0]LogConfig: Setting CVar [[r.HairStrands.Visibility.MSAA.SamplePerPixel:4]]
[2022.06.06-10.35.48:050][  0]LogInit: Selected Device Profile: [Windows]
[2022.06.06-10.35.48:050][  0]LogInit: Applying CVar settings loaded from the selected device profile: [Windows]
[2022.06.06-10.35.48:050][  0]LogHAL: Display: Platform has ~ 32 GB [34265247744 / 34359738368 / 32], which maps to Largest [LargestMinGB=32, LargerMinGB=12, DefaultMinGB=8, SmallerMinGB=6, SmallestMinGB=0)
[2022.06.06-10.35.48:050][  0]LogInit: Going up to parent DeviceProfile []
[2022.06.06-10.35.48:050][  0]LogConfig: Applying CVar settings from Section [ViewDistanceQuality@3] File [K:/Mastered/Trials/Trials/Saved/Config/Windows/Scalability.ini]
[2022.06.06-10.35.48:050][  0]LogConfig: Setting CVar [[r.SkeletalMeshLODBias:0]]
[2022.06.06-10.35.48:051][  0]LogConfig: Setting CVar [[r.ViewDistanceScale:1.0]]
[2022.06.06-10.35.48:051][  0]LogConfig: Applying CVar settings from Section [AntiAliasingQuality@3] File [K:/Mastered/Trials/Trials/Saved/Config/Windows/Scalability.ini]
[2022.06.06-10.35.48:051][  0]LogConfig: Setting CVar [[r.PostProcessAAQuality:4]]
[2022.06.06-10.35.48:051][  0]LogConfig: Applying CVar settings from Section [ShadowQuality@3] File [K:/Mastered/Trials/Trials/Saved/Config/Windows/Scalability.ini]
[2022.06.06-10.35.48:051][  0]LogConfig: Setting CVar [[r.LightFunctionQuality:1]]
[2022.06.06-10.35.48:051][  0]LogConfig: Setting CVar [[r.ShadowQuality:5]]
[2022.06.06-10.35.48:051][  0]LogConfig: Setting CVar [[r.Shadow.CSM.MaxCascades:10]]
[2022.06.06-10.35.48:051][  0]LogConfig: Setting CVar [[r.Shadow.MaxResolution:2048]]
[2022.06.06-10.35.48:051][  0]LogConfig: Setting CVar [[r.Shadow.MaxCSMResolution:2048]]
[2022.06.06-10.35.48:051][  0]LogConfig: Setting CVar [[r.Shadow.RadiusThreshold:0.01]]
[2022.06.06-10.35.48:052][  0]LogConfig: Setting CVar [[r.Shadow.DistanceScale:1.0]]
[2022.06.06-10.35.48:052][  0]LogConfig: Setting CVar [[r.Shadow.CSM.TransitionScale:1.0]]
[2022.06.06-10.35.48:052][  0]LogConfig: Setting CVar [[r.Shadow.PreShadowResolutionFactor:1.0]]
[2022.06.06-10.35.48:052][  0]LogConfig: Setting CVar [[r.DistanceFieldShadowing:1]]
[2022.06.06-10.35.48:052][  0]LogConfig: Setting CVar [[r.DistanceFieldAO:1]]
[2022.06.06-10.35.48:052][  0]LogConfig: Setting CVar [[r.AOQuality:2]]
[2022.06.06-10.35.48:052][  0]LogConfig: Setting CVar [[r.VolumetricFog:1]]
[2022.06.06-10.35.48:052][  0]LogConfig: Setting CVar [[r.VolumetricFog.GridPixelSize:8]]
[2022.06.06-10.35.48:052][  0]LogConfig: Setting CVar [[r.VolumetricFog.GridSizeZ:128]]
[2022.06.06-10.35.48:052][  0]LogConfig: Setting CVar [[r.VolumetricFog.HistoryMissSupersampleCount:4]]
[2022.06.06-10.35.48:052][  0]LogConfig: Setting CVar [[r.LightMaxDrawDistanceScale:1]]
[2022.06.06-10.35.48:053][  0]LogConfig: Setting CVar [[r.CapsuleShadows:1]]
[2022.06.06-10.35.48:053][  0]LogConfig: Applying CVar settings from Section [PostProcessQuality@3] File [K:/Mastered/Trials/Trials/Saved/Config/Windows/Scalability.ini]
[2022.06.06-10.35.48:053][  0]LogConfig: Setting CVar [[r.MotionBlurQuality:4]]
[2022.06.06-10.35.48:053][  0]LogConfig: Setting CVar [[r.AmbientOcclusionMipLevelFactor:0.4]]
[2022.06.06-10.35.48:053][  0]LogConfig: Setting CVar [[r.AmbientOcclusionMaxQuality:100]]
[2022.06.06-10.35.48:053][  0]LogConfig: Setting CVar [[r.AmbientOcclusionLevels:-1]]
[2022.06.06-10.35.48:053][  0]LogConfig: Setting CVar [[r.AmbientOcclusionRadiusScale:1.0]]
[2022.06.06-10.35.48:053][  0]LogConfig: Setting CVar [[r.DepthOfFieldQuality:2]]
[2022.06.06-10.35.48:053][  0]LogConfig: Setting CVar [[r.RenderTargetPoolMin:400]]
[2022.06.06-10.35.48:053][  0]LogConfig: Setting CVar [[r.LensFlareQuality:2]]
[2022.06.06-10.35.48:053][  0]LogConfig: Setting CVar [[r.SceneColorFringeQuality:1]]
[2022.06.06-10.35.48:054][  0]LogConfig: Setting CVar [[r.EyeAdaptationQuality:2]]
[2022.06.06-10.35.48:054][  0]LogConfig: Setting CVar [[r.BloomQuality:5]]
[2022.06.06-10.35.48:054][  0]LogConfig: Setting CVar [[r.FastBlurThreshold:100]]
[2022.06.06-10.35.48:054][  0]LogConfig: Setting CVar [[r.Upscale.Quality:3]]
[2022.06.06-10.35.48:054][  0]LogConfig: Setting CVar [[r.Tonemapper.GrainQuantization:1]]
[2022.06.06-10.35.48:054][  0]LogConfig: Setting CVar [[r.LightShaftQuality:1]]
[2022.06.06-10.35.48:054][  0]LogConfig: Setting CVar [[r.Filter.SizeScale:1]]
[2022.06.06-10.35.48:054][  0]LogConfig: Setting CVar [[r.Tonemapper.Quality:5]]
[2022.06.06-10.35.48:054][  0]LogConfig: Setting CVar [[r.DOF.Gather.AccumulatorQuality:1        ; higher gathering accumulator quality]]
[2022.06.06-10.35.48:055][  0]LogConfig: Setting CVar [[r.DOF.Gather.PostfilterMethod:1          ; Median3x3 postfilering method]]
[2022.06.06-10.35.48:055][  0]LogConfig: Setting CVar [[r.DOF.Gather.EnableBokehSettings:0       ; no bokeh simulation when gathering]]
[2022.06.06-10.35.48:055][  0]LogConfig: Setting CVar [[r.DOF.Gather.RingCount:4                 ; medium number of samples when gathering]]
[2022.06.06-10.35.48:055][  0]LogConfig: Setting CVar [[r.DOF.Scatter.ForegroundCompositing:1    ; additive foreground scattering]]
[2022.06.06-10.35.48:055][  0]LogConfig: Setting CVar [[r.DOF.Scatter.BackgroundCompositing:2    ; additive background scattering]]
[2022.06.06-10.35.48:055][  0]LogConfig: Setting CVar [[r.DOF.Scatter.EnableBokehSettings:1      ; bokeh simulation when scattering]]
[2022.06.06-10.35.48:055][  0]LogConfig: Setting CVar [[r.DOF.Scatter.MaxSpriteRatio:0.1         ; only a maximum of 10% of scattered bokeh]]
[2022.06.06-10.35.48:055][  0]LogConfig: Setting CVar [[r.DOF.Recombine.Quality:1                ; cheap slight out of focus]]
[2022.06.06-10.35.48:055][  0]LogConfig: Setting CVar [[r.DOF.Recombine.EnableBokehSettings:0    ; no bokeh simulation on slight out of focus]]
[2022.06.06-10.35.48:055][  0]LogConfig: Setting CVar [[r.DOF.TemporalAAQuality:1                ; more stable temporal accumulation]]
[2022.06.06-10.35.48:055][  0]LogConfig: Setting CVar [[r.DOF.Kernel.MaxForegroundRadius:0.025]]
[2022.06.06-10.35.48:055][  0]LogConfig: Setting CVar [[r.DOF.Kernel.MaxBackgroundRadius:0.025]]
[2022.06.06-10.35.48:055][  0]LogConfig: Applying CVar settings from Section [TextureQuality@3] File [K:/Mastered/Trials/Trials/Saved/Config/Windows/Scalability.ini]
[2022.06.06-10.35.48:056][  0]LogConfig: Setting CVar [[r.Streaming.MipBias:0]]
[2022.06.06-10.35.48:056][  0]LogConfig: Setting CVar [[r.Streaming.AmortizeCPUToGPUCopy:0]]
[2022.06.06-10.35.48:056][  0]LogConfig: Setting CVar [[r.Streaming.MaxNumTexturesToStreamPerFrame:0]]
[2022.06.06-10.35.48:056][  0]LogConfig: Setting CVar [[r.Streaming.Boost:1]]
[2022.06.06-10.35.48:056][  0]LogConfig: Setting CVar [[r.MaxAnisotropy:8]]
[2022.06.06-10.35.48:056][  0]LogConfig: Setting CVar [[r.VT.MaxAnisotropy:8]]
[2022.06.06-10.35.48:056][  0]LogConfig: Setting CVar [[r.Streaming.LimitPoolSizeToVRAM:0]]
[2022.06.06-10.35.48:056][  0]LogConfig: Setting CVar [[r.Streaming.PoolSize:1000]]
[2022.06.06-10.35.48:056][  0]LogConfig: Setting CVar [[r.Streaming.MaxEffectiveScreenSize:0]]
[2022.06.06-10.35.48:056][  0]LogConfig: Applying CVar settings from Section [EffectsQuality@3] File [K:/Mastered/Trials/Trials/Saved/Config/Windows/Scalability.ini]
[2022.06.06-10.35.48:056][  0]LogConfig: Setting CVar [[r.TranslucencyLightingVolumeDim:64]]
[2022.06.06-10.35.48:056][  0]LogConfig: Setting CVar [[r.RefractionQuality:2]]
[2022.06.06-10.35.48:057][  0]LogConfig: Setting CVar [[r.SSR.Quality:3]]
[2022.06.06-10.35.48:057][  0]LogConfig: Setting CVar [[r.SSR.HalfResSceneColor:0]]
[2022.06.06-10.35.48:057][  0]LogConfig: Setting CVar [[r.SceneColorFormat:4]]
[2022.06.06-10.35.48:057][  0]LogConfig: Setting CVar [[r.DetailMode:2]]
[2022.06.06-10.35.48:057][  0]LogConfig: Setting CVar [[r.TranslucencyVolumeBlur:1]]
[2022.06.06-10.35.48:057][  0]LogConfig: Setting CVar [[r.MaterialQualityLevel:1 ; High quality]]
[2022.06.06-10.35.48:057][  0]LogConfig: Setting CVar [[r.AnisotropicMaterials:1]]
[2022.06.06-10.35.48:057][  0]LogConfig: Setting CVar [[r.SSS.Scale:1]]
[2022.06.06-10.35.48:057][  0]LogConfig: Setting CVar [[r.SSS.SampleSet:2]]
[2022.06.06-10.35.48:057][  0]LogConfig: Setting CVar [[r.SSS.Quality:1]]
[2022.06.06-10.35.48:057][  0]LogConfig: Setting CVar [[r.SSS.HalfRes:0]]
[2022.06.06-10.35.48:057][  0]LogConfig: Setting CVar [[r.SSGI.Quality:3]]
[2022.06.06-10.35.48:057][  0]LogConfig: Setting CVar [[r.EmitterSpawnRateScale:1.0]]
[2022.06.06-10.35.48:058][  0]LogConfig: Setting CVar [[r.ParticleLightQuality:2]]
[2022.06.06-10.35.48:058][  0]LogConfig: Setting CVar [[r.SkyAtmosphere.AerialPerspectiveLUT.FastApplyOnOpaque:1 ; Always have FastSkyLUT 1 in this case to avoid wrong sky]]
[2022.06.06-10.35.48:058][  0]LogConfig: Setting CVar [[r.SkyAtmosphere.AerialPerspectiveLUT.SampleCountMaxPerSlice:4]]
[2022.06.06-10.35.48:058][  0]LogConfig: Setting CVar [[r.SkyAtmosphere.AerialPerspectiveLUT.DepthResolution:16.0]]
[2022.06.06-10.35.48:058][  0]LogConfig: Setting CVar [[r.SkyAtmosphere.FastSkyLUT:1]]
[2022.06.06-10.35.48:058][  0]LogConfig: Setting CVar [[r.SkyAtmosphere.FastSkyLUT.SampleCountMin:4.0]]
[2022.06.06-10.35.48:058][  0]LogConfig: Setting CVar [[r.SkyAtmosphere.FastSkyLUT.SampleCountMax:128.0]]
[2022.06.06-10.35.48:058][  0]LogConfig: Setting CVar [[r.SkyAtmosphere.SampleCountMin:4.0]]
[2022.06.06-10.35.48:058][  0]LogConfig: Setting CVar [[r.SkyAtmosphere.SampleCountMax:128.0]]
[2022.06.06-10.35.48:058][  0]LogConfig: Setting CVar [[r.SkyAtmosphere.TransmittanceLUT.UseSmallFormat:0]]
[2022.06.06-10.35.48:058][  0]LogConfig: Setting CVar [[r.SkyAtmosphere.TransmittanceLUT.SampleCount:10.0]]
[2022.06.06-10.35.48:059][  0]LogConfig: Setting CVar [[r.SkyAtmosphere.MultiScatteringLUT.SampleCount:15.0]]
[2022.06.06-10.35.48:059][  0]LogConfig: Setting CVar [[r.SkyLight.RealTimeReflectionCapture:1]]
[2022.06.06-10.35.48:059][  0]LogConfig: Applying CVar settings from Section [FoliageQuality@3] File [K:/Mastered/Trials/Trials/Saved/Config/Windows/Scalability.ini]
[2022.06.06-10.35.48:059][  0]LogConfig: Setting CVar [[foliage.DensityScale:1.0]]
[2022.06.06-10.35.48:059][  0]LogConfig: Setting CVar [[grass.DensityScale:1.0]]
[2022.06.06-10.35.48:059][  0]LogConfig: Applying CVar settings from Section [ShadingQuality@3] File [K:/Mastered/Trials/Trials/Saved/Config/Windows/Scalability.ini]
[2022.06.06-10.35.48:059][  0]LogConfig: Setting CVar [[r.HairStrands.SkyLighting.IntegrationType:2]]
[2022.06.06-10.35.48:059][  0]LogConfig: Setting CVar [[r.HairStrands.SkyAO.SampleCount:4]]
[2022.06.06-10.35.48:059][  0]LogConfig: Setting CVar [[r.HairStrands.Visibility.MSAA.SamplePerPixel:4]]
[2022.06.06-10.35.48:059][  0]LogConfig: Applying CVar settings from Section [Startup] File [../../../Engine/Config/ConsoleVariables.ini]
[2022.06.06-10.35.48:060][  0]LogConfig: Setting CVar [[net.UseAdaptiveNetUpdateFrequency:0]]
[2022.06.06-10.35.48:060][  0]LogConfig: Setting CVar [[p.chaos.AllowCreatePhysxBodies:1]]
[2022.06.06-10.35.48:060][  0]LogConfig: Setting CVar [[fx.SkipVectorVMBackendOptimizations:1]]
[2022.06.06-10.35.48:060][  0]LogConfig: Applying CVar settings from Section [ConsoleVariables] File [K:/Mastered/Trials/Trials/Saved/Config/Windows/Engine.ini]
[2022.06.06-10.35.48:060][  0]LogConfig: Applying CVar settings from Section [ConsoleVariables] File [K:/Mastered/Trials/Trials/Saved/Config/Windows/Editor.ini]
[2022.06.06-10.35.48:061][  0]LogInit: Computer: DESKTOP-70BM0B7
[2022.06.06-10.35.48:062][  0]LogInit: User: zilla
[2022.06.06-10.35.48:062][  0]LogInit: CPU Page size=4096, Cores=12
[2022.06.06-10.35.48:062][  0]LogInit: High frequency timer resolution =10.000000 MHz
[2022.06.06-10.35.48:062][  0]LogMemory: Memory total: Physical=31.9GB (32GB approx)
[2022.06.06-10.35.48:062][  0]LogMemory: Platform Memory Stats for Windows
[2022.06.06-10.35.48:062][  0]LogMemory: Process Physical Memory: 152.33 MB used, 152.33 MB peak
[2022.06.06-10.35.48:062][  0]LogMemory: Process Virtual Memory: 132.40 MB used, 132.40 MB peak
[2022.06.06-10.35.48:062][  0]LogMemory: Physical Memory: 15621.64 MB used,  17056.25 MB free, 32677.89 MB total
[2022.06.06-10.35.48:062][  0]LogMemory: Virtual Memory: 134198000.00 MB used,  19729.29 MB free, 134217728.00 MB total
[2022.06.06-10.35.48:396][  0]LogWindows: WindowsPlatformFeatures enabled
[2022.06.06-10.35.48:792][  0]LogInit: Physics initialised using underlying interface: PhysX
[2022.06.06-10.35.48:795][  0]LogInit: Using OS detected language (en-GB).
[2022.06.06-10.35.48:795][  0]LogInit: Using OS detected locale (en-GB).
[2022.06.06-10.35.48:815][  0]LogTextLocalizationManager: No specific localization for 'en-GB' exists, so the 'en' localization will be used.
[2022.06.06-10.35.49:168][  0]LogInit: Setting process to per monitor DPI aware
[2022.06.06-10.35.49:231][  0]LogWindowsTextInputMethodSystem: Display: IME system deactivated.
[2022.06.06-10.35.49:292][  0]LogSlate: New Slate User Created.  User Index 0, Is Virtual User: 0
[2022.06.06-10.35.49:292][  0]LogSlate: Slate User Registered.  User Index 0, Is Virtual User: 0
[2022.06.06-10.35.50:574][  0]LogD3D11RHI: Loaded GFSDK_Aftermath_Lib.x64.dll
[2022.06.06-10.35.50:582][  0]LogHMD: Failed to initialize OpenVR with code 110
[2022.06.06-10.35.50:583][  0]LogD3D11RHI: D3D11 min allowed feature level: 11_0
[2022.06.06-10.35.50:583][  0]LogD3D11RHI: D3D11 max allowed feature level: 11_0
[2022.06.06-10.35.50:583][  0]LogD3D11RHI: D3D11 adapters:
[2022.06.06-10.35.50:736][  0]LogD3D11RHI:    0. 'NVIDIA GeForce RTX 3080 Ti' (Feature Level 11_0)
[2022.06.06-10.35.50:736][  0]LogD3D11RHI:       12108/0/16338 MB DedicatedVideo/DedicatedSystem/SharedSystem, Outputs:2, VendorId:0x10de
[2022.06.06-10.35.50:744][  0]LogD3D11RHI:    1. 'Microsoft Basic Render Driver' (Feature Level 11_0)
[2022.06.06-10.35.50:744][  0]LogD3D11RHI:       0/0/16338 MB DedicatedVideo/DedicatedSystem/SharedSystem, Outputs:0, VendorId:0x1414
[2022.06.06-10.35.50:745][  0]LogD3D11RHI: Chosen D3D11 Adapter:
[2022.06.06-10.35.50:745][  0]LogD3D11RHI:     Description : NVIDIA GeForce RTX 3080 Ti
[2022.06.06-10.35.50:745][  0]LogD3D11RHI:     VendorId    : 10de
[2022.06.06-10.35.50:745][  0]LogD3D11RHI:     DeviceId    : 2208
[2022.06.06-10.35.50:745][  0]LogD3D11RHI:     SubSysId    : 40881458
[2022.06.06-10.35.50:745][  0]LogD3D11RHI:     Revision    : 00a1
[2022.06.06-10.35.50:745][  0]LogD3D11RHI:     DedicatedVideoMemory : 12696158208 bytes
[2022.06.06-10.35.50:745][  0]LogD3D11RHI:     DedicatedSystemMemory : 0 bytes
[2022.06.06-10.35.50:745][  0]LogD3D11RHI:     SharedSystemMemory : 17132623872 bytes
[2022.06.06-10.35.50:745][  0]LogD3D11RHI:     AdapterLuid : 0 81994
[2022.06.06-10.35.50:753][  0]LogD3D11RHI: Creating new Direct3DDevice
[2022.06.06-10.35.50:753][  0]LogD3D11RHI:     GPU DeviceId: 0x2208 (for the marketing name, search the web for "GPU Device Id")
[2022.06.06-10.35.50:754][  0]LogWindows: EnumDisplayDevices:
[2022.06.06-10.35.50:754][  0]LogWindows:    0. 'NVIDIA GeForce RTX 3080 Ti' (P:0 D:1)
[2022.06.06-10.35.50:754][  0]LogWindows:    1. 'NVIDIA GeForce RTX 3080 Ti' (P:1 D:1)
[2022.06.06-10.35.50:754][  0]LogWindows:    2. 'NVIDIA GeForce RTX 3080 Ti' (P:0 D:0)
[2022.06.06-10.35.50:755][  0]LogWindows:    3. 'NVIDIA GeForce RTX 3080 Ti' (P:0 D:0)
[2022.06.06-10.35.50:755][  0]LogWindows: DebugString: FoundDriverCount:4 
[2022.06.06-10.35.50:755][  0]LogD3D11RHI:     Adapter Name: NVIDIA GeForce RTX 3080 Ti
[2022.06.06-10.35.50:755][  0]LogD3D11RHI:   Driver Version: 512.59 (internal:30.0.15.1259, unified:512.59)
[2022.06.06-10.35.50:755][  0]LogD3D11RHI:      Driver Date: 4-20-2022
[2022.06.06-10.35.50:755][  0]LogRHI: Texture pool is 8475 MB (70% of 12108 MB)
[2022.06.06-10.35.50:755][  0]LogD3D11RHI: Creating D3DDevice using adapter:
[2022.06.06-10.35.50:755][  0]LogD3D11RHI:     Description : NVIDIA GeForce RTX 3080 Ti
[2022.06.06-10.35.50:756][  0]LogD3D11RHI:     VendorId    : 10de
[2022.06.06-10.35.50:756][  0]LogD3D11RHI:     DeviceId    : 2208
[2022.06.06-10.35.50:756][  0]LogD3D11RHI:     SubSysId    : 40881458
[2022.06.06-10.35.50:756][  0]LogD3D11RHI:     Revision    : 00a1
[2022.06.06-10.35.50:756][  0]LogD3D11RHI:     DedicatedVideoMemory : 12696158208 bytes
[2022.06.06-10.35.50:756][  0]LogD3D11RHI:     DedicatedSystemMemory : 0 bytes
[2022.06.06-10.35.50:756][  0]LogD3D11RHI:     SharedSystemMemory : 17132623872 bytes
[2022.06.06-10.35.50:756][  0]LogD3D11RHI:     AdapterLuid : 0 81994
[2022.06.06-10.35.50:826][  0]LogD3D11RHI: RHI has support for 64 bit atomics
[2022.06.06-10.35.50:826][  0]LogD3D11RHI: Async texture creation enabled
[2022.06.06-10.35.50:826][  0]LogD3D11RHI: Array index from any shader is supported
[2022.06.06-10.35.50:828][  0]LogD3D11RHI: HDR output is supported on display 0 (NvId: 0x80061081).
[2022.06.06-10.35.50:859][  0]LogD3D11RHI: GPU Timing Frequency: 1000.000000 (Debug: 2 1)
[2022.06.06-10.35.50:929][  0]LogRHI: GeForceNow SDK initialized: 1
[2022.06.06-10.35.51:221][  0]LogTargetPlatformManager: Display: Loaded TargetPlatform 'AllDesktop'
[2022.06.06-10.35.51:258][  0]LogTargetPlatformManager: Display: Loaded TargetPlatform 'Android'
[2022.06.06-10.35.51:258][  0]LogTargetPlatformManager: Display: Loaded TargetPlatform 'Android_ASTC'
[2022.06.06-10.35.51:258][  0]LogTargetPlatformManager: Display: Loaded TargetPlatform 'Android_DXT'
[2022.06.06-10.35.51:258][  0]LogTargetPlatformManager: Display: Loaded TargetPlatform 'Android_ETC2'
[2022.06.06-10.35.51:258][  0]LogTargetPlatformManager: Display: Loaded TargetPlatform 'AndroidClient'
[2022.06.06-10.35.51:258][  0]LogTargetPlatformManager: Display: Loaded TargetPlatform 'Android_ASTCClient'
[2022.06.06-10.35.51:258][  0]LogTargetPlatformManager: Display: Loaded TargetPlatform 'Android_DXTClient'
[2022.06.06-10.35.51:258][  0]LogTargetPlatformManager: Display: Loaded TargetPlatform 'Android_ETC2Client'
[2022.06.06-10.35.51:258][  0]LogTargetPlatformManager: Display: Loaded TargetPlatform 'Android_Multi'
[2022.06.06-10.35.51:259][  0]LogTargetPlatformManager: Display: Loaded TargetPlatform 'Android_MultiClient'
[2022.06.06-10.35.51:320][  0]LogTargetPlatformManager: Display: Loaded TargetPlatform 'IOSClient'
[2022.06.06-10.35.51:320][  0]LogTargetPlatformManager: Display: Loaded TargetPlatform 'IOS'
[2022.06.06-10.35.51:349][  0]LogTargetPlatformManager: Display: Loaded TargetPlatform 'Linux'
[2022.06.06-10.35.51:368][  0]LogTargetPlatformManager: Display: Loaded TargetPlatform 'LinuxNoEditor'
[2022.06.06-10.35.51:394][  0]LogTargetPlatformManager: Display: Loaded TargetPlatform 'LinuxClient'
[2022.06.06-10.35.51:428][  0]LogTargetPlatformManager: Display: Loaded TargetPlatform 'LinuxServer'
[2022.06.06-10.35.51:470][  0]LogTargetPlatformManager: Display: Loaded TargetPlatform 'LinuxAArch64NoEditor'
[2022.06.06-10.35.51:500][  0]LogTargetPlatformManager: Display: Loaded TargetPlatform 'LinuxAArch64Client'
[2022.06.06-10.35.51:519][  0]LogTargetPlatformManager: Display: Loaded TargetPlatform 'LinuxAArch64Server'
[2022.06.06-10.35.51:558][  0]LogTargetPlatformManager: Display: Loaded TargetPlatform 'Lumin'
[2022.06.06-10.35.51:558][  0]LogTargetPlatformManager: Display: Loaded TargetPlatform 'LuminClient'
[2022.06.06-10.35.51:584][  0]LogTargetPlatformManager: Display: Loaded TargetPlatform 'MacNoEditor'
[2022.06.06-10.35.51:602][  0]LogTargetPlatformManager: Display: Loaded TargetPlatform 'Mac'
[2022.06.06-10.35.51:620][  0]LogTargetPlatformManager: Display: Loaded TargetPlatform 'MacClient'
[2022.06.06-10.35.51:638][  0]LogTargetPlatformManager: Display: Loaded TargetPlatform 'MacServer'
[2022.06.06-10.35.51:664][  0]LogTargetPlatformManager: Display: Loaded TargetPlatform 'TVOSClient'
[2022.06.06-10.35.51:665][  0]LogTargetPlatformManager: Display: Loaded TargetPlatform 'TVOS'
[2022.06.06-10.35.51:688][  0]LogTargetPlatformManager: Display: Loaded TargetPlatform 'WindowsNoEditor'
[2022.06.06-10.35.51:710][  0]LogTargetPlatformManager: Display: Loaded TargetPlatform 'Windows'
[2022.06.06-10.35.51:729][  0]LogTargetPlatformManager: Display: Loaded TargetPlatform 'WindowsClient'
[2022.06.06-10.35.51:747][  0]LogTargetPlatformManager: Display: Loaded TargetPlatform 'WindowsServer'
[2022.06.06-10.35.51:748][  0]LogTargetPlatformManager: Display: Building Assets For Windows
[2022.06.06-10.35.51:811][  0]LogAudioDebug: Display: Lib vorbis DLL was dynamically loaded.
[2022.06.06-10.35.52:023][  0]LogTextureFormatOodle: Display: Oodle Texture 2.9.0 init RDO Off
[2022.06.06-10.35.52:307][  0]LogRendererCore: Ray tracing is disabled. Reason: r.RayTracing=0.
[2022.06.06-10.35.52:307][  0]LogShaderCompilers: Guid format shader working directory is 21 characters bigger than the processId version (K:/Mastered/Trials/Trials/Intermediate/Shaders/WorkingDirectory/7432/).
[2022.06.06-10.35.52:308][  0]LogShaderCompilers: Cleaned the shader compiler working directory 'C:/Users/zilla/AppData/Local/Temp/UnrealShaderWorkingDir/B4AE6C1E4DB86604FE40D594CA2A2310/'.
[2022.06.06-10.35.52:308][  0]LogXGEController: Cannot use XGE Controller as Incredibuild is not installed on this machine.
[2022.06.06-10.35.52:308][  0]LogShaderCompilers: Cannot use XGE Shader Compiler as Incredibuild is not installed on this machine.
[2022.06.06-10.35.52:308][  0]LogShaderCompilers: Display: Using Local Shader Compiler.
[2022.06.06-10.35.54:126][  0]LogDerivedDataCache: Display: Max Cache Size: 512 MB
[2022.06.06-10.35.54:393][  0]LogDerivedDataCache: Loaded boot cache 0.26s 94MB C:/Users/zilla/AppData/Local/UnrealEngine/4.27/DerivedDataCache/Boot.ddc.
[2022.06.06-10.35.54:394][  0]LogDerivedDataCache: Display: Loaded Boot cache: C:/Users/zilla/AppData/Local/UnrealEngine/4.27/DerivedDataCache/Boot.ddc
[2022.06.06-10.35.54:394][  0]LogDerivedDataCache: FDerivedDataBackendGraph:  Pak pak cache file K:/Mastered/Trials/Trials/DerivedDataCache/DDC.ddp not found, will not use a pak cache.
[2022.06.06-10.35.54:394][  0]LogDerivedDataCache: Unable to find inner node Pak for hierarchical cache Hierarchy.
[2022.06.06-10.35.54:394][  0]LogDerivedDataCache: FDerivedDataBackendGraph:  CompressedPak pak cache file K:/Mastered/Trials/Trials/DerivedDataCache/Compressed.ddp not found, will not use a pak cache.
[2022.06.06-10.35.54:394][  0]LogDerivedDataCache: Unable to find inner node CompressedPak for hierarchical cache Hierarchy.
[2022.06.06-10.35.54:417][  0]LogDerivedDataCache: Display: Pak cache opened for reading ../../../Engine/DerivedDataCache/Compressed.ddp.
[2022.06.06-10.35.54:417][  0]LogDerivedDataCache: FDerivedDataBackendGraph:  EnterprisePak pak cache file ../../../Enterprise/DerivedDataCache/Compressed.ddp not found, will not use a pak cache.
[2022.06.06-10.35.54:418][  0]LogDerivedDataCache: Unable to find inner node EnterprisePak for hierarchical cache Hierarchy.
[2022.06.06-10.35.54:468][  0]LogDerivedDataCache: Speed tests for C:/Users/zilla/AppData/Local/UnrealEngine/Common/DerivedDataCache took 0.05 seconds
[2022.06.06-10.35.54:468][  0]LogDerivedDataCache: Display: Performance to C:/Users/zilla/AppData/Local/UnrealEngine/Common/DerivedDataCache: Latency=0.30ms. RandomReadSpeed=41.06MBs, RandomWriteSpeed=38.81MBs. Assigned SpeedClass 'Local'
[2022.06.06-10.35.54:469][  0]LogDerivedDataCache: Using Local data cache path C:/Users/zilla/AppData/Local/UnrealEngine/Common/DerivedDataCache: Writable
[2022.06.06-10.35.54:470][  0]LogDerivedDataCache: Shared data cache path not found in *engine.ini, will not use an Shared cache.
[2022.06.06-10.35.54:470][  0]LogDerivedDataCache: Unable to find inner node Shared for hierarchical cache Hierarchy.
[2022.06.06-10.35.54:515][  0]LogSlate: Using FreeType 2.10.0
[2022.06.06-10.35.54:520][  0]LogSlate: SlateFontServices - WITH_FREETYPE: 1, WITH_HARFBUZZ: 1
[2022.06.06-10.35.54:581][  0]LogAssetRegistry: FAssetRegistry took 0.0032 seconds to start up
[2022.06.06-10.35.54:862][  0]LogInit: Selected Device Profile: [Windows]
[2022.06.06-10.35.54:863][  0]LogInit: Active device profile: [000001F82826F200][000001F824E4A9C0 49] Windows
[2022.06.06-10.35.54:863][  0]LogInit: Profiles: [000001F82826F200][000001F824E4A9C0 49] Windows, [000001F82822D100][000001F824E52B40 49] WindowsNoEditor, [000001F82826D000][000001F824E5ECC0 49] WindowsServer, [000001F82822F000][000001F824E62E40 49] WindowsClient, [000001F82826EF00][000001F824E46FC0 49] IOS, [000001F82822D500][000001F824E67140 49] iPadAir, [000001F82826D400][000001F8276992C0 49] iPadAir2, [000001F8281F0200][000001F82769D580 49] IPadPro, [000001F8281F0300][000001F81B5B75C0 49] iPadAir3, [000001F82826EB00][000001F8276A1740 49] iPadAir4, [000001F8281F2A00][000001F8276A58C0 49] iPadMini2, [000001F82826D600][000001F81B6B9A40 49] iPadMini3, [000001F8281F1700][000001F81B445BC0 49] iPadMini4, [000001F82826E700][000001F8240301C0 49] iPadMini5, [000001F8281E3A00][000001F8276AC480 49] iPhone6, [000001F8281E3B00][000001F8276A84C0 49] iPodTouch6, [000001F8281F3A00][000001F827250700 49] iPhone7, [000001F8281F2900][000001F824E4E740 49] iPodTouch7, [000001F8281E1300][000001F827254880 49] iPhone5S, [000001F8281F1600][000001F8272589C0 49] iPhone6Plus, [000001F8281E2B00][000001F827260B40 49] iPhone6S, [000001F8281F2600][000001F827264CC0 49] iPhone6SPlus, [000001F8281E1800][000001F827268E40 49] iPhone7Plus, [000001F8281F1A00][000001F82726CFC0 49] iPhoneSE, [000001F8281E3D00][000001F827271140 49] iPhone8, [000001F8281F1100][000001F8272752C0 49] iPhone8Plus, [000001F8281E1200][000001F827279440 49] iPhoneX, [000001F8281F1B00][000001F82727D5C0 49] iPhoneXS, [000001F8281E2800][000001F827281740 49] iPhoneXSMax, [000001F8281F3100][000001F8272858C0 49] iPhoneXR, [000001F8281E3900][000001F827289A40 49] iPhone11, [000001F8281F3700][000001F82752DBC0 49] iPhone11Pro, [000001F8281E2C00][000001F8275301C0 49] iPhone11ProMax, [000001F8281F1200][000001F827534340 49] iPhoneSE2, [000001F8281E1F00][000001F8275384C0 49] iPhone12Mini, [000001F8281F1C00][000001F82753C640 49] iPhone12, [000001F8281E2100][000001F82725C780 49] iPhone12Pro, [000001F8281F1300][000001F8275408C0 49] iPhone12ProMax, [000001F8281E2200][000001F827544A00 49] iPadPro105, [000001F8281F2E00][000001F827548B40 49] iPadPro129, [000001F8281E2000][000001F827550CC0 49] iPadPro97, [000001F8281F2F00][000001F827554E40 49] iPadPro2_129, [000001F8281E3C00][000001F827558FC0 49] iPad5, [000001F8281F1000][000001F82755D140 49] iPad6, [000001F8281E0300][000001F8275612C0 49] iPad7, [000001F8281F3B00][000001F827565440 49] iPad8, [000001F8281E3800][000001F8275695C0 49] iPadPro11, [000001F8281F3E00][000001F82756D740 49] iPadPro2_11, [000001F8281E0500][000001F8275718C0 49] iPadPro3_129, [000001F8281F2B00][000001F828C6FA40 49] iPadPro4_129, [000001F8281E2700][000001F828C73BC0 49] AppleTV, [000001F8281F2C00][000001F828C761C0 49] AppleTV4K, [000001F8281E3100][000001F828C7A340 49] TVOS, [000001F8281F3500][000001F828C7E4C0 49] Mac, [000001F8281E0D00][000001F828C82640 49] MacClient, [000001F8281F2100][000001F828C867C0 49] MacNoEditor, [000001F8281E2400][000001F828C8A940 49] MacServer, [000001F8281F2800][000001F82754CA80 49] Linux, [000001F8281E0200][000001F828C8EBC0 49] LinuxAArch64, [000001F8281F3400][000001F828C92D00 49] LinuxNoEditor, [000001F8281E1600][000001F828C9AE80 49] LinuxAArch64NoEditor, [000001F82822FA00][000001F828C9F000 49] LinuxClient, [000001F8282D5700][000001F828CA3180 49] LinuxAArch64Client, [000001F82822D200][000001F828CA7300 49] LinuxServer, [000001F8282D4100][000001F828CAB480 49] LinuxAArch64Server, [000001F82822D600][000001F828CAF600 49] Android, [000001F8282D5600][000001F828CB3780 49] Android_Low, [000001F82822D400][000001F828CB7900 49] Android_Mid, [000001F8282D4E00][000001F828CBBA80 49] Android_High, [000001F82822EB00][000001F828CBFC00 49] Android_Default, [000001F8282D4200][000001F828CC2200 49] Android_Adreno4xx, [000001F82822FE00][000001F828CC6380 49] Android_Adreno5xx_Low, [000001F8282D4300][000001F828CCA500 49] Android_Adreno5xx, [000001F82822ED00][000001F828CCE680 49] Android_Adreno6xx, [000001F8282D4D00][000001F828CD2800 49] Android_Adreno6xx_Vulkan, [000001F82822C800][000001F828CD6980 49] Android_Mali_T6xx, [000001F8282D5100][000001F828CDAB00 49] Android_Mali_T7xx, [000001F82822CA00][000001F828C96C40 49] Android_Mali_T8xx, [000001F8282D5D00][000001F828CDED80 49] Android_Mali_G71, [000001F82822DE00][000001F828CE2EC0 49] Android_Mali_G72, [000001F8282D5000][000001F828CEB040 49] Android_Mali_G72_Vulkan, [000001F8281E3400][000001F8277BB1C0 49] Android_Mali_G76, [000001F8281F1800][000001F8277BF340 49] Android_Mali_G76_Vulkan, [000001F8281E2900][000001F8277C34C0 49] Android_Mali_G77, [000001F8281F3900][000001F8277C7640 49] Android_Mali_G77_Vulkan, [000001F8281E3E00][000001F8277CB7C0 49] Android_Mali_G78, [000001F8281F1D00][000001F8277CF940 49] Android_Mali_G78_Vulkan, [000001F8281E3700][000001F8277D3AC0 49] Android_Mali_G710, [000001F8281F0D00][000001F8277D60C0 49] Android_Mali_G710_Vulkan, [000001F8281E1A00][000001F8277DA240 49] Android_Vulkan_SM5, [000001F8281F1400][000001F8277DE3C0 49] Android_PowerVR_G6xxx, [000001F8281E3300][000001F8277E2540 49] Android_PowerVR_GT7xxx, [000001F8281F3000][000001F8277E66C0 49] Android_PowerVR_GE8xxx, [000001F8281E3600][000001F8277EA840 49] Android_PowerVR_GM9xxx, [000001F8281F2300][000001F8277EE9C0 49] Android_PowerVR_GM9xxx_Vulkan, [000001F8281E2600][000001F8277F2B40 49] Android_TegraK1, [000001F8281F0900][000001F8277F6CC0 49] Android_Unknown_Vulkan, [000001F8281E0F00][000001F828CE6E00 49] Lumin, [000001F8282D4600][000001F8277FAF40 49] Lumin_Desktop, [000001F8281E1500][000001F8277FF080 49] HoloLens, 
[2022.06.06-10.35.55:240][  0]LogMeshReduction: Using QuadricMeshReduction for automatic static mesh reduction
[2022.06.06-10.35.55:240][  0]LogMeshReduction: Using SimplygonMeshReduction for automatic skeletal mesh reduction
[2022.06.06-10.35.55:240][  0]LogMeshReduction: Using ProxyLODMeshReduction for automatic mesh merging
[2022.06.06-10.35.55:240][  0]LogMeshReduction: No distributed automatic mesh merging module available
[2022.06.06-10.35.55:240][  0]LogMeshMerging: No distributed automatic mesh merging module available
[2022.06.06-10.35.55:294][  0]LogNetVersion: Trials 1.0.0, NetCL: 17155196, EngineNetVer: 17, GameNetVer: 0 (Checksum: 216293165)
[2022.06.06-10.35.56:219][  0]LogTexture: Default maximum texture size for cubemaps generated from long-lat sources has been changed from 512 to unlimited. In order to preserve old behaiour for '/Engine/MapTemplates/Sky/DaylightAmbientCubemap.DaylightAmbientCubemap', its maximum texture size has been explicitly set to 512.
[2022.06.06-10.35.56:308][  0]LogHMD: PokeAHoleMaterial loaded successfully
[2022.06.06-10.35.56:315][  0]LogUObjectArray: 17178 objects as part of root set at end of initial load.
[2022.06.06-10.35.56:316][  0]LogUObjectAllocator: 4302048 out of 0 bytes used by permanent object pool.
[2022.06.06-10.35.56:316][  0]LogUObjectArray: CloseDisregardForGC: 0/0 objects in disregard for GC pool
[2022.06.06-10.35.57:838][  0]LogNiagaraDebuggerClient: Niagara Debugger Client Initialized | Session: E4E50F59403BAC9B626DC8B5C0EA0F62 | Instance: 2CD464D5421EB881FF7A3FBC57D2CDF6 (DESKTOP-70BM0B7-7432).
[2022.06.06-10.35.58:050][  0]LogPython: Using Python 3.7.7
[2022.06.06-10.35.59:133][  0]LogTcpMessaging: Initializing TcpMessaging bridge
[2022.06.06-10.35.59:397][  0]LogUdpMessaging: Initializing bridge on interface 0.0.0.0:0 to multicast group 230.0.0.1:6666.
[2022.06.06-10.35.59:687][  0]LogLinker: Warning: [AssetLog] K:\Mastered\Trials\Trials\Content\Animations\TUTORIAL_RESOURCES\Animations\MeleeFistAttack.uasset: Failed to load '/Script/Trialed': Can't find file.
[2022.06.06-10.35.59:689][  0]LogLinker: Warning: [AssetLog] K:\Mastered\Trials\Trials\Content\Animations\TUTORIAL_RESOURCES\Animations\MeleeFistAttack.uasset: Failed to load '/Script/Trialed': Can't find file.
[2022.06.06-10.35.59:689][  0]LogLinker: Warning: [AssetLog] K:\Mastered\Trials\Trials\Content\Animations\TUTORIAL_RESOURCES\Animations\MeleeFistAttack.uasset: Failed to load '/Script/Trialed': Can't find file.
[2022.06.06-10.35.59:689][  0]LogLinker: Warning: Failed to load '/Script/Trialed': Can't find file.
[2022.06.06-10.35.59:689][  0]LogLinker: Warning: Failed to load '/Script/Trialed': Can't find file.
[2022.06.06-10.35.59:690][  0]LogLinker: Warning: Failed to load '/Script/Trialed': Can't find file.
[2022.06.06-10.35.59:690][  0]LogLinker: Warning: Failed to load '/Script/Trialed': Can't find file.
[2022.06.06-10.35.59:690][  0]LogLinker: Warning: Failed to load '/Script/Trialed': Can't find file.
[2022.06.06-10.35.59:690][  0]LogLinker: Warning: Failed to load '/Script/Trialed': Can't find file.
[2022.06.06-10.36.02:718][  0]SourceControl: Source control is disabled
[2022.06.06-10.36.02:719][  0]SourceControl: Source control is disabled
[2022.06.06-10.36.02:767][  0]SourceControl: Source control is disabled
[2022.06.06-10.36.11:892][  0]SourceControl: Source control is disabled
[2022.06.06-10.36.11:933][  0]LogUProjectInfo: Found projects:
[2022.06.06-10.36.13:023][  0]LogOpenImageDenoise: OIDN starting up
[2022.06.06-10.36.13:169][  0]LogAndroidPermission: UAndroidPermissionCallbackProxy::GetInstance
[2022.06.06-10.36.13:544][  0]LogAudioCaptureCore: Display: No Audio Capture implementations found. Audio input will be silent.
[2022.06.06-10.36.13:544][  0]LogAudioCaptureCore: Display: No Audio Capture implementations found. Audio input will be silent.
[2022.06.06-10.36.13:585][  0]SourceControl: Source control is disabled
[2022.06.06-10.36.13:953][  0]LogCollectionManager: Loaded 0 collections in 0.002254 seconds
[2022.06.06-10.36.13:980][  0]LogFileCache: Scanning file cache for directory 'K:/Mastered/Trials/Trials/Saved/Collections/' took 0.00s
[2022.06.06-10.36.13:980][  0]LogFileCache: Scanning file cache for directory 'K:/Mastered/Trials/Trials/Content/Developers/zilla/Collections/' took 0.00s
[2022.06.06-10.36.13:980][  0]LogFileCache: Scanning file cache for directory 'K:/Mastered/Trials/Trials/Content/Collections/' took 0.00s
[2022.06.06-10.36.14:090][  0]LogOcInput: OculusInput pre-init called
[2022.06.06-10.36.14:494][  0]LogStreaming: Warning: Failed to read file '../../../Engine/Plugins/MegascansPlugin/Resources/Logo80x80.png' error.
[2022.06.06-10.36.14:494][  0]LogSlate: Could not find file for Slate resource: ../../../Engine/Plugins/MegascansPlugin/Resources/Logo80x80.png
[2022.06.06-10.36.14:810][  0]LogStreaming: Warning: Failed to read file '../../../Engine/Plugins/MegascansPlugin/Resources/Logo80x80.png' error.
[2022.06.06-10.36.14:810][  0]LogSlate: Could not find file for Slate resource: ../../../Engine/Plugins/MegascansPlugin/Resources/Logo80x80.png
[2022.06.06-10.36.14:811][  0]LogStreaming: Warning: Failed to read file '../../../Engine/Plugins/MegascansPlugin/Resources/Logo32x32.png' error.
[2022.06.06-10.36.14:811][  0]LogSlate: Could not find file for Slate resource: ../../../Engine/Plugins/MegascansPlugin/Resources/Logo32x32.png
[2022.06.06-10.36.14:811][  0]LogClass: Display: Int8Property FMTSJson::version is not initialized properly. Module:MegascansPlugin File:Private/Utilities/MTSReader.h
[2022.06.06-10.36.14:811][  0]LogClass: Display: Int16Property FMTSJson::resolutionValue is not initialized properly. Module:MegascansPlugin File:Private/Utilities/MTSReader.h
[2022.06.06-10.36.14:811][  0]LogClass: Display: BoolProperty FMTSJson::isExternal is not initialized properly. Module:MegascansPlugin File:Private/Utilities/MTSReader.h
[2022.06.06-10.36.14:812][  0]LogClass: Display: Int8Property FMTSJson::meshVersion is not initialized properly. Module:MegascansPlugin File:Private/Utilities/MTSReader.h
[2022.06.06-10.36.14:812][  0]LogClass: Display: BoolProperty FMTSJson::isCustom is not initialized properly. Module:MegascansPlugin File:Private/Utilities/MTSReader.h
[2022.06.06-10.36.14:812][  0]LogClass: Display: BoolProperty FMTSJson::isModularAsset is not initialized properly. Module:MegascansPlugin File:Private/Utilities/MTSReader.h
[2022.06.06-10.36.14:812][  0]LogClass: Display: Int8Property FLodList::variation is not initialized properly. Module:MegascansPlugin File:Private/Utilities/MTSReader.h
[2022.06.06-10.36.14:813][  0]LogClass: Display: Int16Property FMeshList::resolution is not initialized properly. Module:MegascansPlugin File:Private/Utilities/MTSReader.h
[2022.06.06-10.36.14:813][  0]LogClass: Display: Int16Property FComponents::resolution is not initialized properly. Module:MegascansPlugin File:Private/Utilities/MTSReader.h
[2022.06.06-10.36.14:813][  0]LogClass: Display: BoolProperty FTextureSets::isUdim is not initialized properly. Module:MegascansPlugin File:Private/Utilities/MTSReader.h
[2022.06.06-10.36.14:813][  0]LogClass: Display: BoolProperty FMeta::value is not initialized properly. Module:MegascansPlugin File:Private/Utilities/MTSReader.h
[2022.06.06-10.36.14:813][  0]LogClass: Display: 11 Uninitialized script struct members found including 0 object properties
[2022.06.06-10.36.14:815][  0]LogAutomationTest: Warning: Failed to read file '../../../Engine/Plugins/MegascansPlugin/Resources/Logo80x80.png' error.
[2022.06.06-10.36.14:815][  0]LogAutomationTest: Warning: Failed to read file '../../../Engine/Plugins/MegascansPlugin/Resources/Logo32x32.png' error.
[2022.06.06-10.36.14:816][  0]LogEngine: Initializing Engine...
[2022.06.06-10.36.14:866][  0]LogHMD: Optional extension XR_VARJO_quad_views is not available
[2022.06.06-10.36.14:867][  0]LogHMD: Warning: Required extension XR_EXT_eye_gaze_interaction is not available
[2022.06.06-10.36.14:867][  0]LogHMD: Could not enable all required OpenXR extensions for OpenXREyeTracker on current system. This plugin will be loaded but ignored, but will be enabled on a target platform that supports the required extension.
[2022.06.06-10.36.15:369][  0]LogHMD: Failed to get an OpenXR system, result is XR_ERROR_FORM_FACTOR_UNAVAILABLE. Please check that your runtime supports VR headsets.
[2022.06.06-10.36.15:370][  0]LogHMD: Failed to initialize OpenVR with code 110
[2022.06.06-10.36.15:370][  0]LogMagicLeap: Warning: VR disabled because ZI is not enabled.  To enable, in the editor, Edit -> Project Settings -> Plugins -> Magic Leap Plugin -> Enable Zero Iteration
[2022.06.06-10.36.15:372][  0]LogStats: UGameplayTagsManager::InitializeManager -  0.000 s
[2022.06.06-10.36.15:597][  0]LogInit: Initializing FReadOnlyCVARCache
[2022.06.06-10.36.15:642][  0]LogAIModule: Creating AISystem for world Untitled
[2022.06.06-10.36.15:644][  0]LogAudio: Display: Initializing Audio Device Manager...
[2022.06.06-10.36.15:661][  0]LogAudio: Display: Loading Default Audio Settings Objects...
[2022.06.06-10.36.15:663][  0]LogAudio: Display: No default SoundConcurrencyObject specified (or failed to load).
[2022.06.06-10.36.15:664][  0]LogAudio: Display: Audio Device Manager Initialized
[2022.06.06-10.36.15:664][  0]LogAudio: Display: Creating Audio Device:                 Id: 1, Scope: Shared, Realtime: True
[2022.06.06-10.36.15:665][  0]LogAudioMixer: Display: Audio Mixer Platform Settings:
[2022.06.06-10.36.15:665][  0]LogAudioMixer: Display: 	Sample Rate:						  48000
[2022.06.06-10.36.15:666][  0]LogAudioMixer: Display: 	Callback Buffer Frame Size Requested: 1024
[2022.06.06-10.36.15:666][  0]LogAudioMixer: Display: 	Callback Buffer Frame Size To Use:	  1024
[2022.06.06-10.36.15:666][  0]LogAudioMixer: Display: 	Number of buffers to queue:			  2
[2022.06.06-10.36.15:666][  0]LogAudioMixer: Display: 	Max Channels (voices):				  32
[2022.06.06-10.36.15:666][  0]LogAudioMixer: Display: 	Number of Async Source Workers:		  0
[2022.06.06-10.36.15:667][  0]LogAudio: Display: AudioDevice MaxSources: 32
[2022.06.06-10.36.15:667][  0]LogAudio: Display: Audio Spatialization Plugin: None (built-in).
[2022.06.06-10.36.15:667][  0]LogAudio: Display: Audio Reverb Plugin: None (built-in).
[2022.06.06-10.36.15:668][  0]LogAudio: Display: Audio Occlusion Plugin: None (built-in).
[2022.06.06-10.36.15:668][  0]LogAudioMixer: Display: Initializing audio mixer.
[2022.06.06-10.36.16:357][  0]LogAudioMixer: Display: 0: FrontLeft
[2022.06.06-10.36.16:357][  0]LogAudioMixer: Display: 1: FrontRight
[2022.06.06-10.36.16:803][  0]LogAudioMixer: Display: Using Audio Device Headphones (W-KING D9-1 Stereo)
[2022.06.06-10.36.16:808][  0]LogAudioMixer: Display: Initializing Sound Submixes...
[2022.06.06-10.36.16:818][  0]LogAudioMixer: Display: Creating Master Submix 'MasterSubmixDefault'
[2022.06.06-10.36.16:818][  0]LogAudioMixer: Display: Creating Master Submix 'MasterReverbSubmixDefault'
[2022.06.06-10.36.16:819][  0]LogAudioMixer: Display: Creating Master Submix 'MasterEQSubmixDefault'
[2022.06.06-10.36.16:819][  0]LogAudioMixer: FMixerPlatformXAudio2::StartAudioStream() called
[2022.06.06-10.36.16:820][  0]LogAudioMixer: Display: Output buffers initialized: Frames=1024, Channels=2, Samples=2048
[2022.06.06-10.36.16:821][  0]LogAudioMixer: Display: Starting AudioMixerPlatformInterface::RunInternal()
[2022.06.06-10.36.16:822][  0]LogAudioMixer: Display: FMixerPlatformXAudio2::SubmitBuffer() called for the first time
[2022.06.06-10.36.16:822][  0]LogInit: FAudioDevice initialized.
[2022.06.06-10.36.16:822][  0]LogAudio: Display: Audio Device (ID: 1) registered with world 'Untitled'.
[2022.06.06-10.36.16:822][  0]LogNetVersion: Set ProjectVersion to 1.0.0.0. Version Checksum will be recalculated on next use.
[2022.06.06-10.36.16:910][  0]LogDerivedDataCache: Saved boot cache 0.09s 94MB C:/Users/zilla/AppData/Local/UnrealEngine/4.27/DerivedDataCache/Boot.ddc.
[2022.06.06-10.36.16:914][  0]LogInit: Texture streaming: Enabled
[2022.06.06-10.36.16:966][  0]LogAnalytics: Display: [UEEditor.Rocket.Release] APIServer = https://datarouter.ol.epicgames.com/. AppVersion = 4.27.2-18319896+++UE4+Release-4.27
[2022.06.06-10.36.16:987][  0]LogEngineSessionManager: EngineSessionManager initialized
[2022.06.06-10.36.16:987][  0]LogEditorSessionSummary: Verbose: Initializing EditorSessionSummaryWriter for editor session tracking
[2022.06.06-10.36.17:000][  0]LogEditorSessionSummary: EditorSessionSummaryWriter initialized
[2022.06.06-10.36.17:070][  0]LogInit: Transaction tracking system initialized
[2022.06.06-10.36.17:199][  0]BlueprintLog: New page: Editor Load
[2022.06.06-10.36.17:670][  0]LocalizationService: Localization service is disabled
[2022.06.06-10.36.17:829][  0]TimingProfiler: Initialize
[2022.06.06-10.36.17:831][  0]TimingProfiler: OnSessionChanged
[2022.06.06-10.36.17:832][  0]LoadingProfiler: Initialize
[2022.06.06-10.36.17:833][  0]LoadingProfiler: OnSessionChanged
[2022.06.06-10.36.17:833][  0]NetworkingProfiler: Initialize
[2022.06.06-10.36.17:834][  0]NetworkingProfiler: OnSessionChanged
[2022.06.06-10.36.17:834][  0]MemoryProfiler: Initialize
[2022.06.06-10.36.17:834][  0]MemoryProfiler: OnSessionChanged
[2022.06.06-10.36.18:562][  0]LogCook: Display: CookSettings for Memory: MemoryMaxUsedVirtual 0MiB, MemoryMaxUsedPhysical 16384MiB, MemoryMinFreeVirtual 0MiB, MemoryMinFreePhysical 1024MiB
[2022.06.06-10.36.18:562][  0]LogCook: Display: Mobile HDR setting 1
[2022.06.06-10.36.19:375][  0]LogFileCache: Scanning file cache for directory 'K:/Mastered/Trials/Trials/Content/' took 0.01s
[2022.06.06-10.36.19:661][  0]LogStreaming: Warning: Failed to read file '../../../Engine/Plugins/MegascansPlugin/Resources/Logo80x80.png' error.
[2022.06.06-10.36.19:661][  0]LogSlate: Could not find file for Slate resource: ../../../Engine/Plugins/MegascansPlugin/Resources/Logo80x80.png
[2022.06.06-10.36.19:661][  0]LogStreaming: Warning: Failed to read file '../../../Engine/Plugins/MegascansPlugin/Resources/Logo32x32.png' error.
[2022.06.06-10.36.19:661][  0]LogSlate: Could not find file for Slate resource: ../../../Engine/Plugins/MegascansPlugin/Resources/Logo32x32.png
[2022.06.06-10.36.19:662][  0]LogInit: Display: Engine is initialized. Leaving FEngineLoop::Init()
[2022.06.06-10.36.19:671][  0]SourceControl: Source control is disabled
[2022.06.06-10.36.19:671][  0]LogUnrealEdMisc: Loading editor; pre map load, took 35.684
[2022.06.06-10.36.19:672][  0]Cmd: MAP LOAD FILE="K:/Mastered/Trials/Trials/Content/Maps/FirstLevel.umap" TEMPLATE=0 SHOWPROGRESS=1 FEATURELEVEL=3
[2022.06.06-10.36.19:674][  0]LightingResults: New page: Lighting Build
[2022.06.06-10.36.19:678][  0]LogWorld: UWorld::CleanupWorld for Untitled, bSessionEnded=true, bCleanupResources=true
[2022.06.06-10.36.19:679][  0]LogSlate: InvalidateAllWidgets triggered.  All widgets were invalidated
[2022.06.06-10.36.19:679][  0]MapCheck: New page: Map Check
[2022.06.06-10.36.19:679][  0]LightingResults: New page: Lighting Build
[2022.06.06-10.36.19:687][  0]LogAudio: Display: Audio Device unregistered from world 'None'.
[2022.06.06-10.36.19:693][  0]LogUObjectHash: Compacting FUObjectHashTables data took   1.08ms
[2022.06.06-10.36.20:839][  0]LogAudio: Display: Audio Device (ID: 1) registered with world 'FirstLevel'.
[2022.06.06-10.36.20:840][  0]LogAIModule: Creating AISystem for world FirstLevel
[2022.06.06-10.36.21:022][  0]LogEditorServer: Finished looking for orphan Actors (0.000 secs)
[2022.06.06-10.36.21:041][  0]LogUObjectHash: Compacting FUObjectHashTables data took   1.46ms
[2022.06.06-10.36.21:042][  0]Cmd: MAP CHECKDEP NOCLEARLOG
[2022.06.06-10.36.21:043][  0]MapCheck: Map check complete: 0 Error(s), 0 Warning(s), took 0.243ms to complete.
[2022.06.06-10.36.21:043][  0]LogFileHelpers: Loading map 'FirstLevel' took 1.372
[2022.06.06-10.36.21:056][  0]LogUnrealEdMisc: Total Editor Startup Time, took 37.069
[2022.06.06-10.36.21:244][  0]LogSlate: Updating window title bar state: overlay mode, drag disabled, window buttons hidden, title bar hidden
[2022.06.06-10.36.21:252][  0]LogSlate: Updating window title bar state: overlay mode, drag disabled, window buttons hidden, title bar hidden
[2022.06.06-10.36.21:259][  0]LogSlate: Updating window title bar state: overlay mode, drag disabled, window buttons hidden, title bar hidden
[2022.06.06-10.36.21:266][  0]LogSlate: Updating window title bar state: overlay mode, drag disabled, window buttons hidden, title bar hidden
[2022.06.06-10.36.21:315][  0]LogNativeClassHierarchy: Verbose: Native class hierarchy populated in 0.0110 seconds. Added 3841 classes and 938 folders.
[2022.06.06-10.36.21:327][  0]LogNativeClassHierarchy: Verbose: Native class hierarchy updated for 'WidgetCarousel' in 0.0003 seconds. Added 0 classes and 0 folders.
[2022.06.06-10.36.21:343][  0]LogPakFile: PakFile PrimaryIndexSize=187
[2022.06.06-10.36.21:344][  0]LogPakFile: PakFile PathHashIndexSize=101
[2022.06.06-10.36.21:344][  0]LogPakFile: PakFile FullDirectoryIndexSize=148
[2022.06.06-10.36.21:360][  0]LogShaderLibrary: Display: ShaderCodeLibraryPakFileMountedCallback: PakFile 'C:/Program Files/Epic Games/UE_4.27/FeaturePacks/FP_FirstPerson.upack' (chunk index -1, root 'root:/') mounted
[2022.06.06-10.36.21:360][  0]LogShaderLibrary: Display: ShaderCodeLibraryPakFileMountedCallback: pending pak file info (ChunkID:-1 Root:root:/ File:C:/Program Files/Epic Games/UE_4.27/FeaturePacks/FP_FirstPerson.upack)
[2022.06.06-10.36.21:367][  0]LogPakFile: OnPakFileMounted2Time == 0.022398
[2022.06.06-10.36.21:438][  0]LogPakFile: PakFile PrimaryIndexSize=189
[2022.06.06-10.36.21:438][  0]LogPakFile: PakFile PathHashIndexSize=101
[2022.06.06-10.36.21:438][  0]LogPakFile: PakFile FullDirectoryIndexSize=152
[2022.06.06-10.36.21:439][  0]LogShaderLibrary: Display: ShaderCodeLibraryPakFileMountedCallback: PakFile 'C:/Program Files/Epic Games/UE_4.27/FeaturePacks/FP_FirstPersonBP.upack' (chunk index -1, root 'root:/') mounted
[2022.06.06-10.36.21:439][  0]LogShaderLibrary: Display: ShaderCodeLibraryPakFileMountedCallback: pending pak file info (ChunkID:-1 Root:root:/ File:C:/Program Files/Epic Games/UE_4.27/FeaturePacks/FP_FirstPersonBP.upack)
[2022.06.06-10.36.21:439][  0]LogPakFile: OnPakFileMounted2Time == 0.000487
[2022.06.06-10.36.21:456][  0]LogPakFile: PakFile PrimaryIndexSize=191
[2022.06.06-10.36.21:457][  0]LogPakFile: PakFile PathHashIndexSize=101
[2022.06.06-10.36.21:457][  0]LogPakFile: PakFile FullDirectoryIndexSize=160
[2022.06.06-10.36.21:457][  0]LogShaderLibrary: Display: ShaderCodeLibraryPakFileMountedCallback: PakFile 'C:/Program Files/Epic Games/UE_4.27/FeaturePacks/MobileStarterContent.upack' (chunk index -1, root 'root:/') mounted
[2022.06.06-10.36.21:457][  0]LogShaderLibrary: Display: ShaderCodeLibraryPakFileMountedCallback: pending pak file info (ChunkID:-1 Root:root:/ File:C:/Program Files/Epic Games/UE_4.27/FeaturePacks/MobileStarterContent.upack)
[2022.06.06-10.36.21:457][  0]LogPakFile: OnPakFileMounted2Time == 0.000410
[2022.06.06-10.36.21:475][  0]LogPakFile: PakFile PrimaryIndexSize=185
[2022.06.06-10.36.21:476][  0]LogPakFile: PakFile PathHashIndexSize=101
[2022.06.06-10.36.21:476][  0]LogPakFile: PakFile FullDirectoryIndexSize=148
[2022.06.06-10.36.21:476][  0]LogShaderLibrary: Display: ShaderCodeLibraryPakFileMountedCallback: PakFile 'C:/Program Files/Epic Games/UE_4.27/FeaturePacks/StarterContent.upack' (chunk index -1, root 'root:/') mounted
[2022.06.06-10.36.21:477][  0]LogShaderLibrary: Display: ShaderCodeLibraryPakFileMountedCallback: pending pak file info (ChunkID:-1 Root:root:/ File:C:/Program Files/Epic Games/UE_4.27/FeaturePacks/StarterContent.upack)
[2022.06.06-10.36.21:477][  0]LogPakFile: OnPakFileMounted2Time == 0.000477
[2022.06.06-10.36.21:488][  0]LogPakFile: PakFile PrimaryIndexSize=190
[2022.06.06-10.36.21:488][  0]LogPakFile: PakFile PathHashIndexSize=101
[2022.06.06-10.36.21:488][  0]LogPakFile: PakFile FullDirectoryIndexSize=154
[2022.06.06-10.36.21:489][  0]LogShaderLibrary: Display: ShaderCodeLibraryPakFileMountedCallback: PakFile 'C:/Program Files/Epic Games/UE_4.27/FeaturePacks/TP_2DSideScroller.upack' (chunk index -1, root 'root:/') mounted
[2022.06.06-10.36.21:489][  0]LogShaderLibrary: Display: ShaderCodeLibraryPakFileMountedCallback: pending pak file info (ChunkID:-1 Root:root:/ File:C:/Program Files/Epic Games/UE_4.27/FeaturePacks/TP_2DSideScroller.upack)
[2022.06.06-10.36.21:489][  0]LogPakFile: OnPakFileMounted2Time == 0.000772
[2022.06.06-10.36.21:495][  0]LogPakFile: PakFile PrimaryIndexSize=192
[2022.06.06-10.36.21:495][  0]LogPakFile: PakFile PathHashIndexSize=101
[2022.06.06-10.36.21:495][  0]LogPakFile: PakFile FullDirectoryIndexSize=158
[2022.06.06-10.36.21:495][  0]LogShaderLibrary: Display: ShaderCodeLibraryPakFileMountedCallback: PakFile 'C:/Program Files/Epic Games/UE_4.27/FeaturePacks/TP_2DSideScrollerBP.upack' (chunk index -1, root 'root:/') mounted
[2022.06.06-10.36.21:496][  0]LogShaderLibrary: Display: ShaderCodeLibraryPakFileMountedCallback: pending pak file info (ChunkID:-1 Root:root:/ File:C:/Program Files/Epic Games/UE_4.27/FeaturePacks/TP_2DSideScrollerBP.upack)
[2022.06.06-10.36.21:496][  0]LogPakFile: OnPakFileMounted2Time == 0.000399
[2022.06.06-10.36.21:508][  0]LogPakFile: PakFile PrimaryIndexSize=182
[2022.06.06-10.36.21:508][  0]LogPakFile: PakFile PathHashIndexSize=101
[2022.06.06-10.36.21:508][  0]LogPakFile: PakFile FullDirectoryIndexSize=138
[2022.06.06-10.36.21:508][  0]LogShaderLibrary: Display: ShaderCodeLibraryPakFileMountedCallback: PakFile 'C:/Program Files/Epic Games/UE_4.27/FeaturePacks/TP_Flying.upack' (chunk index -1, root 'root:/') mounted
[2022.06.06-10.36.21:508][  0]LogShaderLibrary: Display: ShaderCodeLibraryPakFileMountedCallback: pending pak file info (ChunkID:-1 Root:root:/ File:C:/Program Files/Epic Games/UE_4.27/FeaturePacks/TP_Flying.upack)
[2022.06.06-10.36.21:508][  0]LogPakFile: OnPakFileMounted2Time == 0.000363
[2022.06.06-10.36.21:512][  0]LogPakFile: PakFile PrimaryIndexSize=184
[2022.06.06-10.36.21:513][  0]LogPakFile: PakFile PathHashIndexSize=101
[2022.06.06-10.36.21:513][  0]LogPakFile: PakFile FullDirectoryIndexSize=142
[2022.06.06-10.36.21:513][  0]LogShaderLibrary: Display: ShaderCodeLibraryPakFileMountedCallback: PakFile 'C:/Program Files/Epic Games/UE_4.27/FeaturePacks/TP_FlyingBP.upack' (chunk index -1, root 'root:/') mounted
[2022.06.06-10.36.21:513][  0]LogShaderLibrary: Display: ShaderCodeLibraryPakFileMountedCallback: pending pak file info (ChunkID:-1 Root:root:/ File:C:/Program Files/Epic Games/UE_4.27/FeaturePacks/TP_FlyingBP.upack)
[2022.06.06-10.36.21:514][  0]LogPakFile: OnPakFileMounted2Time == 0.000484
[2022.06.06-10.36.21:519][  0]LogPakFile: PakFile PrimaryIndexSize=188
[2022.06.06-10.36.21:519][  0]LogPakFile: PakFile PathHashIndexSize=101
[2022.06.06-10.36.21:519][  0]LogPakFile: PakFile FullDirectoryIndexSize=150
[2022.06.06-10.36.21:520][  0]LogShaderLibrary: Display: ShaderCodeLibraryPakFileMountedCallback: PakFile 'C:/Program Files/Epic Games/UE_4.27/FeaturePacks/TP_HandheldARBP.upack' (chunk index -1, root 'root:/') mounted
[2022.06.06-10.36.21:520][  0]LogShaderLibrary: Display: ShaderCodeLibraryPakFileMountedCallback: pending pak file info (ChunkID:-1 Root:root:/ File:C:/Program Files/Epic Games/UE_4.27/FeaturePacks/TP_HandheldARBP.upack)
[2022.06.06-10.36.21:520][  0]LogPakFile: OnPakFileMounted2Time == 0.000634
[2022.06.06-10.36.21:526][  0]LogPakFile: PakFile PrimaryIndexSize=182
[2022.06.06-10.36.21:527][  0]LogPakFile: PakFile PathHashIndexSize=101
[2022.06.06-10.36.21:527][  0]LogPakFile: PakFile FullDirectoryIndexSize=138
[2022.06.06-10.36.21:527][  0]LogShaderLibrary: Display: ShaderCodeLibraryPakFileMountedCallback: PakFile 'C:/Program Files/Epic Games/UE_4.27/FeaturePacks/TP_Puzzle.upack' (chunk index -1, root 'root:/') mounted
[2022.06.06-10.36.21:527][  0]LogShaderLibrary: Display: ShaderCodeLibraryPakFileMountedCallback: pending pak file info (ChunkID:-1 Root:root:/ File:C:/Program Files/Epic Games/UE_4.27/FeaturePacks/TP_Puzzle.upack)
[2022.06.06-10.36.21:528][  0]LogPakFile: OnPakFileMounted2Time == 0.000415
[2022.06.06-10.36.21:532][  0]LogPakFile: PakFile PrimaryIndexSize=184
[2022.06.06-10.36.21:532][  0]LogPakFile: PakFile PathHashIndexSize=101
[2022.06.06-10.36.21:532][  0]LogPakFile: PakFile FullDirectoryIndexSize=142
[2022.06.06-10.36.21:532][  0]LogShaderLibrary: Display: ShaderCodeLibraryPakFileMountedCallback: PakFile 'C:/Program Files/Epic Games/UE_4.27/FeaturePacks/TP_PuzzleBP.upack' (chunk index -1, root 'root:/') mounted
[2022.06.06-10.36.21:533][  0]LogShaderLibrary: Display: ShaderCodeLibraryPakFileMountedCallback: pending pak file info (ChunkID:-1 Root:root:/ File:C:/Program Files/Epic Games/UE_4.27/FeaturePacks/TP_PuzzleBP.upack)
[2022.06.06-10.36.21:533][  0]LogPakFile: OnPakFileMounted2Time == 0.000546
[2022.06.06-10.36.21:537][  0]LogPakFile: PakFile PrimaryIndexSize=183
[2022.06.06-10.36.21:537][  0]LogPakFile: PakFile PathHashIndexSize=101
[2022.06.06-10.36.21:537][  0]LogPakFile: PakFile FullDirectoryIndexSize=140
[2022.06.06-10.36.21:538][  0]LogShaderLibrary: Display: ShaderCodeLibraryPakFileMountedCallback: PakFile 'C:/Program Files/Epic Games/UE_4.27/FeaturePacks/TP_Rolling.upack' (chunk index -1, root 'root:/') mounted
[2022.06.06-10.36.21:538][  0]LogShaderLibrary: Display: ShaderCodeLibraryPakFileMountedCallback: pending pak file info (ChunkID:-1 Root:root:/ File:C:/Program Files/Epic Games/UE_4.27/FeaturePacks/TP_Rolling.upack)
[2022.06.06-10.36.21:538][  0]LogPakFile: OnPakFileMounted2Time == 0.000409
[2022.06.06-10.36.21:542][  0]LogPakFile: PakFile PrimaryIndexSize=185
[2022.06.06-10.36.21:543][  0]LogPakFile: PakFile PathHashIndexSize=101
[2022.06.06-10.36.21:543][  0]LogPakFile: PakFile FullDirectoryIndexSize=144
[2022.06.06-10.36.21:543][  0]LogShaderLibrary: Display: ShaderCodeLibraryPakFileMountedCallback: PakFile 'C:/Program Files/Epic Games/UE_4.27/FeaturePacks/TP_RollingBP.upack' (chunk index -1, root 'root:/') mounted
[2022.06.06-10.36.21:543][  0]LogShaderLibrary: Display: ShaderCodeLibraryPakFileMountedCallback: pending pak file info (ChunkID:-1 Root:root:/ File:C:/Program Files/Epic Games/UE_4.27/FeaturePacks/TP_RollingBP.upack)
[2022.06.06-10.36.21:543][  0]LogPakFile: OnPakFileMounted2Time == 0.000470
[2022.06.06-10.36.21:547][  0]LogPakFile: PakFile PrimaryIndexSize=188
[2022.06.06-10.36.21:548][  0]LogPakFile: PakFile PathHashIndexSize=101
[2022.06.06-10.36.21:548][  0]LogPakFile: PakFile FullDirectoryIndexSize=150
[2022.06.06-10.36.21:548][  0]LogShaderLibrary: Display: ShaderCodeLibraryPakFileMountedCallback: PakFile 'C:/Program Files/Epic Games/UE_4.27/FeaturePacks/TP_SideScroller.upack' (chunk index -1, root 'root:/') mounted
[2022.06.06-10.36.21:548][  0]LogShaderLibrary: Display: ShaderCodeLibraryPakFileMountedCallback: pending pak file info (ChunkID:-1 Root:root:/ File:C:/Program Files/Epic Games/UE_4.27/FeaturePacks/TP_SideScroller.upack)
[2022.06.06-10.36.21:548][  0]LogPakFile: OnPakFileMounted2Time == 0.000450
[2022.06.06-10.36.21:551][  0]LogPakFile: PakFile PrimaryIndexSize=190
[2022.06.06-10.36.21:551][  0]LogPakFile: PakFile PathHashIndexSize=101
[2022.06.06-10.36.21:552][  0]LogPakFile: PakFile FullDirectoryIndexSize=154
[2022.06.06-10.36.21:552][  0]LogShaderLibrary: Display: ShaderCodeLibraryPakFileMountedCallback: PakFile 'C:/Program Files/Epic Games/UE_4.27/FeaturePacks/TP_SideScrollerBP.upack' (chunk index -1, root 'root:/') mounted
[2022.06.06-10.36.21:552][  0]LogShaderLibrary: Display: ShaderCodeLibraryPakFileMountedCallback: pending pak file info (ChunkID:-1 Root:root:/ File:C:/Program Files/Epic Games/UE_4.27/FeaturePacks/TP_SideScrollerBP.upack)
[2022.06.06-10.36.21:552][  0]LogPakFile: OnPakFileMounted2Time == 0.000443
[2022.06.06-10.36.21:556][  0]LogPakFile: PakFile PrimaryIndexSize=187
[2022.06.06-10.36.21:557][  0]LogPakFile: PakFile PathHashIndexSize=101
[2022.06.06-10.36.21:557][  0]LogPakFile: PakFile FullDirectoryIndexSize=148
[2022.06.06-10.36.21:557][  0]LogShaderLibrary: Display: ShaderCodeLibraryPakFileMountedCallback: PakFile 'C:/Program Files/Epic Games/UE_4.27/FeaturePacks/TP_ThirdPerson.upack' (chunk index -1, root 'root:/') mounted
[2022.06.06-10.36.21:557][  0]LogShaderLibrary: Display: ShaderCodeLibraryPakFileMountedCallback: pending pak file info (ChunkID:-1 Root:root:/ File:C:/Program Files/Epic Games/UE_4.27/FeaturePacks/TP_ThirdPerson.upack)
[2022.06.06-10.36.21:558][  0]LogPakFile: OnPakFileMounted2Time == 0.000542
[2022.06.06-10.36.21:562][  0]LogPakFile: PakFile PrimaryIndexSize=189
[2022.06.06-10.36.21:563][  0]LogPakFile: PakFile PathHashIndexSize=101
[2022.06.06-10.36.21:563][  0]LogPakFile: PakFile FullDirectoryIndexSize=152
[2022.06.06-10.36.21:563][  0]LogShaderLibrary: Display: ShaderCodeLibraryPakFileMountedCallback: PakFile 'C:/Program Files/Epic Games/UE_4.27/FeaturePacks/TP_ThirdPersonBP.upack' (chunk index -1, root 'root:/') mounted
[2022.06.06-10.36.21:563][  0]LogShaderLibrary: Display: ShaderCodeLibraryPakFileMountedCallback: pending pak file info (ChunkID:-1 Root:root:/ File:C:/Program Files/Epic Games/UE_4.27/FeaturePacks/TP_ThirdPersonBP.upack)
[2022.06.06-10.36.21:564][  0]LogPakFile: OnPakFileMounted2Time == 0.000586
[2022.06.06-10.36.21:567][  0]LogPakFile: PakFile PrimaryIndexSize=183
[2022.06.06-10.36.21:567][  0]LogPakFile: PakFile PathHashIndexSize=101
[2022.06.06-10.36.21:567][  0]LogPakFile: PakFile FullDirectoryIndexSize=140
[2022.06.06-10.36.21:567][  0]LogShaderLibrary: Display: ShaderCodeLibraryPakFileMountedCallback: PakFile 'C:/Program Files/Epic Games/UE_4.27/FeaturePacks/TP_TopDown.upack' (chunk index -1, root 'root:/') mounted
[2022.06.06-10.36.21:567][  0]LogShaderLibrary: Display: ShaderCodeLibraryPakFileMountedCallback: pending pak file info (ChunkID:-1 Root:root:/ File:C:/Program Files/Epic Games/UE_4.27/FeaturePacks/TP_TopDown.upack)
[2022.06.06-10.36.21:567][  0]LogPakFile: OnPakFileMounted2Time == 0.000376
[2022.06.06-10.36.21:571][  0]LogPakFile: PakFile PrimaryIndexSize=185
[2022.06.06-10.36.21:571][  0]LogPakFile: PakFile PathHashIndexSize=101
[2022.06.06-10.36.21:571][  0]LogPakFile: PakFile FullDirectoryIndexSize=144
[2022.06.06-10.36.21:572][  0]LogShaderLibrary: Display: ShaderCodeLibraryPakFileMountedCallback: PakFile 'C:/Program Files/Epic Games/UE_4.27/FeaturePacks/TP_TopDownBP.upack' (chunk index -1, root 'root:/') mounted
[2022.06.06-10.36.21:572][  0]LogShaderLibrary: Display: ShaderCodeLibraryPakFileMountedCallback: pending pak file info (ChunkID:-1 Root:root:/ File:C:/Program Files/Epic Games/UE_4.27/FeaturePacks/TP_TopDownBP.upack)
[2022.06.06-10.36.21:572][  0]LogPakFile: OnPakFileMounted2Time == 0.000485
[2022.06.06-10.36.21:575][  0]LogPakFile: PakFile PrimaryIndexSize=185
[2022.06.06-10.36.21:575][  0]LogPakFile: PakFile PathHashIndexSize=101
[2022.06.06-10.36.21:576][  0]LogPakFile: PakFile FullDirectoryIndexSize=144
[2022.06.06-10.36.21:576][  0]LogShaderLibrary: Display: ShaderCodeLibraryPakFileMountedCallback: PakFile 'C:/Program Files/Epic Games/UE_4.27/FeaturePacks/TP_TwinStick.upack' (chunk index -1, root 'root:/') mounted
[2022.06.06-10.36.21:576][  0]LogShaderLibrary: Display: ShaderCodeLibraryPakFileMountedCallback: pending pak file info (ChunkID:-1 Root:root:/ File:C:/Program Files/Epic Games/UE_4.27/FeaturePacks/TP_TwinStick.upack)
[2022.06.06-10.36.21:576][  0]LogPakFile: OnPakFileMounted2Time == 0.000412
[2022.06.06-10.36.21:579][  0]LogPakFile: PakFile PrimaryIndexSize=187
[2022.06.06-10.36.21:580][  0]LogPakFile: PakFile PathHashIndexSize=101
[2022.06.06-10.36.21:580][  0]LogPakFile: PakFile FullDirectoryIndexSize=148
[2022.06.06-10.36.21:580][  0]LogShaderLibrary: Display: ShaderCodeLibraryPakFileMountedCallback: PakFile 'C:/Program Files/Epic Games/UE_4.27/FeaturePacks/TP_TwinStickBP.upack' (chunk index -1, root 'root:/') mounted
[2022.06.06-10.36.21:580][  0]LogShaderLibrary: Display: ShaderCodeLibraryPakFileMountedCallback: pending pak file info (ChunkID:-1 Root:root:/ File:C:/Program Files/Epic Games/UE_4.27/FeaturePacks/TP_TwinStickBP.upack)
[2022.06.06-10.36.21:580][  0]LogPakFile: OnPakFileMounted2Time == 0.000483
[2022.06.06-10.36.21:583][  0]LogPakFile: PakFile PrimaryIndexSize=183
[2022.06.06-10.36.21:584][  0]LogPakFile: PakFile PathHashIndexSize=101
[2022.06.06-10.36.21:584][  0]LogPakFile: PakFile FullDirectoryIndexSize=140
[2022.06.06-10.36.21:584][  0]LogShaderLibrary: Display: ShaderCodeLibraryPakFileMountedCallback: PakFile 'C:/Program Files/Epic Games/UE_4.27/FeaturePacks/TP_Vehicle.upack' (chunk index -1, root 'root:/') mounted
[2022.06.06-10.36.21:584][  0]LogShaderLibrary: Display: ShaderCodeLibraryPakFileMountedCallback: pending pak file info (ChunkID:-1 Root:root:/ File:C:/Program Files/Epic Games/UE_4.27/FeaturePacks/TP_Vehicle.upack)
[2022.06.06-10.36.21:584][  0]LogPakFile: OnPakFileMounted2Time == 0.000473
[2022.06.06-10.36.21:587][  0]LogPakFile: PakFile PrimaryIndexSize=186
[2022.06.06-10.36.21:587][  0]LogPakFile: PakFile PathHashIndexSize=101
[2022.06.06-10.36.21:587][  0]LogPakFile: PakFile FullDirectoryIndexSize=146
[2022.06.06-10.36.21:588][  0]LogShaderLibrary: Display: ShaderCodeLibraryPakFileMountedCallback: PakFile 'C:/Program Files/Epic Games/UE_4.27/FeaturePacks/TP_VehicleAdv.upack' (chunk index -1, root 'root:/') mounted
[2022.06.06-10.36.21:588][  0]LogShaderLibrary: Display: ShaderCodeLibraryPakFileMountedCallback: pending pak file info (ChunkID:-1 Root:root:/ File:C:/Program Files/Epic Games/UE_4.27/FeaturePacks/TP_VehicleAdv.upack)
[2022.06.06-10.36.21:588][  0]LogPakFile: OnPakFileMounted2Time == 0.000432
[2022.06.06-10.36.21:592][  0]LogPakFile: PakFile PrimaryIndexSize=188
[2022.06.06-10.36.21:592][  0]LogPakFile: PakFile PathHashIndexSize=101
[2022.06.06-10.36.21:592][  0]LogPakFile: PakFile FullDirectoryIndexSize=150
[2022.06.06-10.36.21:593][  0]LogShaderLibrary: Display: ShaderCodeLibraryPakFileMountedCallback: PakFile 'C:/Program Files/Epic Games/UE_4.27/FeaturePacks/TP_VehicleAdvBP.upack' (chunk index -1, root 'root:/') mounted
[2022.06.06-10.36.21:593][  0]LogShaderLibrary: Display: ShaderCodeLibraryPakFileMountedCallback: pending pak file info (ChunkID:-1 Root:root:/ File:C:/Program Files/Epic Games/UE_4.27/FeaturePacks/TP_VehicleAdvBP.upack)
[2022.06.06-10.36.21:593][  0]LogPakFile: OnPakFileMounted2Time == 0.000484
[2022.06.06-10.36.21:596][  0]LogPakFile: PakFile PrimaryIndexSize=185
[2022.06.06-10.36.21:596][  0]LogPakFile: PakFile PathHashIndexSize=101
[2022.06.06-10.36.21:596][  0]LogPakFile: PakFile FullDirectoryIndexSize=144
[2022.06.06-10.36.21:597][  0]LogShaderLibrary: Display: ShaderCodeLibraryPakFileMountedCallback: PakFile 'C:/Program Files/Epic Games/UE_4.27/FeaturePacks/TP_VehicleBP.upack' (chunk index -1, root 'root:/') mounted
[2022.06.06-10.36.21:597][  0]LogShaderLibrary: Display: ShaderCodeLibraryPakFileMountedCallback: pending pak file info (ChunkID:-1 Root:root:/ File:C:/Program Files/Epic Games/UE_4.27/FeaturePacks/TP_VehicleBP.upack)
[2022.06.06-10.36.21:597][  0]LogPakFile: OnPakFileMounted2Time == 0.000429
[2022.06.06-10.36.21:600][  0]LogPakFile: PakFile PrimaryIndexSize=192
[2022.06.06-10.36.21:600][  0]LogPakFile: PakFile PathHashIndexSize=101
[2022.06.06-10.36.21:600][  0]LogPakFile: PakFile FullDirectoryIndexSize=158
[2022.06.06-10.36.21:600][  0]LogShaderLibrary: Display: ShaderCodeLibraryPakFileMountedCallback: PakFile 'C:/Program Files/Epic Games/UE_4.27/FeaturePacks/TP_VirtualRealityBP.upack' (chunk index -1, root 'root:/') mounted
[2022.06.06-10.36.21:601][  0]LogShaderLibrary: Display: ShaderCodeLibraryPakFileMountedCallback: pending pak file info (ChunkID:-1 Root:root:/ File:C:/Program Files/Epic Games/UE_4.27/FeaturePacks/TP_VirtualRealityBP.upack)
[2022.06.06-10.36.21:601][  0]LogPakFile: OnPakFileMounted2Time == 0.000406
[2022.06.06-10.36.21:846][  0]LogNativeClassHierarchy: Verbose: Native class hierarchy updated for 'AddContentDialog' in 0.0003 seconds. Added 0 classes and 0 folders.
[2022.06.06-10.36.21:859][  0]LogNativeClassHierarchy: Verbose: Native class hierarchy updated for 'SceneOutliner' in 0.0003 seconds. Added 2 classes and 0 folders.
[2022.06.06-10.36.22:041][  0]LogSlate: Took 0.001804 seconds to synchronously load lazily loaded font '../../../Engine/Content/Slate/Fonts/Roboto-Regular.ttf' (155K)
[2022.06.06-10.36.22:045][  0]LogSlate: Took 0.001762 seconds to synchronously load lazily loaded font '../../../Engine/Content/Editor/Slate/Fonts/FontAwesome.ttf' (139K)
[2022.06.06-10.36.22:048][  0]LogSlate: Took 0.001822 seconds to synchronously load lazily loaded font '../../../Engine/Content/Slate/Fonts/Roboto-Bold.ttf' (160K)
[2022.06.06-10.36.22:176][  0]LogRenderer: Reallocating scene render targets to support 1828x756 Format 10 NumSamples 1 (Frame:1).
[2022.06.06-10.36.22:357][  0]LogNativeClassHierarchy: Verbose: Native class hierarchy updated for 'HierarchicalLODOutliner' in 0.0003 seconds. Added 0 classes and 0 folders.
[2022.06.06-10.36.22:357][  0]LogLoad: (Engine Initialization) Total time: 38.37 seconds
[2022.06.06-10.36.22:357][  0]LogLoad: (Engine Initialization) Total Blueprint compile time: 0.00 seconds
[2022.06.06-10.36.22:429][  0]LogAssetRegistry: Asset discovery search completed in 27.8506 seconds
[2022.06.06-10.36.22:450][  0]LogCollectionManager: Fixed up redirectors for 0 collections in 0.000217 seconds (updated 0 objects)
[2022.06.06-10.36.22:485][  0]LogContentStreaming: Texture pool size now 1000 MB
[2022.06.06-10.36.22:545][  3]LogActor: Warning: BP_PressurePlate_C /Engine/Transient.World_3:PersistentLevel.BP_PressurePlate_C_0 has natively added scene component(s), but none of them were set as the actor's RootComponent - picking one arbitrarily
[2022.06.06-10.36.35:925][444]LogSlate: Took 0.002129 seconds to synchronously load lazily loaded font '../../../Engine/Content/Slate/Fonts/Roboto-Italic.ttf' (157K)
[2022.06.06-10.36.37:029][500]LogUObjectHash: Compacting FUObjectHashTables data took   0.71ms
[2022.06.06-10.36.37:057][500]LogSlate: Window 'Trials - Unreal Editor' being destroyed
[2022.06.06-10.36.37:176][501]Cmd: QUIT_EDITOR
[2022.06.06-10.36.37:176][501]LogCore: Engine exit requested (reason: UUnrealEdEngine::CloseEditor())
[2022.06.06-10.36.37:185][501]LogCore: Engine exit requested (reason: EngineExit() was called; note: exit was already requested)
[2022.06.06-10.36.37:196][501]LogAudio: Display: Beginning Audio Device Manager Shutdown (Module: AudioMixerXAudio2)...
[2022.06.06-10.36.37:197][501]LogAudio: Display: Destroying 1 Remaining Audio Device(s)...
[2022.06.06-10.36.37:197][501]LogAudio: Display: Audio Device unregistered from world 'FirstLevel'.
[2022.06.06-10.36.37:197][501]LogAudioMixer: FMixerPlatformXAudio2::StopAudioStream() called
[2022.06.06-10.36.37:199][501]LogAudioMixer: FMixerPlatformXAudio2::StopAudioStream() called
[2022.06.06-10.36.37:208][501]LogAudio: Display: Audio Device Manager Shutdown
[2022.06.06-10.36.37:210][501]LogWindowsTextInputMethodSystem: Display: IME system deactivated.
[2022.06.06-10.36.37:217][501]LogExit: Preparing to exit.
[2022.06.06-10.36.38:171][501]LogUObjectHash: Compacting FUObjectHashTables data took   0.89ms
[2022.06.06-10.36.38:372][501]LogWorld: UWorld::CleanupWorld for World_0, bSessionEnded=true, bCleanupResources=true
[2022.06.06-10.36.38:372][501]LogWorld: UWorld::CleanupWorld for World_1, bSessionEnded=true, bCleanupResources=true
[2022.06.06-10.36.38:373][501]LogWorld: UWorld::CleanupWorld for World_2, bSessionEnded=true, bCleanupResources=true
[2022.06.06-10.36.38:373][501]LogWorld: UWorld::CleanupWorld for World_3, bSessionEnded=true, bCleanupResources=true
[2022.06.06-10.36.38:405][501]LogDemo: Cleaned up 0 splitscreen connections with owner deletion
[2022.06.06-10.36.38:410][501]LogExit: Transaction tracking system shut down
[2022.06.06-10.36.38:415][501]LogWorld: UWorld::CleanupWorld for None, bSessionEnded=true, bCleanupResources=true
[2022.06.06-10.36.38:415][501]LogExit: Editor shut down
